[17:55:28.227] [INFO   ] thread main starting.
[17:55:28.241] [SEVERE ] cannot read configuration file config.properties trying from resources.
[17:55:28.243] [SEVERE ] configuration file was loaded from resources directory.
[17:55:29.590] [INFO   ] thread dealer starting.
[17:55:29.594] [INFO   ] Thread dealer starting.
[17:55:29.595] [INFO   ] Thread Thread-0starting.
[17:55:29.595] [INFO   ] Thread Thread-1starting.
[17:55:29.736] [SEVERE ] placing card 12 in slot 0
[17:55:29.843] [SEVERE ] placing card 75 in slot 1
[17:55:29.949] [SEVERE ] placing card 67 in slot 2
[17:55:30.054] [SEVERE ] placing card 51 in slot 3
[17:55:30.160] [SEVERE ] placing card 19 in slot 4
[17:55:30.267] [SEVERE ] placing card 41 in slot 5
[17:55:30.373] [SEVERE ] placing card 47 in slot 6
[17:55:30.479] [SEVERE ] placing card 43 in slot 7
[17:55:30.585] [SEVERE ] placing card 3 in slot 8
[17:55:30.643] [SEVERE ] exit button pressed
[17:55:30.644] [INFO   ] Thread Thread-0 terminated.
[17:55:30.645] [INFO   ] Thread Thread-1 terminated.
[17:55:30.645] [SEVERE ] thanks for playing... it was fun!
[17:55:30.645] [INFO   ] thread main terminated.
