[16:57:36.756] [INFO   ] thread main starting.
[16:57:36.771] [SEVERE ] cannot read configuration file config.properties trying from resources.
[16:57:36.774] [SEVERE ] configuration file was loaded from resources directory.
[16:57:38.173] [INFO   ] thread dealer starting.
[16:57:38.180] [INFO   ] Thread dealer starting.
[16:57:38.181] [INFO   ] Thread Thread-0starting.
[16:57:38.182] [INFO   ] Thread Thread-1starting.
[16:57:38.315] [SEVERE ] placing card 57 in slot 0
[16:57:38.422] [SEVERE ] placing card 51 in slot 1
[16:57:38.528] [SEVERE ] placing card 55 in slot 2
[16:57:38.629] [SEVERE ] placing card 48 in slot 3
[16:57:38.735] [SEVERE ] placing card 0 in slot 4
[16:57:38.842] [SEVERE ] placing card 33 in slot 5
[16:57:38.946] [SEVERE ] placing card 49 in slot 6
[16:57:39.052] [SEVERE ] placing card 32 in slot 7
[16:57:39.158] [SEVERE ] placing card 42 in slot 8
[16:57:39.264] [SEVERE ] placing card 71 in slot 9
[16:57:39.369] [SEVERE ] placing card 4 in slot 10
[16:57:39.475] [SEVERE ] placing card 40 in slot 11
[16:57:39.476] [SEVERE ] updating countdown to 60000
[16:57:40.438] [SEVERE ] updating countdown to 59038
[16:57:40.581] [SEVERE ] key 76 was pressed by player 2
[16:57:40.581] [SEVERE ] player 2 placing token on slot 6
[16:57:40.882] [SEVERE ] key 75 was pressed by player 2
[16:57:40.883] [SEVERE ] player 2 placing token on slot 5
[16:57:41.166] [SEVERE ] key 74 was pressed by player 2
[16:57:41.167] [SEVERE ] player 2 placing token on slot 4
[16:57:41.390] [SEVERE ] updating countdown to 58086
[16:57:42.344] [SEVERE ] updating countdown to 57133
[16:57:43.299] [SEVERE ] updating countdown to 56177
[16:57:44.256] [SEVERE ] updating countdown to 55220
[16:57:45.207] [SEVERE ] updating countdown to 54269
[16:57:46.159] [SEVERE ] updating countdown to 53317
[16:57:47.116] [SEVERE ] updating countdown to 52360
[16:57:48.073] [SEVERE ] updating countdown to 51403
[16:57:49.025] [SEVERE ] updating countdown to 50451
[16:57:49.981] [SEVERE ] updating countdown to 49495
[16:57:50.443] [SEVERE ] setting player 2 freeze to 3000
[16:57:50.445] [SEVERE ] setting player 2 freeze to 2000
[16:57:50.446] [SEVERE ] updating countdown to 49030
[16:57:51.401] [SEVERE ] setting player 2 freeze to 1000
[16:57:51.402] [SEVERE ] updating countdown to 48074
[16:57:52.357] [SEVERE ] setting player 2 freeze to 0
[16:57:52.358] [SEVERE ] updating countdown to 47118
