[17:53:43.909] [INFO   ] thread main starting.
[17:53:43.922] [SEVERE ] cannot read configuration file config.properties trying from resources.
[17:53:43.925] [SEVERE ] configuration file was loaded from resources directory.
[17:53:45.277] [INFO   ] thread dealer starting.
[17:53:45.280] [INFO   ] Thread dealer starting.
[17:53:45.281] [INFO   ] Thread Thread-0starting.
[17:53:45.282] [INFO   ] Thread Thread-1starting.
[17:53:45.417] [SEVERE ] placing card 0 in slot 0
[17:53:45.524] [SEVERE ] placing card 74 in slot 1
[17:53:45.630] [SEVERE ] placing card 30 in slot 2
[17:53:45.735] [SEVERE ] placing card 10 in slot 3
[17:53:45.841] [SEVERE ] placing card 25 in slot 4
[17:53:45.948] [SEVERE ] placing card 80 in slot 5
[17:53:46.054] [SEVERE ] placing card 4 in slot 6
[17:53:46.156] [SEVERE ] placing card 7 in slot 7
[17:53:46.262] [SEVERE ] placing card 69 in slot 8
[17:53:46.368] [SEVERE ] placing card 14 in slot 9
[17:53:46.474] [SEVERE ] placing card 40 in slot 10
[17:53:46.580] [SEVERE ] placing card 5 in slot 11
[17:53:46.580] [SEVERE ] updating countdown to 60000
[17:53:47.536] [SEVERE ] updating countdown to 59044
[17:53:48.492] [SEVERE ] updating countdown to 58088
[17:53:48.740] [SEVERE ] key 75 was pressed by player 2
[17:53:48.741] [SEVERE ] player 2 placing token on slot 5
[17:53:48.958] [SEVERE ] key 74 was pressed by player 2
[17:53:48.958] [SEVERE ] player 2 placing token on slot 4
[17:53:49.448] [SEVERE ] updating countdown to 57132
[17:53:50.404] [SEVERE ] updating countdown to 56176
[17:53:51.127] [SEVERE ] key 75 was pressed by player 2
[17:53:51.127] [SEVERE ] removing player 2 token from slot 5
[17:53:51.135] [SEVERE ] key 77 was pressed by player 2
[17:53:51.136] [SEVERE ] player 2 placing token on slot 8
[17:53:51.362] [SEVERE ] updating countdown to 55218
[17:53:51.847] [SEVERE ] key 75 was pressed by player 2
[17:53:51.848] [SEVERE ] player 2 placing token on slot 5
[17:53:51.850] [SEVERE ] setting player 2 freeze to 3000
[17:53:51.853] [SEVERE ] setting player 2 freeze to 2000
[17:53:51.855] [SEVERE ] updating countdown to 54725
[17:53:52.812] [SEVERE ] setting player 2 freeze to 1000
[17:53:52.813] [SEVERE ] updating countdown to 53767
[17:53:53.766] [SEVERE ] setting player 2 freeze to 0
[17:53:53.767] [SEVERE ] updating countdown to 52813
[17:53:54.722] [SEVERE ] updating countdown to 51858
[17:53:55.388] [SEVERE ] key 76 was pressed by player 2
[17:53:55.678] [SEVERE ] updating countdown to 50902
[17:53:56.565] [SEVERE ] key 76 was pressed by player 2
[17:53:56.634] [SEVERE ] updating countdown to 49946
[17:53:56.714] [SEVERE ] key 75 was pressed by player 2
[17:53:56.714] [SEVERE ] removing player 2 token from slot 5
[17:53:57.012] [SEVERE ] key 77 was pressed by player 2
[17:53:57.012] [SEVERE ] removing player 2 token from slot 8
[17:53:57.387] [SEVERE ] key 75 was pressed by player 2
[17:53:57.387] [SEVERE ] player 2 placing token on slot 5
[17:53:57.589] [SEVERE ] updating countdown to 48991
[17:53:57.996] [SEVERE ] key 75 was pressed by player 2
[17:53:57.998] [SEVERE ] removing player 2 token from slot 5
[17:53:58.547] [SEVERE ] updating countdown to 48033
[17:53:59.503] [SEVERE ] updating countdown to 47077
[17:54:00.458] [SEVERE ] updating countdown to 46122
[17:54:01.418] [SEVERE ] updating countdown to 45162
[17:54:02.375] [SEVERE ] updating countdown to 44205
[17:54:03.331] [SEVERE ] updating countdown to 43249
[17:54:04.286] [SEVERE ] updating countdown to 42294
[17:54:05.242] [SEVERE ] updating countdown to 41338
[17:54:06.198] [SEVERE ] updating countdown to 40382
[17:54:06.565] [SEVERE ] key 74 was pressed by player 2
[17:54:06.565] [SEVERE ] removing player 2 token from slot 4
[17:54:07.154] [SEVERE ] updating countdown to 39426
[17:54:08.110] [SEVERE ] updating countdown to 38470
[17:54:09.066] [SEVERE ] updating countdown to 37514
[17:54:10.022] [SEVERE ] updating countdown to 36558
[17:54:10.978] [SEVERE ] updating countdown to 35602
[17:54:11.935] [SEVERE ] updating countdown to 34645
[17:54:12.890] [SEVERE ] updating countdown to 33690
[17:54:13.846] [SEVERE ] updating countdown to 32734
[17:54:14.802] [SEVERE ] updating countdown to 31778
[17:54:15.757] [SEVERE ] updating countdown to 30823
[17:54:16.714] [SEVERE ] updating countdown to 29867
[17:54:17.669] [SEVERE ] updating countdown to 28911
[17:54:18.625] [SEVERE ] updating countdown to 27955
[17:54:19.580] [SEVERE ] updating countdown to 27000
[17:54:20.538] [SEVERE ] updating countdown to 26042
[17:54:21.494] [SEVERE ] updating countdown to 25086
[17:54:22.449] [SEVERE ] updating countdown to 24131
[17:54:23.405] [SEVERE ] updating countdown to 23175
[17:54:24.361] [SEVERE ] updating countdown to 22219
[17:54:25.319] [SEVERE ] updating countdown to 21261
[17:54:26.275] [SEVERE ] updating countdown to 20305
[17:54:27.231] [SEVERE ] updating countdown to 19349
[17:54:28.187] [SEVERE ] updating countdown to 18393
[17:54:29.143] [SEVERE ] updating countdown to 17437
[17:54:30.099] [SEVERE ] updating countdown to 16481
[17:54:31.055] [SEVERE ] updating countdown to 15525
[17:54:32.010] [SEVERE ] updating countdown to 14570
[17:54:32.965] [SEVERE ] updating countdown to 13615
[17:54:33.923] [SEVERE ] updating countdown to 12657
[17:54:34.877] [SEVERE ] updating countdown to 11703
[17:54:35.832] [SEVERE ] updating countdown to 10748
[17:54:36.788] [SEVERE ] updating countdown to 9792
[17:54:37.745] [SEVERE ] updating countdown to 8835
[17:54:38.701] [SEVERE ] updating countdown to 7880
[17:54:39.656] [SEVERE ] updating countdown to 6924
[17:54:40.612] [SEVERE ] updating countdown to 5968
[17:54:41.569] [SEVERE ] updating countdown to 5011
[17:54:42.524] [SEVERE ] updating countdown to 4056
[17:54:43.480] [SEVERE ] updating countdown to 3100
[17:54:44.436] [SEVERE ] updating countdown to 2144
[17:54:45.393] [SEVERE ] updating countdown to 1188
[17:54:46.348] [SEVERE ] updating countdown to 232
[17:54:47.040] [SEVERE ] key 74 was pressed by player 2
[17:54:47.041] [SEVERE ] player 2 placing token on slot 4
[17:54:47.306] [SEVERE ] updating countdown to -726
[17:54:47.308] [SEVERE ] updating countdown to 60000
[17:54:47.308] [SEVERE ] removing all tokens
[17:54:47.417] [SEVERE ] removing card from slot 0
[17:54:47.523] [SEVERE ] removing card from slot 1
[17:54:47.628] [SEVERE ] removing card from slot 2
[17:54:47.734] [SEVERE ] removing card from slot 3
[17:54:47.833] [SEVERE ] key 74 was pressed by player 2
[17:54:47.839] [SEVERE ] removing card from slot 4
[17:54:47.944] [SEVERE ] removing card from slot 5
[17:54:48.044] [SEVERE ] key 74 was pressed by player 2
[17:54:48.050] [SEVERE ] removing card from slot 6
[17:54:48.156] [SEVERE ] removing card from slot 7
[17:54:48.187] [SEVERE ] key 75 was pressed by player 2
[17:54:48.261] [SEVERE ] removing card from slot 8
[17:54:48.366] [SEVERE ] removing card from slot 9
[17:54:48.408] [SEVERE ] key 74 was pressed by player 2
[17:54:48.472] [SEVERE ] removing card from slot 10
[17:54:48.578] [SEVERE ] removing card from slot 11
[17:54:48.591] [SEVERE ] key 75 was pressed by player 2
[17:54:48.683] [SEVERE ] placing card 76 in slot 0
[17:54:48.695] [SEVERE ] key 74 was pressed by player 2
[17:54:48.789] [SEVERE ] placing card 75 in slot 1
[17:54:48.874] [SEVERE ] key 75 was pressed by player 2
[17:54:48.894] [SEVERE ] placing card 5 in slot 2
[17:54:48.967] [SEVERE ] key 74 was pressed by player 2
[17:54:48.999] [SEVERE ] placing card 41 in slot 3
[17:54:49.100] [SEVERE ] placing card 59 in slot 4
[17:54:49.171] [SEVERE ] key 75 was pressed by player 2
[17:54:49.206] [SEVERE ] placing card 77 in slot 5
[17:54:49.271] [SEVERE ] key 74 was pressed by player 2
[17:54:49.311] [SEVERE ] placing card 21 in slot 6
[17:54:49.416] [SEVERE ] placing card 62 in slot 7
[17:54:49.426] [SEVERE ] key 75 was pressed by player 2
[17:54:49.522] [SEVERE ] placing card 20 in slot 8
[17:54:49.627] [SEVERE ] placing card 53 in slot 9
[17:54:49.648] [SEVERE ] key 74 was pressed by player 2
[17:54:49.699] [SEVERE ] key 75 was pressed by player 2
[17:54:49.733] [SEVERE ] placing card 43 in slot 10
[17:54:49.838] [SEVERE ] placing card 71 in slot 11
[17:54:49.839] [SEVERE ] updating countdown to 60000
[17:54:49.904] [SEVERE ] key 74 was pressed by player 2
[17:54:49.907] [SEVERE ] player 2 placing token on slot 4
[17:54:49.913] [SEVERE ] key 75 was pressed by player 2
[17:54:49.913] [SEVERE ] player 2 placing token on slot 5
[17:54:50.795] [SEVERE ] updating countdown to 59044
[17:54:51.358] [SEVERE ] key 75 was pressed by player 2
[17:54:51.358] [SEVERE ] removing player 2 token from slot 5
[17:54:51.485] [SEVERE ] key 74 was pressed by player 2
[17:54:51.485] [SEVERE ] removing player 2 token from slot 4
[17:54:51.751] [SEVERE ] updating countdown to 58088
[17:54:52.707] [SEVERE ] updating countdown to 57132
[17:54:53.664] [SEVERE ] updating countdown to 56175
[17:54:54.620] [SEVERE ] updating countdown to 55219
[17:54:54.625] [SEVERE ] exit button pressed
[17:54:54.626] [INFO   ] Thread Thread-0 terminated.
[17:54:54.627] [INFO   ] Thread Thread-1 terminated.
[17:54:54.627] [SEVERE ] thanks for playing... it was fun!
[17:54:54.627] [INFO   ] thread main terminated.
