[16:02:23.199] [INFO   ] thread main starting.
[16:02:23.211] [SEVERE ] cannot read configuration file config.properties trying from resources.
[16:02:23.214] [SEVERE ] configuration file was loaded from resources directory.
[16:02:24.807] [INFO   ] thread dealer starting.
[16:02:24.811] [INFO   ] Thread dealer starting.
[16:02:24.812] [INFO   ] Thread Thread-0starting.
[16:02:24.812] [INFO   ] Thread Thread-1starting.
[16:02:24.942] [SEVERE ] placing card 59 in slot 0
[16:02:25.048] [SEVERE ] placing card 29 in slot 1
[16:02:25.154] [SEVERE ] placing card 16 in slot 2
[16:02:25.259] [SEVERE ] placing card 45 in slot 3
[16:02:25.362] [SEVERE ] placing card 28 in slot 4
[16:02:25.469] [SEVERE ] placing card 56 in slot 5
[16:02:25.574] [SEVERE ] placing card 24 in slot 6
[16:02:25.680] [SEVERE ] placing card 68 in slot 7
[16:02:25.786] [SEVERE ] placing card 13 in slot 8
[16:02:25.889] [SEVERE ] placing card 71 in slot 9
[16:02:25.994] [SEVERE ] placing card 25 in slot 10
[16:02:26.100] [SEVERE ] placing card 77 in slot 11
[16:02:26.101] [SEVERE ] updating countdown to 60000
[16:02:27.062] [SEVERE ] updating countdown to 59038
[16:02:28.020] [SEVERE ] updating countdown to 58081
[16:02:28.976] [SEVERE ] updating countdown to 57124
[16:02:29.931] [SEVERE ] updating countdown to 56169
[16:02:30.887] [SEVERE ] updating countdown to 55213
[16:02:31.844] [SEVERE ] updating countdown to 54256
[16:02:32.802] [SEVERE ] updating countdown to 53298
[16:02:33.758] [SEVERE ] updating countdown to 52343
[16:02:34.713] [SEVERE ] updating countdown to 51387
[16:02:35.670] [SEVERE ] updating countdown to 50430
[16:02:36.626] [SEVERE ] updating countdown to 49474
[16:02:37.583] [SEVERE ] updating countdown to 48517
[16:02:38.538] [SEVERE ] updating countdown to 47562
[16:02:39.494] [SEVERE ] updating countdown to 46606
[16:02:40.451] [SEVERE ] updating countdown to 45649
[16:02:41.408] [SEVERE ] updating countdown to 44692
[16:02:42.364] [SEVERE ] updating countdown to 43736
[16:02:43.320] [SEVERE ] updating countdown to 42780
[16:02:44.275] [SEVERE ] updating countdown to 41825
[16:02:45.231] [SEVERE ] updating countdown to 40869
[16:02:46.188] [SEVERE ] updating countdown to 39912
[16:02:47.141] [SEVERE ] updating countdown to 38959
[16:02:47.147] [SEVERE ] exit button pressed
[16:02:47.148] [INFO   ] Thread Thread-0 terminated.
[16:02:47.148] [INFO   ] Thread Thread-1 terminated.
[16:02:47.149] [SEVERE ] thanks for playing... it was fun!
[16:02:47.149] [INFO   ] thread main terminated.
