[2022-12-17 13:52:58] [INFO   ] cannot read configuration file config.properties trying from resources.
[2022-12-17 13:52:58] [INFO   ] configuration file was loaded from resources directory.
[2022-12-17 13:52:59] [INFO   ] Thread dealer starting.
[2022-12-17 13:52:59] [INFO   ] Thread Thread-1starting.
[2022-12-17 13:52:59] [INFO   ] Thread Thread-2starting.
[2022-12-17 13:52:59] [SEVERE ] placing card 8 in slot 0
[2022-12-17 13:52:59] [SEVERE ] placing card 7 in slot 1
[2022-12-17 13:52:59] [SEVERE ] placing card 46 in slot 2
[2022-12-17 13:52:59] [SEVERE ] placing card 16 in slot 3
[2022-12-17 13:52:59] [SEVERE ] placing card 32 in slot 4
[2022-12-17 13:53:00] [SEVERE ] placing card 68 in slot 5
[2022-12-17 13:53:00] [SEVERE ] placing card 9 in slot 6
[2022-12-17 13:53:00] [SEVERE ] placing card 4 in slot 7
[2022-12-17 13:53:00] [SEVERE ] placing card 0 in slot 8
[2022-12-17 13:53:00] [SEVERE ] placing card 29 in slot 9
[2022-12-17 13:53:00] [SEVERE ] placing card 54 in slot 10
[2022-12-17 13:53:00] [SEVERE ] placing card 73 in slot 11
[2022-12-17 13:53:05] [SEVERE ] Key 85 was pressed by player 1
[2022-12-17 13:53:05] [SEVERE ] player 1 placing token on slot 0
[2022-12-17 13:53:06] [SEVERE ] Key 73 was pressed by player 1
[2022-12-17 13:53:06] [SEVERE ] player 1 placing token on slot 1
[2022-12-17 13:53:07] [SEVERE ] Key 81 was pressed by player 0
[2022-12-17 13:53:07] [SEVERE ] player 0 placing token on slot 0
[2022-12-17 13:53:07] [SEVERE ] Key 87 was pressed by player 0
[2022-12-17 13:53:07] [SEVERE ] player 0 placing token on slot 1
[2022-12-17 13:53:07] [SEVERE ] Key 69 was pressed by player 0
[2022-12-17 13:53:07] [SEVERE ] player 0 placing token on slot 2
[2022-12-17 13:53:07] [SEVERE ] setting player 0 freeze to 3000
[2022-12-17 13:53:07] [SEVERE ] setting player 0 freeze to 2000
[2022-12-17 13:53:07] [SEVERE ] Key 79 was pressed by player 1
[2022-12-17 13:53:07] [SEVERE ] player 1 placing token on slot 2
[2022-12-17 13:53:07] [SEVERE ] setting player 1 freeze to 3000
[2022-12-17 13:53:07] [SEVERE ] setting player 0 freeze to 1000
[2022-12-17 13:53:07] [SEVERE ] setting player 1 freeze to 2000
[2022-12-17 13:53:07] [SEVERE ] Key 85 was pressed by player 1
[2022-12-17 13:53:07] [SEVERE ] Key 73 was pressed by player 1
[2022-12-17 13:53:08] [SEVERE ] setting player 0 freeze to 0
[2022-12-17 13:53:08] [SEVERE ] setting player 1 freeze to 1000
[2022-12-17 13:53:09] [SEVERE ] setting player 1 freeze to 0
[2022-12-17 13:53:10] [SEVERE ] Key 79 was pressed by player 1
[2022-12-17 13:53:10] [SEVERE ] removing player 1 token from slot 2
[2022-12-17 13:53:10] [SEVERE ] Key 85 was pressed by player 1
[2022-12-17 13:53:10] [SEVERE ] removing player 1 token from slot 0
[2022-12-17 13:53:11] [SEVERE ] Key 73 was pressed by player 1
[2022-12-17 13:53:11] [SEVERE ] removing player 1 token from slot 1
[2022-12-17 13:53:11] [SEVERE ] Key 81 was pressed by player 0
[2022-12-17 13:53:11] [SEVERE ] removing player 0 token from slot 0
[2022-12-17 13:53:11] [SEVERE ] Key 87 was pressed by player 0
[2022-12-17 13:53:11] [SEVERE ] removing player 0 token from slot 1
[2022-12-17 13:53:11] [SEVERE ] Key 69 was pressed by player 0
[2022-12-17 13:53:11] [SEVERE ] removing player 0 token from slot 2
[2022-12-17 13:53:18] [SEVERE ] Key 87 was pressed by player 0
[2022-12-17 13:53:18] [SEVERE ] player 0 placing token on slot 1
[2022-12-17 13:53:22] [SEVERE ] Key 88 was pressed by player 0
[2022-12-17 13:53:22] [SEVERE ] player 0 placing token on slot 9
[2022-12-17 13:53:23] [SEVERE ] Key 88 was pressed by player 0
[2022-12-17 13:53:23] [SEVERE ] removing player 0 token from slot 9
[2022-12-17 13:53:25] [SEVERE ] Key 65 was pressed by player 0
[2022-12-17 13:53:25] [SEVERE ] player 0 placing token on slot 4
[2022-12-17 13:53:27] [SEVERE ] Key 88 was pressed by player 0
[2022-12-17 13:53:27] [SEVERE ] player 0 placing token on slot 9
[2022-12-17 13:53:27] [SEVERE ] setting player 0 freeze to 3000
[2022-12-17 13:53:27] [SEVERE ] setting player 0 freeze to 2000
[2022-12-17 13:53:28] [SEVERE ] setting player 0 freeze to 1000
[2022-12-17 13:53:29] [SEVERE ] setting player 0 freeze to 0
[2022-12-17 13:53:30] [SEVERE ] Key 88 was pressed by player 0
[2022-12-17 13:53:30] [SEVERE ] removing player 0 token from slot 9
[2022-12-17 13:53:33] [SEVERE ] Key 73 was pressed by player 1
[2022-12-17 13:53:33] [SEVERE ] player 1 placing token on slot 1
[2022-12-17 13:53:33] [SEVERE ] Key 85 was pressed by player 1
[2022-12-17 13:53:33] [SEVERE ] player 1 placing token on slot 0
[2022-12-17 13:53:34] [SEVERE ] Key 85 was pressed by player 1
[2022-12-17 13:53:34] [SEVERE ] removing player 1 token from slot 0
[2022-12-17 13:53:34] [SEVERE ] Key 74 was pressed by player 1
[2022-12-17 13:53:34] [SEVERE ] player 1 placing token on slot 4
[2022-12-17 13:53:42] [SEVERE ] Key 77 was pressed by player 1
[2022-12-17 13:53:42] [SEVERE ] player 1 placing token on slot 8
[2022-12-17 13:53:42] [SEVERE ] setting player 1 freeze to 3000
[2022-12-17 13:53:42] [SEVERE ] setting player 1 freeze to 2000
[2022-12-17 13:53:42] [SEVERE ] setting player 1 freeze to 1000
[2022-12-17 13:53:43] [SEVERE ] setting player 1 freeze to 0
[2022-12-17 13:53:44] [SEVERE ] Key 77 was pressed by player 1
[2022-12-17 13:53:44] [SEVERE ] removing player 1 token from slot 8
[2022-12-17 13:53:46] [SEVERE ] Key 67 was pressed by player 0
[2022-12-17 13:53:46] [SEVERE ] player 0 placing token on slot 10
[2022-12-17 13:53:46] [SEVERE ] setting player 0 score to 1
[2022-12-17 13:53:46] [SEVERE ] setting player 0 freeze to 1000
[2022-12-17 13:53:46] [SEVERE ] setting player 0 freeze to 0
[2022-12-17 13:53:46] [SEVERE ] removing player 0 token from slot 1
[2022-12-17 13:53:46] [SEVERE ] removing player 1 token from slot 1
[2022-12-17 13:53:46] [SEVERE ] Key 46 was pressed by player 1
[2022-12-17 13:53:46] [SEVERE ] player 1 placing token on slot 10
[2022-12-17 13:53:46] [SEVERE ] removing card from slot 1
[2022-12-17 13:53:46] [SEVERE ] removing player 0 token from slot 4
[2022-12-17 13:53:46] [SEVERE ] removing player 1 token from slot 4
[2022-12-17 13:53:46] [SEVERE ] removing card from slot 4
[2022-12-17 13:53:46] [SEVERE ] removing player 0 token from slot 10
[2022-12-17 13:53:46] [SEVERE ] removing player 1 token from slot 10
[2022-12-17 13:53:47] [SEVERE ] removing card from slot 10
[2022-12-17 13:53:47] [SEVERE ] placing card 15 in slot 1
[2022-12-17 13:53:47] [SEVERE ] placing card 14 in slot 4
[2022-12-17 13:53:47] [SEVERE ] placing card 30 in slot 10
[2022-12-17 13:53:50] [SEVERE ] Key 81 was pressed by player 0
[2022-12-17 13:53:50] [SEVERE ] player 0 placing token on slot 0
[2022-12-17 13:53:50] [SEVERE ] Key 87 was pressed by player 0
[2022-12-17 13:53:50] [SEVERE ] player 0 placing token on slot 1
[2022-12-17 13:53:50] [SEVERE ] Key 69 was pressed by player 0
[2022-12-17 13:53:50] [SEVERE ] player 0 placing token on slot 2
[2022-12-17 13:53:50] [SEVERE ] setting player 0 freeze to 3000
[2022-12-17 13:53:50] [SEVERE ] setting player 0 freeze to 2000
[2022-12-17 13:53:51] [SEVERE ] Key 76 was pressed by player 1
[2022-12-17 13:53:51] [SEVERE ] player 1 placing token on slot 6
[2022-12-17 13:53:51] [SEVERE ] Key 75 was pressed by player 1
[2022-12-17 13:53:51] [SEVERE ] player 1 placing token on slot 5
[2022-12-17 13:53:51] [SEVERE ] Key 74 was pressed by player 1
[2022-12-17 13:53:51] [SEVERE ] player 1 placing token on slot 4
[2022-12-17 13:53:51] [SEVERE ] setting player 1 freeze to 3000
[2022-12-17 13:53:51] [SEVERE ] setting player 0 freeze to 1000
[2022-12-17 13:53:51] [SEVERE ] setting player 1 freeze to 2000
[2022-12-17 13:53:52] [SEVERE ] setting player 0 freeze to 0
[2022-12-17 13:53:52] [SEVERE ] setting player 1 freeze to 1000
[2022-12-17 13:53:53] [SEVERE ] setting player 1 freeze to 0
[2022-12-17 13:54:01] [SEVERE ] removing all tokens
[2022-12-17 13:54:01] [SEVERE ] removing tokens from slot 0
[2022-12-17 13:54:01] [SEVERE ] removing tokens from slot 1
[2022-12-17 13:54:01] [SEVERE ] removing tokens from slot 2
[2022-12-17 13:54:01] [SEVERE ] removing tokens from slot 3
[2022-12-17 13:54:01] [SEVERE ] removing tokens from slot 4
[2022-12-17 13:54:01] [SEVERE ] removing tokens from slot 5
[2022-12-17 13:54:01] [SEVERE ] removing tokens from slot 6
[2022-12-17 13:54:01] [SEVERE ] removing tokens from slot 7
[2022-12-17 13:54:01] [SEVERE ] removing tokens from slot 8
[2022-12-17 13:54:01] [SEVERE ] removing tokens from slot 9
[2022-12-17 13:54:01] [SEVERE ] removing tokens from slot 10
[2022-12-17 13:54:01] [SEVERE ] removing tokens from slot 11
[2022-12-17 13:54:01] [SEVERE ] removing card from slot 0
[2022-12-17 13:54:01] [SEVERE ] removing card from slot 1
[2022-12-17 13:54:01] [SEVERE ] removing card from slot 2
[2022-12-17 13:54:01] [SEVERE ] removing card from slot 3
[2022-12-17 13:54:01] [SEVERE ] removing card from slot 4
[2022-12-17 13:54:01] [SEVERE ] removing card from slot 5
[2022-12-17 13:54:02] [SEVERE ] removing card from slot 6
[2022-12-17 13:54:02] [SEVERE ] removing card from slot 7
[2022-12-17 13:54:02] [SEVERE ] removing card from slot 8
[2022-12-17 13:54:02] [SEVERE ] removing card from slot 9
[2022-12-17 13:54:02] [SEVERE ] removing card from slot 10
[2022-12-17 13:54:02] [SEVERE ] removing card from slot 11
[2022-12-17 13:54:02] [SEVERE ] placing card 21 in slot 0
[2022-12-17 13:54:02] [SEVERE ] placing card 41 in slot 1
[2022-12-17 13:54:02] [SEVERE ] placing card 20 in slot 2
[2022-12-17 13:54:02] [SEVERE ] placing card 79 in slot 3
[2022-12-17 13:54:03] [SEVERE ] placing card 31 in slot 4
[2022-12-17 13:54:03] [SEVERE ] placing card 64 in slot 5
[2022-12-17 13:54:03] [SEVERE ] placing card 18 in slot 6
[2022-12-17 13:54:03] [SEVERE ] placing card 3 in slot 7
[2022-12-17 13:54:03] [SEVERE ] placing card 60 in slot 8
[2022-12-17 13:54:03] [SEVERE ] Key 81 was pressed by player 0
[2022-12-17 13:54:03] [SEVERE ] player 0 placing token on slot 0
[2022-12-17 13:54:03] [SEVERE ] placing card 19 in slot 9
[2022-12-17 13:54:03] [SEVERE ] Key 87 was pressed by player 0
[2022-12-17 13:54:03] [SEVERE ] player 0 placing token on slot 1
[2022-12-17 13:54:03] [SEVERE ] placing card 34 in slot 10
[2022-12-17 13:54:03] [SEVERE ] Key 69 was pressed by player 0
[2022-12-17 13:54:03] [SEVERE ] player 0 placing token on slot 2
[2022-12-17 13:54:03] [SEVERE ] placing card 52 in slot 11
[2022-12-17 13:54:04] [SEVERE ] Key 76 was pressed by player 1
[2022-12-17 13:54:04] [SEVERE ] player 1 placing token on slot 6
[2022-12-17 13:54:04] [SEVERE ] Key 75 was pressed by player 1
[2022-12-17 13:54:04] [SEVERE ] player 1 placing token on slot 5
[2022-12-17 13:54:04] [SEVERE ] Key 74 was pressed by player 1
[2022-12-17 13:54:04] [SEVERE ] player 1 placing token on slot 4
[2022-12-17 13:54:04] [SEVERE ] setting player 0 freeze to 3000
[2022-12-17 13:54:04] [SEVERE ] setting player 0 freeze to 2000
[2022-12-17 13:54:05] [SEVERE ] setting player 0 freeze to 1000
[2022-12-17 13:54:06] [SEVERE ] setting player 0 freeze to 0
[2022-12-17 13:54:07] [SEVERE ] Key 76 was pressed by player 1
[2022-12-17 13:54:07] [SEVERE ] removing player 1 token from slot 6
[2022-12-17 13:54:08] [SEVERE ] Key 76 was pressed by player 1
[2022-12-17 13:54:08] [SEVERE ] player 1 placing token on slot 6
[2022-12-17 13:54:08] [SEVERE ] setting player 1 freeze to 3000
[2022-12-17 13:54:08] [SEVERE ] setting player 1 freeze to 2000
[2022-12-17 13:54:09] [SEVERE ] setting player 1 freeze to 1000
[2022-12-17 13:54:10] [SEVERE ] setting player 1 freeze to 0
[2022-12-17 13:54:11] [SEVERE ] Key 76 was pressed by player 1
[2022-12-17 13:54:11] [SEVERE ] removing player 1 token from slot 6
[2022-12-17 13:54:11] [SEVERE ] Key 75 was pressed by player 1
[2022-12-17 13:54:11] [SEVERE ] removing player 1 token from slot 5
[2022-12-17 13:54:11] [SEVERE ] Key 74 was pressed by player 1
[2022-12-17 13:54:11] [SEVERE ] removing player 1 token from slot 4
[2022-12-17 13:54:12] [SEVERE ] Key 75 was pressed by player 1
[2022-12-17 13:54:12] [SEVERE ] player 1 placing token on slot 5
[2022-12-17 13:54:12] [SEVERE ] Key 74 was pressed by player 1
[2022-12-17 13:54:12] [SEVERE ] player 1 placing token on slot 4
[2022-12-17 13:54:12] [SEVERE ] Key 76 was pressed by player 1
[2022-12-17 13:54:12] [SEVERE ] player 1 placing token on slot 6
[2022-12-17 13:54:12] [SEVERE ] setting player 1 freeze to 3000
[2022-12-17 13:54:12] [SEVERE ] setting player 1 freeze to 2000
[2022-12-17 13:54:13] [SEVERE ] setting player 1 freeze to 1000
[2022-12-17 13:54:13] [SEVERE ] Key 81 was pressed by player 0
[2022-12-17 13:54:13] [SEVERE ] removing player 0 token from slot 0
[2022-12-17 13:54:13] [SEVERE ] Key 69 was pressed by player 0
[2022-12-17 13:54:13] [SEVERE ] removing player 0 token from slot 2
[2022-12-17 13:54:13] [SEVERE ] Key 87 was pressed by player 0
[2022-12-17 13:54:13] [SEVERE ] removing player 0 token from slot 1
[2022-12-17 13:54:14] [SEVERE ] setting player 1 freeze to 0
[2022-12-17 13:54:14] [SEVERE ] Key 81 was pressed by player 0
[2022-12-17 13:54:14] [SEVERE ] player 0 placing token on slot 0
[2022-12-17 13:54:14] [SEVERE ] Key 87 was pressed by player 0
[2022-12-17 13:54:14] [SEVERE ] player 0 placing token on slot 1
[2022-12-17 13:54:14] [SEVERE ] Key 69 was pressed by player 0
[2022-12-17 13:54:14] [SEVERE ] player 0 placing token on slot 2
[2022-12-17 13:54:14] [SEVERE ] setting player 1 freeze to 3000
[2022-12-17 13:54:14] [SEVERE ] setting player 1 freeze to 2000
[2022-12-17 13:54:14] [SEVERE ] Key 74 was pressed by player 1
[2022-12-17 13:54:14] [SEVERE ] Key 75 was pressed by player 1
[2022-12-17 13:54:14] [SEVERE ] Key 76 was pressed by player 1
[2022-12-17 13:54:15] [SEVERE ] Key 75 was pressed by player 1
[2022-12-17 13:54:15] [SEVERE ] setting player 1 freeze to 1000
[2022-12-17 13:54:15] [SEVERE ] Key 76 was pressed by player 1
[2022-12-17 13:54:15] [SEVERE ] Key 74 was pressed by player 1
[2022-12-17 13:54:16] [SEVERE ] Key 74 was pressed by player 1
[2022-12-17 13:54:16] [SEVERE ] Key 75 was pressed by player 1
[2022-12-17 13:54:16] [SEVERE ] Key 76 was pressed by player 1
[2022-12-17 13:54:16] [SEVERE ] setting player 1 freeze to 0
[2022-12-17 13:54:16] [SEVERE ] Key 75 was pressed by player 1
[2022-12-17 13:54:16] [SEVERE ] removing player 1 token from slot 5
[2022-12-17 13:54:16] [SEVERE ] Key 74 was pressed by player 1
[2022-12-17 13:54:16] [SEVERE ] removing player 1 token from slot 4
[2022-12-17 13:54:16] [SEVERE ] Key 76 was pressed by player 1
[2022-12-17 13:54:16] [SEVERE ] removing player 1 token from slot 6
[2022-12-17 13:54:16] [SEVERE ] Key 74 was pressed by player 1
[2022-12-17 13:54:16] [SEVERE ] player 1 placing token on slot 4
[2022-12-17 13:54:16] [SEVERE ] Key 75 was pressed by player 1
[2022-12-17 13:54:16] [SEVERE ] player 1 placing token on slot 5
[2022-12-17 13:54:16] [SEVERE ] Key 74 was pressed by player 1
[2022-12-17 13:54:16] [SEVERE ] removing player 1 token from slot 4
[2022-12-17 13:54:16] [SEVERE ] Key 75 was pressed by player 1
[2022-12-17 13:54:16] [SEVERE ] removing player 1 token from slot 5
[2022-12-17 13:54:17] [SEVERE ] Key 74 was pressed by player 1
[2022-12-17 13:54:17] [SEVERE ] player 1 placing token on slot 4
[2022-12-17 13:54:17] [SEVERE ] Key 75 was pressed by player 1
[2022-12-17 13:54:17] [SEVERE ] player 1 placing token on slot 5
[2022-12-17 13:54:17] [SEVERE ] Key 76 was pressed by player 1
[2022-12-17 13:54:17] [SEVERE ] player 1 placing token on slot 6
[2022-12-17 13:54:17] [SEVERE ] setting player 0 freeze to 3000
[2022-12-17 13:54:17] [SEVERE ] setting player 0 freeze to 2000
[2022-12-17 13:54:17] [SEVERE ] Key 75 was pressed by player 1
[2022-12-17 13:54:17] [SEVERE ] removing player 1 token from slot 5
[2022-12-17 13:54:17] [SEVERE ] Key 75 was pressed by player 1
[2022-12-17 13:54:17] [SEVERE ] player 1 placing token on slot 5
[2022-12-17 13:54:17] [SEVERE ] setting player 1 freeze to 3000
[2022-12-17 13:54:17] [SEVERE ] setting player 0 freeze to 1000
[2022-12-17 13:54:17] [SEVERE ] setting player 1 freeze to 2000
[2022-12-17 13:54:17] [SEVERE ] Key 75 was pressed by player 1
[2022-12-17 13:54:18] [SEVERE ] Key 87 was pressed by player 0
[2022-12-17 13:54:18] [SEVERE ] Key 81 was pressed by player 0
[2022-12-17 13:54:18] [SEVERE ] Key 76 was pressed by player 1
[2022-12-17 13:54:18] [SEVERE ] Key 75 was pressed by player 1
[2022-12-17 13:54:18] [SEVERE ] Key 74 was pressed by player 1
[2022-12-17 13:54:18] [SEVERE ] Key 69 was pressed by player 0
[2022-12-17 13:54:18] [SEVERE ] Key 76 was pressed by player 1
[2022-12-17 13:54:18] [SEVERE ] Key 75 was pressed by player 1
[2022-12-17 13:54:18] [SEVERE ] Key 81 was pressed by player 0
[2022-12-17 13:54:18] [SEVERE ] Key 87 was pressed by player 0
[2022-12-17 13:54:18] [SEVERE ] Key 74 was pressed by player 1
[2022-12-17 13:54:18] [SEVERE ] Key 69 was pressed by player 0
[2022-12-17 13:54:18] [SEVERE ] Key 76 was pressed by player 1
[2022-12-17 13:54:18] [SEVERE ] Key 75 was pressed by player 1
[2022-12-17 13:54:18] [SEVERE ] Key 81 was pressed by player 0
[2022-12-17 13:54:18] [SEVERE ] setting player 0 freeze to 0
[2022-12-17 13:54:18] [SEVERE ] setting player 1 freeze to 1000
[2022-12-17 13:54:18] [SEVERE ] Key 87 was pressed by player 0
[2022-12-17 13:54:18] [SEVERE ] removing player 0 token from slot 1
[2022-12-17 13:54:18] [SEVERE ] Key 74 was pressed by player 1
[2022-12-17 13:54:18] [SEVERE ] Key 69 was pressed by player 0
[2022-12-17 13:54:18] [SEVERE ] removing player 0 token from slot 2
[2022-12-17 13:54:18] [SEVERE ] Key 76 was pressed by player 1
[2022-12-17 13:54:18] [SEVERE ] Key 75 was pressed by player 1
[2022-12-17 13:54:18] [SEVERE ] Key 81 was pressed by player 0
[2022-12-17 13:54:18] [SEVERE ] removing player 0 token from slot 0
[2022-12-17 13:54:19] [SEVERE ] setting player 1 freeze to 0
[2022-12-17 13:54:20] [SEVERE ] Exit button pressed
[2022-12-17 13:54:20] [INFO   ] Thread Thread-1 terminated.
[2022-12-17 13:54:20] [INFO   ] Thread Thread-2 terminated.
[2022-12-17 13:54:21] [SEVERE ] removing all tokens
[2022-12-17 13:54:21] [SEVERE ] removing tokens from slot 0
[2022-12-17 13:54:21] [SEVERE ] removing tokens from slot 1
[2022-12-17 13:54:21] [SEVERE ] removing tokens from slot 2
[2022-12-17 13:54:21] [SEVERE ] removing tokens from slot 3
[2022-12-17 13:54:21] [SEVERE ] removing tokens from slot 4
[2022-12-17 13:54:21] [SEVERE ] removing tokens from slot 5
[2022-12-17 13:54:21] [SEVERE ] removing tokens from slot 6
[2022-12-17 13:54:21] [SEVERE ] removing tokens from slot 7
[2022-12-17 13:54:21] [SEVERE ] removing tokens from slot 8
[2022-12-17 13:54:21] [SEVERE ] removing tokens from slot 9
[2022-12-17 13:54:21] [SEVERE ] removing tokens from slot 10
[2022-12-17 13:54:21] [SEVERE ] removing tokens from slot 11
[2022-12-17 13:54:21] [SEVERE ] removing card from slot 0
[2022-12-17 13:54:21] [SEVERE ] removing card from slot 1
[2022-12-17 13:54:21] [SEVERE ] removing card from slot 2
[2022-12-17 13:54:21] [SEVERE ] removing card from slot 3
[2022-12-17 13:54:21] [SEVERE ] removing card from slot 4
[2022-12-17 13:54:22] [SEVERE ] removing card from slot 5
[2022-12-17 13:54:22] [SEVERE ] removing card from slot 6
[2022-12-17 13:54:22] [SEVERE ] removing card from slot 7
[2022-12-17 13:54:22] [SEVERE ] removing card from slot 8
[2022-12-17 13:54:22] [SEVERE ] removing card from slot 9
[2022-12-17 13:54:22] [SEVERE ] removing card from slot 10
[2022-12-17 13:54:22] [SEVERE ] removing card from slot 11
[2022-12-17 13:54:22] [SEVERE ] announcing winners: [0]
[2022-12-17 13:54:22] [INFO   ] Thread dealer terminated.
[2022-12-17 13:54:22] [INFO   ] Thread main terminated.
