[2022-12-14 13:19:16] [INFO   ] cannot read configuration file config.properties trying from resources.
[2022-12-14 13:19:16] [INFO   ] configuration file was loaded from resources directory.
[2022-12-14 13:19:17] [INFO   ] Thread dealer starting.
[2022-12-14 13:19:17] [SEVERE ] placing card 34 in slot 0
[2022-12-14 13:19:17] [SEVERE ] placing card 56 in slot 1
[2022-12-14 13:19:17] [SEVERE ] placing card 3 in slot 2
[2022-12-14 13:19:17] [SEVERE ] placing card 70 in slot 3
[2022-12-14 13:19:17] [SEVERE ] placing card 59 in slot 4
[2022-12-14 13:19:17] [SEVERE ] placing card 51 in slot 5
[2022-12-14 13:19:18] [SEVERE ] placing card 60 in slot 6
[2022-12-14 13:19:18] [SEVERE ] placing card 48 in slot 7
[2022-12-14 13:19:18] [SEVERE ] placing card 45 in slot 8
[2022-12-14 13:19:18] [SEVERE ] placing card 40 in slot 9
[2022-12-14 13:19:18] [SEVERE ] placing card 11 in slot 10
[2022-12-14 13:19:18] [SEVERE ] placing card 27 in slot 11
[2022-12-14 13:19:18] [SEVERE ] removing card from slot 0
[2022-12-14 13:19:18] [SEVERE ] removing card from slot 1
[2022-12-14 13:19:18] [SEVERE ] removing card from slot 2
[2022-12-14 13:19:18] [SEVERE ] removing card from slot 3
[2022-12-14 13:19:18] [SEVERE ] removing card from slot 4
[2022-12-14 13:19:18] [SEVERE ] removing card from slot 5
[2022-12-14 13:19:18] [SEVERE ] removing card from slot 6
[2022-12-14 13:19:18] [SEVERE ] removing card from slot 7
[2022-12-14 13:19:18] [SEVERE ] removing card from slot 8
[2022-12-14 13:19:18] [SEVERE ] removing card from slot 9
[2022-12-14 13:19:18] [SEVERE ] removing card from slot 10
[2022-12-14 13:19:18] [SEVERE ] removing card from slot 11
[2022-12-14 13:19:18] [SEVERE ] announcing winners: [0, 1]
[2022-12-14 13:19:18] [INFO   ] Thread dealer terminated.
[2022-12-14 13:19:18] [INFO   ] Thread main terminated.
