[2022-12-14 12:38:43] [INFO   ] cannot read configuration file config.properties trying from resources.
[2022-12-14 12:38:43] [INFO   ] configuration file was loaded from resources directory.
[2022-12-14 12:38:45] [INFO   ] Thread dealer starting.
[2022-12-14 12:38:48] [SEVERE ] placing card 76 in slot 0
[2022-12-14 12:38:48] [SEVERE ] placing card 68 in slot 1
[2022-12-14 12:38:48] [SEVERE ] placing card 33 in slot 2
[2022-12-14 12:38:48] [SEVERE ] placing card 74 in slot 3
[2022-12-14 12:38:48] [SEVERE ] placing card 24 in slot 4
[2022-12-14 12:38:48] [SEVERE ] placing card 15 in slot 5
[2022-12-14 12:38:49] [SEVERE ] placing card 20 in slot 6
[2022-12-14 12:38:49] [SEVERE ] placing card 28 in slot 7
[2022-12-14 12:38:49] [SEVERE ] placing card 45 in slot 8
[2022-12-14 12:38:49] [SEVERE ] placing card 65 in slot 9
[2022-12-14 12:38:49] [SEVERE ] placing card 0 in slot 10
[2022-12-14 12:38:49] [SEVERE ] placing card 38 in slot 11
[2022-12-14 12:38:51] [SEVERE ] removing card from slot 0
[2022-12-14 12:38:51] [SEVERE ] removing card from slot 1
[2022-12-14 12:38:51] [SEVERE ] removing card from slot 2
[2022-12-14 12:38:51] [SEVERE ] removing card from slot 3
[2022-12-14 12:38:51] [SEVERE ] removing card from slot 4
[2022-12-14 12:38:51] [SEVERE ] removing card from slot 5
[2022-12-14 12:38:51] [SEVERE ] removing card from slot 6
[2022-12-14 12:38:51] [SEVERE ] removing card from slot 7
[2022-12-14 12:38:51] [SEVERE ] removing card from slot 8
[2022-12-14 12:38:51] [SEVERE ] removing card from slot 9
[2022-12-14 12:38:51] [SEVERE ] removing card from slot 10
[2022-12-14 12:38:51] [SEVERE ] removing card from slot 11
[2022-12-14 12:39:22] [SEVERE ] announcing winners: [0]
[2022-12-14 12:39:26] [SEVERE ] announcing winners: [0]
[2022-12-14 12:39:26] [INFO   ] Thread dealer terminated.
[2022-12-14 12:39:26] [INFO   ] Thread main terminated.
