[2022-12-17 13:28:10] [INFO   ] cannot read configuration file config.properties trying from resources.
[2022-12-17 13:28:10] [INFO   ] configuration file was loaded from resources directory.
[2022-12-17 13:28:11] [INFO   ] Thread dealer starting.
[2022-12-17 13:28:11] [INFO   ] Thread Thread-1starting.
[2022-12-17 13:28:11] [INFO   ] Thread Thread-2starting.
[2022-12-17 13:28:11] [SEVERE ] placing card 25 in slot 0
[2022-12-17 13:28:11] [SEVERE ] placing card 75 in slot 1
[2022-12-17 13:28:11] [SEVERE ] placing card 11 in slot 2
[2022-12-17 13:28:11] [SEVERE ] placing card 37 in slot 3
[2022-12-17 13:28:11] [SEVERE ] placing card 36 in slot 4
[2022-12-17 13:28:12] [SEVERE ] placing card 26 in slot 5
[2022-12-17 13:28:12] [SEVERE ] placing card 77 in slot 6
[2022-12-17 13:28:12] [SEVERE ] placing card 6 in slot 7
[2022-12-17 13:28:12] [SEVERE ] placing card 63 in slot 8
[2022-12-17 13:28:12] [SEVERE ] placing card 14 in slot 9
[2022-12-17 13:28:12] [SEVERE ] placing card 22 in slot 10
[2022-12-17 13:28:12] [SEVERE ] placing card 58 in slot 11
[2022-12-17 13:28:15] [SEVERE ] Key 81 was pressed by player 0
[2022-12-17 13:28:15] [SEVERE ] player 0 placing token on slot 0
[2022-12-17 13:28:15] [SEVERE ] Key 87 was pressed by player 0
[2022-12-17 13:28:15] [SEVERE ] player 0 placing token on slot 1
[2022-12-17 13:28:15] [SEVERE ] Key 69 was pressed by player 0
[2022-12-17 13:28:15] [SEVERE ] player 0 placing token on slot 2
[2022-12-17 13:28:15] [SEVERE ] setting player 0 freeze to 3000
[2022-12-17 13:28:15] [SEVERE ] setting player 0 freeze to 2000
[2022-12-17 13:28:16] [SEVERE ] setting player 0 freeze to 1000
[2022-12-17 13:28:17] [SEVERE ] setting player 0 freeze to 0
[2022-12-17 13:28:18] [SEVERE ] Key 69 was pressed by player 0
[2022-12-17 13:28:18] [SEVERE ] removing player 0 token from slot 2
[2022-12-17 13:28:18] [SEVERE ] Key 87 was pressed by player 0
[2022-12-17 13:28:18] [SEVERE ] removing player 0 token from slot 1
[2022-12-17 13:28:19] [SEVERE ] Key 81 was pressed by player 0
[2022-12-17 13:28:19] [SEVERE ] removing player 0 token from slot 0
[2022-12-17 13:28:30] [SEVERE ] Key 69 was pressed by player 0
[2022-12-17 13:28:30] [SEVERE ] player 0 placing token on slot 2
[2022-12-17 13:28:31] [SEVERE ] Key 82 was pressed by player 0
[2022-12-17 13:28:31] [SEVERE ] player 0 placing token on slot 3
[2022-12-17 13:28:34] [SEVERE ] Key 90 was pressed by player 0
[2022-12-17 13:28:34] [SEVERE ] player 0 placing token on slot 8
[2022-12-17 13:28:34] [SEVERE ] setting player 0 score to 1
[2022-12-17 13:28:34] [SEVERE ] setting player 0 freeze to 1000
[2022-12-17 13:28:34] [SEVERE ] setting player 0 freeze to 0
[2022-12-17 13:28:34] [SEVERE ] removing player 0 token from slot 2
[2022-12-17 13:28:34] [SEVERE ] removing card from slot 2
[2022-12-17 13:28:34] [SEVERE ] removing player 0 token from slot 3
[2022-12-17 13:28:34] [SEVERE ] removing card from slot 3
[2022-12-17 13:28:34] [SEVERE ] removing player 0 token from slot 8
[2022-12-17 13:28:34] [SEVERE ] removing card from slot 8
[2022-12-17 13:28:34] [SEVERE ] placing card 43 in slot 2
[2022-12-17 13:28:34] [SEVERE ] placing card 50 in slot 3
[2022-12-17 13:28:34] [SEVERE ] placing card 60 in slot 8
[2022-12-17 13:28:37] [SEVERE ] Key 87 was pressed by player 0
[2022-12-17 13:28:37] [SEVERE ] player 0 placing token on slot 1
[2022-12-17 13:28:37] [SEVERE ] Key 69 was pressed by player 0
[2022-12-17 13:28:37] [SEVERE ] player 0 placing token on slot 2
[2022-12-17 13:28:38] [SEVERE ] Key 82 was pressed by player 0
[2022-12-17 13:28:38] [SEVERE ] player 0 placing token on slot 3
[2022-12-17 13:28:38] [SEVERE ] setting player 0 freeze to 3000
[2022-12-17 13:28:38] [SEVERE ] setting player 0 freeze to 2000
[2022-12-17 13:28:39] [SEVERE ] setting player 0 freeze to 1000
[2022-12-17 13:28:39] [SEVERE ] Key 73 was pressed by player 1
[2022-12-17 13:28:39] [SEVERE ] player 1 placing token on slot 1
[2022-12-17 13:28:39] [SEVERE ] Key 85 was pressed by player 1
[2022-12-17 13:28:39] [SEVERE ] player 1 placing token on slot 0
[2022-12-17 13:28:40] [SEVERE ] setting player 0 freeze to 0
[2022-12-17 13:28:40] [SEVERE ] Key 75 was pressed by player 1
[2022-12-17 13:28:40] [SEVERE ] player 1 placing token on slot 5
[2022-12-17 13:28:40] [SEVERE ] setting player 1 freeze to 3000
[2022-12-17 13:28:40] [SEVERE ] setting player 1 freeze to 2000
[2022-12-17 13:28:41] [SEVERE ] setting player 1 freeze to 1000
[2022-12-17 13:28:41] [SEVERE ] Key 79 was pressed by player 1
[2022-12-17 13:28:42] [SEVERE ] setting player 1 freeze to 0
[2022-12-17 13:28:42] [SEVERE ] Key 79 was pressed by player 1
[2022-12-17 13:28:43] [SEVERE ] Key 79 was pressed by player 1
[2022-12-17 13:28:43] [SEVERE ] Key 79 was pressed by player 1
[2022-12-17 13:28:43] [SEVERE ] Key 76 was pressed by player 1
[2022-12-17 13:28:44] [SEVERE ] Key 76 was pressed by player 1
[2022-12-17 13:28:44] [SEVERE ] Key 75 was pressed by player 1
[2022-12-17 13:28:44] [SEVERE ] removing player 1 token from slot 5
[2022-12-17 13:28:45] [SEVERE ] Key 73 was pressed by player 1
[2022-12-17 13:28:45] [SEVERE ] removing player 1 token from slot 1
[2022-12-17 13:28:45] [SEVERE ] Key 85 was pressed by player 1
[2022-12-17 13:28:45] [SEVERE ] removing player 1 token from slot 0
