[2022-12-17 12:46:06] [INFO   ] cannot read configuration file config.properties trying from resources.
[2022-12-17 12:46:06] [INFO   ] configuration file was loaded from resources directory.
[2022-12-17 12:46:07] [INFO   ] Thread dealer starting.
[2022-12-17 12:46:07] [INFO   ] Thread Thread-1starting.
[2022-12-17 12:46:07] [INFO   ] Thread Thread-2starting.
[2022-12-17 12:46:07] [SEVERE ] placing card 38 in slot 0
[2022-12-17 12:46:07] [SEVERE ] placing card 5 in slot 1
[2022-12-17 12:46:07] [SEVERE ] placing card 57 in slot 2
[2022-12-17 12:46:07] [SEVERE ] placing card 12 in slot 3
[2022-12-17 12:46:07] [SEVERE ] placing card 56 in slot 4
[2022-12-17 12:46:08] [SEVERE ] placing card 32 in slot 5
[2022-12-17 12:46:08] [SEVERE ] placing card 65 in slot 6
[2022-12-17 12:46:08] [SEVERE ] placing card 19 in slot 7
[2022-12-17 12:46:08] [SEVERE ] placing card 42 in slot 8
[2022-12-17 12:46:08] [SEVERE ] placing card 55 in slot 9
[2022-12-17 12:46:08] [SEVERE ] placing card 6 in slot 10
[2022-12-17 12:46:08] [SEVERE ] placing card 40 in slot 11
[2022-12-17 12:46:14] [SEVERE ] Key 81 was pressed by player 0
[2022-12-17 12:46:16] [SEVERE ] player 0 placing token on slot 0
[2022-12-17 12:46:18] [SEVERE ] Key 87 was pressed by player 0
[2022-12-17 12:46:19] [SEVERE ] player 0 placing token on slot 1
[2022-12-17 12:46:21] [SEVERE ] Key 69 was pressed by player 0
[2022-12-17 12:46:22] [SEVERE ] player 0 placing token on slot 2
