[2022-12-17 12:40:31] [INFO   ] cannot read configuration file config.properties trying from resources.
[2022-12-17 12:40:31] [INFO   ] configuration file was loaded from resources directory.
[2022-12-17 12:40:32] [INFO   ] Thread dealer starting.
[2022-12-17 12:40:32] [INFO   ] Thread Thread-1starting.
[2022-12-17 12:40:32] [INFO   ] Thread Thread-2starting.
[2022-12-17 12:40:32] [SEVERE ] placing card 22 in slot 0
[2022-12-17 12:40:32] [SEVERE ] placing card 76 in slot 1
[2022-12-17 12:40:32] [SEVERE ] placing card 47 in slot 2
[2022-12-17 12:40:33] [SEVERE ] placing card 33 in slot 3
[2022-12-17 12:40:33] [SEVERE ] placing card 31 in slot 4
[2022-12-17 12:40:33] [SEVERE ] placing card 55 in slot 5
[2022-12-17 12:40:33] [SEVERE ] placing card 32 in slot 6
[2022-12-17 12:40:33] [SEVERE ] placing card 15 in slot 7
[2022-12-17 12:40:33] [SEVERE ] placing card 67 in slot 8
[2022-12-17 12:40:33] [SEVERE ] placing card 34 in slot 9
[2022-12-17 12:40:33] [SEVERE ] placing card 41 in slot 10
[2022-12-17 12:40:33] [SEVERE ] placing card 16 in slot 11
[2022-12-17 12:40:51] [SEVERE ] Key 81 was pressed by player 0
[2022-12-17 12:40:51] [SEVERE ] player 0 placing token on slot 0
[2022-12-17 12:40:52] [SEVERE ] Key 65 was pressed by player 0
[2022-12-17 12:40:52] [SEVERE ] player 0 placing token on slot 4
[2022-12-17 12:40:54] [SEVERE ] Key 85 was pressed by player 1
[2022-12-17 12:40:54] [SEVERE ] player 1 placing token on slot 0
[2022-12-17 12:40:54] [SEVERE ] Key 74 was pressed by player 1
[2022-12-17 12:40:54] [SEVERE ] player 1 placing token on slot 4
[2022-12-17 12:40:57] [SEVERE ] Key 74 was pressed by player 1
[2022-12-17 12:40:57] [SEVERE ] removing player 1 token from slot 4
[2022-12-17 12:40:57] [SEVERE ] Key 65 was pressed by player 0
[2022-12-17 12:40:57] [SEVERE ] removing player 0 token from slot 4
[2022-12-17 12:40:57] [SEVERE ] Key 74 was pressed by player 1
[2022-12-17 12:40:57] [SEVERE ] player 1 placing token on slot 4
[2022-12-17 12:40:58] [SEVERE ] Key 65 was pressed by player 0
[2022-12-17 12:40:58] [SEVERE ] player 0 placing token on slot 4
[2022-12-17 12:41:00] [SEVERE ] Key 90 was pressed by player 0
[2022-12-17 12:41:00] [SEVERE ] player 0 placing token on slot 8
[2022-12-17 12:41:27] [SEVERE ] setting player 0 score to 1
[2022-12-17 12:41:27] [SEVERE ] setting player 0 freeze to 1000
[2022-12-17 12:42:19] [SEVERE ] Key 77 was pressed by player 1
[2022-12-17 12:42:25] [SEVERE ] player 1 placing token on slot 8
[2022-12-17 12:42:49] [SEVERE ] setting player 1 score to 1
[2022-12-17 12:42:49] [SEVERE ] setting player 1 freeze to 1000
[2022-12-17 12:42:54] [SEVERE ] removing player 0 token from slot 0
[2022-12-17 12:42:54] [SEVERE ] removing player 1 token from slot 0
[2022-12-17 12:42:54] [SEVERE ] removing card from slot 0
[2022-12-17 12:42:54] [SEVERE ] removing player 0 token from slot 4
[2022-12-17 12:42:54] [SEVERE ] removing player 1 token from slot 4
[2022-12-17 12:42:54] [SEVERE ] removing card from slot 4
[2022-12-17 12:42:54] [SEVERE ] removing player 0 token from slot 8
[2022-12-17 12:42:54] [SEVERE ] removing player 1 token from slot 8
[2022-12-17 12:42:55] [SEVERE ] removing card from slot 8
[2022-12-17 12:42:55] [SEVERE ] placing card 9 in slot 0
[2022-12-17 12:42:55] [SEVERE ] placing card 23 in slot 4
[2022-12-17 12:42:55] [SEVERE ] placing card 78 in slot 8
[2022-12-17 12:42:56] [SEVERE ] setting player 0 freeze to 0
[2022-12-17 12:42:56] [SEVERE ] setting player 1 freeze to 0
