[2022-12-14 14:56:18] [INFO   ] cannot read configuration file config.properties trying from resources.
[2022-12-14 14:56:18] [INFO   ] configuration file was loaded from resources directory.
[2022-12-14 14:56:19] [INFO   ] Thread dealer starting.
[2022-12-14 14:56:19] [SEVERE ] placing card 40 in slot 0
[2022-12-14 14:56:19] [SEVERE ] placing card 18 in slot 1
[2022-12-14 14:56:19] [SEVERE ] placing card 38 in slot 2
[2022-12-14 14:56:19] [SEVERE ] placing card 64 in slot 3
[2022-12-14 14:56:19] [SEVERE ] placing card 75 in slot 4
[2022-12-14 14:56:19] [SEVERE ] placing card 50 in slot 5
[2022-12-14 14:56:19] [SEVERE ] placing card 24 in slot 6
[2022-12-14 14:56:20] [SEVERE ] placing card 5 in slot 7
[2022-12-14 14:56:20] [SEVERE ] placing card 80 in slot 8
[2022-12-14 14:56:20] [SEVERE ] placing card 46 in slot 9
[2022-12-14 14:56:20] [SEVERE ] placing card 56 in slot 10
[2022-12-14 14:56:20] [SEVERE ] placing card 41 in slot 11
[2022-12-14 14:56:20] [SEVERE ] removing card from slot 0
[2022-12-14 14:56:20] [SEVERE ] removing card from slot 1
[2022-12-14 14:56:20] [SEVERE ] removing card from slot 2
[2022-12-14 14:56:20] [SEVERE ] placing card 43 in slot 0
[2022-12-14 14:56:20] [SEVERE ] placing card 4 in slot 1
[2022-12-14 14:56:20] [SEVERE ] Key 77 was pressed by player 1
[2022-12-14 14:56:20] [SEVERE ] player 1 placing token on slot 8
[2022-12-14 14:56:20] [SEVERE ] placing card 7 in slot 2
[2022-12-14 14:56:20] [SEVERE ] removing card from slot 0
[2022-12-14 14:56:20] [SEVERE ] removing card from slot 1
[2022-12-14 14:56:20] [SEVERE ] removing card from slot 2
[2022-12-14 14:56:20] [SEVERE ] placing card 61 in slot 0
[2022-12-14 14:56:21] [SEVERE ] placing card 71 in slot 1
[2022-12-14 14:56:21] [SEVERE ] placing card 14 in slot 2
[2022-12-14 14:56:21] [SEVERE ] removing card from slot 0
[2022-12-14 14:56:21] [SEVERE ] removing card from slot 1
[2022-12-14 14:56:21] [SEVERE ] removing card from slot 2
[2022-12-14 14:56:21] [SEVERE ] placing card 60 in slot 0
[2022-12-14 14:56:21] [SEVERE ] placing card 67 in slot 1
[2022-12-14 14:56:21] [SEVERE ] placing card 39 in slot 2
[2022-12-14 14:56:21] [SEVERE ] removing card from slot 0
[2022-12-14 14:56:21] [SEVERE ] removing card from slot 1
[2022-12-14 14:56:21] [SEVERE ] removing card from slot 2
[2022-12-14 14:56:21] [SEVERE ] placing card 10 in slot 0
[2022-12-14 14:56:21] [SEVERE ] placing card 52 in slot 1
[2022-12-14 14:56:21] [SEVERE ] placing card 17 in slot 2
[2022-12-14 14:56:21] [SEVERE ] removing card from slot 0
[2022-12-14 14:56:21] [SEVERE ] removing card from slot 1
[2022-12-14 14:56:21] [SEVERE ] removing card from slot 2
[2022-12-14 14:56:21] [SEVERE ] placing card 69 in slot 0
[2022-12-14 14:56:21] [SEVERE ] placing card 2 in slot 1
[2022-12-14 14:56:22] [SEVERE ] placing card 1 in slot 2
[2022-12-14 14:56:22] [SEVERE ] removing card from slot 0
[2022-12-14 14:56:22] [SEVERE ] removing card from slot 1
[2022-12-14 14:56:22] [SEVERE ] removing card from slot 2
[2022-12-14 14:56:22] [SEVERE ] placing card 73 in slot 0
[2022-12-14 14:56:22] [SEVERE ] placing card 43 in slot 1
[2022-12-14 14:56:22] [SEVERE ] placing card 60 in slot 2
[2022-12-14 14:56:22] [SEVERE ] removing card from slot 0
[2022-12-14 14:56:22] [SEVERE ] removing card from slot 1
[2022-12-14 14:56:22] [SEVERE ] removing card from slot 2
[2022-12-14 14:56:22] [SEVERE ] placing card 36 in slot 0
[2022-12-14 14:56:22] [SEVERE ] placing card 26 in slot 1
[2022-12-14 14:56:22] [SEVERE ] placing card 2 in slot 2
[2022-12-14 14:56:22] [SEVERE ] removing card from slot 0
[2022-12-14 14:56:22] [SEVERE ] removing card from slot 1
[2022-12-14 14:56:22] [SEVERE ] removing card from slot 2
[2022-12-14 14:56:22] [SEVERE ] placing card 42 in slot 0
[2022-12-14 14:56:22] [SEVERE ] placing card 3 in slot 1
[2022-12-14 14:56:22] [SEVERE ] Key 87 was pressed by player 0
[2022-12-14 14:56:22] [SEVERE ] player 0 placing token on slot 1
[2022-12-14 14:56:23] [SEVERE ] placing card 52 in slot 2
[2022-12-14 14:56:23] [SEVERE ] removing card from slot 0
[2022-12-14 14:56:23] [SEVERE ] removing card from slot 1
[2022-12-14 14:56:23] [SEVERE ] removing card from slot 2
[2022-12-14 14:56:23] [SEVERE ] placing card 72 in slot 0
[2022-12-14 14:56:23] [SEVERE ] placing card 79 in slot 1
[2022-12-14 14:56:23] [SEVERE ] placing card 54 in slot 2
[2022-12-14 14:56:23] [SEVERE ] removing card from slot 0
[2022-12-14 14:56:23] [SEVERE ] removing card from slot 1
[2022-12-14 14:56:23] [SEVERE ] removing card from slot 2
[2022-12-14 14:56:23] [SEVERE ] placing card 2 in slot 0
[2022-12-14 14:56:23] [SEVERE ] placing card 58 in slot 1
[2022-12-14 14:56:23] [SEVERE ] placing card 16 in slot 2
[2022-12-14 14:56:23] [SEVERE ] removing card from slot 0
[2022-12-14 14:56:23] [SEVERE ] removing card from slot 1
[2022-12-14 14:56:23] [SEVERE ] removing card from slot 2
[2022-12-14 14:56:23] [SEVERE ] placing card 65 in slot 0
[2022-12-14 14:56:23] [SEVERE ] placing card 10 in slot 1
[2022-12-14 14:56:24] [SEVERE ] placing card 2 in slot 2
[2022-12-14 14:56:24] [SEVERE ] removing card from slot 0
[2022-12-14 14:56:24] [SEVERE ] removing card from slot 1
[2022-12-14 14:56:24] [SEVERE ] removing card from slot 2
[2022-12-14 14:56:24] [SEVERE ] placing card 2 in slot 0
[2022-12-14 14:56:24] [SEVERE ] placing card 19 in slot 1
[2022-12-14 14:56:24] [SEVERE ] placing card 32 in slot 2
[2022-12-14 14:56:24] [SEVERE ] removing card from slot 0
[2022-12-14 14:56:24] [SEVERE ] removing card from slot 1
[2022-12-14 14:56:24] [SEVERE ] removing card from slot 2
[2022-12-14 14:56:24] [SEVERE ] placing card 8 in slot 0
[2022-12-14 14:56:24] [SEVERE ] Key 87 was pressed by player 0
[2022-12-14 14:56:24] [SEVERE ] placing card 38 in slot 1
[2022-12-14 14:56:24] [SEVERE ] placing card 28 in slot 2
[2022-12-14 14:56:24] [SEVERE ] removing card from slot 0
[2022-12-14 14:56:24] [SEVERE ] removing card from slot 1
[2022-12-14 14:56:24] [SEVERE ] removing card from slot 2
[2022-12-14 14:56:24] [SEVERE ] placing card 79 in slot 0
[2022-12-14 14:56:24] [SEVERE ] placing card 7 in slot 1
[2022-12-14 14:56:24] [SEVERE ] placing card 13 in slot 2
[2022-12-14 14:56:24] [SEVERE ] removing card from slot 0
[2022-12-14 14:56:24] [SEVERE ] removing card from slot 1
[2022-12-14 14:56:24] [SEVERE ] removing card from slot 2
[2022-12-14 14:56:25] [SEVERE ] placing card 20 in slot 0
[2022-12-14 14:56:25] [SEVERE ] placing card 26 in slot 1
[2022-12-14 14:56:25] [SEVERE ] placing card 68 in slot 2
[2022-12-14 14:56:25] [SEVERE ] removing card from slot 0
[2022-12-14 14:56:25] [SEVERE ] removing card from slot 1
[2022-12-14 14:56:25] [SEVERE ] removing card from slot 2
[2022-12-14 14:56:25] [SEVERE ] placing card 77 in slot 0
[2022-12-14 14:56:25] [SEVERE ] placing card 59 in slot 1
[2022-12-14 14:56:25] [SEVERE ] placing card 74 in slot 2
[2022-12-14 14:56:25] [SEVERE ] removing card from slot 0
[2022-12-14 14:56:25] [SEVERE ] removing card from slot 1
[2022-12-14 14:56:25] [SEVERE ] removing card from slot 2
[2022-12-14 14:56:25] [SEVERE ] placing card 66 in slot 0
[2022-12-14 14:56:25] [SEVERE ] placing card 27 in slot 1
[2022-12-14 14:56:25] [SEVERE ] placing card 63 in slot 2
[2022-12-14 14:56:25] [SEVERE ] removing card from slot 0
[2022-12-14 14:56:25] [SEVERE ] removing card from slot 1
[2022-12-14 14:56:25] [SEVERE ] removing card from slot 2
[2022-12-14 14:56:26] [SEVERE ] placing card 65 in slot 0
[2022-12-14 14:56:26] [SEVERE ] Key 77 was pressed by player 1
[2022-12-14 14:56:26] [SEVERE ] placing card 36 in slot 1
[2022-12-14 14:56:26] [SEVERE ] placing card 72 in slot 2
[2022-12-14 14:56:26] [SEVERE ] removing card from slot 0
[2022-12-14 14:56:26] [SEVERE ] removing card from slot 1
[2022-12-14 14:56:26] [SEVERE ] removing card from slot 2
[2022-12-14 14:56:26] [SEVERE ] placing card 22 in slot 0
[2022-12-14 14:56:26] [SEVERE ] placing card 20 in slot 1
[2022-12-14 14:56:26] [SEVERE ] placing card 35 in slot 2
[2022-12-14 14:56:26] [SEVERE ] removing card from slot 0
[2022-12-14 14:56:26] [SEVERE ] removing card from slot 1
[2022-12-14 14:56:26] [SEVERE ] removing card from slot 2
[2022-12-14 14:56:26] [SEVERE ] placing card 40 in slot 0
[2022-12-14 14:56:26] [SEVERE ] placing card 12 in slot 1
[2022-12-14 14:56:26] [SEVERE ] placing card 34 in slot 2
[2022-12-14 14:56:26] [SEVERE ] removing card from slot 0
[2022-12-14 14:56:26] [SEVERE ] removing card from slot 1
[2022-12-14 14:56:26] [SEVERE ] removing card from slot 2
[2022-12-14 14:56:26] [SEVERE ] placing card 68 in slot 0
[2022-12-14 14:56:27] [SEVERE ] placing card 61 in slot 1
[2022-12-14 14:56:27] [SEVERE ] placing card 33 in slot 2
[2022-12-14 14:56:27] [SEVERE ] removing card from slot 0
[2022-12-14 14:56:27] [SEVERE ] removing card from slot 1
[2022-12-14 14:56:27] [SEVERE ] removing card from slot 2
[2022-12-14 14:56:27] [SEVERE ] Key 75 was pressed by player 1
[2022-12-14 14:56:27] [SEVERE ] player 1 placing token on slot 5
[2022-12-14 14:56:27] [SEVERE ] placing card 32 in slot 0
[2022-12-14 14:56:27] [SEVERE ] placing card 31 in slot 1
[2022-12-14 14:56:27] [SEVERE ] placing card 8 in slot 2
[2022-12-14 14:56:27] [SEVERE ] removing card from slot 0
[2022-12-14 14:56:27] [SEVERE ] removing card from slot 1
[2022-12-14 14:56:27] [SEVERE ] removing card from slot 2
[2022-12-14 14:56:27] [SEVERE ] placing card 79 in slot 0
[2022-12-14 14:56:27] [SEVERE ] placing card 54 in slot 1
[2022-12-14 14:56:27] [SEVERE ] placing card 12 in slot 2
[2022-12-14 14:56:27] [SEVERE ] removing card from slot 0
[2022-12-14 14:56:27] [SEVERE ] removing card from slot 1
[2022-12-14 14:56:27] [SEVERE ] removing card from slot 2
[2022-12-14 14:56:27] [SEVERE ] Key 74 was pressed by player 1
[2022-12-14 14:56:27] [SEVERE ] player 1 placing token on slot 4
[2022-12-14 14:56:27] [SEVERE ] placing card 35 in slot 0
[2022-12-14 14:56:28] [SEVERE ] placing card 43 in slot 1
[2022-12-14 14:56:28] [SEVERE ] placing card 16 in slot 2
[2022-12-14 14:56:28] [SEVERE ] removing card from slot 0
[2022-12-14 14:56:28] [SEVERE ] removing card from slot 1
[2022-12-14 14:56:28] [SEVERE ] removing card from slot 2
[2022-12-14 14:56:28] [SEVERE ] placing card 20 in slot 0
[2022-12-14 14:56:28] [SEVERE ] placing card 27 in slot 1
[2022-12-14 14:56:28] [SEVERE ] Key 76 was pressed by player 1
[2022-12-14 14:56:28] [SEVERE ] player 1 placing token on slot 6
[2022-12-14 14:56:28] [SEVERE ] placing card 21 in slot 2
[2022-12-14 14:56:28] [SEVERE ] removing card from slot 0
[2022-12-14 14:56:28] [SEVERE ] removing card from slot 1
[2022-12-14 14:56:28] [SEVERE ] removing card from slot 2
[2022-12-14 14:56:28] [SEVERE ] placing card 73 in slot 0
[2022-12-14 14:56:28] [SEVERE ] placing card 35 in slot 1
[2022-12-14 14:56:28] [SEVERE ] placing card 45 in slot 2
[2022-12-14 14:56:28] [SEVERE ] removing card from slot 0
[2022-12-14 14:56:28] [SEVERE ] removing card from slot 1
[2022-12-14 14:56:28] [SEVERE ] removing card from slot 2
[2022-12-14 14:56:28] [SEVERE ] placing card 72 in slot 0
[2022-12-14 14:56:28] [SEVERE ] placing card 54 in slot 1
[2022-12-14 14:56:29] [SEVERE ] placing card 58 in slot 2
[2022-12-14 14:56:29] [SEVERE ] removing card from slot 0
[2022-12-14 14:56:29] [SEVERE ] removing card from slot 1
[2022-12-14 14:56:29] [SEVERE ] removing card from slot 2
[2022-12-14 14:56:29] [SEVERE ] placing card 67 in slot 0
[2022-12-14 14:56:29] [SEVERE ] placing card 36 in slot 1
[2022-12-14 14:56:29] [SEVERE ] placing card 47 in slot 2
[2022-12-14 14:56:29] [SEVERE ] removing card from slot 0
[2022-12-14 14:56:29] [SEVERE ] removing card from slot 1
[2022-12-14 14:56:29] [SEVERE ] removing card from slot 2
[2022-12-14 14:56:29] [SEVERE ] placing card 78 in slot 0
[2022-12-14 14:56:29] [SEVERE ] placing card 43 in slot 1
[2022-12-14 14:56:29] [SEVERE ] placing card 11 in slot 2
[2022-12-14 14:56:29] [SEVERE ] removing card from slot 0
[2022-12-14 14:56:29] [SEVERE ] removing card from slot 1
[2022-12-14 14:56:29] [SEVERE ] removing card from slot 2
[2022-12-14 14:56:29] [SEVERE ] placing card 66 in slot 0
[2022-12-14 14:56:29] [SEVERE ] placing card 25 in slot 1
[2022-12-14 14:56:30] [SEVERE ] placing card 43 in slot 2
[2022-12-14 14:56:30] [SEVERE ] removing card from slot 0
[2022-12-14 14:56:30] [SEVERE ] removing card from slot 1
[2022-12-14 14:56:30] [SEVERE ] removing card from slot 2
[2022-12-14 14:56:30] [SEVERE ] placing card 21 in slot 0
[2022-12-14 14:56:30] [SEVERE ] Key 79 was pressed by player 1
[2022-12-14 14:56:30] [SEVERE ] placing card 1 in slot 1
[2022-12-14 14:56:30] [SEVERE ] placing card 78 in slot 2
[2022-12-14 14:56:30] [SEVERE ] removing card from slot 0
[2022-12-14 14:56:30] [SEVERE ] removing card from slot 1
[2022-12-14 14:56:30] [SEVERE ] removing card from slot 2
[2022-12-14 14:56:30] [SEVERE ] placing card 26 in slot 0
[2022-12-14 14:56:30] [SEVERE ] Key 73 was pressed by player 1
[2022-12-14 14:56:30] [SEVERE ] placing card 19 in slot 1
[2022-12-14 14:56:30] [SEVERE ] placing card 37 in slot 2
[2022-12-14 14:56:30] [SEVERE ] removing card from slot 0
[2022-12-14 14:56:30] [SEVERE ] removing card from slot 1
[2022-12-14 14:56:30] [SEVERE ] removing card from slot 2
[2022-12-14 14:56:30] [SEVERE ] placing card 49 in slot 0
[2022-12-14 14:56:30] [SEVERE ] placing card 18 in slot 1
[2022-12-14 14:56:30] [SEVERE ] placing card 79 in slot 2
[2022-12-14 14:56:30] [SEVERE ] removing card from slot 0
[2022-12-14 14:56:30] [SEVERE ] removing card from slot 1
[2022-12-14 14:56:30] [SEVERE ] removing card from slot 2
[2022-12-14 14:56:31] [SEVERE ] Key 85 was pressed by player 1
[2022-12-14 14:56:31] [SEVERE ] placing card 26 in slot 0
[2022-12-14 14:56:31] [SEVERE ] placing card 18 in slot 1
[2022-12-14 14:56:31] [SEVERE ] placing card 59 in slot 2
[2022-12-14 14:56:31] [SEVERE ] removing card from slot 0
[2022-12-14 14:56:31] [SEVERE ] removing card from slot 1
[2022-12-14 14:56:31] [SEVERE ] removing card from slot 2
[2022-12-14 14:56:31] [SEVERE ] placing card 69 in slot 0
[2022-12-14 14:56:31] [SEVERE ] placing card 71 in slot 1
[2022-12-14 14:56:31] [SEVERE ] placing card 20 in slot 2
[2022-12-14 14:56:31] [SEVERE ] removing card from slot 0
[2022-12-14 14:56:31] [SEVERE ] removing card from slot 1
[2022-12-14 14:56:31] [SEVERE ] removing card from slot 2
[2022-12-14 14:56:31] [SEVERE ] placing card 43 in slot 0
[2022-12-14 14:56:31] [SEVERE ] placing card 59 in slot 1
[2022-12-14 14:56:31] [SEVERE ] placing card 2 in slot 2
[2022-12-14 14:56:31] [SEVERE ] removing card from slot 0
[2022-12-14 14:56:31] [SEVERE ] removing card from slot 1
[2022-12-14 14:56:31] [SEVERE ] removing card from slot 2
[2022-12-14 14:56:31] [SEVERE ] placing card 45 in slot 0
[2022-12-14 14:56:32] [SEVERE ] placing card 62 in slot 1
[2022-12-14 14:56:32] [SEVERE ] placing card 30 in slot 2
[2022-12-14 14:56:32] [SEVERE ] removing card from slot 0
[2022-12-14 14:56:32] [SEVERE ] removing card from slot 1
[2022-12-14 14:56:32] [SEVERE ] removing card from slot 2
[2022-12-14 14:56:32] [SEVERE ] placing card 55 in slot 0
[2022-12-14 14:56:32] [SEVERE ] placing card 58 in slot 1
[2022-12-14 14:56:32] [SEVERE ] Key 76 was pressed by player 1
[2022-12-14 14:56:32] [SEVERE ] placing card 1 in slot 2
[2022-12-14 14:56:32] [SEVERE ] removing card from slot 0
[2022-12-14 14:56:32] [SEVERE ] removing card from slot 1
[2022-12-14 14:56:32] [SEVERE ] removing card from slot 2
[2022-12-14 14:56:32] [SEVERE ] placing card 51 in slot 0
[2022-12-14 14:56:32] [SEVERE ] placing card 54 in slot 1
[2022-12-14 14:56:32] [SEVERE ] placing card 73 in slot 2
[2022-12-14 14:56:32] [SEVERE ] removing card from slot 0
[2022-12-14 14:56:32] [SEVERE ] removing card from slot 1
[2022-12-14 14:56:32] [SEVERE ] removing card from slot 2
[2022-12-14 14:56:32] [SEVERE ] Key 59 was pressed by player 1
[2022-12-14 14:56:32] [SEVERE ] player 1 placing token on slot 7
[2022-12-14 14:56:32] [SEVERE ] placing card 52 in slot 0
[2022-12-14 14:56:33] [SEVERE ] placing card 72 in slot 1
[2022-12-14 14:56:33] [SEVERE ] placing card 13 in slot 2
[2022-12-14 14:56:33] [SEVERE ] removing card from slot 0
[2022-12-14 14:56:33] [SEVERE ] removing card from slot 1
[2022-12-14 14:56:33] [SEVERE ] removing card from slot 2
[2022-12-14 14:56:33] [SEVERE ] placing card 73 in slot 0
[2022-12-14 14:56:33] [SEVERE ] placing card 19 in slot 1
[2022-12-14 14:56:33] [SEVERE ] Key 46 was pressed by player 1
[2022-12-14 14:56:33] [SEVERE ] placing card 22 in slot 2
[2022-12-14 14:56:33] [SEVERE ] removing card from slot 0
[2022-12-14 14:56:33] [SEVERE ] removing card from slot 1
[2022-12-14 14:56:33] [SEVERE ] removing card from slot 2
[2022-12-14 14:56:33] [SEVERE ] placing card 49 in slot 0
[2022-12-14 14:56:33] [SEVERE ] placing card 57 in slot 1
[2022-12-14 14:56:33] [SEVERE ] placing card 25 in slot 2
[2022-12-14 14:56:33] [SEVERE ] removing card from slot 0
[2022-12-14 14:56:33] [SEVERE ] removing card from slot 1
[2022-12-14 14:56:33] [SEVERE ] removing card from slot 2
[2022-12-14 14:56:33] [SEVERE ] Key 44 was pressed by player 1
[2022-12-14 14:56:33] [SEVERE ] placing card 77 in slot 0
[2022-12-14 14:56:33] [SEVERE ] placing card 70 in slot 1
[2022-12-14 14:56:34] [SEVERE ] placing card 8 in slot 2
[2022-12-14 14:56:34] [SEVERE ] removing card from slot 0
[2022-12-14 14:56:34] [SEVERE ] removing card from slot 1
[2022-12-14 14:56:34] [SEVERE ] removing card from slot 2
[2022-12-14 14:56:34] [SEVERE ] placing card 67 in slot 0
[2022-12-14 14:56:34] [SEVERE ] placing card 3 in slot 1
[2022-12-14 14:56:34] [SEVERE ] placing card 32 in slot 2
[2022-12-14 14:56:34] [SEVERE ] removing card from slot 0
[2022-12-14 14:56:34] [SEVERE ] removing card from slot 1
[2022-12-14 14:56:34] [SEVERE ] removing card from slot 2
[2022-12-14 14:56:34] [SEVERE ] Key 80 was pressed by player 1
[2022-12-14 14:56:34] [SEVERE ] placing card 31 in slot 0
[2022-12-14 14:56:34] [SEVERE ] placing card 65 in slot 1
[2022-12-14 14:56:34] [SEVERE ] placing card 43 in slot 2
[2022-12-14 14:56:34] [SEVERE ] removing card from slot 0
[2022-12-14 14:56:34] [SEVERE ] removing card from slot 1
[2022-12-14 14:56:34] [SEVERE ] removing card from slot 2
[2022-12-14 14:56:34] [SEVERE ] placing card 22 in slot 0
[2022-12-14 14:56:34] [SEVERE ] placing card 58 in slot 1
[2022-12-14 14:56:35] [SEVERE ] placing card 42 in slot 2
[2022-12-14 14:56:35] [SEVERE ] removing card from slot 0
[2022-12-14 14:56:35] [SEVERE ] removing card from slot 1
[2022-12-14 14:56:35] [SEVERE ] removing card from slot 2
[2022-12-14 14:56:35] [SEVERE ] placing card 16 in slot 0
[2022-12-14 14:56:35] [SEVERE ] placing card 22 in slot 1
[2022-12-14 14:56:35] [SEVERE ] Key 73 was pressed by player 1
[2022-12-14 14:56:35] [SEVERE ] placing card 71 in slot 2
[2022-12-14 14:56:35] [SEVERE ] removing card from slot 0
[2022-12-14 14:56:35] [SEVERE ] removing card from slot 1
[2022-12-14 14:56:35] [SEVERE ] removing card from slot 2
[2022-12-14 14:56:35] [SEVERE ] placing card 37 in slot 0
[2022-12-14 14:56:35] [SEVERE ] placing card 3 in slot 1
[2022-12-14 14:56:35] [SEVERE ] placing card 0 in slot 2
[2022-12-14 14:56:35] [SEVERE ] removing card from slot 0
[2022-12-14 14:56:35] [SEVERE ] removing card from slot 1
[2022-12-14 14:56:35] [SEVERE ] removing card from slot 2
[2022-12-14 14:56:35] [SEVERE ] Key 79 was pressed by player 1
[2022-12-14 14:56:35] [SEVERE ] placing card 22 in slot 0
[2022-12-14 14:56:35] [SEVERE ] placing card 9 in slot 1
[2022-12-14 14:56:35] [SEVERE ] placing card 35 in slot 2
[2022-12-14 14:56:35] [SEVERE ] removing card from slot 0
[2022-12-14 14:56:35] [SEVERE ] removing card from slot 1
[2022-12-14 14:56:35] [SEVERE ] removing card from slot 2
[2022-12-14 14:56:36] [SEVERE ] placing card 2 in slot 0
[2022-12-14 14:56:36] [SEVERE ] Key 80 was pressed by player 1
[2022-12-14 14:56:36] [SEVERE ] placing card 44 in slot 1
[2022-12-14 14:56:36] [SEVERE ] placing card 59 in slot 2
[2022-12-14 14:56:36] [SEVERE ] removing card from slot 0
[2022-12-14 14:56:36] [SEVERE ] removing card from slot 1
[2022-12-14 14:56:36] [SEVERE ] removing card from slot 2
[2022-12-14 14:56:36] [SEVERE ] placing card 44 in slot 0
[2022-12-14 14:56:36] [SEVERE ] placing card 16 in slot 1
[2022-12-14 14:56:36] [SEVERE ] placing card 77 in slot 2
[2022-12-14 14:56:36] [SEVERE ] removing card from slot 0
[2022-12-14 14:56:36] [SEVERE ] removing card from slot 1
[2022-12-14 14:56:36] [SEVERE ] removing card from slot 2
[2022-12-14 14:56:36] [SEVERE ] placing card 34 in slot 0
[2022-12-14 14:56:36] [SEVERE ] Key 80 was pressed by player 1
[2022-12-14 14:56:36] [SEVERE ] placing card 13 in slot 1
[2022-12-14 14:56:36] [SEVERE ] placing card 32 in slot 2
[2022-12-14 14:56:36] [SEVERE ] removing card from slot 0
[2022-12-14 14:56:36] [SEVERE ] removing card from slot 1
[2022-12-14 14:56:36] [SEVERE ] removing card from slot 2
[2022-12-14 14:56:36] [SEVERE ] Key 79 was pressed by player 1
[2022-12-14 14:56:37] [SEVERE ] placing card 31 in slot 0
[2022-12-14 14:56:37] [SEVERE ] placing card 3 in slot 1
[2022-12-14 14:56:37] [SEVERE ] Key 73 was pressed by player 1
[2022-12-14 14:56:37] [SEVERE ] placing card 22 in slot 2
[2022-12-14 14:56:37] [SEVERE ] removing card from slot 0
[2022-12-14 14:56:37] [SEVERE ] removing card from slot 1
[2022-12-14 14:56:37] [SEVERE ] removing card from slot 2
[2022-12-14 14:56:37] [SEVERE ] placing card 6 in slot 0
[2022-12-14 14:56:37] [SEVERE ] Key 85 was pressed by player 1
[2022-12-14 14:56:37] [SEVERE ] placing card 31 in slot 1
[2022-12-14 14:56:37] [SEVERE ] placing card 53 in slot 2
[2022-12-14 14:56:37] [SEVERE ] removing card from slot 0
[2022-12-14 14:56:37] [SEVERE ] removing card from slot 1
[2022-12-14 14:56:37] [SEVERE ] removing card from slot 2
[2022-12-14 14:56:37] [SEVERE ] placing card 13 in slot 0
[2022-12-14 14:56:37] [SEVERE ] placing card 1 in slot 1
[2022-12-14 14:56:37] [SEVERE ] placing card 73 in slot 2
[2022-12-14 14:56:37] [SEVERE ] removing card from slot 0
[2022-12-14 14:56:37] [SEVERE ] removing card from slot 1
[2022-12-14 14:56:37] [SEVERE ] removing card from slot 2
[2022-12-14 14:56:37] [SEVERE ] placing card 3 in slot 0
[2022-12-14 14:56:38] [SEVERE ] placing card 43 in slot 1
[2022-12-14 14:56:38] [SEVERE ] placing card 70 in slot 2
[2022-12-14 14:56:38] [SEVERE ] removing card from slot 0
[2022-12-14 14:56:38] [SEVERE ] removing card from slot 1
[2022-12-14 14:56:38] [SEVERE ] removing card from slot 2
[2022-12-14 14:56:38] [SEVERE ] Key 74 was pressed by player 1
[2022-12-14 14:56:38] [SEVERE ] placing card 76 in slot 0
[2022-12-14 14:56:38] [SEVERE ] placing card 53 in slot 1
[2022-12-14 14:56:38] [SEVERE ] Key 75 was pressed by player 1
[2022-12-14 14:56:38] [SEVERE ] placing card 38 in slot 2
[2022-12-14 14:56:38] [SEVERE ] removing card from slot 0
[2022-12-14 14:56:38] [SEVERE ] removing card from slot 1
[2022-12-14 14:56:38] [SEVERE ] removing card from slot 2
[2022-12-14 14:56:38] [SEVERE ] Key 76 was pressed by player 1
[2022-12-14 14:56:38] [SEVERE ] player 1 placing token on slot 6
[2022-12-14 14:56:38] [SEVERE ] placing card 62 in slot 0
[2022-12-14 14:56:38] [SEVERE ] placing card 22 in slot 1
[2022-12-14 14:56:38] [SEVERE ] placing card 52 in slot 2
[2022-12-14 14:56:38] [SEVERE ] removing card from slot 0
[2022-12-14 14:56:38] [SEVERE ] removing card from slot 1
[2022-12-14 14:56:38] [SEVERE ] removing card from slot 2
[2022-12-14 14:56:38] [SEVERE ] Key 46 was pressed by player 1
[2022-12-14 14:56:38] [SEVERE ] player 1 placing token on slot 10
[2022-12-14 14:56:38] [SEVERE ] Key 44 was pressed by player 1
[2022-12-14 14:56:38] [SEVERE ] placing card 17 in slot 0
[2022-12-14 14:56:39] [SEVERE ] placing card 43 in slot 1
[2022-12-14 14:56:39] [SEVERE ] placing card 77 in slot 2
[2022-12-14 14:56:39] [SEVERE ] removing card from slot 0
[2022-12-14 14:56:39] [SEVERE ] removing card from slot 1
[2022-12-14 14:56:39] [SEVERE ] removing card from slot 2
[2022-12-14 14:56:39] [SEVERE ] placing card 59 in slot 0
[2022-12-14 14:56:39] [SEVERE ] placing card 49 in slot 1
[2022-12-14 14:56:39] [SEVERE ] Key 77 was pressed by player 1
[2022-12-14 14:56:39] [SEVERE ] placing card 63 in slot 2
[2022-12-14 14:56:39] [SEVERE ] removing card from slot 0
[2022-12-14 14:56:39] [SEVERE ] removing card from slot 1
[2022-12-14 14:56:39] [SEVERE ] removing card from slot 2
[2022-12-14 14:56:39] [SEVERE ] placing card 40 in slot 0
[2022-12-14 14:56:39] [SEVERE ] placing card 27 in slot 1
[2022-12-14 14:56:39] [SEVERE ] placing card 33 in slot 2
[2022-12-14 14:56:39] [SEVERE ] removing card from slot 0
[2022-12-14 14:56:39] [SEVERE ] removing card from slot 1
[2022-12-14 14:56:39] [SEVERE ] removing card from slot 2
[2022-12-14 14:56:39] [SEVERE ] placing card 25 in slot 0
[2022-12-14 14:56:39] [SEVERE ] placing card 2 in slot 1
[2022-12-14 14:56:40] [SEVERE ] placing card 73 in slot 2
[2022-12-14 14:56:40] [SEVERE ] removing card from slot 0
[2022-12-14 14:56:40] [SEVERE ] removing card from slot 1
[2022-12-14 14:56:40] [SEVERE ] removing card from slot 2
[2022-12-14 14:56:40] [SEVERE ] placing card 12 in slot 0
[2022-12-14 14:56:40] [SEVERE ] placing card 39 in slot 1
[2022-12-14 14:56:40] [SEVERE ] Key 77 was pressed by player 1
[2022-12-14 14:56:40] [SEVERE ] placing card 34 in slot 2
[2022-12-14 14:56:40] [SEVERE ] removing card from slot 0
[2022-12-14 14:56:40] [SEVERE ] removing card from slot 1
[2022-12-14 14:56:40] [SEVERE ] removing card from slot 2
[2022-12-14 14:56:40] [SEVERE ] placing card 37 in slot 0
[2022-12-14 14:56:40] [SEVERE ] placing card 25 in slot 1
[2022-12-14 14:56:40] [SEVERE ] Key 46 was pressed by player 1
[2022-12-14 14:56:40] [SEVERE ] placing card 67 in slot 2
[2022-12-14 14:56:40] [SEVERE ] removing card from slot 0
[2022-12-14 14:56:40] [SEVERE ] removing card from slot 1
[2022-12-14 14:56:40] [SEVERE ] removing card from slot 2
[2022-12-14 14:56:40] [SEVERE ] placing card 26 in slot 0
[2022-12-14 14:56:40] [SEVERE ] placing card 20 in slot 1
[2022-12-14 14:56:40] [SEVERE ] Key 46 was pressed by player 1
[2022-12-14 14:56:40] [SEVERE ] player 1 placing token on slot 10
[2022-12-14 14:56:40] [SEVERE ] placing card 7 in slot 2
[2022-12-14 14:56:40] [SEVERE ] removing card from slot 0
[2022-12-14 14:56:40] [SEVERE ] removing card from slot 1
[2022-12-14 14:56:40] [SEVERE ] removing card from slot 2
[2022-12-14 14:56:41] [SEVERE ] placing card 16 in slot 0
[2022-12-14 14:56:41] [SEVERE ] Key 46 was pressed by player 1
[2022-12-14 14:56:41] [SEVERE ] placing card 67 in slot 1
[2022-12-14 14:56:41] [SEVERE ] placing card 15 in slot 2
[2022-12-14 14:56:41] [SEVERE ] removing card from slot 0
[2022-12-14 14:56:41] [SEVERE ] removing card from slot 1
[2022-12-14 14:56:41] [SEVERE ] removing card from slot 2
[2022-12-14 14:56:41] [SEVERE ] placing card 51 in slot 0
[2022-12-14 14:56:41] [SEVERE ] placing card 25 in slot 1
[2022-12-14 14:56:41] [SEVERE ] Key 59 was pressed by player 1
[2022-12-14 14:56:41] [SEVERE ] placing card 18 in slot 2
[2022-12-14 14:56:41] [SEVERE ] removing card from slot 0
[2022-12-14 14:56:41] [SEVERE ] removing card from slot 1
[2022-12-14 14:56:41] [SEVERE ] removing card from slot 2
[2022-12-14 14:56:41] [SEVERE ] placing card 15 in slot 0
[2022-12-14 14:56:41] [SEVERE ] placing card 70 in slot 1
[2022-12-14 14:56:41] [SEVERE ] placing card 7 in slot 2
[2022-12-14 14:56:41] [SEVERE ] removing card from slot 0
[2022-12-14 14:56:41] [SEVERE ] removing card from slot 1
[2022-12-14 14:56:41] [SEVERE ] removing card from slot 2
[2022-12-14 14:56:42] [SEVERE ] Key 46 was pressed by player 1
[2022-12-14 14:56:42] [SEVERE ] player 1 placing token on slot 10
[2022-12-14 14:56:42] [SEVERE ] placing card 78 in slot 0
[2022-12-14 14:56:42] [SEVERE ] placing card 52 in slot 1
[2022-12-14 14:56:42] [SEVERE ] placing card 16 in slot 2
[2022-12-14 14:56:42] [SEVERE ] removing card from slot 0
[2022-12-14 14:56:42] [SEVERE ] removing card from slot 1
[2022-12-14 14:56:42] [SEVERE ] removing card from slot 2
[2022-12-14 14:56:42] [SEVERE ] Key 47 was pressed by player 1
[2022-12-14 14:56:42] [SEVERE ] player 1 placing token on slot 11
[2022-12-14 14:56:42] [SEVERE ] placing card 14 in slot 0
[2022-12-14 14:56:42] [SEVERE ] placing card 4 in slot 1
[2022-12-14 14:56:42] [SEVERE ] placing card 49 in slot 2
[2022-12-14 14:56:42] [SEVERE ] removing card from slot 0
[2022-12-14 14:56:42] [SEVERE ] removing card from slot 1
[2022-12-14 14:56:42] [SEVERE ] removing card from slot 2
[2022-12-14 14:56:42] [SEVERE ] placing card 25 in slot 0
[2022-12-14 14:56:42] [SEVERE ] placing card 49 in slot 1
[2022-12-14 14:56:42] [SEVERE ] placing card 66 in slot 2
[2022-12-14 14:56:42] [SEVERE ] removing card from slot 0
[2022-12-14 14:56:42] [SEVERE ] removing card from slot 1
[2022-12-14 14:56:42] [SEVERE ] removing card from slot 2
[2022-12-14 14:56:42] [SEVERE ] placing card 3 in slot 0
[2022-12-14 14:56:43] [SEVERE ] placing card 49 in slot 1
[2022-12-14 14:56:43] [SEVERE ] placing card 73 in slot 2
[2022-12-14 14:56:43] [SEVERE ] removing card from slot 0
[2022-12-14 14:56:43] [SEVERE ] removing card from slot 1
[2022-12-14 14:56:43] [SEVERE ] removing card from slot 2
[2022-12-14 14:56:43] [SEVERE ] placing card 40 in slot 0
[2022-12-14 14:56:43] [SEVERE ] placing card 17 in slot 1
[2022-12-14 14:56:43] [SEVERE ] placing card 70 in slot 2
[2022-12-14 14:56:43] [SEVERE ] removing card from slot 0
[2022-12-14 14:56:43] [SEVERE ] removing card from slot 1
[2022-12-14 14:56:43] [SEVERE ] removing card from slot 2
[2022-12-14 14:56:43] [SEVERE ] placing card 16 in slot 0
[2022-12-14 14:56:43] [SEVERE ] placing card 57 in slot 1
[2022-12-14 14:56:43] [SEVERE ] placing card 26 in slot 2
[2022-12-14 14:56:43] [SEVERE ] removing card from slot 0
[2022-12-14 14:56:43] [SEVERE ] removing card from slot 1
[2022-12-14 14:56:43] [SEVERE ] removing card from slot 2
[2022-12-14 14:56:43] [SEVERE ] placing card 36 in slot 0
[2022-12-14 14:56:44] [SEVERE ] placing card 69 in slot 1
[2022-12-14 14:56:44] [SEVERE ] Key 81 was pressed by player 0
[2022-12-14 14:56:44] [SEVERE ] player 0 placing token on slot 0
[2022-12-14 14:56:44] [SEVERE ] placing card 17 in slot 2
[2022-12-14 14:56:44] [SEVERE ] removing card from slot 0
[2022-12-14 14:56:44] [SEVERE ] removing card from slot 1
[2022-12-14 14:56:44] [SEVERE ] removing card from slot 2
[2022-12-14 14:56:44] [SEVERE ] placing card 73 in slot 0
[2022-12-14 14:56:44] [SEVERE ] placing card 67 in slot 1
[2022-12-14 14:56:44] [SEVERE ] Key 87 was pressed by player 0
[2022-12-14 14:56:44] [SEVERE ] placing card 17 in slot 2
[2022-12-14 14:56:44] [SEVERE ] removing card from slot 0
[2022-12-14 14:56:44] [SEVERE ] removing card from slot 1
[2022-12-14 14:56:44] [SEVERE ] removing card from slot 2
[2022-12-14 14:56:44] [SEVERE ] placing card 78 in slot 0
[2022-12-14 14:56:44] [SEVERE ] placing card 6 in slot 1
[2022-12-14 14:56:44] [SEVERE ] Key 69 was pressed by player 0
[2022-12-14 14:56:44] [SEVERE ] placing card 48 in slot 2
[2022-12-14 14:56:44] [SEVERE ] removing card from slot 0
[2022-12-14 14:56:44] [SEVERE ] removing card from slot 1
[2022-12-14 14:56:44] [SEVERE ] removing card from slot 2
[2022-12-14 14:56:44] [SEVERE ] placing card 44 in slot 0
[2022-12-14 14:56:44] [SEVERE ] Key 82 was pressed by player 0
[2022-12-14 14:56:44] [SEVERE ] player 0 placing token on slot 3
[2022-12-14 14:56:44] [SEVERE ] placing card 14 in slot 1
[2022-12-14 14:56:45] [SEVERE ] placing card 59 in slot 2
[2022-12-14 14:56:45] [SEVERE ] removing card from slot 0
[2022-12-14 14:56:45] [SEVERE ] removing card from slot 1
[2022-12-14 14:56:45] [SEVERE ] removing card from slot 2
[2022-12-14 14:56:45] [SEVERE ] placing card 55 in slot 0
[2022-12-14 14:56:45] [SEVERE ] placing card 74 in slot 1
[2022-12-14 14:56:45] [SEVERE ] placing card 12 in slot 2
[2022-12-14 14:56:45] [SEVERE ] removing card from slot 0
[2022-12-14 14:56:45] [SEVERE ] removing card from slot 1
[2022-12-14 14:56:45] [SEVERE ] removing card from slot 2
[2022-12-14 14:56:45] [SEVERE ] placing card 20 in slot 0
[2022-12-14 14:56:45] [SEVERE ] placing card 61 in slot 1
[2022-12-14 14:56:45] [SEVERE ] placing card 45 in slot 2
[2022-12-14 14:56:45] [SEVERE ] removing card from slot 0
[2022-12-14 14:56:45] [SEVERE ] removing card from slot 1
[2022-12-14 14:56:45] [SEVERE ] removing card from slot 2
[2022-12-14 14:56:45] [SEVERE ] placing card 51 in slot 0
[2022-12-14 14:56:45] [SEVERE ] Key 70 was pressed by player 0
[2022-12-14 14:56:45] [SEVERE ] player 0 placing token on slot 7
[2022-12-14 14:56:45] [SEVERE ] placing card 33 in slot 1
[2022-12-14 14:56:46] [SEVERE ] placing card 9 in slot 2
[2022-12-14 14:56:46] [SEVERE ] removing card from slot 0
[2022-12-14 14:56:46] [SEVERE ] removing card from slot 1
[2022-12-14 14:56:46] [SEVERE ] removing card from slot 2
[2022-12-14 14:56:46] [SEVERE ] placing card 70 in slot 0
[2022-12-14 14:56:46] [SEVERE ] placing card 9 in slot 1
[2022-12-14 14:56:46] [SEVERE ] Key 68 was pressed by player 0
[2022-12-14 14:56:46] [SEVERE ] placing card 54 in slot 2
[2022-12-14 14:56:46] [SEVERE ] removing card from slot 0
[2022-12-14 14:56:46] [SEVERE ] removing card from slot 1
[2022-12-14 14:56:46] [SEVERE ] removing card from slot 2
[2022-12-14 14:56:46] [SEVERE ] placing card 32 in slot 0
[2022-12-14 14:56:46] [SEVERE ] placing card 62 in slot 1
[2022-12-14 14:56:46] [SEVERE ] placing card 31 in slot 2
[2022-12-14 14:56:46] [SEVERE ] removing card from slot 0
[2022-12-14 14:56:46] [SEVERE ] removing card from slot 1
[2022-12-14 14:56:46] [SEVERE ] removing card from slot 2
[2022-12-14 14:56:46] [SEVERE ] Key 65 was pressed by player 0
[2022-12-14 14:56:46] [SEVERE ] placing card 19 in slot 0
[2022-12-14 14:56:46] [SEVERE ] placing card 39 in slot 1
[2022-12-14 14:56:46] [SEVERE ] placing card 32 in slot 2
[2022-12-14 14:56:46] [SEVERE ] removing card from slot 0
[2022-12-14 14:56:46] [SEVERE ] removing card from slot 1
[2022-12-14 14:56:46] [SEVERE ] removing card from slot 2
[2022-12-14 14:56:46] [SEVERE ] Key 83 was pressed by player 0
[2022-12-14 14:56:47] [SEVERE ] placing card 60 in slot 0
[2022-12-14 14:56:47] [SEVERE ] placing card 16 in slot 1
[2022-12-14 14:56:47] [SEVERE ] placing card 6 in slot 2
[2022-12-14 14:56:47] [SEVERE ] removing card from slot 0
[2022-12-14 14:56:47] [SEVERE ] removing card from slot 1
[2022-12-14 14:56:47] [SEVERE ] removing card from slot 2
[2022-12-14 14:56:47] [SEVERE ] Key 90 was pressed by player 0
[2022-12-14 14:56:47] [SEVERE ] placing card 63 in slot 0
[2022-12-14 14:56:47] [SEVERE ] placing card 59 in slot 1
[2022-12-14 14:56:47] [SEVERE ] Key 88 was pressed by player 0
[2022-12-14 14:56:47] [SEVERE ] placing card 74 in slot 2
[2022-12-14 14:56:47] [SEVERE ] removing card from slot 0
[2022-12-14 14:56:47] [SEVERE ] removing card from slot 1
[2022-12-14 14:56:47] [SEVERE ] removing card from slot 2
[2022-12-14 14:56:47] [SEVERE ] placing card 38 in slot 0
[2022-12-14 14:56:47] [SEVERE ] placing card 59 in slot 1
[2022-12-14 14:56:47] [SEVERE ] Key 67 was pressed by player 0
[2022-12-14 14:56:47] [SEVERE ] placing card 43 in slot 2
[2022-12-14 14:56:47] [SEVERE ] removing card from slot 0
[2022-12-14 14:56:47] [SEVERE ] removing card from slot 1
[2022-12-14 14:56:47] [SEVERE ] removing card from slot 2
[2022-12-14 14:56:47] [SEVERE ] placing card 42 in slot 0
[2022-12-14 14:56:48] [SEVERE ] placing card 3 in slot 1
[2022-12-14 14:56:48] [SEVERE ] Key 86 was pressed by player 0
[2022-12-14 14:56:48] [SEVERE ] placing card 22 in slot 2
[2022-12-14 14:56:48] [SEVERE ] removing card from slot 0
[2022-12-14 14:56:48] [SEVERE ] removing card from slot 1
[2022-12-14 14:56:48] [SEVERE ] removing card from slot 2
[2022-12-14 14:56:48] [SEVERE ] placing card 22 in slot 0
[2022-12-14 14:56:48] [SEVERE ] placing card 72 in slot 1
[2022-12-14 14:56:48] [SEVERE ] placing card 71 in slot 2
[2022-12-14 14:56:48] [SEVERE ] removing card from slot 0
[2022-12-14 14:56:48] [SEVERE ] removing card from slot 1
[2022-12-14 14:56:48] [SEVERE ] removing card from slot 2
[2022-12-14 14:56:48] [SEVERE ] placing card 74 in slot 0
[2022-12-14 14:56:48] [SEVERE ] placing card 13 in slot 1
[2022-12-14 14:56:48] [SEVERE ] placing card 72 in slot 2
[2022-12-14 14:56:48] [SEVERE ] removing card from slot 0
[2022-12-14 14:56:48] [SEVERE ] removing card from slot 1
[2022-12-14 14:56:48] [SEVERE ] removing card from slot 2
[2022-12-14 14:56:48] [SEVERE ] placing card 70 in slot 0
[2022-12-14 14:56:49] [SEVERE ] placing card 23 in slot 1
[2022-12-14 14:56:49] [SEVERE ] placing card 14 in slot 2
[2022-12-14 14:56:49] [SEVERE ] removing card from slot 0
[2022-12-14 14:56:49] [SEVERE ] removing card from slot 1
[2022-12-14 14:56:49] [SEVERE ] removing card from slot 2
[2022-12-14 14:56:49] [SEVERE ] placing card 18 in slot 0
[2022-12-14 14:56:49] [SEVERE ] Key 74 was pressed by player 1
[2022-12-14 14:56:49] [SEVERE ] placing card 23 in slot 1
[2022-12-14 14:56:49] [SEVERE ] placing card 0 in slot 2
[2022-12-14 14:56:49] [SEVERE ] removing card from slot 0
[2022-12-14 14:56:49] [SEVERE ] removing card from slot 1
[2022-12-14 14:56:49] [SEVERE ] removing card from slot 2
[2022-12-14 14:56:49] [SEVERE ] placing card 47 in slot 0
[2022-12-14 14:56:49] [SEVERE ] placing card 10 in slot 1
[2022-12-14 14:56:49] [SEVERE ] placing card 22 in slot 2
[2022-12-14 14:56:49] [SEVERE ] removing card from slot 0
[2022-12-14 14:56:49] [SEVERE ] removing card from slot 1
[2022-12-14 14:56:49] [SEVERE ] removing card from slot 2
[2022-12-14 14:56:49] [SEVERE ] placing card 4 in slot 0
[2022-12-14 14:56:49] [SEVERE ] placing card 17 in slot 1
[2022-12-14 14:56:50] [SEVERE ] placing card 12 in slot 2
[2022-12-14 14:56:50] [SEVERE ] removing card from slot 0
[2022-12-14 14:56:50] [SEVERE ] removing card from slot 1
[2022-12-14 14:56:50] [SEVERE ] removing card from slot 2
[2022-12-14 14:56:50] [SEVERE ] placing card 23 in slot 0
[2022-12-14 14:56:50] [SEVERE ] Key 65 was pressed by player 0
[2022-12-14 14:56:50] [SEVERE ] placing card 47 in slot 1
[2022-12-14 14:56:50] [SEVERE ] placing card 71 in slot 2
[2022-12-14 14:56:50] [SEVERE ] removing card from slot 0
[2022-12-14 14:56:50] [SEVERE ] removing card from slot 1
[2022-12-14 14:56:50] [SEVERE ] removing card from slot 2
[2022-12-14 14:56:50] [SEVERE ] placing card 11 in slot 0
[2022-12-14 14:56:50] [SEVERE ] Key 83 was pressed by player 0
[2022-12-14 14:56:50] [SEVERE ] placing card 79 in slot 1
[2022-12-14 14:56:50] [SEVERE ] placing card 44 in slot 2
[2022-12-14 14:56:50] [SEVERE ] removing card from slot 0
[2022-12-14 14:56:50] [SEVERE ] removing card from slot 1
[2022-12-14 14:56:50] [SEVERE ] removing card from slot 2
[2022-12-14 14:56:50] [SEVERE ] placing card 13 in slot 0
[2022-12-14 14:56:50] [SEVERE ] Key 68 was pressed by player 0
[2022-12-14 14:56:50] [SEVERE ] placing card 42 in slot 1
[2022-12-14 14:56:51] [SEVERE ] placing card 30 in slot 2
[2022-12-14 14:56:51] [SEVERE ] removing card from slot 0
[2022-12-14 14:56:51] [SEVERE ] removing card from slot 1
[2022-12-14 14:56:51] [SEVERE ] removing card from slot 2
[2022-12-14 14:56:51] [SEVERE ] placing card 51 in slot 0
[2022-12-14 14:56:51] [SEVERE ] Key 70 was pressed by player 0
[2022-12-14 14:56:51] [SEVERE ] placing card 20 in slot 1
[2022-12-14 14:56:51] [SEVERE ] placing card 17 in slot 2
[2022-12-14 14:56:51] [SEVERE ] removing card from slot 0
[2022-12-14 14:56:51] [SEVERE ] removing card from slot 1
[2022-12-14 14:56:51] [SEVERE ] removing card from slot 2
[2022-12-14 14:56:51] [SEVERE ] placing card 47 in slot 0
[2022-12-14 14:56:51] [SEVERE ] placing card 19 in slot 1
[2022-12-14 14:56:51] [SEVERE ] placing card 0 in slot 2
[2022-12-14 14:56:51] [SEVERE ] removing card from slot 0
[2022-12-14 14:56:51] [SEVERE ] removing card from slot 1
[2022-12-14 14:56:51] [SEVERE ] removing card from slot 2
[2022-12-14 14:56:51] [SEVERE ] placing card 72 in slot 0
[2022-12-14 14:56:51] [SEVERE ] placing card 30 in slot 1
[2022-12-14 14:56:51] [SEVERE ] placing card 71 in slot 2
[2022-12-14 14:56:51] [SEVERE ] removing card from slot 0
[2022-12-14 14:56:51] [SEVERE ] removing card from slot 1
[2022-12-14 14:56:51] [SEVERE ] removing card from slot 2
[2022-12-14 14:56:52] [SEVERE ] placing card 4 in slot 0
[2022-12-14 14:56:52] [SEVERE ] placing card 55 in slot 1
[2022-12-14 14:56:52] [SEVERE ] placing card 68 in slot 2
[2022-12-14 14:56:52] [SEVERE ] removing card from slot 0
[2022-12-14 14:56:52] [SEVERE ] removing card from slot 1
[2022-12-14 14:56:52] [SEVERE ] removing card from slot 2
[2022-12-14 14:56:52] [SEVERE ] placing card 13 in slot 0
[2022-12-14 14:56:52] [SEVERE ] placing card 37 in slot 1
[2022-12-14 14:56:52] [SEVERE ] placing card 27 in slot 2
[2022-12-14 14:56:52] [SEVERE ] removing card from slot 0
[2022-12-14 14:56:52] [SEVERE ] removing card from slot 1
[2022-12-14 14:56:52] [SEVERE ] removing card from slot 2
[2022-12-14 14:56:52] [SEVERE ] placing card 33 in slot 0
[2022-12-14 14:56:52] [SEVERE ] placing card 73 in slot 1
[2022-12-14 14:56:52] [SEVERE ] Key 81 was pressed by player 0
[2022-12-14 14:56:52] [SEVERE ] placing card 62 in slot 2
[2022-12-14 14:56:52] [SEVERE ] removing card from slot 0
[2022-12-14 14:56:52] [SEVERE ] removing card from slot 1
[2022-12-14 14:56:52] [SEVERE ] removing card from slot 2
[2022-12-14 14:56:53] [SEVERE ] placing card 15 in slot 0
[2022-12-14 14:56:53] [SEVERE ] Key 87 was pressed by player 0
[2022-12-14 14:56:53] [SEVERE ] placing card 55 in slot 1
[2022-12-14 14:56:53] [SEVERE ] placing card 69 in slot 2
[2022-12-14 14:56:53] [SEVERE ] removing card from slot 0
[2022-12-14 14:56:53] [SEVERE ] removing card from slot 1
[2022-12-14 14:56:53] [SEVERE ] removing card from slot 2
[2022-12-14 14:56:53] [SEVERE ] Key 69 was pressed by player 0
[2022-12-14 14:56:53] [SEVERE ] placing card 54 in slot 0
[2022-12-14 14:56:53] [SEVERE ] placing card 18 in slot 1
[2022-12-14 14:56:53] [SEVERE ] placing card 8 in slot 2
[2022-12-14 14:56:53] [SEVERE ] removing card from slot 0
[2022-12-14 14:56:53] [SEVERE ] removing card from slot 1
[2022-12-14 14:56:53] [SEVERE ] removing card from slot 2
[2022-12-14 14:56:53] [SEVERE ] Key 82 was pressed by player 0
[2022-12-14 14:56:53] [SEVERE ] placing card 49 in slot 0
[2022-12-14 14:56:53] [SEVERE ] placing card 47 in slot 1
[2022-12-14 14:56:53] [SEVERE ] placing card 1 in slot 2
[2022-12-14 14:56:53] [SEVERE ] removing card from slot 0
[2022-12-14 14:56:53] [SEVERE ] removing card from slot 1
[2022-12-14 14:56:53] [SEVERE ] removing card from slot 2
[2022-12-14 14:56:53] [SEVERE ] placing card 68 in slot 0
[2022-12-14 14:56:54] [SEVERE ] placing card 39 in slot 1
[2022-12-14 14:56:54] [SEVERE ] placing card 34 in slot 2
[2022-12-14 14:56:54] [SEVERE ] removing card from slot 0
[2022-12-14 14:56:54] [SEVERE ] removing card from slot 1
[2022-12-14 14:56:54] [SEVERE ] removing card from slot 2
[2022-12-14 14:56:54] [SEVERE ] placing card 49 in slot 0
[2022-12-14 14:56:54] [SEVERE ] placing card 58 in slot 1
[2022-12-14 14:56:54] [SEVERE ] placing card 2 in slot 2
[2022-12-14 14:56:54] [SEVERE ] removing card from slot 0
[2022-12-14 14:56:54] [SEVERE ] removing card from slot 1
[2022-12-14 14:56:54] [SEVERE ] removing card from slot 2
[2022-12-14 14:56:54] [SEVERE ] Key 85 was pressed by player 1
[2022-12-14 14:56:54] [SEVERE ] placing card 25 in slot 0
[2022-12-14 14:56:54] [SEVERE ] placing card 45 in slot 1
[2022-12-14 14:56:54] [SEVERE ] placing card 29 in slot 2
[2022-12-14 14:56:54] [SEVERE ] removing card from slot 0
[2022-12-14 14:56:54] [SEVERE ] removing card from slot 1
[2022-12-14 14:56:54] [SEVERE ] removing card from slot 2
[2022-12-14 14:56:54] [SEVERE ] placing card 20 in slot 0
[2022-12-14 14:56:54] [SEVERE ] Key 73 was pressed by player 1
[2022-12-14 14:56:54] [SEVERE ] placing card 78 in slot 1
[2022-12-14 14:56:55] [SEVERE ] placing card 38 in slot 2
[2022-12-14 14:56:55] [SEVERE ] removing card from slot 0
[2022-12-14 14:56:55] [SEVERE ] removing card from slot 1
[2022-12-14 14:56:55] [SEVERE ] removing card from slot 2
[2022-12-14 14:56:55] [SEVERE ] placing card 1 in slot 0
[2022-12-14 14:56:55] [SEVERE ] Key 79 was pressed by player 1
[2022-12-14 14:56:55] [SEVERE ] placing card 29 in slot 1
[2022-12-14 14:56:55] [SEVERE ] placing card 10 in slot 2
[2022-12-14 14:56:55] [SEVERE ] removing card from slot 0
[2022-12-14 14:56:55] [SEVERE ] removing card from slot 1
[2022-12-14 14:56:55] [SEVERE ] removing card from slot 2
[2022-12-14 14:56:55] [SEVERE ] placing card 31 in slot 0
[2022-12-14 14:56:55] [SEVERE ] Key 80 was pressed by player 1
[2022-12-14 14:56:55] [SEVERE ] placing card 19 in slot 1
[2022-12-14 14:56:55] [SEVERE ] placing card 16 in slot 2
[2022-12-14 14:56:55] [SEVERE ] removing card from slot 0
[2022-12-14 14:56:55] [SEVERE ] removing card from slot 1
[2022-12-14 14:56:55] [SEVERE ] removing card from slot 2
[2022-12-14 14:56:55] [SEVERE ] placing card 58 in slot 0
[2022-12-14 14:56:55] [SEVERE ] Key 80 was pressed by player 1
[2022-12-14 14:56:55] [SEVERE ] placing card 66 in slot 1
[2022-12-14 14:56:56] [SEVERE ] placing card 19 in slot 2
[2022-12-14 14:56:56] [SEVERE ] removing card from slot 0
[2022-12-14 14:56:56] [SEVERE ] removing card from slot 1
[2022-12-14 14:56:56] [SEVERE ] removing card from slot 2
[2022-12-14 14:56:56] [SEVERE ] placing card 54 in slot 0
[2022-12-14 14:56:56] [SEVERE ] placing card 67 in slot 1
[2022-12-14 14:56:56] [SEVERE ] placing card 59 in slot 2
[2022-12-14 14:56:56] [SEVERE ] removing card from slot 0
[2022-12-14 14:56:56] [SEVERE ] removing card from slot 1
[2022-12-14 14:56:56] [SEVERE ] removing card from slot 2
[2022-12-14 14:56:56] [SEVERE ] placing card 47 in slot 0
[2022-12-14 14:56:56] [SEVERE ] placing card 65 in slot 1
[2022-12-14 14:56:56] [SEVERE ] placing card 66 in slot 2
[2022-12-14 14:56:56] [SEVERE ] removing card from slot 0
[2022-12-14 14:56:56] [SEVERE ] removing card from slot 1
[2022-12-14 14:56:56] [SEVERE ] removing card from slot 2
[2022-12-14 14:56:56] [SEVERE ] Key 65 was pressed by player 0
[2022-12-14 14:56:56] [SEVERE ] player 0 placing token on slot 4
[2022-12-14 14:56:56] [SEVERE ] placing card 0 in slot 0
[2022-12-14 14:56:56] [SEVERE ] placing card 26 in slot 1
[2022-12-14 14:56:56] [SEVERE ] Key 83 was pressed by player 0
[2022-12-14 14:56:56] [SEVERE ] player 0 placing token on slot 5
[2022-12-14 14:56:56] [SEVERE ] placing card 61 in slot 2
[2022-12-14 14:56:56] [SEVERE ] removing card from slot 0
[2022-12-14 14:56:56] [SEVERE ] removing card from slot 1
[2022-12-14 14:56:56] [SEVERE ] removing card from slot 2
[2022-12-14 14:56:57] [SEVERE ] placing card 21 in slot 0
[2022-12-14 14:56:57] [SEVERE ] Key 68 was pressed by player 0
[2022-12-14 14:56:57] [SEVERE ] player 0 placing token on slot 6
[2022-12-14 14:56:57] [SEVERE ] placing card 57 in slot 1
[2022-12-14 14:56:57] [SEVERE ] placing card 49 in slot 2
[2022-12-14 14:56:57] [SEVERE ] removing card from slot 0
[2022-12-14 14:56:57] [SEVERE ] removing card from slot 1
[2022-12-14 14:56:57] [SEVERE ] removing card from slot 2
[2022-12-14 14:56:57] [SEVERE ] placing card 22 in slot 0
[2022-12-14 14:56:57] [SEVERE ] placing card 26 in slot 1
[2022-12-14 14:56:57] [SEVERE ] placing card 12 in slot 2
[2022-12-14 14:56:57] [SEVERE ] removing card from slot 0
[2022-12-14 14:56:57] [SEVERE ] removing card from slot 1
[2022-12-14 14:56:57] [SEVERE ] removing card from slot 2
[2022-12-14 14:56:57] [SEVERE ] placing card 21 in slot 0
[2022-12-14 14:56:57] [SEVERE ] placing card 38 in slot 1
[2022-12-14 14:56:57] [SEVERE ] placing card 9 in slot 2
[2022-12-14 14:56:57] [SEVERE ] removing card from slot 0
[2022-12-14 14:56:57] [SEVERE ] removing card from slot 1
[2022-12-14 14:56:57] [SEVERE ] removing card from slot 2
[2022-12-14 14:56:58] [SEVERE ] placing card 18 in slot 0
[2022-12-14 14:56:58] [SEVERE ] placing card 62 in slot 1
[2022-12-14 14:56:58] [SEVERE ] placing card 20 in slot 2
[2022-12-14 14:56:58] [SEVERE ] removing card from slot 0
[2022-12-14 14:56:58] [SEVERE ] removing card from slot 1
[2022-12-14 14:56:58] [SEVERE ] removing card from slot 2
[2022-12-14 14:56:58] [SEVERE ] placing card 2 in slot 0
[2022-12-14 14:56:58] [SEVERE ] Key 70 was pressed by player 0
[2022-12-14 14:56:58] [SEVERE ] placing card 77 in slot 1
[2022-12-14 14:56:58] [SEVERE ] placing card 16 in slot 2
[2022-12-14 14:56:58] [SEVERE ] removing card from slot 0
[2022-12-14 14:56:58] [SEVERE ] removing card from slot 1
[2022-12-14 14:56:58] [SEVERE ] removing card from slot 2
[2022-12-14 14:56:58] [SEVERE ] placing card 61 in slot 0
[2022-12-14 14:56:58] [SEVERE ] placing card 8 in slot 1
[2022-12-14 14:56:58] [SEVERE ] placing card 74 in slot 2
[2022-12-14 14:56:58] [SEVERE ] removing card from slot 0
[2022-12-14 14:56:58] [SEVERE ] removing card from slot 1
[2022-12-14 14:56:58] [SEVERE ] removing card from slot 2
[2022-12-14 14:56:58] [SEVERE ] placing card 57 in slot 0
[2022-12-14 14:56:59] [SEVERE ] placing card 42 in slot 1
[2022-12-14 14:56:59] [SEVERE ] placing card 21 in slot 2
[2022-12-14 14:56:59] [SEVERE ] removing card from slot 0
[2022-12-14 14:56:59] [SEVERE ] removing card from slot 1
[2022-12-14 14:56:59] [SEVERE ] removing card from slot 2
[2022-12-14 14:56:59] [SEVERE ] placing card 36 in slot 0
[2022-12-14 14:56:59] [SEVERE ] placing card 48 in slot 1
[2022-12-14 14:56:59] [SEVERE ] Key 74 was pressed by player 1
[2022-12-14 14:56:59] [SEVERE ] placing card 15 in slot 2
[2022-12-14 14:56:59] [SEVERE ] removing card from slot 0
[2022-12-14 14:56:59] [SEVERE ] removing card from slot 1
[2022-12-14 14:56:59] [SEVERE ] removing card from slot 2
[2022-12-14 14:56:59] [SEVERE ] placing card 59 in slot 0
[2022-12-14 14:56:59] [SEVERE ] Key 90 was pressed by player 0
[2022-12-14 14:56:59] [SEVERE ] placing card 15 in slot 1
[2022-12-14 14:56:59] [SEVERE ] placing card 33 in slot 2
[2022-12-14 14:56:59] [SEVERE ] removing card from slot 0
[2022-12-14 14:56:59] [SEVERE ] removing card from slot 1
[2022-12-14 14:56:59] [SEVERE ] removing card from slot 2
[2022-12-14 14:56:59] [SEVERE ] placing card 16 in slot 0
[2022-12-14 14:57:00] [SEVERE ] placing card 22 in slot 1
[2022-12-14 14:57:00] [SEVERE ] placing card 4 in slot 2
[2022-12-14 14:57:00] [SEVERE ] removing card from slot 0
[2022-12-14 14:57:00] [SEVERE ] removing card from slot 1
[2022-12-14 14:57:00] [SEVERE ] removing card from slot 2
[2022-12-14 14:57:00] [SEVERE ] placing card 3 in slot 0
[2022-12-14 14:57:00] [SEVERE ] placing card 12 in slot 1
[2022-12-14 14:57:00] [SEVERE ] placing card 21 in slot 2
[2022-12-14 14:57:00] [SEVERE ] removing card from slot 0
[2022-12-14 14:57:00] [SEVERE ] removing card from slot 1
[2022-12-14 14:57:00] [SEVERE ] removing card from slot 2
[2022-12-14 14:57:00] [SEVERE ] placing card 65 in slot 0
[2022-12-14 14:57:00] [SEVERE ] placing card 4 in slot 1
[2022-12-14 14:57:00] [SEVERE ] placing card 78 in slot 2
[2022-12-14 14:57:00] [SEVERE ] removing card from slot 0
[2022-12-14 14:57:00] [SEVERE ] removing card from slot 1
[2022-12-14 14:57:00] [SEVERE ] removing card from slot 2
[2022-12-14 14:57:00] [SEVERE ] placing card 18 in slot 0
[2022-12-14 14:57:00] [SEVERE ] placing card 47 in slot 1
[2022-12-14 14:57:01] [SEVERE ] placing card 15 in slot 2
[2022-12-14 14:57:01] [SEVERE ] removing card from slot 0
[2022-12-14 14:57:01] [SEVERE ] removing card from slot 1
[2022-12-14 14:57:01] [SEVERE ] removing card from slot 2
[2022-12-14 14:57:01] [SEVERE ] placing card 44 in slot 0
[2022-12-14 14:57:01] [SEVERE ] Key 90 was pressed by player 0
[2022-12-14 14:57:01] [SEVERE ] placing card 26 in slot 1
[2022-12-14 14:57:01] [SEVERE ] Key 88 was pressed by player 0
[2022-12-14 14:57:01] [SEVERE ] placing card 55 in slot 2
[2022-12-14 14:57:01] [SEVERE ] removing card from slot 0
[2022-12-14 14:57:01] [SEVERE ] removing card from slot 1
[2022-12-14 14:57:01] [SEVERE ] removing card from slot 2
[2022-12-14 14:57:01] [SEVERE ] placing card 49 in slot 0
[2022-12-14 14:57:01] [SEVERE ] placing card 10 in slot 1
[2022-12-14 14:57:01] [SEVERE ] Key 67 was pressed by player 0
[2022-12-14 14:57:01] [SEVERE ] placing card 2 in slot 2
[2022-12-14 14:57:01] [SEVERE ] removing card from slot 0
[2022-12-14 14:57:01] [SEVERE ] removing card from slot 1
[2022-12-14 14:57:01] [SEVERE ] removing card from slot 2
[2022-12-14 14:57:01] [SEVERE ] Key 67 was pressed by player 0
[2022-12-14 14:57:01] [SEVERE ] placing card 29 in slot 0
[2022-12-14 14:57:01] [SEVERE ] placing card 11 in slot 1
[2022-12-14 14:57:01] [SEVERE ] placing card 21 in slot 2
[2022-12-14 14:57:01] [SEVERE ] removing card from slot 0
[2022-12-14 14:57:01] [SEVERE ] removing card from slot 1
[2022-12-14 14:57:01] [SEVERE ] removing card from slot 2
[2022-12-14 14:57:01] [SEVERE ] Key 86 was pressed by player 0
[2022-12-14 14:57:02] [SEVERE ] placing card 4 in slot 0
[2022-12-14 14:57:02] [SEVERE ] placing card 6 in slot 1
[2022-12-14 14:57:02] [SEVERE ] placing card 26 in slot 2
[2022-12-14 14:57:02] [SEVERE ] removing card from slot 0
[2022-12-14 14:57:02] [SEVERE ] removing card from slot 1
[2022-12-14 14:57:02] [SEVERE ] removing card from slot 2
[2022-12-14 14:57:02] [SEVERE ] placing card 54 in slot 0
[2022-12-14 14:57:02] [SEVERE ] placing card 27 in slot 1
[2022-12-14 14:57:02] [SEVERE ] placing card 35 in slot 2
[2022-12-14 14:57:02] [SEVERE ] removing card from slot 0
[2022-12-14 14:57:02] [SEVERE ] removing card from slot 1
[2022-12-14 14:57:02] [SEVERE ] removing card from slot 2
[2022-12-14 14:57:02] [SEVERE ] placing card 39 in slot 0
[2022-12-14 14:57:02] [SEVERE ] Key 77 was pressed by player 1
[2022-12-14 14:57:02] [SEVERE ] placing card 58 in slot 1
[2022-12-14 14:57:02] [SEVERE ] placing card 57 in slot 2
[2022-12-14 14:57:02] [SEVERE ] removing card from slot 0
[2022-12-14 14:57:02] [SEVERE ] removing card from slot 1
[2022-12-14 14:57:02] [SEVERE ] removing card from slot 2
[2022-12-14 14:57:03] [SEVERE ] placing card 21 in slot 0
[2022-12-14 14:57:03] [SEVERE ] Key 44 was pressed by player 1
[2022-12-14 14:57:03] [SEVERE ] placing card 76 in slot 1
[2022-12-14 14:57:03] [SEVERE ] placing card 32 in slot 2
[2022-12-14 14:57:03] [SEVERE ] removing card from slot 0
[2022-12-14 14:57:03] [SEVERE ] removing card from slot 1
[2022-12-14 14:57:03] [SEVERE ] removing card from slot 2
[2022-12-14 14:57:03] [SEVERE ] Key 46 was pressed by player 1
[2022-12-14 14:57:03] [SEVERE ] placing card 8 in slot 0
[2022-12-14 14:57:03] [SEVERE ] placing card 71 in slot 1
[2022-12-14 14:57:03] [SEVERE ] Key 47 was pressed by player 1
[2022-12-14 14:57:03] [SEVERE ] placing card 47 in slot 2
[2022-12-14 14:57:03] [SEVERE ] removing card from slot 0
[2022-12-14 14:57:03] [SEVERE ] removing card from slot 1
[2022-12-14 14:57:03] [SEVERE ] removing card from slot 2
[2022-12-14 14:57:03] [SEVERE ] placing card 25 in slot 0
[2022-12-14 14:57:03] [SEVERE ] Key 47 was pressed by player 1
[2022-12-14 14:57:03] [SEVERE ] player 1 placing token on slot 11
[2022-12-14 14:57:03] [SEVERE ] placing card 18 in slot 1
[2022-12-14 14:57:03] [SEVERE ] placing card 38 in slot 2
[2022-12-14 14:57:03] [SEVERE ] removing card from slot 0
[2022-12-14 14:57:03] [SEVERE ] removing card from slot 1
[2022-12-14 14:57:03] [SEVERE ] removing card from slot 2
[2022-12-14 14:57:03] [SEVERE ] placing card 12 in slot 0
[2022-12-14 14:57:04] [SEVERE ] placing card 28 in slot 1
[2022-12-14 14:57:04] [SEVERE ] placing card 15 in slot 2
[2022-12-14 14:57:04] [SEVERE ] removing card from slot 0
[2022-12-14 14:57:04] [SEVERE ] removing card from slot 1
[2022-12-14 14:57:04] [SEVERE ] removing card from slot 2
[2022-12-14 14:57:04] [SEVERE ] placing card 0 in slot 0
[2022-12-14 14:57:04] [SEVERE ] placing card 79 in slot 1
[2022-12-14 14:57:04] [SEVERE ] placing card 38 in slot 2
[2022-12-14 14:57:04] [SEVERE ] removing card from slot 0
[2022-12-14 14:57:04] [SEVERE ] removing card from slot 1
[2022-12-14 14:57:04] [SEVERE ] removing card from slot 2
[2022-12-14 14:57:04] [SEVERE ] placing card 20 in slot 0
[2022-12-14 14:57:04] [SEVERE ] placing card 69 in slot 1
[2022-12-14 14:57:04] [SEVERE ] placing card 76 in slot 2
[2022-12-14 14:57:04] [SEVERE ] removing card from slot 0
[2022-12-14 14:57:04] [SEVERE ] removing card from slot 1
[2022-12-14 14:57:04] [SEVERE ] removing card from slot 2
[2022-12-14 14:57:04] [SEVERE ] placing card 27 in slot 0
[2022-12-14 14:57:04] [SEVERE ] placing card 76 in slot 1
[2022-12-14 14:57:05] [SEVERE ] placing card 33 in slot 2
[2022-12-14 14:57:05] [SEVERE ] removing card from slot 0
[2022-12-14 14:57:05] [SEVERE ] removing card from slot 1
[2022-12-14 14:57:05] [SEVERE ] removing card from slot 2
[2022-12-14 14:57:05] [SEVERE ] placing card 20 in slot 0
[2022-12-14 14:57:05] [SEVERE ] placing card 23 in slot 1
[2022-12-14 14:57:05] [SEVERE ] Exit button pressed
[2022-12-14 14:57:05] [SEVERE ] placing card 19 in slot 2
[2022-12-14 14:57:05] [SEVERE ] removing card from slot 0
[2022-12-14 14:57:05] [SEVERE ] removing card from slot 1
[2022-12-14 14:57:05] [SEVERE ] removing card from slot 2
[2022-12-14 14:57:05] [SEVERE ] placing card 73 in slot 0
[2022-12-14 14:57:05] [SEVERE ] placing card 63 in slot 1
[2022-12-14 14:57:05] [SEVERE ] placing card 22 in slot 2
[2022-12-14 14:57:05] [SEVERE ] removing card from slot 0
[2022-12-14 14:57:05] [SEVERE ] removing card from slot 1
[2022-12-14 14:57:05] [SEVERE ] removing card from slot 2
[2022-12-14 14:57:05] [SEVERE ] placing card 69 in slot 0
[2022-12-14 14:57:05] [SEVERE ] placing card 36 in slot 1
[2022-12-14 14:57:06] [SEVERE ] placing card 63 in slot 2
[2022-12-14 14:57:06] [SEVERE ] removing card from slot 0
[2022-12-14 14:57:06] [SEVERE ] removing card from slot 1
[2022-12-14 14:57:06] [SEVERE ] removing card from slot 2
[2022-12-14 14:57:06] [SEVERE ] placing card 47 in slot 0
[2022-12-14 14:57:06] [SEVERE ] placing card 62 in slot 1
[2022-12-14 14:57:06] [SEVERE ] placing card 76 in slot 2
[2022-12-14 14:57:06] [SEVERE ] removing card from slot 0
[2022-12-14 14:57:06] [SEVERE ] removing card from slot 1
[2022-12-14 14:57:06] [SEVERE ] removing card from slot 2
[2022-12-14 14:57:06] [SEVERE ] placing card 3 in slot 0
[2022-12-14 14:57:06] [SEVERE ] placing card 60 in slot 1
[2022-12-14 14:57:06] [SEVERE ] placing card 59 in slot 2
[2022-12-14 14:57:06] [SEVERE ] removing card from slot 0
[2022-12-14 14:57:06] [SEVERE ] removing card from slot 1
[2022-12-14 14:57:06] [SEVERE ] removing card from slot 2
[2022-12-14 14:57:06] [SEVERE ] placing card 14 in slot 0
[2022-12-14 14:57:06] [SEVERE ] placing card 54 in slot 1
[2022-12-14 14:57:06] [SEVERE ] placing card 16 in slot 2
[2022-12-14 14:57:06] [SEVERE ] removing card from slot 0
[2022-12-14 14:57:06] [SEVERE ] removing card from slot 1
[2022-12-14 14:57:06] [SEVERE ] removing card from slot 2
[2022-12-14 14:57:07] [SEVERE ] placing card 11 in slot 0
[2022-12-14 14:57:07] [SEVERE ] placing card 16 in slot 1
[2022-12-14 14:57:07] [SEVERE ] placing card 30 in slot 2
[2022-12-14 14:57:07] [SEVERE ] removing card from slot 0
[2022-12-14 14:57:07] [SEVERE ] removing card from slot 1
[2022-12-14 14:57:07] [SEVERE ] removing card from slot 2
[2022-12-14 14:57:07] [SEVERE ] placing card 57 in slot 0
[2022-12-14 14:57:07] [SEVERE ] placing card 8 in slot 1
[2022-12-14 14:57:07] [SEVERE ] placing card 1 in slot 2
[2022-12-14 14:57:07] [SEVERE ] removing card from slot 0
[2022-12-14 14:57:07] [SEVERE ] removing card from slot 1
[2022-12-14 14:57:07] [SEVERE ] removing card from slot 2
[2022-12-14 14:57:07] [SEVERE ] placing card 2 in slot 0
[2022-12-14 14:57:07] [SEVERE ] placing card 62 in slot 1
[2022-12-14 14:57:07] [SEVERE ] placing card 45 in slot 2
[2022-12-14 14:57:07] [SEVERE ] removing card from slot 0
[2022-12-14 14:57:07] [SEVERE ] removing card from slot 1
[2022-12-14 14:57:07] [SEVERE ] removing card from slot 2
[2022-12-14 14:57:08] [SEVERE ] placing card 66 in slot 0
[2022-12-14 14:57:08] [SEVERE ] placing card 27 in slot 1
[2022-12-14 14:57:08] [SEVERE ] placing card 74 in slot 2
[2022-12-14 14:57:08] [SEVERE ] removing card from slot 0
[2022-12-14 14:57:08] [SEVERE ] removing card from slot 1
[2022-12-14 14:57:08] [SEVERE ] removing card from slot 2
[2022-12-14 14:57:08] [SEVERE ] placing card 76 in slot 0
[2022-12-14 14:57:08] [SEVERE ] placing card 73 in slot 1
[2022-12-14 14:57:08] [SEVERE ] placing card 3 in slot 2
[2022-12-14 14:57:08] [SEVERE ] removing card from slot 0
[2022-12-14 14:57:08] [SEVERE ] removing card from slot 1
[2022-12-14 14:57:08] [SEVERE ] removing card from slot 2
[2022-12-14 14:57:08] [SEVERE ] placing card 69 in slot 0
[2022-12-14 14:57:08] [SEVERE ] placing card 25 in slot 1
[2022-12-14 14:57:08] [SEVERE ] placing card 20 in slot 2
[2022-12-14 14:57:08] [SEVERE ] removing card from slot 0
[2022-12-14 14:57:08] [SEVERE ] removing card from slot 1
[2022-12-14 14:57:08] [SEVERE ] removing card from slot 2
[2022-12-14 14:57:08] [SEVERE ] placing card 8 in slot 0
[2022-12-14 14:57:09] [SEVERE ] placing card 39 in slot 1
[2022-12-14 14:57:09] [SEVERE ] placing card 10 in slot 2
[2022-12-14 14:57:09] [SEVERE ] removing card from slot 0
[2022-12-14 14:57:09] [SEVERE ] removing card from slot 1
[2022-12-14 14:57:09] [SEVERE ] removing card from slot 2
[2022-12-14 14:57:09] [SEVERE ] placing card 72 in slot 0
[2022-12-14 14:57:09] [SEVERE ] placing card 7 in slot 1
[2022-12-14 14:57:09] [SEVERE ] placing card 74 in slot 2
[2022-12-14 14:57:09] [SEVERE ] removing card from slot 0
[2022-12-14 14:57:09] [SEVERE ] removing card from slot 1
[2022-12-14 14:57:09] [SEVERE ] removing card from slot 2
[2022-12-14 14:57:09] [SEVERE ] placing card 33 in slot 0
[2022-12-14 14:57:09] [SEVERE ] placing card 0 in slot 1
[2022-12-14 14:57:09] [SEVERE ] placing card 38 in slot 2
[2022-12-14 14:57:09] [SEVERE ] removing card from slot 0
[2022-12-14 14:57:09] [SEVERE ] removing card from slot 1
[2022-12-14 14:57:09] [SEVERE ] removing card from slot 2
[2022-12-14 14:57:09] [SEVERE ] placing card 63 in slot 0
[2022-12-14 14:57:10] [SEVERE ] placing card 45 in slot 1
[2022-12-14 14:57:10] [SEVERE ] placing card 35 in slot 2
[2022-12-14 14:57:10] [SEVERE ] removing card from slot 0
[2022-12-14 14:57:10] [SEVERE ] removing card from slot 1
[2022-12-14 14:57:10] [SEVERE ] removing card from slot 2
[2022-12-14 14:57:10] [SEVERE ] placing card 76 in slot 0
[2022-12-14 14:57:10] [SEVERE ] placing card 32 in slot 1
[2022-12-14 14:57:10] [SEVERE ] placing card 47 in slot 2
[2022-12-14 14:57:10] [SEVERE ] removing card from slot 0
[2022-12-14 14:57:10] [SEVERE ] removing card from slot 1
[2022-12-14 14:57:10] [SEVERE ] removing card from slot 2
[2022-12-14 14:57:10] [SEVERE ] placing card 37 in slot 0
[2022-12-14 14:57:10] [SEVERE ] placing card 19 in slot 1
[2022-12-14 14:57:10] [SEVERE ] placing card 33 in slot 2
[2022-12-14 14:57:10] [SEVERE ] removing card from slot 0
[2022-12-14 14:57:10] [SEVERE ] removing card from slot 1
[2022-12-14 14:57:10] [SEVERE ] removing card from slot 2
[2022-12-14 14:57:10] [SEVERE ] placing card 32 in slot 0
[2022-12-14 14:57:10] [SEVERE ] placing card 12 in slot 1
[2022-12-14 14:57:11] [SEVERE ] placing card 66 in slot 2
[2022-12-14 14:57:11] [SEVERE ] removing card from slot 0
[2022-12-14 14:57:11] [SEVERE ] removing card from slot 1
[2022-12-14 14:57:11] [SEVERE ] removing card from slot 2
[2022-12-14 14:57:11] [SEVERE ] placing card 42 in slot 0
[2022-12-14 14:57:11] [SEVERE ] placing card 52 in slot 1
[2022-12-14 14:57:11] [SEVERE ] placing card 49 in slot 2
[2022-12-14 14:57:11] [SEVERE ] removing card from slot 0
[2022-12-14 14:57:11] [SEVERE ] removing card from slot 1
[2022-12-14 14:57:11] [SEVERE ] removing card from slot 2
[2022-12-14 14:57:11] [SEVERE ] placing card 60 in slot 0
[2022-12-14 14:57:11] [SEVERE ] placing card 62 in slot 1
[2022-12-14 14:57:11] [SEVERE ] placing card 54 in slot 2
[2022-12-14 14:57:11] [SEVERE ] removing card from slot 0
[2022-12-14 14:57:11] [SEVERE ] removing card from slot 1
[2022-12-14 14:57:11] [SEVERE ] removing card from slot 2
[2022-12-14 14:57:11] [SEVERE ] placing card 72 in slot 0
[2022-12-14 14:57:11] [SEVERE ] placing card 49 in slot 1
[2022-12-14 14:57:11] [SEVERE ] placing card 55 in slot 2
[2022-12-14 14:57:11] [SEVERE ] removing card from slot 0
[2022-12-14 14:57:11] [SEVERE ] removing card from slot 1
[2022-12-14 14:57:11] [SEVERE ] removing card from slot 2
[2022-12-14 14:57:12] [SEVERE ] placing card 44 in slot 0
[2022-12-14 14:57:12] [SEVERE ] placing card 19 in slot 1
[2022-12-14 14:57:12] [SEVERE ] placing card 29 in slot 2
[2022-12-14 14:57:12] [SEVERE ] removing card from slot 0
[2022-12-14 14:57:12] [SEVERE ] removing card from slot 1
[2022-12-14 14:57:12] [SEVERE ] removing card from slot 2
[2022-12-14 14:57:12] [SEVERE ] placing card 35 in slot 0
[2022-12-14 14:57:12] [SEVERE ] placing card 12 in slot 1
[2022-12-14 14:57:12] [SEVERE ] placing card 42 in slot 2
[2022-12-14 14:57:12] [SEVERE ] removing card from slot 0
[2022-12-14 14:57:12] [SEVERE ] removing card from slot 1
[2022-12-14 14:57:12] [SEVERE ] removing card from slot 2
[2022-12-14 14:57:12] [SEVERE ] placing card 1 in slot 0
[2022-12-14 14:57:12] [SEVERE ] placing card 61 in slot 1
[2022-12-14 14:57:12] [SEVERE ] placing card 74 in slot 2
[2022-12-14 14:57:12] [SEVERE ] removing card from slot 0
[2022-12-14 14:57:12] [SEVERE ] removing card from slot 1
[2022-12-14 14:57:12] [SEVERE ] removing card from slot 2
[2022-12-14 14:57:13] [SEVERE ] placing card 31 in slot 0
[2022-12-14 14:57:13] [SEVERE ] placing card 32 in slot 1
[2022-12-14 14:57:13] [SEVERE ] placing card 19 in slot 2
[2022-12-14 14:57:13] [SEVERE ] removing card from slot 0
[2022-12-14 14:57:13] [SEVERE ] removing card from slot 1
[2022-12-14 14:57:13] [SEVERE ] removing card from slot 2
[2022-12-14 14:57:13] [SEVERE ] placing card 57 in slot 0
[2022-12-14 14:57:13] [SEVERE ] placing card 62 in slot 1
[2022-12-14 14:57:13] [SEVERE ] placing card 28 in slot 2
[2022-12-14 14:57:13] [SEVERE ] removing card from slot 0
[2022-12-14 14:57:13] [SEVERE ] removing card from slot 1
[2022-12-14 14:57:13] [SEVERE ] removing card from slot 2
[2022-12-14 14:57:13] [SEVERE ] placing card 7 in slot 0
[2022-12-14 14:57:13] [SEVERE ] placing card 34 in slot 1
[2022-12-14 14:57:13] [SEVERE ] placing card 73 in slot 2
[2022-12-14 14:57:13] [SEVERE ] removing card from slot 0
[2022-12-14 14:57:13] [SEVERE ] removing card from slot 1
[2022-12-14 14:57:13] [SEVERE ] removing card from slot 2
[2022-12-14 14:57:13] [SEVERE ] placing card 28 in slot 0
[2022-12-14 14:57:14] [SEVERE ] placing card 45 in slot 1
[2022-12-14 14:57:14] [SEVERE ] placing card 35 in slot 2
[2022-12-14 14:57:14] [SEVERE ] removing card from slot 0
[2022-12-14 14:57:14] [SEVERE ] removing card from slot 1
[2022-12-14 14:57:14] [SEVERE ] removing card from slot 2
[2022-12-14 14:57:14] [SEVERE ] placing card 21 in slot 0
[2022-12-14 14:57:14] [SEVERE ] placing card 38 in slot 1
[2022-12-14 14:57:14] [SEVERE ] placing card 63 in slot 2
[2022-12-14 14:57:14] [SEVERE ] removing card from slot 0
[2022-12-14 14:57:14] [SEVERE ] removing card from slot 1
[2022-12-14 14:57:14] [SEVERE ] removing card from slot 2
[2022-12-14 14:57:14] [SEVERE ] placing card 30 in slot 0
[2022-12-14 14:57:14] [SEVERE ] placing card 25 in slot 1
[2022-12-14 14:57:14] [SEVERE ] placing card 59 in slot 2
[2022-12-14 14:57:14] [SEVERE ] removing card from slot 0
[2022-12-14 14:57:14] [SEVERE ] removing card from slot 1
[2022-12-14 14:57:14] [SEVERE ] removing card from slot 2
[2022-12-14 14:57:14] [SEVERE ] placing card 21 in slot 0
[2022-12-14 14:57:14] [SEVERE ] placing card 1 in slot 1
[2022-12-14 14:57:15] [SEVERE ] placing card 17 in slot 2
[2022-12-14 14:57:15] [SEVERE ] removing card from slot 0
[2022-12-14 14:57:15] [SEVERE ] removing card from slot 1
[2022-12-14 14:57:15] [SEVERE ] removing card from slot 2
[2022-12-14 14:57:15] [SEVERE ] placing card 30 in slot 0
[2022-12-14 14:57:15] [SEVERE ] placing card 2 in slot 1
[2022-12-14 14:57:15] [SEVERE ] placing card 73 in slot 2
[2022-12-14 14:57:15] [SEVERE ] removing card from slot 0
[2022-12-14 14:57:15] [SEVERE ] removing card from slot 1
[2022-12-14 14:57:15] [SEVERE ] removing card from slot 2
[2022-12-14 14:57:15] [SEVERE ] placing card 66 in slot 0
[2022-12-14 14:57:15] [SEVERE ] placing card 49 in slot 1
[2022-12-14 14:57:15] [SEVERE ] placing card 36 in slot 2
[2022-12-14 14:57:15] [SEVERE ] removing card from slot 0
[2022-12-14 14:57:15] [SEVERE ] removing card from slot 1
[2022-12-14 14:57:15] [SEVERE ] removing card from slot 2
[2022-12-14 14:57:15] [SEVERE ] placing card 48 in slot 0
[2022-12-14 14:57:15] [SEVERE ] placing card 19 in slot 1
[2022-12-14 14:57:16] [SEVERE ] placing card 69 in slot 2
[2022-12-14 14:57:16] [SEVERE ] removing card from slot 0
[2022-12-14 14:57:16] [SEVERE ] removing card from slot 1
[2022-12-14 14:57:16] [SEVERE ] removing card from slot 2
[2022-12-14 14:57:16] [SEVERE ] placing card 34 in slot 0
[2022-12-14 14:57:16] [SEVERE ] placing card 16 in slot 1
[2022-12-14 14:57:16] [SEVERE ] placing card 20 in slot 2
[2022-12-14 14:57:16] [SEVERE ] removing card from slot 0
[2022-12-14 14:57:16] [SEVERE ] removing card from slot 1
[2022-12-14 14:57:16] [SEVERE ] removing card from slot 2
[2022-12-14 14:57:16] [SEVERE ] placing card 59 in slot 0
[2022-12-14 14:57:16] [SEVERE ] placing card 42 in slot 1
[2022-12-14 14:57:16] [SEVERE ] placing card 26 in slot 2
[2022-12-14 14:57:16] [SEVERE ] removing card from slot 0
[2022-12-14 14:57:16] [SEVERE ] removing card from slot 1
[2022-12-14 14:57:16] [SEVERE ] removing card from slot 2
[2022-12-14 14:57:16] [SEVERE ] placing card 36 in slot 0
[2022-12-14 14:57:16] [SEVERE ] placing card 25 in slot 1
[2022-12-14 14:57:16] [SEVERE ] placing card 21 in slot 2
[2022-12-14 14:57:16] [SEVERE ] removing card from slot 0
[2022-12-14 14:57:16] [SEVERE ] removing card from slot 1
[2022-12-14 14:57:16] [SEVERE ] removing card from slot 2
[2022-12-14 14:57:17] [SEVERE ] placing card 3 in slot 0
[2022-12-14 14:57:17] [SEVERE ] placing card 32 in slot 1
[2022-12-14 14:57:17] [SEVERE ] placing card 59 in slot 2
[2022-12-14 14:57:17] [SEVERE ] removing card from slot 0
[2022-12-14 14:57:17] [SEVERE ] removing card from slot 1
[2022-12-14 14:57:17] [SEVERE ] removing card from slot 2
