[2022-12-17 16:01:06] [INFO   ] cannot read configuration file config.properties trying from resources.
[2022-12-17 16:01:06] [INFO   ] configuration file was loaded from resources directory.
[2022-12-17 16:01:06] [INFO   ] Thread dealer starting.
[2022-12-17 16:01:06] [INFO   ] Thread Thread-2starting.
[2022-12-17 16:01:06] [INFO   ] Thread Thread-1starting.
[2022-12-17 16:01:06] [SEVERE ] placing card 55 in slot 0
[2022-12-17 16:01:07] [SEVERE ] placing card 23 in slot 1
[2022-12-17 16:01:07] [SEVERE ] placing card 60 in slot 2
[2022-12-17 16:01:07] [SEVERE ] placing card 66 in slot 3
[2022-12-17 16:01:07] [SEVERE ] placing card 12 in slot 4
[2022-12-17 16:01:07] [SEVERE ] placing card 41 in slot 5
[2022-12-17 16:01:07] [SEVERE ] placing card 70 in slot 6
[2022-12-17 16:01:07] [SEVERE ] placing card 52 in slot 7
[2022-12-17 16:01:07] [SEVERE ] placing card 65 in slot 8
[2022-12-17 16:01:07] [SEVERE ] placing card 22 in slot 9
[2022-12-17 16:01:08] [SEVERE ] placing card 17 in slot 10
[2022-12-17 16:01:08] [SEVERE ] placing card 71 in slot 11
[2022-12-17 16:01:19] [SEVERE ] Key 90 was pressed by player 0
[2022-12-17 16:01:19] [SEVERE ] player 0 placing token on slot 8
[2022-12-17 16:01:21] [SEVERE ] Key 68 was pressed by player 0
[2022-12-17 16:01:21] [SEVERE ] player 0 placing token on slot 6
[2022-12-17 16:01:21] [SEVERE ] Key 82 was pressed by player 0
[2022-12-17 16:01:21] [SEVERE ] player 0 placing token on slot 3
[2022-12-17 16:01:21] [SEVERE ] setting player 0 score to 1
[2022-12-17 16:01:21] [SEVERE ] setting player 0 freeze to 1000
[2022-12-17 16:01:21] [SEVERE ] setting player 0 freeze to 0
[2022-12-17 16:01:21] [SEVERE ] removing player 0 token from slot 8
[2022-12-17 16:01:21] [SEVERE ] removing card from slot 8
[2022-12-17 16:01:21] [SEVERE ] removing player 0 token from slot 6
[2022-12-17 16:01:21] [SEVERE ] removing card from slot 6
[2022-12-17 16:01:21] [SEVERE ] removing player 0 token from slot 3
[2022-12-17 16:01:22] [SEVERE ] removing card from slot 3
[2022-12-17 16:01:22] [SEVERE ] placing card 61 in slot 3
[2022-12-17 16:01:22] [SEVERE ] placing card 56 in slot 6
[2022-12-17 16:01:22] [SEVERE ] placing card 10 in slot 8
[2022-12-17 16:01:23] [SEVERE ] Key 90 was pressed by player 0
[2022-12-17 16:01:23] [SEVERE ] player 0 placing token on slot 8
[2022-12-17 16:01:23] [SEVERE ] Key 68 was pressed by player 0
[2022-12-17 16:01:23] [SEVERE ] player 0 placing token on slot 6
[2022-12-17 16:01:23] [SEVERE ] Key 82 was pressed by player 0
[2022-12-17 16:01:23] [SEVERE ] player 0 placing token on slot 3
[2022-12-17 16:01:23] [SEVERE ] setting player 0 freeze to 3000
[2022-12-17 16:01:23] [SEVERE ] setting player 0 freeze to 2000
[2022-12-17 16:01:24] [SEVERE ] setting player 0 freeze to 1000
[2022-12-17 16:01:25] [SEVERE ] setting player 0 freeze to 0
[2022-12-17 16:01:25] [SEVERE ] Key 67 was pressed by player 0
[2022-12-17 16:01:26] [SEVERE ] Key 70 was pressed by player 0
[2022-12-17 16:01:26] [SEVERE ] Key 70 was pressed by player 0
[2022-12-17 16:01:28] [SEVERE ] Key 70 was pressed by player 0
[2022-12-17 16:01:28] [SEVERE ] Key 68 was pressed by player 0
[2022-12-17 16:01:28] [SEVERE ] removing player 0 token from slot 6
[2022-12-17 16:01:28] [SEVERE ] Key 70 was pressed by player 0
[2022-12-17 16:01:28] [SEVERE ] player 0 placing token on slot 7
[2022-12-17 16:01:28] [SEVERE ] setting player 0 freeze to 3000
[2022-12-17 16:01:28] [SEVERE ] setting player 0 freeze to 2000
[2022-12-17 16:01:29] [SEVERE ] setting player 0 freeze to 1000
[2022-12-17 16:01:30] [SEVERE ] setting player 0 freeze to 0
