[2022-12-14 08:03:01] [INFO   ] cannot read configuration file config.properties trying from resources.
[2022-12-14 08:03:01] [INFO   ] configuration file was loaded from resources directory.
[2022-12-14 08:03:03] [INFO   ] Thread dealer starting.
[2022-12-14 08:03:26] [SEVERE ] placing card 79 in slot 0
[2022-12-14 08:03:26] [SEVERE ] placing card 26 in slot 1
[2022-12-14 08:03:27] [SEVERE ] placing card 62 in slot 2
[2022-12-14 08:03:27] [SEVERE ] placing card 2 in slot 3
[2022-12-14 08:03:27] [SEVERE ] placing card 54 in slot 4
[2022-12-14 08:03:27] [SEVERE ] placing card 24 in slot 5
[2022-12-14 08:03:27] [SEVERE ] placing card 29 in slot 6
[2022-12-14 08:03:27] [SEVERE ] placing card 47 in slot 7
[2022-12-14 08:03:27] [SEVERE ] placing card 15 in slot 8
[2022-12-14 08:03:27] [SEVERE ] placing card 63 in slot 9
[2022-12-14 08:03:28] [SEVERE ] placing card 33 in slot 10
[2022-12-14 08:03:28] [SEVERE ] placing card 45 in slot 11
[2022-12-14 08:03:32] [SEVERE ] removing card from slot 0
[2022-12-14 08:03:32] [SEVERE ] removing card from slot 1
[2022-12-14 08:03:32] [SEVERE ] removing card from slot 2
[2022-12-14 08:03:32] [SEVERE ] removing card from slot 3
[2022-12-14 08:03:32] [SEVERE ] removing card from slot 4
[2022-12-14 08:03:32] [SEVERE ] removing card from slot 5
[2022-12-14 08:03:32] [SEVERE ] removing card from slot 6
[2022-12-14 08:03:32] [SEVERE ] removing card from slot 7
[2022-12-14 08:03:32] [SEVERE ] removing card from slot 8
[2022-12-14 08:03:32] [SEVERE ] removing card from slot 9
[2022-12-14 08:03:32] [SEVERE ] removing card from slot 10
[2022-12-14 08:03:32] [SEVERE ] removing card from slot 11
