[2022-12-15 08:39:52] [INFO   ] cannot read configuration file config.properties trying from resources.
[2022-12-15 08:39:52] [INFO   ] configuration file was loaded from resources directory.
[2022-12-15 08:39:53] [INFO   ] Thread dealer starting.
[2022-12-15 08:39:53] [SEVERE ] placing card 15 in slot 0
[2022-12-15 08:39:53] [SEVERE ] placing card 73 in slot 1
[2022-12-15 08:39:54] [SEVERE ] placing card 2 in slot 2
[2022-12-15 08:39:54] [SEVERE ] placing card 70 in slot 3
[2022-12-15 08:39:54] [SEVERE ] placing card 64 in slot 4
[2022-12-15 08:39:54] [SEVERE ] placing card 51 in slot 5
[2022-12-15 08:39:54] [SEVERE ] placing card 22 in slot 6
[2022-12-15 08:39:54] [SEVERE ] placing card 58 in slot 7
[2022-12-15 08:39:54] [SEVERE ] placing card 48 in slot 8
[2022-12-15 08:39:54] [SEVERE ] placing card 57 in slot 9
[2022-12-15 08:39:54] [SEVERE ] placing card 67 in slot 10
[2022-12-15 08:39:55] [SEVERE ] placing card 9 in slot 11
[2022-12-15 08:39:55] [SEVERE ] removing card from slot 0
[2022-12-15 08:39:55] [SEVERE ] removing card from slot 1
[2022-12-15 08:39:55] [SEVERE ] removing card from slot 2
[2022-12-15 08:39:55] [SEVERE ] placing card 44 in slot 0
[2022-12-15 08:39:55] [SEVERE ] placing card 76 in slot 1
[2022-12-15 08:39:55] [SEVERE ] placing card 71 in slot 2
[2022-12-15 08:39:55] [SEVERE ] removing card from slot 0
[2022-12-15 08:39:55] [SEVERE ] removing card from slot 1
[2022-12-15 08:39:55] [SEVERE ] removing card from slot 2
[2022-12-15 08:39:55] [SEVERE ] placing card 14 in slot 0
[2022-12-15 08:39:55] [SEVERE ] placing card 25 in slot 1
[2022-12-15 08:39:55] [SEVERE ] placing card 53 in slot 2
[2022-12-15 08:39:55] [SEVERE ] removing card from slot 0
[2022-12-15 08:39:55] [SEVERE ] removing card from slot 1
[2022-12-15 08:39:55] [SEVERE ] removing card from slot 2
[2022-12-15 08:39:55] [SEVERE ] placing card 45 in slot 0
[2022-12-15 08:39:55] [SEVERE ] placing card 54 in slot 1
[2022-12-15 08:39:56] [SEVERE ] placing card 29 in slot 2
[2022-12-15 08:39:56] [SEVERE ] removing card from slot 0
[2022-12-15 08:39:56] [SEVERE ] removing card from slot 1
[2022-12-15 08:39:56] [SEVERE ] removing card from slot 2
[2022-12-15 08:39:56] [SEVERE ] placing card 47 in slot 0
[2022-12-15 08:39:56] [SEVERE ] placing card 20 in slot 1
[2022-12-15 08:39:56] [SEVERE ] placing card 25 in slot 2
[2022-12-15 08:39:56] [SEVERE ] removing card from slot 0
[2022-12-15 08:39:56] [SEVERE ] removing card from slot 1
[2022-12-15 08:39:56] [SEVERE ] removing card from slot 2
[2022-12-15 08:39:56] [SEVERE ] placing card 0 in slot 0
[2022-12-15 08:39:56] [SEVERE ] placing card 60 in slot 1
[2022-12-15 08:39:56] [SEVERE ] placing card 45 in slot 2
[2022-12-15 08:39:56] [SEVERE ] removing card from slot 0
[2022-12-15 08:39:56] [SEVERE ] removing card from slot 1
[2022-12-15 08:39:56] [SEVERE ] removing card from slot 2
[2022-12-15 08:39:56] [SEVERE ] placing card 40 in slot 0
[2022-12-15 08:39:56] [SEVERE ] placing card 69 in slot 1
[2022-12-15 08:39:56] [SEVERE ] Key 85 was pressed by player 1
[2022-12-15 08:39:56] [SEVERE ] placing card 41 in slot 2
[2022-12-15 08:39:56] [SEVERE ] removing card from slot 0
[2022-12-15 08:39:56] [SEVERE ] removing card from slot 1
[2022-12-15 08:39:56] [SEVERE ] removing card from slot 2
[2022-12-15 08:39:57] [SEVERE ] placing card 74 in slot 0
[2022-12-15 08:39:57] [SEVERE ] placing card 50 in slot 1
[2022-12-15 08:39:57] [SEVERE ] placing card 66 in slot 2
[2022-12-15 08:39:57] [SEVERE ] removing card from slot 0
[2022-12-15 08:39:57] [SEVERE ] removing card from slot 1
[2022-12-15 08:39:57] [SEVERE ] removing card from slot 2
[2022-12-15 08:39:57] [SEVERE ] placing card 78 in slot 0
[2022-12-15 08:39:57] [SEVERE ] placing card 52 in slot 1
[2022-12-15 08:39:57] [SEVERE ] placing card 46 in slot 2
[2022-12-15 08:39:57] [SEVERE ] removing card from slot 0
[2022-12-15 08:39:57] [SEVERE ] removing card from slot 1
[2022-12-15 08:39:57] [SEVERE ] removing card from slot 2
[2022-12-15 08:39:57] [SEVERE ] placing card 49 in slot 0
[2022-12-15 08:39:57] [SEVERE ] placing card 73 in slot 1
[2022-12-15 08:39:57] [SEVERE ] placing card 74 in slot 2
[2022-12-15 08:39:57] [SEVERE ] removing card from slot 0
[2022-12-15 08:39:57] [SEVERE ] removing card from slot 1
[2022-12-15 08:39:57] [SEVERE ] removing card from slot 2
[2022-12-15 08:39:58] [SEVERE ] placing card 77 in slot 0
[2022-12-15 08:39:58] [SEVERE ] placing card 25 in slot 1
[2022-12-15 08:39:58] [SEVERE ] placing card 30 in slot 2
[2022-12-15 08:39:58] [SEVERE ] removing card from slot 0
[2022-12-15 08:39:58] [SEVERE ] removing card from slot 1
[2022-12-15 08:39:58] [SEVERE ] removing card from slot 2
[2022-12-15 08:39:58] [SEVERE ] placing card 15 in slot 0
[2022-12-15 08:39:58] [SEVERE ] placing card 12 in slot 1
[2022-12-15 08:39:58] [SEVERE ] placing card 20 in slot 2
[2022-12-15 08:39:58] [SEVERE ] removing card from slot 0
[2022-12-15 08:39:58] [SEVERE ] removing card from slot 1
[2022-12-15 08:39:58] [SEVERE ] removing card from slot 2
[2022-12-15 08:39:58] [SEVERE ] placing card 7 in slot 0
[2022-12-15 08:39:58] [SEVERE ] placing card 36 in slot 1
[2022-12-15 08:39:58] [SEVERE ] placing card 17 in slot 2
[2022-12-15 08:39:58] [SEVERE ] removing card from slot 0
[2022-12-15 08:39:58] [SEVERE ] removing card from slot 1
[2022-12-15 08:39:58] [SEVERE ] removing card from slot 2
[2022-12-15 08:39:58] [SEVERE ] placing card 60 in slot 0
[2022-12-15 08:39:59] [SEVERE ] placing card 11 in slot 1
[2022-12-15 08:39:59] [SEVERE ] placing card 27 in slot 2
[2022-12-15 08:39:59] [SEVERE ] removing card from slot 0
[2022-12-15 08:39:59] [SEVERE ] removing card from slot 1
[2022-12-15 08:39:59] [SEVERE ] removing card from slot 2
[2022-12-15 08:39:59] [SEVERE ] placing card 40 in slot 0
[2022-12-15 08:39:59] [SEVERE ] placing card 76 in slot 1
[2022-12-15 08:39:59] [SEVERE ] placing card 18 in slot 2
[2022-12-15 08:39:59] [SEVERE ] removing card from slot 0
[2022-12-15 08:39:59] [SEVERE ] removing card from slot 1
[2022-12-15 08:39:59] [SEVERE ] removing card from slot 2
[2022-12-15 08:39:59] [SEVERE ] placing card 34 in slot 0
[2022-12-15 08:39:59] [SEVERE ] placing card 39 in slot 1
[2022-12-15 08:39:59] [SEVERE ] placing card 80 in slot 2
[2022-12-15 08:39:59] [SEVERE ] removing card from slot 0
[2022-12-15 08:39:59] [SEVERE ] removing card from slot 1
[2022-12-15 08:39:59] [SEVERE ] removing card from slot 2
[2022-12-15 08:39:59] [SEVERE ] placing card 30 in slot 0
[2022-12-15 08:40:00] [SEVERE ] placing card 47 in slot 1
[2022-12-15 08:40:00] [SEVERE ] placing card 10 in slot 2
[2022-12-15 08:40:00] [SEVERE ] removing card from slot 0
[2022-12-15 08:40:00] [SEVERE ] removing card from slot 1
[2022-12-15 08:40:00] [SEVERE ] removing card from slot 2
[2022-12-15 08:40:00] [SEVERE ] placing card 29 in slot 0
[2022-12-15 08:40:00] [SEVERE ] player 1 placing token on slot 0
[2022-12-15 08:40:00] [SEVERE ] placing card 36 in slot 1
[2022-12-15 08:40:00] [SEVERE ] placing card 75 in slot 2
[2022-12-15 08:40:00] [SEVERE ] removing card from slot 0
[2022-12-15 08:40:00] [SEVERE ] removing card from slot 1
[2022-12-15 08:40:00] [SEVERE ] removing card from slot 2
[2022-12-15 08:40:00] [SEVERE ] placing card 5 in slot 0
[2022-12-15 08:40:00] [SEVERE ] placing card 7 in slot 1
[2022-12-15 08:40:00] [SEVERE ] placing card 8 in slot 2
[2022-12-15 08:40:00] [SEVERE ] removing card from slot 0
[2022-12-15 08:40:00] [SEVERE ] removing card from slot 1
[2022-12-15 08:40:00] [SEVERE ] removing card from slot 2
[2022-12-15 08:40:00] [SEVERE ] placing card 37 in slot 0
[2022-12-15 08:40:00] [SEVERE ] placing card 30 in slot 1
[2022-12-15 08:40:01] [SEVERE ] placing card 29 in slot 2
[2022-12-15 08:40:01] [SEVERE ] removing card from slot 0
[2022-12-15 08:40:01] [SEVERE ] removing card from slot 1
[2022-12-15 08:40:01] [SEVERE ] removing card from slot 2
[2022-12-15 08:40:01] [SEVERE ] placing card 74 in slot 0
[2022-12-15 08:40:01] [SEVERE ] placing card 16 in slot 1
[2022-12-15 08:40:01] [SEVERE ] placing card 2 in slot 2
[2022-12-15 08:40:01] [SEVERE ] removing card from slot 0
[2022-12-15 08:40:01] [SEVERE ] removing card from slot 1
[2022-12-15 08:40:01] [SEVERE ] removing card from slot 2
[2022-12-15 08:40:01] [SEVERE ] placing card 36 in slot 0
[2022-12-15 08:40:01] [SEVERE ] placing card 28 in slot 1
[2022-12-15 08:40:01] [SEVERE ] placing card 23 in slot 2
[2022-12-15 08:40:01] [SEVERE ] removing card from slot 0
[2022-12-15 08:40:01] [SEVERE ] removing card from slot 1
[2022-12-15 08:40:01] [SEVERE ] removing card from slot 2
[2022-12-15 08:40:01] [SEVERE ] placing card 75 in slot 0
[2022-12-15 08:40:01] [SEVERE ] placing card 74 in slot 1
[2022-12-15 08:40:02] [SEVERE ] placing card 61 in slot 2
[2022-12-15 08:40:02] [SEVERE ] removing card from slot 0
[2022-12-15 08:40:02] [SEVERE ] removing card from slot 1
[2022-12-15 08:40:02] [SEVERE ] removing card from slot 2
[2022-12-15 08:40:02] [SEVERE ] placing card 35 in slot 0
[2022-12-15 08:40:02] [SEVERE ] placing card 66 in slot 1
[2022-12-15 08:40:02] [SEVERE ] placing card 20 in slot 2
[2022-12-15 08:40:02] [SEVERE ] removing card from slot 0
[2022-12-15 08:40:02] [SEVERE ] removing card from slot 1
[2022-12-15 08:40:02] [SEVERE ] removing card from slot 2
[2022-12-15 08:40:02] [SEVERE ] placing card 36 in slot 0
[2022-12-15 08:40:02] [SEVERE ] placing card 4 in slot 1
[2022-12-15 08:40:02] [SEVERE ] placing card 49 in slot 2
[2022-12-15 08:40:02] [SEVERE ] removing card from slot 0
[2022-12-15 08:40:02] [SEVERE ] removing card from slot 1
[2022-12-15 08:40:02] [SEVERE ] removing card from slot 2
[2022-12-15 08:40:02] [SEVERE ] placing card 33 in slot 0
[2022-12-15 08:40:02] [SEVERE ] placing card 6 in slot 1
[2022-12-15 08:40:02] [SEVERE ] placing card 43 in slot 2
[2022-12-15 08:40:02] [SEVERE ] removing card from slot 0
[2022-12-15 08:40:02] [SEVERE ] removing card from slot 1
[2022-12-15 08:40:02] [SEVERE ] removing card from slot 2
[2022-12-15 08:40:03] [SEVERE ] placing card 77 in slot 0
[2022-12-15 08:40:03] [SEVERE ] placing card 47 in slot 1
[2022-12-15 08:40:03] [SEVERE ] placing card 35 in slot 2
[2022-12-15 08:40:03] [SEVERE ] removing card from slot 0
[2022-12-15 08:40:03] [SEVERE ] removing card from slot 1
[2022-12-15 08:40:03] [SEVERE ] removing card from slot 2
[2022-12-15 08:40:03] [SEVERE ] placing card 44 in slot 0
[2022-12-15 08:40:03] [SEVERE ] placing card 38 in slot 1
[2022-12-15 08:40:03] [SEVERE ] placing card 18 in slot 2
[2022-12-15 08:40:03] [SEVERE ] removing card from slot 0
[2022-12-15 08:40:03] [SEVERE ] removing card from slot 1
[2022-12-15 08:40:03] [SEVERE ] removing card from slot 2
[2022-12-15 08:40:03] [SEVERE ] placing card 40 in slot 0
[2022-12-15 08:40:03] [SEVERE ] placing card 11 in slot 1
[2022-12-15 08:40:03] [SEVERE ] placing card 44 in slot 2
[2022-12-15 08:40:03] [SEVERE ] removing card from slot 0
[2022-12-15 08:40:03] [SEVERE ] removing card from slot 1
[2022-12-15 08:40:03] [SEVERE ] removing card from slot 2
[2022-12-15 08:40:03] [SEVERE ] placing card 75 in slot 0
[2022-12-15 08:40:04] [SEVERE ] placing card 11 in slot 1
[2022-12-15 08:40:04] [SEVERE ] placing card 14 in slot 2
[2022-12-15 08:40:04] [SEVERE ] removing card from slot 0
[2022-12-15 08:40:04] [SEVERE ] removing card from slot 1
[2022-12-15 08:40:04] [SEVERE ] removing card from slot 2
[2022-12-15 08:40:04] [SEVERE ] placing card 43 in slot 0
[2022-12-15 08:40:04] [SEVERE ] placing card 56 in slot 1
[2022-12-15 08:40:04] [SEVERE ] placing card 42 in slot 2
[2022-12-15 08:40:04] [SEVERE ] removing card from slot 0
[2022-12-15 08:40:04] [SEVERE ] removing card from slot 1
[2022-12-15 08:40:04] [SEVERE ] removing card from slot 2
[2022-12-15 08:40:04] [SEVERE ] placing card 43 in slot 0
[2022-12-15 08:40:04] [SEVERE ] placing card 3 in slot 1
[2022-12-15 08:40:04] [SEVERE ] placing card 79 in slot 2
[2022-12-15 08:40:04] [SEVERE ] removing card from slot 0
[2022-12-15 08:40:04] [SEVERE ] removing card from slot 1
[2022-12-15 08:40:04] [SEVERE ] removing card from slot 2
[2022-12-15 08:40:04] [SEVERE ] placing card 11 in slot 0
[2022-12-15 08:40:05] [SEVERE ] placing card 18 in slot 1
[2022-12-15 08:40:05] [SEVERE ] placing card 63 in slot 2
[2022-12-15 08:40:05] [SEVERE ] removing card from slot 0
[2022-12-15 08:40:05] [SEVERE ] removing card from slot 1
[2022-12-15 08:40:05] [SEVERE ] removing card from slot 2
[2022-12-15 08:40:05] [SEVERE ] placing card 75 in slot 0
[2022-12-15 08:40:05] [SEVERE ] placing card 27 in slot 1
[2022-12-15 08:40:05] [SEVERE ] Key 73 was pressed by player 1
[2022-12-15 08:40:05] [SEVERE ] placing card 12 in slot 2
[2022-12-15 08:40:05] [SEVERE ] removing card from slot 0
[2022-12-15 08:40:05] [SEVERE ] removing card from slot 1
[2022-12-15 08:40:05] [SEVERE ] removing card from slot 2
[2022-12-15 08:40:05] [SEVERE ] placing card 72 in slot 0
[2022-12-15 08:40:05] [SEVERE ] placing card 71 in slot 1
[2022-12-15 08:40:05] [SEVERE ] placing card 26 in slot 2
[2022-12-15 08:40:05] [SEVERE ] removing card from slot 0
[2022-12-15 08:40:05] [SEVERE ] removing card from slot 1
[2022-12-15 08:40:05] [SEVERE ] removing card from slot 2
[2022-12-15 08:40:05] [SEVERE ] placing card 11 in slot 0
[2022-12-15 08:40:05] [SEVERE ] placing card 1 in slot 1
[2022-12-15 08:40:06] [SEVERE ] placing card 61 in slot 2
[2022-12-15 08:40:06] [SEVERE ] removing card from slot 0
[2022-12-15 08:40:06] [SEVERE ] removing card from slot 1
[2022-12-15 08:40:06] [SEVERE ] removing card from slot 2
[2022-12-15 08:40:06] [SEVERE ] placing card 78 in slot 0
[2022-12-15 08:40:06] [SEVERE ] placing card 41 in slot 1
[2022-12-15 08:40:06] [SEVERE ] placing card 65 in slot 2
[2022-12-15 08:40:06] [SEVERE ] removing card from slot 0
[2022-12-15 08:40:06] [SEVERE ] removing card from slot 1
[2022-12-15 08:40:06] [SEVERE ] removing card from slot 2
[2022-12-15 08:40:06] [SEVERE ] placing card 47 in slot 0
[2022-12-15 08:40:06] [SEVERE ] placing card 56 in slot 1
[2022-12-15 08:40:06] [SEVERE ] placing card 75 in slot 2
[2022-12-15 08:40:06] [SEVERE ] removing card from slot 0
[2022-12-15 08:40:06] [SEVERE ] removing card from slot 1
[2022-12-15 08:40:06] [SEVERE ] removing card from slot 2
[2022-12-15 08:40:06] [SEVERE ] placing card 19 in slot 0
[2022-12-15 08:40:06] [SEVERE ] placing card 55 in slot 1
[2022-12-15 08:40:07] [SEVERE ] placing card 75 in slot 2
[2022-12-15 08:40:07] [SEVERE ] removing card from slot 0
[2022-12-15 08:40:07] [SEVERE ] removing card from slot 1
[2022-12-15 08:40:07] [SEVERE ] removing card from slot 2
[2022-12-15 08:40:07] [SEVERE ] placing card 56 in slot 0
[2022-12-15 08:40:07] [SEVERE ] placing card 12 in slot 1
[2022-12-15 08:40:07] [SEVERE ] placing card 71 in slot 2
[2022-12-15 08:40:07] [SEVERE ] removing card from slot 0
[2022-12-15 08:40:07] [SEVERE ] removing card from slot 1
[2022-12-15 08:40:07] [SEVERE ] removing card from slot 2
[2022-12-15 08:40:07] [SEVERE ] placing card 41 in slot 0
[2022-12-15 08:40:07] [SEVERE ] placing card 80 in slot 1
[2022-12-15 08:40:07] [SEVERE ] placing card 24 in slot 2
[2022-12-15 08:40:07] [SEVERE ] removing card from slot 0
[2022-12-15 08:40:07] [SEVERE ] removing card from slot 1
[2022-12-15 08:40:07] [SEVERE ] removing card from slot 2
[2022-12-15 08:40:07] [SEVERE ] placing card 55 in slot 0
[2022-12-15 08:40:07] [SEVERE ] placing card 74 in slot 1
[2022-12-15 08:40:07] [SEVERE ] placing card 41 in slot 2
[2022-12-15 08:40:07] [SEVERE ] removing card from slot 0
[2022-12-15 08:40:07] [SEVERE ] removing card from slot 1
[2022-12-15 08:40:07] [SEVERE ] removing card from slot 2
[2022-12-15 08:40:08] [SEVERE ] placing card 63 in slot 0
[2022-12-15 08:40:08] [SEVERE ] placing card 79 in slot 1
[2022-12-15 08:40:08] [SEVERE ] placing card 36 in slot 2
[2022-12-15 08:40:08] [SEVERE ] removing card from slot 0
[2022-12-15 08:40:08] [SEVERE ] removing card from slot 1
[2022-12-15 08:40:08] [SEVERE ] removing card from slot 2
[2022-12-15 08:40:08] [SEVERE ] placing card 72 in slot 0
[2022-12-15 08:40:08] [SEVERE ] placing card 63 in slot 1
[2022-12-15 08:40:08] [SEVERE ] player 1 placing token on slot 1
[2022-12-15 08:40:08] [SEVERE ] placing card 3 in slot 2
[2022-12-15 08:40:08] [SEVERE ] removing card from slot 0
[2022-12-15 08:40:08] [SEVERE ] removing card from slot 1
[2022-12-15 08:40:08] [SEVERE ] removing card from slot 2
[2022-12-15 08:40:08] [SEVERE ] placing card 47 in slot 0
[2022-12-15 08:40:08] [SEVERE ] placing card 76 in slot 1
[2022-12-15 08:40:08] [SEVERE ] placing card 79 in slot 2
[2022-12-15 08:40:08] [SEVERE ] removing card from slot 0
[2022-12-15 08:40:08] [SEVERE ] removing card from slot 1
[2022-12-15 08:40:08] [SEVERE ] removing card from slot 2
[2022-12-15 08:40:09] [SEVERE ] placing card 41 in slot 0
[2022-12-15 08:40:09] [SEVERE ] placing card 66 in slot 1
[2022-12-15 08:40:09] [SEVERE ] placing card 59 in slot 2
[2022-12-15 08:40:09] [SEVERE ] removing card from slot 0
[2022-12-15 08:40:09] [SEVERE ] removing card from slot 1
[2022-12-15 08:40:09] [SEVERE ] removing card from slot 2
[2022-12-15 08:40:09] [SEVERE ] placing card 38 in slot 0
[2022-12-15 08:40:09] [SEVERE ] placing card 12 in slot 1
[2022-12-15 08:40:09] [SEVERE ] placing card 75 in slot 2
[2022-12-15 08:40:09] [SEVERE ] removing card from slot 0
[2022-12-15 08:40:09] [SEVERE ] removing card from slot 1
[2022-12-15 08:40:09] [SEVERE ] removing card from slot 2
[2022-12-15 08:40:09] [SEVERE ] placing card 44 in slot 0
[2022-12-15 08:40:09] [SEVERE ] placing card 19 in slot 1
[2022-12-15 08:40:09] [SEVERE ] placing card 60 in slot 2
[2022-12-15 08:40:09] [SEVERE ] removing card from slot 0
[2022-12-15 08:40:09] [SEVERE ] removing card from slot 1
[2022-12-15 08:40:09] [SEVERE ] removing card from slot 2
[2022-12-15 08:40:09] [SEVERE ] placing card 2 in slot 0
[2022-12-15 08:40:10] [SEVERE ] placing card 36 in slot 1
[2022-12-15 08:40:10] [SEVERE ] placing card 26 in slot 2
[2022-12-15 08:40:10] [SEVERE ] removing card from slot 0
[2022-12-15 08:40:10] [SEVERE ] removing card from slot 1
[2022-12-15 08:40:10] [SEVERE ] removing card from slot 2
[2022-12-15 08:40:10] [SEVERE ] placing card 37 in slot 0
[2022-12-15 08:40:10] [SEVERE ] placing card 44 in slot 1
[2022-12-15 08:40:10] [SEVERE ] placing card 21 in slot 2
[2022-12-15 08:40:10] [SEVERE ] removing card from slot 0
[2022-12-15 08:40:10] [SEVERE ] removing card from slot 1
[2022-12-15 08:40:10] [SEVERE ] removing card from slot 2
[2022-12-15 08:40:10] [SEVERE ] placing card 7 in slot 0
[2022-12-15 08:40:10] [SEVERE ] placing card 11 in slot 1
[2022-12-15 08:40:10] [SEVERE ] placing card 54 in slot 2
[2022-12-15 08:40:10] [SEVERE ] removing card from slot 0
[2022-12-15 08:40:10] [SEVERE ] removing card from slot 1
[2022-12-15 08:40:10] [SEVERE ] removing card from slot 2
[2022-12-15 08:40:10] [SEVERE ] placing card 25 in slot 0
[2022-12-15 08:40:11] [SEVERE ] placing card 15 in slot 1
[2022-12-15 08:40:11] [SEVERE ] placing card 75 in slot 2
[2022-12-15 08:40:11] [SEVERE ] removing card from slot 0
[2022-12-15 08:40:11] [SEVERE ] removing card from slot 1
[2022-12-15 08:40:11] [SEVERE ] removing card from slot 2
[2022-12-15 08:40:11] [SEVERE ] placing card 72 in slot 0
[2022-12-15 08:40:11] [SEVERE ] placing card 50 in slot 1
[2022-12-15 08:40:11] [SEVERE ] placing card 5 in slot 2
[2022-12-15 08:40:11] [SEVERE ] removing card from slot 0
[2022-12-15 08:40:11] [SEVERE ] removing card from slot 1
[2022-12-15 08:40:11] [SEVERE ] removing card from slot 2
[2022-12-15 08:40:11] [SEVERE ] placing card 62 in slot 0
[2022-12-15 08:40:11] [SEVERE ] placing card 16 in slot 1
[2022-12-15 08:40:11] [SEVERE ] placing card 78 in slot 2
[2022-12-15 08:40:11] [SEVERE ] removing card from slot 0
[2022-12-15 08:40:11] [SEVERE ] removing card from slot 1
[2022-12-15 08:40:11] [SEVERE ] removing card from slot 2
[2022-12-15 08:40:11] [SEVERE ] placing card 43 in slot 0
[2022-12-15 08:40:11] [SEVERE ] placing card 38 in slot 1
[2022-12-15 08:40:12] [SEVERE ] placing card 18 in slot 2
[2022-12-15 08:40:12] [SEVERE ] removing card from slot 0
[2022-12-15 08:40:12] [SEVERE ] removing card from slot 1
[2022-12-15 08:40:12] [SEVERE ] removing card from slot 2
[2022-12-15 08:40:12] [SEVERE ] placing card 72 in slot 0
[2022-12-15 08:40:12] [SEVERE ] placing card 69 in slot 1
[2022-12-15 08:40:12] [SEVERE ] Key 79 was pressed by player 1
[2022-12-15 08:40:12] [SEVERE ] placing card 12 in slot 2
[2022-12-15 08:40:12] [SEVERE ] removing card from slot 0
[2022-12-15 08:40:12] [SEVERE ] removing card from slot 1
[2022-12-15 08:40:12] [SEVERE ] removing card from slot 2
[2022-12-15 08:40:12] [SEVERE ] placing card 43 in slot 0
[2022-12-15 08:40:12] [SEVERE ] placing card 40 in slot 1
[2022-12-15 08:40:12] [SEVERE ] placing card 11 in slot 2
[2022-12-15 08:40:12] [SEVERE ] removing card from slot 0
[2022-12-15 08:40:12] [SEVERE ] removing card from slot 1
[2022-12-15 08:40:12] [SEVERE ] removing card from slot 2
[2022-12-15 08:40:12] [SEVERE ] placing card 8 in slot 0
[2022-12-15 08:40:12] [SEVERE ] placing card 21 in slot 1
[2022-12-15 08:40:13] [SEVERE ] placing card 28 in slot 2
[2022-12-15 08:40:13] [SEVERE ] removing card from slot 0
[2022-12-15 08:40:13] [SEVERE ] removing card from slot 1
[2022-12-15 08:40:13] [SEVERE ] removing card from slot 2
[2022-12-15 08:40:13] [SEVERE ] placing card 37 in slot 0
[2022-12-15 08:40:13] [SEVERE ] placing card 75 in slot 1
[2022-12-15 08:40:13] [SEVERE ] placing card 6 in slot 2
[2022-12-15 08:40:13] [SEVERE ] removing card from slot 0
[2022-12-15 08:40:13] [SEVERE ] removing card from slot 1
[2022-12-15 08:40:13] [SEVERE ] removing card from slot 2
[2022-12-15 08:40:13] [SEVERE ] placing card 74 in slot 0
[2022-12-15 08:40:13] [SEVERE ] placing card 29 in slot 1
[2022-12-15 08:40:13] [SEVERE ] placing card 55 in slot 2
[2022-12-15 08:40:13] [SEVERE ] removing card from slot 0
[2022-12-15 08:40:13] [SEVERE ] removing card from slot 1
[2022-12-15 08:40:13] [SEVERE ] removing card from slot 2
[2022-12-15 08:40:13] [SEVERE ] placing card 40 in slot 0
[2022-12-15 08:40:13] [SEVERE ] placing card 60 in slot 1
[2022-12-15 08:40:13] [SEVERE ] placing card 0 in slot 2
[2022-12-15 08:40:13] [SEVERE ] removing card from slot 0
[2022-12-15 08:40:13] [SEVERE ] removing card from slot 1
[2022-12-15 08:40:13] [SEVERE ] removing card from slot 2
[2022-12-15 08:40:14] [SEVERE ] placing card 75 in slot 0
[2022-12-15 08:40:14] [SEVERE ] placing card 30 in slot 1
[2022-12-15 08:40:14] [SEVERE ] placing card 6 in slot 2
[2022-12-15 08:40:14] [SEVERE ] removing card from slot 0
[2022-12-15 08:40:14] [SEVERE ] removing card from slot 1
[2022-12-15 08:40:14] [SEVERE ] removing card from slot 2
[2022-12-15 08:40:14] [SEVERE ] placing card 0 in slot 0
[2022-12-15 08:40:14] [SEVERE ] placing card 50 in slot 1
[2022-12-15 08:40:14] [SEVERE ] placing card 46 in slot 2
[2022-12-15 08:40:14] [SEVERE ] removing card from slot 0
[2022-12-15 08:40:14] [SEVERE ] removing card from slot 1
[2022-12-15 08:40:14] [SEVERE ] removing card from slot 2
[2022-12-15 08:40:14] [SEVERE ] placing card 6 in slot 0
[2022-12-15 08:40:14] [SEVERE ] placing card 56 in slot 1
[2022-12-15 08:40:14] [SEVERE ] placing card 62 in slot 2
[2022-12-15 08:40:14] [SEVERE ] removing card from slot 0
[2022-12-15 08:40:14] [SEVERE ] removing card from slot 1
[2022-12-15 08:40:14] [SEVERE ] removing card from slot 2
[2022-12-15 08:40:14] [SEVERE ] placing card 13 in slot 0
[2022-12-15 08:40:15] [SEVERE ] placing card 75 in slot 1
[2022-12-15 08:40:15] [SEVERE ] placing card 15 in slot 2
[2022-12-15 08:40:15] [SEVERE ] removing card from slot 0
[2022-12-15 08:40:15] [SEVERE ] removing card from slot 1
[2022-12-15 08:40:15] [SEVERE ] removing card from slot 2
[2022-12-15 08:40:15] [SEVERE ] placing card 44 in slot 0
[2022-12-15 08:40:15] [SEVERE ] placing card 53 in slot 1
[2022-12-15 08:40:15] [SEVERE ] placing card 52 in slot 2
[2022-12-15 08:40:15] [SEVERE ] removing card from slot 0
[2022-12-15 08:40:15] [SEVERE ] removing card from slot 1
[2022-12-15 08:40:15] [SEVERE ] removing card from slot 2
[2022-12-15 08:40:15] [SEVERE ] placing card 77 in slot 0
[2022-12-15 08:40:15] [SEVERE ] placing card 42 in slot 1
[2022-12-15 08:40:15] [SEVERE ] placing card 27 in slot 2
[2022-12-15 08:40:15] [SEVERE ] removing card from slot 0
[2022-12-15 08:40:15] [SEVERE ] removing card from slot 1
[2022-12-15 08:40:15] [SEVERE ] removing card from slot 2
[2022-12-15 08:40:15] [SEVERE ] placing card 65 in slot 0
[2022-12-15 08:40:16] [SEVERE ] placing card 46 in slot 1
[2022-12-15 08:40:16] [SEVERE ] placing card 21 in slot 2
[2022-12-15 08:40:16] [SEVERE ] removing card from slot 0
[2022-12-15 08:40:16] [SEVERE ] removing card from slot 1
[2022-12-15 08:40:16] [SEVERE ] removing card from slot 2
[2022-12-15 08:40:16] [SEVERE ] placing card 18 in slot 0
[2022-12-15 08:40:16] [SEVERE ] placing card 46 in slot 1
[2022-12-15 08:40:16] [SEVERE ] placing card 5 in slot 2
[2022-12-15 08:40:16] [SEVERE ] removing card from slot 0
[2022-12-15 08:40:16] [SEVERE ] removing card from slot 1
[2022-12-15 08:40:16] [SEVERE ] removing card from slot 2
[2022-12-15 08:40:16] [SEVERE ] placing card 61 in slot 0
[2022-12-15 08:40:16] [SEVERE ] placing card 55 in slot 1
[2022-12-15 08:40:16] [SEVERE ] placing card 50 in slot 2
[2022-12-15 08:40:16] [SEVERE ] removing card from slot 0
[2022-12-15 08:40:16] [SEVERE ] removing card from slot 1
[2022-12-15 08:40:16] [SEVERE ] removing card from slot 2
[2022-12-15 08:40:16] [SEVERE ] placing card 52 in slot 0
[2022-12-15 08:40:16] [SEVERE ] placing card 14 in slot 1
[2022-12-15 08:40:17] [SEVERE ] placing card 42 in slot 2
[2022-12-15 08:40:17] [SEVERE ] removing card from slot 0
[2022-12-15 08:40:17] [SEVERE ] removing card from slot 1
[2022-12-15 08:40:17] [SEVERE ] removing card from slot 2
[2022-12-15 08:40:17] [SEVERE ] placing card 47 in slot 0
[2022-12-15 08:40:17] [SEVERE ] placing card 54 in slot 1
[2022-12-15 08:40:17] [SEVERE ] placing card 8 in slot 2
[2022-12-15 08:40:17] [SEVERE ] removing card from slot 0
[2022-12-15 08:40:17] [SEVERE ] removing card from slot 1
[2022-12-15 08:40:17] [SEVERE ] removing card from slot 2
[2022-12-15 08:40:17] [SEVERE ] placing card 68 in slot 0
[2022-12-15 08:40:17] [SEVERE ] placing card 43 in slot 1
[2022-12-15 08:40:17] [SEVERE ] placing card 11 in slot 2
[2022-12-15 08:40:17] [SEVERE ] removing card from slot 0
[2022-12-15 08:40:17] [SEVERE ] removing card from slot 1
[2022-12-15 08:40:17] [SEVERE ] removing card from slot 2
[2022-12-15 08:40:17] [SEVERE ] placing card 80 in slot 0
[2022-12-15 08:40:17] [SEVERE ] placing card 62 in slot 1
[2022-12-15 08:40:18] [SEVERE ] placing card 77 in slot 2
[2022-12-15 08:40:18] [SEVERE ] removing card from slot 0
[2022-12-15 08:40:18] [SEVERE ] removing card from slot 1
[2022-12-15 08:40:18] [SEVERE ] removing card from slot 2
[2022-12-15 08:40:18] [SEVERE ] placing card 12 in slot 0
[2022-12-15 08:40:18] [SEVERE ] placing card 49 in slot 1
[2022-12-15 08:40:18] [SEVERE ] placing card 27 in slot 2
[2022-12-15 08:40:18] [SEVERE ] removing card from slot 0
[2022-12-15 08:40:18] [SEVERE ] removing card from slot 1
[2022-12-15 08:40:18] [SEVERE ] removing card from slot 2
[2022-12-15 08:40:18] [SEVERE ] placing card 0 in slot 0
[2022-12-15 08:40:18] [SEVERE ] placing card 14 in slot 1
[2022-12-15 08:40:18] [SEVERE ] placing card 65 in slot 2
[2022-12-15 08:40:18] [SEVERE ] removing card from slot 0
[2022-12-15 08:40:18] [SEVERE ] removing card from slot 1
[2022-12-15 08:40:18] [SEVERE ] removing card from slot 2
[2022-12-15 08:40:18] [SEVERE ] placing card 1 in slot 0
[2022-12-15 08:40:18] [SEVERE ] placing card 46 in slot 1
[2022-12-15 08:40:18] [SEVERE ] placing card 25 in slot 2
[2022-12-15 08:40:18] [SEVERE ] removing card from slot 0
[2022-12-15 08:40:18] [SEVERE ] removing card from slot 1
[2022-12-15 08:40:18] [SEVERE ] removing card from slot 2
[2022-12-15 08:40:19] [SEVERE ] placing card 63 in slot 0
[2022-12-15 08:40:19] [SEVERE ] placing card 75 in slot 1
[2022-12-15 08:40:19] [SEVERE ] placing card 19 in slot 2
[2022-12-15 08:40:19] [SEVERE ] removing card from slot 0
[2022-12-15 08:40:19] [SEVERE ] removing card from slot 1
[2022-12-15 08:40:19] [SEVERE ] removing card from slot 2
[2022-12-15 08:40:19] [SEVERE ] placing card 45 in slot 0
[2022-12-15 08:40:19] [SEVERE ] placing card 39 in slot 1
[2022-12-15 08:40:19] [SEVERE ] placing card 21 in slot 2
[2022-12-15 08:40:19] [SEVERE ] removing card from slot 0
[2022-12-15 08:40:19] [SEVERE ] removing card from slot 1
[2022-12-15 08:40:19] [SEVERE ] removing card from slot 2
[2022-12-15 08:40:19] [SEVERE ] placing card 73 in slot 0
[2022-12-15 08:40:19] [SEVERE ] placing card 52 in slot 1
[2022-12-15 08:40:19] [SEVERE ] placing card 66 in slot 2
[2022-12-15 08:40:19] [SEVERE ] removing card from slot 0
[2022-12-15 08:40:19] [SEVERE ] removing card from slot 1
[2022-12-15 08:40:19] [SEVERE ] removing card from slot 2
[2022-12-15 08:40:20] [SEVERE ] placing card 1 in slot 0
[2022-12-15 08:40:20] [SEVERE ] placing card 32 in slot 1
[2022-12-15 08:40:20] [SEVERE ] placing card 13 in slot 2
[2022-12-15 08:40:20] [SEVERE ] removing card from slot 0
[2022-12-15 08:40:20] [SEVERE ] removing card from slot 1
[2022-12-15 08:40:20] [SEVERE ] removing card from slot 2
[2022-12-15 08:40:20] [SEVERE ] placing card 49 in slot 0
[2022-12-15 08:40:20] [SEVERE ] placing card 78 in slot 1
[2022-12-15 08:40:20] [SEVERE ] placing card 72 in slot 2
[2022-12-15 08:40:20] [SEVERE ] removing card from slot 0
[2022-12-15 08:40:20] [SEVERE ] removing card from slot 1
[2022-12-15 08:40:20] [SEVERE ] removing card from slot 2
[2022-12-15 08:40:20] [SEVERE ] placing card 69 in slot 0
[2022-12-15 08:40:20] [SEVERE ] placing card 55 in slot 1
[2022-12-15 08:40:20] [SEVERE ] placing card 49 in slot 2
[2022-12-15 08:40:20] [SEVERE ] removing card from slot 0
[2022-12-15 08:40:20] [SEVERE ] removing card from slot 1
[2022-12-15 08:40:20] [SEVERE ] removing card from slot 2
[2022-12-15 08:40:20] [SEVERE ] placing card 19 in slot 0
[2022-12-15 08:40:21] [SEVERE ] placing card 53 in slot 1
[2022-12-15 08:40:21] [SEVERE ] placing card 73 in slot 2
[2022-12-15 08:40:21] [SEVERE ] removing card from slot 0
[2022-12-15 08:40:21] [SEVERE ] removing card from slot 1
[2022-12-15 08:40:21] [SEVERE ] removing card from slot 2
[2022-12-15 08:40:21] [SEVERE ] placing card 11 in slot 0
[2022-12-15 08:40:21] [SEVERE ] placing card 56 in slot 1
[2022-12-15 08:40:21] [SEVERE ] placing card 27 in slot 2
[2022-12-15 08:40:21] [SEVERE ] removing card from slot 0
[2022-12-15 08:40:21] [SEVERE ] removing card from slot 1
[2022-12-15 08:40:21] [SEVERE ] removing card from slot 2
[2022-12-15 08:40:21] [SEVERE ] placing card 52 in slot 0
[2022-12-15 08:40:21] [SEVERE ] placing card 31 in slot 1
[2022-12-15 08:40:21] [SEVERE ] placing card 20 in slot 2
[2022-12-15 08:40:21] [SEVERE ] removing card from slot 0
[2022-12-15 08:40:21] [SEVERE ] removing card from slot 1
[2022-12-15 08:40:21] [SEVERE ] removing card from slot 2
[2022-12-15 08:40:21] [SEVERE ] placing card 41 in slot 0
[2022-12-15 08:40:21] [SEVERE ] placing card 20 in slot 1
[2022-12-15 08:40:22] [SEVERE ] placing card 44 in slot 2
[2022-12-15 08:40:22] [SEVERE ] removing card from slot 0
[2022-12-15 08:40:22] [SEVERE ] removing card from slot 1
[2022-12-15 08:40:22] [SEVERE ] removing card from slot 2
[2022-12-15 08:40:22] [SEVERE ] placing card 0 in slot 0
[2022-12-15 08:40:22] [SEVERE ] placing card 49 in slot 1
[2022-12-15 08:40:22] [SEVERE ] placing card 68 in slot 2
[2022-12-15 08:40:22] [SEVERE ] removing card from slot 0
[2022-12-15 08:40:22] [SEVERE ] removing card from slot 1
[2022-12-15 08:40:22] [SEVERE ] removing card from slot 2
[2022-12-15 08:40:22] [SEVERE ] placing card 45 in slot 0
[2022-12-15 08:40:22] [SEVERE ] placing card 29 in slot 1
[2022-12-15 08:40:22] [SEVERE ] placing card 20 in slot 2
[2022-12-15 08:40:22] [SEVERE ] removing card from slot 0
[2022-12-15 08:40:22] [SEVERE ] removing card from slot 1
[2022-12-15 08:40:22] [SEVERE ] removing card from slot 2
[2022-12-15 08:40:22] [SEVERE ] placing card 30 in slot 0
[2022-12-15 08:40:22] [SEVERE ] placing card 61 in slot 1
[2022-12-15 08:40:23] [SEVERE ] placing card 60 in slot 2
[2022-12-15 08:40:23] [SEVERE ] removing card from slot 0
[2022-12-15 08:40:23] [SEVERE ] removing card from slot 1
[2022-12-15 08:40:23] [SEVERE ] removing card from slot 2
[2022-12-15 08:40:23] [SEVERE ] placing card 15 in slot 0
[2022-12-15 08:40:23] [SEVERE ] Key 74 was pressed by player 1
[2022-12-15 08:40:23] [SEVERE ] placing card 1 in slot 1
[2022-12-15 08:40:23] [SEVERE ] placing card 76 in slot 2
[2022-12-15 08:40:23] [SEVERE ] removing card from slot 0
[2022-12-15 08:40:23] [SEVERE ] removing card from slot 1
[2022-12-15 08:40:23] [SEVERE ] removing card from slot 2
[2022-12-15 08:40:23] [SEVERE ] placing card 28 in slot 0
[2022-12-15 08:40:23] [SEVERE ] placing card 77 in slot 1
[2022-12-15 08:40:23] [SEVERE ] placing card 43 in slot 2
[2022-12-15 08:40:23] [SEVERE ] removing card from slot 0
[2022-12-15 08:40:23] [SEVERE ] removing card from slot 1
[2022-12-15 08:40:23] [SEVERE ] removing card from slot 2
[2022-12-15 08:40:23] [SEVERE ] placing card 65 in slot 0
[2022-12-15 08:40:23] [SEVERE ] placing card 42 in slot 1
[2022-12-15 08:40:23] [SEVERE ] placing card 16 in slot 2
[2022-12-15 08:40:23] [SEVERE ] removing card from slot 0
[2022-12-15 08:40:23] [SEVERE ] removing card from slot 1
[2022-12-15 08:40:23] [SEVERE ] removing card from slot 2
[2022-12-15 08:40:24] [SEVERE ] placing card 39 in slot 0
[2022-12-15 08:40:24] [SEVERE ] placing card 15 in slot 1
[2022-12-15 08:40:24] [SEVERE ] placing card 68 in slot 2
[2022-12-15 08:40:24] [SEVERE ] removing card from slot 0
[2022-12-15 08:40:24] [SEVERE ] removing card from slot 1
[2022-12-15 08:40:24] [SEVERE ] removing card from slot 2
[2022-12-15 08:40:24] [SEVERE ] placing card 56 in slot 0
[2022-12-15 08:40:24] [SEVERE ] placing card 49 in slot 1
[2022-12-15 08:40:24] [SEVERE ] placing card 32 in slot 2
[2022-12-15 08:40:24] [SEVERE ] removing card from slot 0
[2022-12-15 08:40:24] [SEVERE ] removing card from slot 1
[2022-12-15 08:40:24] [SEVERE ] removing card from slot 2
[2022-12-15 08:40:24] [SEVERE ] placing card 0 in slot 0
[2022-12-15 08:40:24] [SEVERE ] placing card 59 in slot 1
[2022-12-15 08:40:24] [SEVERE ] placing card 72 in slot 2
[2022-12-15 08:40:24] [SEVERE ] removing card from slot 0
[2022-12-15 08:40:24] [SEVERE ] removing card from slot 1
[2022-12-15 08:40:24] [SEVERE ] removing card from slot 2
[2022-12-15 08:40:25] [SEVERE ] placing card 72 in slot 0
[2022-12-15 08:40:25] [SEVERE ] placing card 18 in slot 1
[2022-12-15 08:40:25] [SEVERE ] placing card 35 in slot 2
[2022-12-15 08:40:25] [SEVERE ] removing card from slot 0
[2022-12-15 08:40:25] [SEVERE ] removing card from slot 1
[2022-12-15 08:40:25] [SEVERE ] removing card from slot 2
[2022-12-15 08:40:25] [SEVERE ] placing card 71 in slot 0
[2022-12-15 08:40:25] [SEVERE ] placing card 20 in slot 1
[2022-12-15 08:40:25] [SEVERE ] placing card 16 in slot 2
[2022-12-15 08:40:25] [SEVERE ] removing card from slot 0
[2022-12-15 08:40:25] [SEVERE ] removing card from slot 1
[2022-12-15 08:40:25] [SEVERE ] removing card from slot 2
[2022-12-15 08:40:25] [SEVERE ] placing card 27 in slot 0
[2022-12-15 08:40:25] [SEVERE ] placing card 78 in slot 1
[2022-12-15 08:40:25] [SEVERE ] placing card 71 in slot 2
[2022-12-15 08:40:25] [SEVERE ] removing card from slot 0
[2022-12-15 08:40:25] [SEVERE ] removing card from slot 1
[2022-12-15 08:40:25] [SEVERE ] removing card from slot 2
[2022-12-15 08:40:25] [SEVERE ] placing card 12 in slot 0
[2022-12-15 08:40:26] [SEVERE ] placing card 53 in slot 1
[2022-12-15 08:40:26] [SEVERE ] placing card 17 in slot 2
[2022-12-15 08:40:26] [SEVERE ] removing card from slot 0
[2022-12-15 08:40:26] [SEVERE ] removing card from slot 1
[2022-12-15 08:40:26] [SEVERE ] removing card from slot 2
[2022-12-15 08:40:26] [SEVERE ] placing card 46 in slot 0
[2022-12-15 08:40:26] [SEVERE ] placing card 44 in slot 1
[2022-12-15 08:40:26] [SEVERE ] placing card 8 in slot 2
[2022-12-15 08:40:26] [SEVERE ] removing card from slot 0
[2022-12-15 08:40:26] [SEVERE ] removing card from slot 1
[2022-12-15 08:40:26] [SEVERE ] removing card from slot 2
[2022-12-15 08:40:26] [SEVERE ] placing card 59 in slot 0
[2022-12-15 08:40:26] [SEVERE ] placing card 6 in slot 1
[2022-12-15 08:40:26] [SEVERE ] placing card 31 in slot 2
[2022-12-15 08:40:26] [SEVERE ] removing card from slot 0
[2022-12-15 08:40:26] [SEVERE ] removing card from slot 1
[2022-12-15 08:40:26] [SEVERE ] removing card from slot 2
[2022-12-15 08:40:26] [SEVERE ] placing card 6 in slot 0
[2022-12-15 08:40:27] [SEVERE ] placing card 32 in slot 1
[2022-12-15 08:40:27] [SEVERE ] placing card 52 in slot 2
[2022-12-15 08:40:27] [SEVERE ] removing card from slot 0
[2022-12-15 08:40:27] [SEVERE ] removing card from slot 1
[2022-12-15 08:40:27] [SEVERE ] removing card from slot 2
[2022-12-15 08:40:27] [SEVERE ] placing card 30 in slot 0
[2022-12-15 08:40:27] [SEVERE ] placing card 38 in slot 1
[2022-12-15 08:40:27] [SEVERE ] placing card 26 in slot 2
[2022-12-15 08:40:27] [SEVERE ] removing card from slot 0
[2022-12-15 08:40:27] [SEVERE ] removing card from slot 1
[2022-12-15 08:40:27] [SEVERE ] removing card from slot 2
[2022-12-15 08:40:27] [SEVERE ] placing card 31 in slot 0
[2022-12-15 08:40:27] [SEVERE ] placing card 33 in slot 1
[2022-12-15 08:40:27] [SEVERE ] placing card 43 in slot 2
[2022-12-15 08:40:27] [SEVERE ] removing card from slot 0
[2022-12-15 08:40:27] [SEVERE ] removing card from slot 1
[2022-12-15 08:40:27] [SEVERE ] removing card from slot 2
[2022-12-15 08:40:27] [SEVERE ] placing card 45 in slot 0
[2022-12-15 08:40:27] [SEVERE ] placing card 28 in slot 1
[2022-12-15 08:40:28] [SEVERE ] placing card 20 in slot 2
[2022-12-15 08:40:28] [SEVERE ] removing card from slot 0
[2022-12-15 08:40:28] [SEVERE ] removing card from slot 1
[2022-12-15 08:40:28] [SEVERE ] removing card from slot 2
[2022-12-15 08:40:28] [SEVERE ] placing card 65 in slot 0
[2022-12-15 08:40:28] [SEVERE ] placing card 3 in slot 1
[2022-12-15 08:40:28] [SEVERE ] placing card 56 in slot 2
[2022-12-15 08:40:28] [SEVERE ] removing card from slot 0
[2022-12-15 08:40:28] [SEVERE ] removing card from slot 1
[2022-12-15 08:40:28] [SEVERE ] removing card from slot 2
[2022-12-15 08:40:28] [SEVERE ] placing card 27 in slot 0
[2022-12-15 08:40:28] [SEVERE ] placing card 11 in slot 1
[2022-12-15 08:40:28] [SEVERE ] placing card 62 in slot 2
[2022-12-15 08:40:28] [SEVERE ] removing card from slot 0
[2022-12-15 08:40:28] [SEVERE ] removing card from slot 1
[2022-12-15 08:40:28] [SEVERE ] removing card from slot 2
[2022-12-15 08:40:28] [SEVERE ] placing card 6 in slot 0
[2022-12-15 08:40:28] [SEVERE ] player 1 placing token on slot 4
[2022-12-15 08:40:28] [SEVERE ] placing card 40 in slot 1
[2022-12-15 08:40:28] [SEVERE ] placing card 54 in slot 2
[2022-12-15 08:40:28] [SEVERE ] removing card from slot 0
[2022-12-15 08:40:28] [SEVERE ] removing card from slot 1
[2022-12-15 08:40:28] [SEVERE ] removing card from slot 2
[2022-12-15 08:40:29] [SEVERE ] placing card 8 in slot 0
[2022-12-15 08:40:29] [SEVERE ] placing card 47 in slot 1
[2022-12-15 08:40:29] [SEVERE ] placing card 0 in slot 2
[2022-12-15 08:40:29] [SEVERE ] removing card from slot 0
[2022-12-15 08:40:29] [SEVERE ] removing card from slot 1
[2022-12-15 08:40:29] [SEVERE ] removing card from slot 2
[2022-12-15 08:40:29] [SEVERE ] placing card 27 in slot 0
[2022-12-15 08:40:29] [SEVERE ] placing card 37 in slot 1
[2022-12-15 08:40:29] [SEVERE ] placing card 71 in slot 2
[2022-12-15 08:40:29] [SEVERE ] removing card from slot 0
[2022-12-15 08:40:29] [SEVERE ] removing card from slot 1
[2022-12-15 08:40:29] [SEVERE ] removing card from slot 2
[2022-12-15 08:40:29] [SEVERE ] placing card 75 in slot 0
[2022-12-15 08:40:29] [SEVERE ] placing card 19 in slot 1
[2022-12-15 08:40:29] [SEVERE ] placing card 41 in slot 2
[2022-12-15 08:40:29] [SEVERE ] removing card from slot 0
[2022-12-15 08:40:29] [SEVERE ] removing card from slot 1
[2022-12-15 08:40:29] [SEVERE ] removing card from slot 2
[2022-12-15 08:40:30] [SEVERE ] placing card 63 in slot 0
[2022-12-15 08:40:30] [SEVERE ] placing card 7 in slot 1
[2022-12-15 08:40:30] [SEVERE ] placing card 23 in slot 2
[2022-12-15 08:40:30] [SEVERE ] removing card from slot 0
[2022-12-15 08:40:30] [SEVERE ] removing card from slot 1
[2022-12-15 08:40:30] [SEVERE ] removing card from slot 2
[2022-12-15 08:40:30] [SEVERE ] placing card 45 in slot 0
[2022-12-15 08:40:30] [SEVERE ] placing card 42 in slot 1
[2022-12-15 08:40:30] [SEVERE ] placing card 5 in slot 2
[2022-12-15 08:40:30] [SEVERE ] removing card from slot 0
[2022-12-15 08:40:30] [SEVERE ] removing card from slot 1
[2022-12-15 08:40:30] [SEVERE ] removing card from slot 2
[2022-12-15 08:40:30] [SEVERE ] placing card 41 in slot 0
[2022-12-15 08:40:30] [SEVERE ] placing card 7 in slot 1
[2022-12-15 08:40:30] [SEVERE ] placing card 42 in slot 2
[2022-12-15 08:40:30] [SEVERE ] removing card from slot 0
[2022-12-15 08:40:30] [SEVERE ] removing card from slot 1
[2022-12-15 08:40:30] [SEVERE ] removing card from slot 2
[2022-12-15 08:40:30] [SEVERE ] placing card 77 in slot 0
[2022-12-15 08:40:31] [SEVERE ] placing card 19 in slot 1
[2022-12-15 08:40:31] [SEVERE ] placing card 44 in slot 2
[2022-12-15 08:40:31] [SEVERE ] removing card from slot 0
[2022-12-15 08:40:31] [SEVERE ] removing card from slot 1
[2022-12-15 08:40:31] [SEVERE ] removing card from slot 2
[2022-12-15 08:40:31] [SEVERE ] placing card 0 in slot 0
[2022-12-15 08:40:31] [SEVERE ] placing card 53 in slot 1
[2022-12-15 08:40:31] [SEVERE ] placing card 37 in slot 2
[2022-12-15 08:40:31] [SEVERE ] removing card from slot 0
[2022-12-15 08:40:31] [SEVERE ] removing card from slot 1
[2022-12-15 08:40:31] [SEVERE ] removing card from slot 2
[2022-12-15 08:40:31] [SEVERE ] placing card 60 in slot 0
[2022-12-15 08:40:31] [SEVERE ] placing card 33 in slot 1
[2022-12-15 08:40:31] [SEVERE ] placing card 52 in slot 2
[2022-12-15 08:40:31] [SEVERE ] removing card from slot 0
[2022-12-15 08:40:31] [SEVERE ] removing card from slot 1
[2022-12-15 08:40:31] [SEVERE ] removing card from slot 2
[2022-12-15 08:40:31] [SEVERE ] placing card 65 in slot 0
[2022-12-15 08:40:32] [SEVERE ] placing card 10 in slot 1
[2022-12-15 08:40:32] [SEVERE ] placing card 33 in slot 2
[2022-12-15 08:40:32] [SEVERE ] removing card from slot 0
[2022-12-15 08:40:32] [SEVERE ] removing card from slot 1
[2022-12-15 08:40:32] [SEVERE ] removing card from slot 2
[2022-12-15 08:40:32] [SEVERE ] placing card 10 in slot 0
[2022-12-15 08:40:32] [SEVERE ] placing card 27 in slot 1
[2022-12-15 08:40:32] [SEVERE ] placing card 31 in slot 2
[2022-12-15 08:40:32] [SEVERE ] removing card from slot 0
[2022-12-15 08:40:32] [SEVERE ] removing card from slot 1
[2022-12-15 08:40:32] [SEVERE ] removing card from slot 2
[2022-12-15 08:40:32] [SEVERE ] placing card 68 in slot 0
[2022-12-15 08:40:32] [SEVERE ] placing card 43 in slot 1
[2022-12-15 08:40:32] [SEVERE ] placing card 28 in slot 2
[2022-12-15 08:40:32] [SEVERE ] removing card from slot 0
[2022-12-15 08:40:32] [SEVERE ] removing card from slot 1
[2022-12-15 08:40:32] [SEVERE ] removing card from slot 2
[2022-12-15 08:40:32] [SEVERE ] placing card 19 in slot 0
[2022-12-15 08:40:32] [SEVERE ] placing card 63 in slot 1
[2022-12-15 08:40:33] [SEVERE ] placing card 23 in slot 2
[2022-12-15 08:40:33] [SEVERE ] removing card from slot 0
[2022-12-15 08:40:33] [SEVERE ] removing card from slot 1
[2022-12-15 08:40:33] [SEVERE ] removing card from slot 2
[2022-12-15 08:40:33] [SEVERE ] placing card 62 in slot 0
[2022-12-15 08:40:33] [SEVERE ] placing card 17 in slot 1
[2022-12-15 08:40:33] [SEVERE ] placing card 59 in slot 2
[2022-12-15 08:40:33] [SEVERE ] removing card from slot 0
[2022-12-15 08:40:33] [SEVERE ] removing card from slot 1
[2022-12-15 08:40:33] [SEVERE ] removing card from slot 2
[2022-12-15 08:40:33] [SEVERE ] placing card 76 in slot 0
[2022-12-15 08:40:33] [SEVERE ] placing card 11 in slot 1
[2022-12-15 08:40:33] [SEVERE ] placing card 75 in slot 2
[2022-12-15 08:40:33] [SEVERE ] removing card from slot 0
[2022-12-15 08:40:33] [SEVERE ] removing card from slot 1
[2022-12-15 08:40:33] [SEVERE ] removing card from slot 2
[2022-12-15 08:40:33] [SEVERE ] placing card 45 in slot 0
[2022-12-15 08:40:33] [SEVERE ] placing card 75 in slot 1
[2022-12-15 08:40:33] [SEVERE ] placing card 5 in slot 2
[2022-12-15 08:40:33] [SEVERE ] removing card from slot 0
[2022-12-15 08:40:33] [SEVERE ] removing card from slot 1
[2022-12-15 08:40:33] [SEVERE ] removing card from slot 2
[2022-12-15 08:40:34] [SEVERE ] placing card 69 in slot 0
[2022-12-15 08:40:34] [SEVERE ] placing card 44 in slot 1
[2022-12-15 08:40:34] [SEVERE ] placing card 7 in slot 2
[2022-12-15 08:40:34] [SEVERE ] removing card from slot 0
[2022-12-15 08:40:34] [SEVERE ] removing card from slot 1
[2022-12-15 08:40:34] [SEVERE ] removing card from slot 2
[2022-12-15 08:40:34] [SEVERE ] Key 77 was pressed by player 1
[2022-12-15 08:40:34] [SEVERE ] placing card 10 in slot 0
[2022-12-15 08:40:34] [SEVERE ] placing card 63 in slot 1
[2022-12-15 08:40:34] [SEVERE ] placing card 78 in slot 2
[2022-12-15 08:40:34] [SEVERE ] removing card from slot 0
[2022-12-15 08:40:34] [SEVERE ] removing card from slot 1
[2022-12-15 08:40:34] [SEVERE ] removing card from slot 2
[2022-12-15 08:40:34] [SEVERE ] placing card 32 in slot 0
[2022-12-15 08:40:34] [SEVERE ] placing card 47 in slot 1
[2022-12-15 08:40:34] [SEVERE ] placing card 56 in slot 2
[2022-12-15 08:40:34] [SEVERE ] removing card from slot 0
[2022-12-15 08:40:34] [SEVERE ] removing card from slot 1
[2022-12-15 08:40:34] [SEVERE ] removing card from slot 2
[2022-12-15 08:40:35] [SEVERE ] placing card 34 in slot 0
[2022-12-15 08:40:35] [SEVERE ] placing card 46 in slot 1
[2022-12-15 08:40:35] [SEVERE ] placing card 16 in slot 2
[2022-12-15 08:40:35] [SEVERE ] removing card from slot 0
[2022-12-15 08:40:35] [SEVERE ] removing card from slot 1
[2022-12-15 08:40:35] [SEVERE ] removing card from slot 2
[2022-12-15 08:40:35] [SEVERE ] placing card 63 in slot 0
[2022-12-15 08:40:35] [SEVERE ] placing card 76 in slot 1
[2022-12-15 08:40:35] [SEVERE ] placing card 35 in slot 2
[2022-12-15 08:40:35] [SEVERE ] removing card from slot 0
[2022-12-15 08:40:35] [SEVERE ] removing card from slot 1
[2022-12-15 08:40:35] [SEVERE ] removing card from slot 2
[2022-12-15 08:40:35] [SEVERE ] placing card 41 in slot 0
[2022-12-15 08:40:35] [SEVERE ] placing card 74 in slot 1
[2022-12-15 08:40:35] [SEVERE ] placing card 8 in slot 2
[2022-12-15 08:40:35] [SEVERE ] removing card from slot 0
[2022-12-15 08:40:35] [SEVERE ] removing card from slot 1
[2022-12-15 08:40:35] [SEVERE ] removing card from slot 2
[2022-12-15 08:40:35] [SEVERE ] placing card 39 in slot 0
[2022-12-15 08:40:36] [SEVERE ] placing card 78 in slot 1
[2022-12-15 08:40:36] [SEVERE ] placing card 21 in slot 2
[2022-12-15 08:40:36] [SEVERE ] removing card from slot 0
[2022-12-15 08:40:36] [SEVERE ] removing card from slot 1
[2022-12-15 08:40:36] [SEVERE ] removing card from slot 2
[2022-12-15 08:40:36] [SEVERE ] placing card 23 in slot 0
[2022-12-15 08:40:36] [SEVERE ] placing card 59 in slot 1
[2022-12-15 08:40:36] [SEVERE ] placing card 40 in slot 2
[2022-12-15 08:40:36] [SEVERE ] removing card from slot 0
[2022-12-15 08:40:36] [SEVERE ] removing card from slot 1
[2022-12-15 08:40:36] [SEVERE ] removing card from slot 2
[2022-12-15 08:40:36] [SEVERE ] placing card 32 in slot 0
[2022-12-15 08:40:36] [SEVERE ] placing card 37 in slot 1
[2022-12-15 08:40:36] [SEVERE ] placing card 0 in slot 2
[2022-12-15 08:40:36] [SEVERE ] removing card from slot 0
[2022-12-15 08:40:36] [SEVERE ] removing card from slot 1
[2022-12-15 08:40:36] [SEVERE ] removing card from slot 2
[2022-12-15 08:40:36] [SEVERE ] placing card 2 in slot 0
[2022-12-15 08:40:37] [SEVERE ] placing card 14 in slot 1
[2022-12-15 08:40:37] [SEVERE ] placing card 38 in slot 2
[2022-12-15 08:40:37] [SEVERE ] removing card from slot 0
[2022-12-15 08:40:37] [SEVERE ] removing card from slot 1
[2022-12-15 08:40:37] [SEVERE ] removing card from slot 2
[2022-12-15 08:40:37] [SEVERE ] placing card 20 in slot 0
[2022-12-15 08:40:37] [SEVERE ] placing card 27 in slot 1
[2022-12-15 08:40:37] [SEVERE ] placing card 75 in slot 2
[2022-12-15 08:40:37] [SEVERE ] removing card from slot 0
[2022-12-15 08:40:37] [SEVERE ] removing card from slot 1
[2022-12-15 08:40:37] [SEVERE ] removing card from slot 2
[2022-12-15 08:40:37] [SEVERE ] placing card 80 in slot 0
[2022-12-15 08:40:37] [SEVERE ] placing card 16 in slot 1
[2022-12-15 08:40:37] [SEVERE ] placing card 19 in slot 2
[2022-12-15 08:40:37] [SEVERE ] removing card from slot 0
[2022-12-15 08:40:37] [SEVERE ] removing card from slot 1
[2022-12-15 08:40:37] [SEVERE ] removing card from slot 2
[2022-12-15 08:40:37] [SEVERE ] placing card 72 in slot 0
[2022-12-15 08:40:37] [SEVERE ] placing card 55 in slot 1
[2022-12-15 08:40:38] [SEVERE ] placing card 33 in slot 2
[2022-12-15 08:40:38] [SEVERE ] removing card from slot 0
[2022-12-15 08:40:38] [SEVERE ] removing card from slot 1
[2022-12-15 08:40:38] [SEVERE ] removing card from slot 2
[2022-12-15 08:40:38] [SEVERE ] placing card 19 in slot 0
[2022-12-15 08:40:38] [SEVERE ] placing card 44 in slot 1
[2022-12-15 08:40:38] [SEVERE ] placing card 11 in slot 2
[2022-12-15 08:40:38] [SEVERE ] removing card from slot 0
[2022-12-15 08:40:38] [SEVERE ] removing card from slot 1
[2022-12-15 08:40:38] [SEVERE ] removing card from slot 2
[2022-12-15 08:40:38] [SEVERE ] placing card 63 in slot 0
[2022-12-15 08:40:38] [SEVERE ] placing card 41 in slot 1
[2022-12-15 08:40:38] [SEVERE ] placing card 32 in slot 2
[2022-12-15 08:40:38] [SEVERE ] removing card from slot 0
[2022-12-15 08:40:38] [SEVERE ] removing card from slot 1
[2022-12-15 08:40:38] [SEVERE ] removing card from slot 2
[2022-12-15 08:40:38] [SEVERE ] placing card 6 in slot 0
[2022-12-15 08:40:38] [SEVERE ] placing card 11 in slot 1
[2022-12-15 08:40:38] [SEVERE ] placing card 66 in slot 2
[2022-12-15 08:40:38] [SEVERE ] removing card from slot 0
[2022-12-15 08:40:38] [SEVERE ] removing card from slot 1
[2022-12-15 08:40:38] [SEVERE ] removing card from slot 2
[2022-12-15 08:40:39] [SEVERE ] placing card 17 in slot 0
[2022-12-15 08:40:39] [SEVERE ] placing card 7 in slot 1
[2022-12-15 08:40:39] [SEVERE ] placing card 27 in slot 2
[2022-12-15 08:40:39] [SEVERE ] removing card from slot 0
[2022-12-15 08:40:39] [SEVERE ] removing card from slot 1
[2022-12-15 08:40:39] [SEVERE ] removing card from slot 2
[2022-12-15 08:40:39] [SEVERE ] placing card 75 in slot 0
[2022-12-15 08:40:39] [SEVERE ] placing card 24 in slot 1
[2022-12-15 08:40:39] [SEVERE ] placing card 65 in slot 2
[2022-12-15 08:40:39] [SEVERE ] removing card from slot 0
[2022-12-15 08:40:39] [SEVERE ] removing card from slot 1
[2022-12-15 08:40:39] [SEVERE ] removing card from slot 2
[2022-12-15 08:40:39] [SEVERE ] placing card 68 in slot 0
[2022-12-15 08:40:39] [SEVERE ] placing card 4 in slot 1
[2022-12-15 08:40:39] [SEVERE ] placing card 16 in slot 2
[2022-12-15 08:40:39] [SEVERE ] removing card from slot 0
[2022-12-15 08:40:39] [SEVERE ] removing card from slot 1
[2022-12-15 08:40:39] [SEVERE ] removing card from slot 2
[2022-12-15 08:40:40] [SEVERE ] placing card 2 in slot 0
[2022-12-15 08:40:40] [SEVERE ] placing card 72 in slot 1
[2022-12-15 08:40:40] [SEVERE ] placing card 10 in slot 2
[2022-12-15 08:40:40] [SEVERE ] removing card from slot 0
[2022-12-15 08:40:40] [SEVERE ] removing card from slot 1
[2022-12-15 08:40:40] [SEVERE ] removing card from slot 2
[2022-12-15 08:40:40] [SEVERE ] placing card 79 in slot 0
[2022-12-15 08:40:40] [SEVERE ] placing card 17 in slot 1
[2022-12-15 08:40:40] [SEVERE ] placing card 74 in slot 2
[2022-12-15 08:40:40] [SEVERE ] removing card from slot 0
[2022-12-15 08:40:40] [SEVERE ] removing card from slot 1
[2022-12-15 08:40:40] [SEVERE ] removing card from slot 2
[2022-12-15 08:40:40] [SEVERE ] placing card 2 in slot 0
[2022-12-15 08:40:40] [SEVERE ] placing card 30 in slot 1
[2022-12-15 08:40:40] [SEVERE ] placing card 17 in slot 2
[2022-12-15 08:40:40] [SEVERE ] removing card from slot 0
[2022-12-15 08:40:40] [SEVERE ] removing card from slot 1
[2022-12-15 08:40:40] [SEVERE ] removing card from slot 2
[2022-12-15 08:40:40] [SEVERE ] placing card 71 in slot 0
[2022-12-15 08:40:41] [SEVERE ] placing card 5 in slot 1
[2022-12-15 08:40:41] [SEVERE ] placing card 44 in slot 2
[2022-12-15 08:40:41] [SEVERE ] removing card from slot 0
[2022-12-15 08:40:41] [SEVERE ] removing card from slot 1
[2022-12-15 08:40:41] [SEVERE ] removing card from slot 2
[2022-12-15 08:40:41] [SEVERE ] placing card 33 in slot 0
[2022-12-15 08:40:41] [SEVERE ] placing card 23 in slot 1
[2022-12-15 08:40:41] [SEVERE ] placing card 61 in slot 2
[2022-12-15 08:40:41] [SEVERE ] removing card from slot 0
[2022-12-15 08:40:41] [SEVERE ] removing card from slot 1
[2022-12-15 08:40:41] [SEVERE ] removing card from slot 2
[2022-12-15 08:40:41] [SEVERE ] placing card 47 in slot 0
[2022-12-15 08:40:41] [SEVERE ] placing card 8 in slot 1
[2022-12-15 08:40:41] [SEVERE ] placing card 24 in slot 2
[2022-12-15 08:40:41] [SEVERE ] removing card from slot 0
[2022-12-15 08:40:41] [SEVERE ] removing card from slot 1
[2022-12-15 08:40:41] [SEVERE ] removing card from slot 2
[2022-12-15 08:40:41] [SEVERE ] placing card 0 in slot 0
[2022-12-15 08:40:41] [SEVERE ] placing card 63 in slot 1
[2022-12-15 08:40:42] [SEVERE ] placing card 73 in slot 2
[2022-12-15 08:40:42] [SEVERE ] removing card from slot 0
[2022-12-15 08:40:42] [SEVERE ] removing card from slot 1
[2022-12-15 08:40:42] [SEVERE ] removing card from slot 2
[2022-12-15 08:40:42] [SEVERE ] placing card 26 in slot 0
[2022-12-15 08:40:42] [SEVERE ] placing card 54 in slot 1
[2022-12-15 08:40:42] [SEVERE ] placing card 15 in slot 2
[2022-12-15 08:40:42] [SEVERE ] removing card from slot 0
[2022-12-15 08:40:42] [SEVERE ] removing card from slot 1
[2022-12-15 08:40:42] [SEVERE ] removing card from slot 2
[2022-12-15 08:40:42] [SEVERE ] placing card 34 in slot 0
[2022-12-15 08:40:42] [SEVERE ] placing card 4 in slot 1
[2022-12-15 08:40:42] [SEVERE ] placing card 49 in slot 2
[2022-12-15 08:40:42] [SEVERE ] removing card from slot 0
[2022-12-15 08:40:42] [SEVERE ] removing card from slot 1
[2022-12-15 08:40:42] [SEVERE ] removing card from slot 2
[2022-12-15 08:40:42] [SEVERE ] placing card 17 in slot 0
[2022-12-15 08:40:42] [SEVERE ] placing card 50 in slot 1
[2022-12-15 08:40:43] [SEVERE ] placing card 32 in slot 2
[2022-12-15 08:40:43] [SEVERE ] removing card from slot 0
[2022-12-15 08:40:43] [SEVERE ] removing card from slot 1
[2022-12-15 08:40:43] [SEVERE ] removing card from slot 2
[2022-12-15 08:40:43] [SEVERE ] placing card 76 in slot 0
[2022-12-15 08:40:43] [SEVERE ] placing card 40 in slot 1
[2022-12-15 08:40:43] [SEVERE ] placing card 0 in slot 2
[2022-12-15 08:40:43] [SEVERE ] removing card from slot 0
[2022-12-15 08:40:43] [SEVERE ] removing card from slot 1
[2022-12-15 08:40:43] [SEVERE ] removing card from slot 2
[2022-12-15 08:40:43] [SEVERE ] placing card 26 in slot 0
[2022-12-15 08:40:43] [SEVERE ] placing card 63 in slot 1
[2022-12-15 08:40:43] [SEVERE ] placing card 79 in slot 2
[2022-12-15 08:40:43] [SEVERE ] removing card from slot 0
[2022-12-15 08:40:43] [SEVERE ] removing card from slot 1
[2022-12-15 08:40:43] [SEVERE ] removing card from slot 2
[2022-12-15 08:40:43] [SEVERE ] placing card 34 in slot 0
[2022-12-15 08:40:43] [SEVERE ] placing card 36 in slot 1
[2022-12-15 08:40:43] [SEVERE ] placing card 4 in slot 2
[2022-12-15 08:40:43] [SEVERE ] removing card from slot 0
[2022-12-15 08:40:43] [SEVERE ] removing card from slot 1
[2022-12-15 08:40:43] [SEVERE ] removing card from slot 2
[2022-12-15 08:40:44] [SEVERE ] placing card 36 in slot 0
[2022-12-15 08:40:44] [SEVERE ] placing card 25 in slot 1
[2022-12-15 08:40:44] [SEVERE ] placing card 2 in slot 2
[2022-12-15 08:40:44] [SEVERE ] removing card from slot 0
[2022-12-15 08:40:44] [SEVERE ] removing card from slot 1
[2022-12-15 08:40:44] [SEVERE ] removing card from slot 2
[2022-12-15 08:40:44] [SEVERE ] placing card 68 in slot 0
[2022-12-15 08:40:44] [SEVERE ] placing card 32 in slot 1
[2022-12-15 08:40:44] [SEVERE ] placing card 50 in slot 2
[2022-12-15 08:40:44] [SEVERE ] removing card from slot 0
[2022-12-15 08:40:44] [SEVERE ] removing card from slot 1
[2022-12-15 08:40:44] [SEVERE ] removing card from slot 2
[2022-12-15 08:40:44] [SEVERE ] placing card 59 in slot 0
[2022-12-15 08:40:44] [SEVERE ] placing card 63 in slot 1
[2022-12-15 08:40:44] [SEVERE ] placing card 8 in slot 2
[2022-12-15 08:40:44] [SEVERE ] removing card from slot 0
[2022-12-15 08:40:44] [SEVERE ] removing card from slot 1
[2022-12-15 08:40:44] [SEVERE ] removing card from slot 2
[2022-12-15 08:40:45] [SEVERE ] placing card 79 in slot 0
[2022-12-15 08:40:45] [SEVERE ] placing card 52 in slot 1
[2022-12-15 08:40:45] [SEVERE ] placing card 47 in slot 2
[2022-12-15 08:40:45] [SEVERE ] removing card from slot 0
[2022-12-15 08:40:45] [SEVERE ] removing card from slot 1
[2022-12-15 08:40:45] [SEVERE ] removing card from slot 2
[2022-12-15 08:40:45] [SEVERE ] placing card 28 in slot 0
[2022-12-15 08:40:45] [SEVERE ] placing card 16 in slot 1
[2022-12-15 08:40:45] [SEVERE ] placing card 30 in slot 2
[2022-12-15 08:40:45] [SEVERE ] removing card from slot 0
[2022-12-15 08:40:45] [SEVERE ] removing card from slot 1
[2022-12-15 08:40:45] [SEVERE ] removing card from slot 2
[2022-12-15 08:40:45] [SEVERE ] placing card 5 in slot 0
[2022-12-15 08:40:45] [SEVERE ] placing card 35 in slot 1
[2022-12-15 08:40:45] [SEVERE ] placing card 73 in slot 2
[2022-12-15 08:40:45] [SEVERE ] removing card from slot 0
[2022-12-15 08:40:45] [SEVERE ] removing card from slot 1
[2022-12-15 08:40:45] [SEVERE ] removing card from slot 2
[2022-12-15 08:40:45] [SEVERE ] placing card 49 in slot 0
[2022-12-15 08:40:46] [SEVERE ] placing card 77 in slot 1
[2022-12-15 08:40:46] [SEVERE ] placing card 33 in slot 2
[2022-12-15 08:40:46] [SEVERE ] removing card from slot 0
[2022-12-15 08:40:46] [SEVERE ] removing card from slot 1
[2022-12-15 08:40:46] [SEVERE ] removing card from slot 2
[2022-12-15 08:40:46] [SEVERE ] placing card 42 in slot 0
[2022-12-15 08:40:46] [SEVERE ] placing card 41 in slot 1
[2022-12-15 08:40:46] [SEVERE ] placing card 43 in slot 2
[2022-12-15 08:40:46] [SEVERE ] removing card from slot 0
[2022-12-15 08:40:46] [SEVERE ] removing card from slot 1
[2022-12-15 08:40:46] [SEVERE ] removing card from slot 2
[2022-12-15 08:40:46] [SEVERE ] placing card 1 in slot 0
[2022-12-15 08:40:46] [SEVERE ] placing card 4 in slot 1
[2022-12-15 08:40:46] [SEVERE ] placing card 66 in slot 2
[2022-12-15 08:40:46] [SEVERE ] removing card from slot 0
[2022-12-15 08:40:46] [SEVERE ] removing card from slot 1
[2022-12-15 08:40:46] [SEVERE ] removing card from slot 2
[2022-12-15 08:40:46] [SEVERE ] placing card 40 in slot 0
[2022-12-15 08:40:47] [SEVERE ] placing card 26 in slot 1
[2022-12-15 08:40:47] [SEVERE ] placing card 13 in slot 2
[2022-12-15 08:40:47] [SEVERE ] removing card from slot 0
[2022-12-15 08:40:47] [SEVERE ] removing card from slot 1
[2022-12-15 08:40:47] [SEVERE ] removing card from slot 2
[2022-12-15 08:40:47] [SEVERE ] placing card 26 in slot 0
[2022-12-15 08:40:47] [SEVERE ] placing card 27 in slot 1
[2022-12-15 08:40:47] [SEVERE ] placing card 29 in slot 2
[2022-12-15 08:40:47] [SEVERE ] removing card from slot 0
[2022-12-15 08:40:47] [SEVERE ] removing card from slot 1
[2022-12-15 08:40:47] [SEVERE ] removing card from slot 2
[2022-12-15 08:40:47] [SEVERE ] placing card 1 in slot 0
[2022-12-15 08:40:47] [SEVERE ] placing card 62 in slot 1
[2022-12-15 08:40:47] [SEVERE ] placing card 14 in slot 2
[2022-12-15 08:40:47] [SEVERE ] removing card from slot 0
[2022-12-15 08:40:47] [SEVERE ] removing card from slot 1
[2022-12-15 08:40:47] [SEVERE ] removing card from slot 2
[2022-12-15 08:40:47] [SEVERE ] placing card 44 in slot 0
[2022-12-15 08:40:47] [SEVERE ] placing card 47 in slot 1
[2022-12-15 08:40:48] [SEVERE ] placing card 15 in slot 2
[2022-12-15 08:40:48] [SEVERE ] removing card from slot 0
[2022-12-15 08:40:48] [SEVERE ] removing card from slot 1
[2022-12-15 08:40:48] [SEVERE ] removing card from slot 2
[2022-12-15 08:40:48] [SEVERE ] placing card 34 in slot 0
[2022-12-15 08:40:48] [SEVERE ] placing card 32 in slot 1
[2022-12-15 08:40:48] [SEVERE ] placing card 28 in slot 2
[2022-12-15 08:40:48] [SEVERE ] removing card from slot 0
[2022-12-15 08:40:48] [SEVERE ] removing card from slot 1
[2022-12-15 08:40:48] [SEVERE ] removing card from slot 2
[2022-12-15 08:40:48] [SEVERE ] placing card 79 in slot 0
[2022-12-15 08:40:48] [SEVERE ] placing card 5 in slot 1
[2022-12-15 08:40:48] [SEVERE ] placing card 24 in slot 2
[2022-12-15 08:40:48] [SEVERE ] removing card from slot 0
[2022-12-15 08:40:48] [SEVERE ] removing card from slot 1
[2022-12-15 08:40:48] [SEVERE ] removing card from slot 2
[2022-12-15 08:40:48] [SEVERE ] placing card 71 in slot 0
[2022-12-15 08:40:48] [SEVERE ] placing card 66 in slot 1
[2022-12-15 08:40:48] [SEVERE ] placing card 79 in slot 2
[2022-12-15 08:40:48] [SEVERE ] removing card from slot 0
[2022-12-15 08:40:48] [SEVERE ] removing card from slot 1
[2022-12-15 08:40:48] [SEVERE ] removing card from slot 2
[2022-12-15 08:40:49] [SEVERE ] placing card 18 in slot 0
[2022-12-15 08:40:49] [SEVERE ] placing card 54 in slot 1
[2022-12-15 08:40:49] [SEVERE ] placing card 56 in slot 2
[2022-12-15 08:40:49] [SEVERE ] removing card from slot 0
[2022-12-15 08:40:49] [SEVERE ] removing card from slot 1
[2022-12-15 08:40:49] [SEVERE ] removing card from slot 2
[2022-12-15 08:40:49] [SEVERE ] placing card 53 in slot 0
[2022-12-15 08:40:49] [SEVERE ] placing card 14 in slot 1
[2022-12-15 08:40:49] [SEVERE ] placing card 46 in slot 2
[2022-12-15 08:40:49] [SEVERE ] removing card from slot 0
[2022-12-15 08:40:49] [SEVERE ] removing card from slot 1
[2022-12-15 08:40:49] [SEVERE ] removing card from slot 2
[2022-12-15 08:40:49] [SEVERE ] placing card 43 in slot 0
[2022-12-15 08:40:49] [SEVERE ] placing card 73 in slot 1
[2022-12-15 08:40:49] [SEVERE ] placing card 34 in slot 2
[2022-12-15 08:40:49] [SEVERE ] removing card from slot 0
[2022-12-15 08:40:49] [SEVERE ] removing card from slot 1
[2022-12-15 08:40:49] [SEVERE ] removing card from slot 2
[2022-12-15 08:40:50] [SEVERE ] placing card 34 in slot 0
[2022-12-15 08:40:50] [SEVERE ] placing card 25 in slot 1
[2022-12-15 08:40:50] [SEVERE ] placing card 50 in slot 2
[2022-12-15 08:40:50] [SEVERE ] removing card from slot 0
[2022-12-15 08:40:50] [SEVERE ] removing card from slot 1
[2022-12-15 08:40:50] [SEVERE ] removing card from slot 2
[2022-12-15 08:40:50] [SEVERE ] placing card 79 in slot 0
[2022-12-15 08:40:50] [SEVERE ] placing card 45 in slot 1
[2022-12-15 08:40:50] [SEVERE ] placing card 37 in slot 2
[2022-12-15 08:40:50] [SEVERE ] removing card from slot 0
[2022-12-15 08:40:50] [SEVERE ] removing card from slot 1
[2022-12-15 08:40:50] [SEVERE ] removing card from slot 2
[2022-12-15 08:40:50] [SEVERE ] placing card 44 in slot 0
[2022-12-15 08:40:50] [SEVERE ] placing card 6 in slot 1
[2022-12-15 08:40:50] [SEVERE ] placing card 59 in slot 2
[2022-12-15 08:40:50] [SEVERE ] removing card from slot 0
[2022-12-15 08:40:50] [SEVERE ] removing card from slot 1
[2022-12-15 08:40:50] [SEVERE ] removing card from slot 2
[2022-12-15 08:40:50] [SEVERE ] placing card 65 in slot 0
[2022-12-15 08:40:51] [SEVERE ] placing card 13 in slot 1
[2022-12-15 08:40:51] [SEVERE ] placing card 47 in slot 2
[2022-12-15 08:40:51] [SEVERE ] removing card from slot 0
[2022-12-15 08:40:51] [SEVERE ] removing card from slot 1
[2022-12-15 08:40:51] [SEVERE ] removing card from slot 2
[2022-12-15 08:40:51] [SEVERE ] placing card 20 in slot 0
[2022-12-15 08:40:51] [SEVERE ] placing card 50 in slot 1
[2022-12-15 08:40:51] [SEVERE ] placing card 10 in slot 2
[2022-12-15 08:40:51] [SEVERE ] removing card from slot 0
[2022-12-15 08:40:51] [SEVERE ] removing card from slot 1
[2022-12-15 08:40:51] [SEVERE ] removing card from slot 2
[2022-12-15 08:40:51] [SEVERE ] placing card 49 in slot 0
[2022-12-15 08:40:51] [SEVERE ] placing card 33 in slot 1
[2022-12-15 08:40:51] [SEVERE ] placing card 39 in slot 2
[2022-12-15 08:40:51] [SEVERE ] removing card from slot 0
[2022-12-15 08:40:51] [SEVERE ] removing card from slot 1
[2022-12-15 08:40:51] [SEVERE ] removing card from slot 2
[2022-12-15 08:40:51] [SEVERE ] placing card 3 in slot 0
[2022-12-15 08:40:52] [SEVERE ] placing card 24 in slot 1
[2022-12-15 08:40:52] [SEVERE ] placing card 16 in slot 2
[2022-12-15 08:40:52] [SEVERE ] removing card from slot 0
[2022-12-15 08:40:52] [SEVERE ] removing card from slot 1
[2022-12-15 08:40:52] [SEVERE ] removing card from slot 2
[2022-12-15 08:40:52] [SEVERE ] placing card 40 in slot 0
[2022-12-15 08:40:52] [SEVERE ] placing card 27 in slot 1
[2022-12-15 08:40:52] [SEVERE ] placing card 76 in slot 2
[2022-12-15 08:40:52] [SEVERE ] removing card from slot 0
[2022-12-15 08:40:52] [SEVERE ] removing card from slot 1
[2022-12-15 08:40:52] [SEVERE ] removing card from slot 2
[2022-12-15 08:40:52] [SEVERE ] placing card 33 in slot 0
[2022-12-15 08:40:52] [SEVERE ] placing card 74 in slot 1
[2022-12-15 08:40:52] [SEVERE ] placing card 50 in slot 2
[2022-12-15 08:40:52] [SEVERE ] removing card from slot 0
[2022-12-15 08:40:52] [SEVERE ] removing card from slot 1
[2022-12-15 08:40:52] [SEVERE ] removing card from slot 2
[2022-12-15 08:40:52] [SEVERE ] placing card 20 in slot 0
[2022-12-15 08:40:52] [SEVERE ] placing card 44 in slot 1
[2022-12-15 08:40:53] [SEVERE ] placing card 11 in slot 2
[2022-12-15 08:40:53] [SEVERE ] removing card from slot 0
[2022-12-15 08:40:53] [SEVERE ] removing card from slot 1
[2022-12-15 08:40:53] [SEVERE ] removing card from slot 2
[2022-12-15 08:40:53] [SEVERE ] placing card 59 in slot 0
[2022-12-15 08:40:53] [SEVERE ] placing card 55 in slot 1
[2022-12-15 08:40:53] [SEVERE ] placing card 65 in slot 2
[2022-12-15 08:40:53] [SEVERE ] removing card from slot 0
[2022-12-15 08:40:53] [SEVERE ] removing card from slot 1
[2022-12-15 08:40:53] [SEVERE ] removing card from slot 2
[2022-12-15 08:40:53] [SEVERE ] placing card 14 in slot 0
[2022-12-15 08:40:53] [SEVERE ] placing card 42 in slot 1
[2022-12-15 08:40:53] [SEVERE ] placing card 12 in slot 2
[2022-12-15 08:40:53] [SEVERE ] removing card from slot 0
[2022-12-15 08:40:53] [SEVERE ] removing card from slot 1
[2022-12-15 08:40:53] [SEVERE ] removing card from slot 2
[2022-12-15 08:40:53] [SEVERE ] placing card 62 in slot 0
[2022-12-15 08:40:53] [SEVERE ] placing card 27 in slot 1
[2022-12-15 08:40:53] [SEVERE ] placing card 41 in slot 2
[2022-12-15 08:40:53] [SEVERE ] removing card from slot 0
[2022-12-15 08:40:53] [SEVERE ] removing card from slot 1
[2022-12-15 08:40:53] [SEVERE ] removing card from slot 2
[2022-12-15 08:40:54] [SEVERE ] placing card 46 in slot 0
[2022-12-15 08:40:54] [SEVERE ] placing card 0 in slot 1
[2022-12-15 08:40:54] [SEVERE ] placing card 29 in slot 2
[2022-12-15 08:40:54] [SEVERE ] removing card from slot 0
[2022-12-15 08:40:54] [SEVERE ] removing card from slot 1
[2022-12-15 08:40:54] [SEVERE ] removing card from slot 2
[2022-12-15 08:40:54] [SEVERE ] placing card 13 in slot 0
[2022-12-15 08:40:54] [SEVERE ] Key 74 was pressed by player 1
[2022-12-15 08:40:54] [SEVERE ] placing card 0 in slot 1
[2022-12-15 08:40:54] [SEVERE ] placing card 68 in slot 2
[2022-12-15 08:40:54] [SEVERE ] removing card from slot 0
[2022-12-15 08:40:54] [SEVERE ] removing card from slot 1
[2022-12-15 08:40:54] [SEVERE ] removing card from slot 2
[2022-12-15 08:40:54] [SEVERE ] placing card 7 in slot 0
[2022-12-15 08:40:54] [SEVERE ] placing card 28 in slot 1
[2022-12-15 08:40:54] [SEVERE ] placing card 43 in slot 2
[2022-12-15 08:40:54] [SEVERE ] removing card from slot 0
[2022-12-15 08:40:54] [SEVERE ] removing card from slot 1
[2022-12-15 08:40:54] [SEVERE ] removing card from slot 2
[2022-12-15 08:40:55] [SEVERE ] placing card 74 in slot 0
[2022-12-15 08:40:55] [SEVERE ] placing card 0 in slot 1
[2022-12-15 08:40:55] [SEVERE ] placing card 19 in slot 2
[2022-12-15 08:40:55] [SEVERE ] removing card from slot 0
[2022-12-15 08:40:55] [SEVERE ] removing card from slot 1
[2022-12-15 08:40:55] [SEVERE ] removing card from slot 2
[2022-12-15 08:40:55] [SEVERE ] removing card from slot 3
[2022-12-15 08:40:55] [SEVERE ] removing card from slot 4
[2022-12-15 08:40:55] [SEVERE ] removing card from slot 5
[2022-12-15 08:40:55] [SEVERE ] removing card from slot 6
[2022-12-15 08:40:55] [SEVERE ] removing card from slot 7
[2022-12-15 08:40:55] [SEVERE ] removing card from slot 8
[2022-12-15 08:40:55] [SEVERE ] removing card from slot 9
[2022-12-15 08:40:55] [SEVERE ] removing card from slot 10
[2022-12-15 08:40:55] [SEVERE ] removing card from slot 11
[2022-12-15 08:40:55] [SEVERE ] placing card 79 in slot 0
[2022-12-15 08:40:55] [SEVERE ] placing card 77 in slot 1
[2022-12-15 08:40:55] [SEVERE ] placing card 61 in slot 2
[2022-12-15 08:40:55] [SEVERE ] placing card 26 in slot 3
[2022-12-15 08:40:55] [SEVERE ] placing card 9 in slot 4
[2022-12-15 08:40:55] [SEVERE ] placing card 54 in slot 5
[2022-12-15 08:40:55] [SEVERE ] placing card 28 in slot 6
[2022-12-15 08:40:56] [SEVERE ] placing card 29 in slot 7
[2022-12-15 08:40:56] [SEVERE ] placing card 73 in slot 8
[2022-12-15 08:40:56] [SEVERE ] placing card 74 in slot 9
[2022-12-15 08:40:56] [SEVERE ] placing card 4 in slot 10
[2022-12-15 08:40:56] [SEVERE ] placing card 3 in slot 11
[2022-12-15 08:40:56] [SEVERE ] removing card from slot 0
[2022-12-15 08:40:56] [SEVERE ] removing card from slot 1
[2022-12-15 08:40:56] [SEVERE ] removing card from slot 2
[2022-12-15 08:40:56] [SEVERE ] placing card 39 in slot 0
[2022-12-15 08:40:56] [SEVERE ] placing card 18 in slot 1
[2022-12-15 08:40:56] [SEVERE ] placing card 58 in slot 2
[2022-12-15 08:40:56] [SEVERE ] removing card from slot 0
[2022-12-15 08:40:56] [SEVERE ] removing card from slot 1
[2022-12-15 08:40:56] [SEVERE ] removing card from slot 2
[2022-12-15 08:40:56] [SEVERE ] placing card 55 in slot 0
[2022-12-15 08:40:57] [SEVERE ] placing card 1 in slot 1
[2022-12-15 08:40:57] [SEVERE ] placing card 49 in slot 2
[2022-12-15 08:40:57] [SEVERE ] removing card from slot 0
[2022-12-15 08:40:57] [SEVERE ] removing card from slot 1
[2022-12-15 08:40:57] [SEVERE ] removing card from slot 2
[2022-12-15 08:40:57] [SEVERE ] placing card 40 in slot 0
[2022-12-15 08:40:57] [SEVERE ] placing card 61 in slot 1
[2022-12-15 08:40:57] [SEVERE ] placing card 76 in slot 2
[2022-12-15 08:40:57] [SEVERE ] removing card from slot 0
[2022-12-15 08:40:57] [SEVERE ] removing card from slot 1
[2022-12-15 08:40:57] [SEVERE ] removing card from slot 2
[2022-12-15 08:40:57] [SEVERE ] placing card 43 in slot 0
[2022-12-15 08:40:57] [SEVERE ] placing card 59 in slot 1
[2022-12-15 08:40:57] [SEVERE ] placing card 37 in slot 2
[2022-12-15 08:40:57] [SEVERE ] removing card from slot 0
[2022-12-15 08:40:57] [SEVERE ] removing card from slot 1
[2022-12-15 08:40:57] [SEVERE ] removing card from slot 2
[2022-12-15 08:40:57] [SEVERE ] placing card 61 in slot 0
[2022-12-15 08:40:57] [SEVERE ] placing card 50 in slot 1
[2022-12-15 08:40:58] [SEVERE ] placing card 30 in slot 2
[2022-12-15 08:40:58] [SEVERE ] removing card from slot 0
[2022-12-15 08:40:58] [SEVERE ] removing card from slot 1
[2022-12-15 08:40:58] [SEVERE ] removing card from slot 2
[2022-12-15 08:40:58] [SEVERE ] placing card 61 in slot 0
[2022-12-15 08:40:58] [SEVERE ] placing card 36 in slot 1
[2022-12-15 08:40:58] [SEVERE ] placing card 38 in slot 2
[2022-12-15 08:40:58] [SEVERE ] removing card from slot 0
[2022-12-15 08:40:58] [SEVERE ] removing card from slot 1
[2022-12-15 08:40:58] [SEVERE ] removing card from slot 2
[2022-12-15 08:40:58] [SEVERE ] placing card 16 in slot 0
[2022-12-15 08:40:58] [SEVERE ] placing card 55 in slot 1
[2022-12-15 08:40:58] [SEVERE ] placing card 44 in slot 2
[2022-12-15 08:40:58] [SEVERE ] removing card from slot 0
[2022-12-15 08:40:58] [SEVERE ] removing card from slot 1
[2022-12-15 08:40:58] [SEVERE ] removing card from slot 2
[2022-12-15 08:40:58] [SEVERE ] placing card 20 in slot 0
[2022-12-15 08:40:58] [SEVERE ] placing card 50 in slot 1
[2022-12-15 08:40:58] [SEVERE ] placing card 32 in slot 2
[2022-12-15 08:40:58] [SEVERE ] removing card from slot 0
[2022-12-15 08:40:58] [SEVERE ] removing card from slot 1
[2022-12-15 08:40:58] [SEVERE ] removing card from slot 2
[2022-12-15 08:40:59] [SEVERE ] removing player 1 token from slot 4
[2022-12-15 08:40:59] [SEVERE ] placing card 63 in slot 0
[2022-12-15 08:40:59] [SEVERE ] placing card 25 in slot 1
[2022-12-15 08:40:59] [SEVERE ] placing card 71 in slot 2
[2022-12-15 08:40:59] [SEVERE ] removing card from slot 0
[2022-12-15 08:40:59] [SEVERE ] removing card from slot 1
[2022-12-15 08:40:59] [SEVERE ] removing card from slot 2
[2022-12-15 08:40:59] [SEVERE ] placing card 27 in slot 0
[2022-12-15 08:40:59] [SEVERE ] placing card 67 in slot 1
[2022-12-15 08:40:59] [SEVERE ] placing card 5 in slot 2
[2022-12-15 08:40:59] [SEVERE ] removing card from slot 0
[2022-12-15 08:40:59] [SEVERE ] removing card from slot 1
[2022-12-15 08:40:59] [SEVERE ] removing card from slot 2
[2022-12-15 08:40:59] [SEVERE ] placing card 52 in slot 0
[2022-12-15 08:40:59] [SEVERE ] placing card 36 in slot 1
[2022-12-15 08:40:59] [SEVERE ] placing card 24 in slot 2
[2022-12-15 08:40:59] [SEVERE ] removing card from slot 0
[2022-12-15 08:40:59] [SEVERE ] removing card from slot 1
[2022-12-15 08:40:59] [SEVERE ] removing card from slot 2
[2022-12-15 08:41:00] [SEVERE ] placing card 42 in slot 0
[2022-12-15 08:41:00] [SEVERE ] placing card 60 in slot 1
[2022-12-15 08:41:00] [SEVERE ] placing card 71 in slot 2
[2022-12-15 08:41:00] [SEVERE ] removing card from slot 0
[2022-12-15 08:41:00] [SEVERE ] removing card from slot 1
[2022-12-15 08:41:00] [SEVERE ] removing card from slot 2
[2022-12-15 08:41:00] [SEVERE ] placing card 14 in slot 0
[2022-12-15 08:41:00] [SEVERE ] placing card 68 in slot 1
[2022-12-15 08:41:00] [SEVERE ] placing card 33 in slot 2
[2022-12-15 08:41:00] [SEVERE ] removing card from slot 0
[2022-12-15 08:41:00] [SEVERE ] removing card from slot 1
[2022-12-15 08:41:00] [SEVERE ] removing card from slot 2
[2022-12-15 08:41:00] [SEVERE ] placing card 19 in slot 0
[2022-12-15 08:41:00] [SEVERE ] placing card 5 in slot 1
[2022-12-15 08:41:00] [SEVERE ] placing card 7 in slot 2
[2022-12-15 08:41:00] [SEVERE ] removing card from slot 0
[2022-12-15 08:41:00] [SEVERE ] removing card from slot 1
[2022-12-15 08:41:00] [SEVERE ] removing card from slot 2
[2022-12-15 08:41:01] [SEVERE ] placing card 68 in slot 0
[2022-12-15 08:41:01] [SEVERE ] placing card 41 in slot 1
[2022-12-15 08:41:01] [SEVERE ] placing card 23 in slot 2
[2022-12-15 08:41:01] [SEVERE ] removing card from slot 0
[2022-12-15 08:41:01] [SEVERE ] removing card from slot 1
[2022-12-15 08:41:01] [SEVERE ] removing card from slot 2
[2022-12-15 08:41:01] [SEVERE ] placing card 46 in slot 0
[2022-12-15 08:41:01] [SEVERE ] placing card 21 in slot 1
[2022-12-15 08:41:01] [SEVERE ] placing card 62 in slot 2
[2022-12-15 08:41:01] [SEVERE ] removing card from slot 0
[2022-12-15 08:41:01] [SEVERE ] removing card from slot 1
[2022-12-15 08:41:01] [SEVERE ] removing card from slot 2
[2022-12-15 08:41:01] [SEVERE ] placing card 47 in slot 0
[2022-12-15 08:41:01] [SEVERE ] placing card 14 in slot 1
[2022-12-15 08:41:01] [SEVERE ] placing card 12 in slot 2
[2022-12-15 08:41:01] [SEVERE ] removing card from slot 0
[2022-12-15 08:41:01] [SEVERE ] removing card from slot 1
[2022-12-15 08:41:01] [SEVERE ] removing card from slot 2
[2022-12-15 08:41:01] [SEVERE ] placing card 22 in slot 0
[2022-12-15 08:41:02] [SEVERE ] placing card 38 in slot 1
[2022-12-15 08:41:02] [SEVERE ] placing card 65 in slot 2
[2022-12-15 08:41:02] [SEVERE ] removing card from slot 0
[2022-12-15 08:41:02] [SEVERE ] removing card from slot 1
[2022-12-15 08:41:02] [SEVERE ] removing card from slot 2
[2022-12-15 08:41:02] [SEVERE ] placing card 37 in slot 0
[2022-12-15 08:41:02] [SEVERE ] placing card 13 in slot 1
[2022-12-15 08:41:02] [SEVERE ] placing card 15 in slot 2
[2022-12-15 08:41:02] [SEVERE ] removing card from slot 0
[2022-12-15 08:41:02] [SEVERE ] removing card from slot 1
[2022-12-15 08:41:02] [SEVERE ] removing card from slot 2
[2022-12-15 08:41:02] [SEVERE ] placing card 42 in slot 0
[2022-12-15 08:41:02] [SEVERE ] placing card 58 in slot 1
[2022-12-15 08:41:02] [SEVERE ] placing card 60 in slot 2
[2022-12-15 08:41:02] [SEVERE ] removing card from slot 0
[2022-12-15 08:41:02] [SEVERE ] removing card from slot 1
[2022-12-15 08:41:02] [SEVERE ] removing card from slot 2
[2022-12-15 08:41:02] [SEVERE ] placing card 66 in slot 0
[2022-12-15 08:41:02] [SEVERE ] placing card 37 in slot 1
[2022-12-15 08:41:03] [SEVERE ] placing card 21 in slot 2
[2022-12-15 08:41:03] [SEVERE ] removing card from slot 0
[2022-12-15 08:41:03] [SEVERE ] removing card from slot 1
[2022-12-15 08:41:03] [SEVERE ] removing card from slot 2
[2022-12-15 08:41:03] [SEVERE ] placing card 70 in slot 0
[2022-12-15 08:41:03] [SEVERE ] placing card 5 in slot 1
[2022-12-15 08:41:03] [SEVERE ] placing card 16 in slot 2
[2022-12-15 08:41:03] [SEVERE ] removing card from slot 0
[2022-12-15 08:41:03] [SEVERE ] removing card from slot 1
[2022-12-15 08:41:03] [SEVERE ] removing card from slot 2
[2022-12-15 08:41:03] [SEVERE ] placing card 36 in slot 0
[2022-12-15 08:41:03] [SEVERE ] placing card 14 in slot 1
[2022-12-15 08:41:03] [SEVERE ] placing card 10 in slot 2
[2022-12-15 08:41:03] [SEVERE ] removing card from slot 0
[2022-12-15 08:41:03] [SEVERE ] removing card from slot 1
[2022-12-15 08:41:03] [SEVERE ] removing card from slot 2
[2022-12-15 08:41:03] [SEVERE ] placing card 8 in slot 0
[2022-12-15 08:41:03] [SEVERE ] placing card 1 in slot 1
[2022-12-15 08:41:04] [SEVERE ] placing card 71 in slot 2
[2022-12-15 08:41:04] [SEVERE ] removing card from slot 0
[2022-12-15 08:41:04] [SEVERE ] removing card from slot 1
[2022-12-15 08:41:04] [SEVERE ] removing card from slot 2
[2022-12-15 08:41:04] [SEVERE ] placing card 56 in slot 0
[2022-12-15 08:41:04] [SEVERE ] placing card 55 in slot 1
[2022-12-15 08:41:04] [SEVERE ] placing card 60 in slot 2
[2022-12-15 08:41:04] [SEVERE ] removing card from slot 0
[2022-12-15 08:41:04] [SEVERE ] removing card from slot 1
[2022-12-15 08:41:04] [SEVERE ] removing card from slot 2
[2022-12-15 08:41:04] [SEVERE ] placing card 38 in slot 0
[2022-12-15 08:41:04] [SEVERE ] placing card 51 in slot 1
[2022-12-15 08:41:04] [SEVERE ] placing card 62 in slot 2
[2022-12-15 08:41:04] [SEVERE ] removing card from slot 0
[2022-12-15 08:41:04] [SEVERE ] removing card from slot 1
[2022-12-15 08:41:04] [SEVERE ] removing card from slot 2
[2022-12-15 08:41:04] [SEVERE ] placing card 63 in slot 0
[2022-12-15 08:41:04] [SEVERE ] placing card 5 in slot 1
[2022-12-15 08:41:04] [SEVERE ] placing card 14 in slot 2
[2022-12-15 08:41:04] [SEVERE ] removing card from slot 0
[2022-12-15 08:41:04] [SEVERE ] removing card from slot 1
[2022-12-15 08:41:04] [SEVERE ] removing card from slot 2
[2022-12-15 08:41:05] [SEVERE ] placing card 0 in slot 0
[2022-12-15 08:41:05] [SEVERE ] placing card 6 in slot 1
[2022-12-15 08:41:05] [SEVERE ] placing card 58 in slot 2
[2022-12-15 08:41:05] [SEVERE ] removing card from slot 0
[2022-12-15 08:41:05] [SEVERE ] removing card from slot 1
[2022-12-15 08:41:05] [SEVERE ] removing card from slot 2
[2022-12-15 08:41:05] [SEVERE ] placing card 27 in slot 0
[2022-12-15 08:41:05] [SEVERE ] placing card 36 in slot 1
[2022-12-15 08:41:05] [SEVERE ] placing card 72 in slot 2
[2022-12-15 08:41:05] [SEVERE ] removing card from slot 0
[2022-12-15 08:41:05] [SEVERE ] removing card from slot 1
[2022-12-15 08:41:05] [SEVERE ] removing card from slot 2
[2022-12-15 08:41:05] [SEVERE ] placing card 64 in slot 0
[2022-12-15 08:41:05] [SEVERE ] placing card 1 in slot 1
[2022-12-15 08:41:05] [SEVERE ] placing card 23 in slot 2
[2022-12-15 08:41:05] [SEVERE ] removing card from slot 0
[2022-12-15 08:41:05] [SEVERE ] removing card from slot 1
[2022-12-15 08:41:05] [SEVERE ] removing card from slot 2
[2022-12-15 08:41:06] [SEVERE ] placing card 50 in slot 0
[2022-12-15 08:41:06] [SEVERE ] placing card 36 in slot 1
[2022-12-15 08:41:06] [SEVERE ] placing card 65 in slot 2
[2022-12-15 08:41:06] [SEVERE ] removing card from slot 0
[2022-12-15 08:41:06] [SEVERE ] removing card from slot 1
[2022-12-15 08:41:06] [SEVERE ] removing card from slot 2
[2022-12-15 08:41:06] [SEVERE ] placing card 40 in slot 0
[2022-12-15 08:41:06] [SEVERE ] placing card 79 in slot 1
[2022-12-15 08:41:06] [SEVERE ] placing card 24 in slot 2
[2022-12-15 08:41:06] [SEVERE ] removing card from slot 0
[2022-12-15 08:41:06] [SEVERE ] removing card from slot 1
[2022-12-15 08:41:06] [SEVERE ] removing card from slot 2
[2022-12-15 08:41:06] [SEVERE ] placing card 80 in slot 0
[2022-12-15 08:41:06] [SEVERE ] placing card 77 in slot 1
[2022-12-15 08:41:06] [SEVERE ] placing card 6 in slot 2
[2022-12-15 08:41:06] [SEVERE ] removing card from slot 0
[2022-12-15 08:41:06] [SEVERE ] removing card from slot 1
[2022-12-15 08:41:06] [SEVERE ] removing card from slot 2
[2022-12-15 08:41:06] [SEVERE ] placing card 51 in slot 0
[2022-12-15 08:41:07] [SEVERE ] placing card 66 in slot 1
[2022-12-15 08:41:07] [SEVERE ] placing card 58 in slot 2
[2022-12-15 08:41:07] [SEVERE ] removing card from slot 0
[2022-12-15 08:41:07] [SEVERE ] removing card from slot 1
[2022-12-15 08:41:07] [SEVERE ] removing card from slot 2
[2022-12-15 08:41:07] [SEVERE ] Key 74 was pressed by player 1
[2022-12-15 08:41:07] [SEVERE ] placing card 39 in slot 0
[2022-12-15 08:41:07] [SEVERE ] placing card 36 in slot 1
[2022-12-15 08:41:07] [SEVERE ] placing card 46 in slot 2
[2022-12-15 08:41:07] [SEVERE ] removing card from slot 0
[2022-12-15 08:41:07] [SEVERE ] removing card from slot 1
[2022-12-15 08:41:07] [SEVERE ] removing card from slot 2
[2022-12-15 08:41:07] [SEVERE ] placing card 60 in slot 0
[2022-12-15 08:41:07] [SEVERE ] placing card 12 in slot 1
[2022-12-15 08:41:07] [SEVERE ] placing card 16 in slot 2
[2022-12-15 08:41:07] [SEVERE ] removing card from slot 0
[2022-12-15 08:41:07] [SEVERE ] removing card from slot 1
[2022-12-15 08:41:07] [SEVERE ] removing card from slot 2
[2022-12-15 08:41:07] [SEVERE ] placing card 5 in slot 0
[2022-12-15 08:41:08] [SEVERE ] placing card 55 in slot 1
[2022-12-15 08:41:08] [SEVERE ] placing card 33 in slot 2
[2022-12-15 08:41:08] [SEVERE ] removing card from slot 0
[2022-12-15 08:41:08] [SEVERE ] removing card from slot 1
[2022-12-15 08:41:08] [SEVERE ] removing card from slot 2
[2022-12-15 08:41:08] [SEVERE ] placing card 76 in slot 0
[2022-12-15 08:41:08] [SEVERE ] placing card 15 in slot 1
[2022-12-15 08:41:08] [SEVERE ] placing card 36 in slot 2
[2022-12-15 08:41:08] [SEVERE ] removing card from slot 0
[2022-12-15 08:41:08] [SEVERE ] removing card from slot 1
[2022-12-15 08:41:08] [SEVERE ] removing card from slot 2
[2022-12-15 08:41:08] [SEVERE ] placing card 67 in slot 0
[2022-12-15 08:41:08] [SEVERE ] player 1 placing token on slot 4
[2022-12-15 08:41:08] [SEVERE ] placing card 43 in slot 1
[2022-12-15 08:41:08] [SEVERE ] placing card 18 in slot 2
[2022-12-15 08:41:08] [SEVERE ] removing card from slot 0
[2022-12-15 08:41:08] [SEVERE ] removing card from slot 1
[2022-12-15 08:41:08] [SEVERE ] removing card from slot 2
[2022-12-15 08:41:08] [SEVERE ] placing card 46 in slot 0
[2022-12-15 08:41:08] [SEVERE ] placing card 40 in slot 1
[2022-12-15 08:41:09] [SEVERE ] placing card 35 in slot 2
[2022-12-15 08:41:09] [SEVERE ] removing card from slot 0
[2022-12-15 08:41:09] [SEVERE ] removing card from slot 1
[2022-12-15 08:41:09] [SEVERE ] removing card from slot 2
[2022-12-15 08:41:09] [SEVERE ] placing card 7 in slot 0
[2022-12-15 08:41:09] [SEVERE ] placing card 43 in slot 1
[2022-12-15 08:41:09] [SEVERE ] placing card 2 in slot 2
[2022-12-15 08:41:09] [SEVERE ] removing card from slot 0
[2022-12-15 08:41:09] [SEVERE ] removing card from slot 1
[2022-12-15 08:41:09] [SEVERE ] removing card from slot 2
[2022-12-15 08:41:09] [SEVERE ] placing card 68 in slot 0
[2022-12-15 08:41:09] [SEVERE ] placing card 65 in slot 1
[2022-12-15 08:41:09] [SEVERE ] placing card 79 in slot 2
[2022-12-15 08:41:09] [SEVERE ] removing card from slot 0
[2022-12-15 08:41:09] [SEVERE ] removing card from slot 1
[2022-12-15 08:41:09] [SEVERE ] removing card from slot 2
[2022-12-15 08:41:09] [SEVERE ] placing card 59 in slot 0
[2022-12-15 08:41:09] [SEVERE ] placing card 66 in slot 1
[2022-12-15 08:41:09] [SEVERE ] placing card 60 in slot 2
[2022-12-15 08:41:09] [SEVERE ] removing card from slot 0
[2022-12-15 08:41:09] [SEVERE ] removing card from slot 1
[2022-12-15 08:41:09] [SEVERE ] removing card from slot 2
[2022-12-15 08:41:10] [SEVERE ] placing card 19 in slot 0
[2022-12-15 08:41:10] [SEVERE ] placing card 13 in slot 1
[2022-12-15 08:41:10] [SEVERE ] placing card 16 in slot 2
[2022-12-15 08:41:10] [SEVERE ] removing card from slot 0
[2022-12-15 08:41:10] [SEVERE ] removing card from slot 1
[2022-12-15 08:41:10] [SEVERE ] removing card from slot 2
[2022-12-15 08:41:10] [SEVERE ] placing card 25 in slot 0
[2022-12-15 08:41:10] [SEVERE ] placing card 80 in slot 1
[2022-12-15 08:41:10] [SEVERE ] Key 74 was pressed by player 1
[2022-12-15 08:41:10] [SEVERE ] placing card 2 in slot 2
[2022-12-15 08:41:10] [SEVERE ] removing card from slot 0
[2022-12-15 08:41:10] [SEVERE ] removing card from slot 1
[2022-12-15 08:41:10] [SEVERE ] removing card from slot 2
[2022-12-15 08:41:10] [SEVERE ] placing card 55 in slot 0
[2022-12-15 08:41:10] [SEVERE ] placing card 35 in slot 1
[2022-12-15 08:41:10] [SEVERE ] placing card 72 in slot 2
[2022-12-15 08:41:10] [SEVERE ] removing card from slot 0
[2022-12-15 08:41:10] [SEVERE ] removing card from slot 1
[2022-12-15 08:41:10] [SEVERE ] removing card from slot 2
[2022-12-15 08:41:11] [SEVERE ] placing card 21 in slot 0
[2022-12-15 08:41:11] [SEVERE ] placing card 11 in slot 1
[2022-12-15 08:41:11] [SEVERE ] placing card 52 in slot 2
[2022-12-15 08:41:11] [SEVERE ] removing card from slot 0
[2022-12-15 08:41:11] [SEVERE ] removing card from slot 1
[2022-12-15 08:41:11] [SEVERE ] removing card from slot 2
[2022-12-15 08:41:11] [SEVERE ] placing card 1 in slot 0
[2022-12-15 08:41:11] [SEVERE ] placing card 11 in slot 1
[2022-12-15 08:41:11] [SEVERE ] placing card 14 in slot 2
[2022-12-15 08:41:11] [SEVERE ] removing card from slot 0
[2022-12-15 08:41:11] [SEVERE ] removing card from slot 1
[2022-12-15 08:41:11] [SEVERE ] removing card from slot 2
[2022-12-15 08:41:11] [SEVERE ] placing card 69 in slot 0
[2022-12-15 08:41:11] [SEVERE ] placing card 35 in slot 1
[2022-12-15 08:41:11] [SEVERE ] placing card 75 in slot 2
[2022-12-15 08:41:11] [SEVERE ] removing card from slot 0
[2022-12-15 08:41:11] [SEVERE ] removing card from slot 1
[2022-12-15 08:41:11] [SEVERE ] removing card from slot 2
[2022-12-15 08:41:11] [SEVERE ] placing card 72 in slot 0
[2022-12-15 08:41:12] [SEVERE ] placing card 76 in slot 1
[2022-12-15 08:41:12] [SEVERE ] placing card 33 in slot 2
[2022-12-15 08:41:12] [SEVERE ] removing card from slot 0
[2022-12-15 08:41:12] [SEVERE ] removing card from slot 1
[2022-12-15 08:41:12] [SEVERE ] removing card from slot 2
[2022-12-15 08:41:12] [SEVERE ] placing card 53 in slot 0
[2022-12-15 08:41:12] [SEVERE ] placing card 27 in slot 1
[2022-12-15 08:41:12] [SEVERE ] placing card 31 in slot 2
[2022-12-15 08:41:12] [SEVERE ] removing card from slot 0
[2022-12-15 08:41:12] [SEVERE ] removing card from slot 1
[2022-12-15 08:41:12] [SEVERE ] removing card from slot 2
[2022-12-15 08:41:12] [SEVERE ] placing card 31 in slot 0
[2022-12-15 08:41:12] [SEVERE ] placing card 36 in slot 1
[2022-12-15 08:41:12] [SEVERE ] placing card 51 in slot 2
[2022-12-15 08:41:12] [SEVERE ] removing card from slot 0
[2022-12-15 08:41:12] [SEVERE ] removing card from slot 1
[2022-12-15 08:41:12] [SEVERE ] removing card from slot 2
[2022-12-15 08:41:12] [SEVERE ] placing card 78 in slot 0
[2022-12-15 08:41:13] [SEVERE ] placing card 13 in slot 1
[2022-12-15 08:41:13] [SEVERE ] placing card 49 in slot 2
[2022-12-15 08:41:13] [SEVERE ] removing card from slot 0
[2022-12-15 08:41:13] [SEVERE ] removing card from slot 1
[2022-12-15 08:41:13] [SEVERE ] removing card from slot 2
[2022-12-15 08:41:13] [SEVERE ] placing card 8 in slot 0
[2022-12-15 08:41:13] [SEVERE ] placing card 37 in slot 1
[2022-12-15 08:41:13] [SEVERE ] placing card 18 in slot 2
[2022-12-15 08:41:13] [SEVERE ] removing card from slot 0
[2022-12-15 08:41:13] [SEVERE ] removing card from slot 1
[2022-12-15 08:41:13] [SEVERE ] removing card from slot 2
[2022-12-15 08:41:13] [SEVERE ] placing card 33 in slot 0
[2022-12-15 08:41:13] [SEVERE ] placing card 52 in slot 1
[2022-12-15 08:41:13] [SEVERE ] removing player 1 token from slot 4
[2022-12-15 08:41:13] [SEVERE ] placing card 6 in slot 2
[2022-12-15 08:41:13] [SEVERE ] removing card from slot 0
[2022-12-15 08:41:13] [SEVERE ] removing card from slot 1
[2022-12-15 08:41:13] [SEVERE ] removing card from slot 2
[2022-12-15 08:41:13] [SEVERE ] placing card 40 in slot 0
[2022-12-15 08:41:13] [SEVERE ] placing card 59 in slot 1
[2022-12-15 08:41:14] [SEVERE ] placing card 69 in slot 2
[2022-12-15 08:41:14] [SEVERE ] removing card from slot 0
[2022-12-15 08:41:14] [SEVERE ] removing card from slot 1
[2022-12-15 08:41:14] [SEVERE ] removing card from slot 2
[2022-12-15 08:41:14] [SEVERE ] placing card 11 in slot 0
[2022-12-15 08:41:14] [SEVERE ] placing card 8 in slot 1
[2022-12-15 08:41:14] [SEVERE ] placing card 66 in slot 2
[2022-12-15 08:41:14] [SEVERE ] removing card from slot 0
[2022-12-15 08:41:14] [SEVERE ] removing card from slot 1
[2022-12-15 08:41:14] [SEVERE ] removing card from slot 2
[2022-12-15 08:41:14] [SEVERE ] placing card 48 in slot 0
[2022-12-15 08:41:14] [SEVERE ] placing card 40 in slot 1
[2022-12-15 08:41:14] [SEVERE ] placing card 27 in slot 2
[2022-12-15 08:41:14] [SEVERE ] removing card from slot 0
[2022-12-15 08:41:14] [SEVERE ] removing card from slot 1
[2022-12-15 08:41:14] [SEVERE ] removing card from slot 2
[2022-12-15 08:41:14] [SEVERE ] placing card 52 in slot 0
[2022-12-15 08:41:14] [SEVERE ] placing card 8 in slot 1
[2022-12-15 08:41:14] [SEVERE ] placing card 71 in slot 2
[2022-12-15 08:41:14] [SEVERE ] removing card from slot 0
[2022-12-15 08:41:14] [SEVERE ] removing card from slot 1
[2022-12-15 08:41:14] [SEVERE ] removing card from slot 2
[2022-12-15 08:41:15] [SEVERE ] placing card 21 in slot 0
[2022-12-15 08:41:15] [SEVERE ] placing card 79 in slot 1
[2022-12-15 08:41:15] [SEVERE ] placing card 59 in slot 2
[2022-12-15 08:41:15] [SEVERE ] removing card from slot 0
[2022-12-15 08:41:15] [SEVERE ] removing card from slot 1
[2022-12-15 08:41:15] [SEVERE ] removing card from slot 2
[2022-12-15 08:41:15] [SEVERE ] placing card 77 in slot 0
[2022-12-15 08:41:15] [SEVERE ] placing card 21 in slot 1
[2022-12-15 08:41:15] [SEVERE ] placing card 5 in slot 2
[2022-12-15 08:41:15] [SEVERE ] removing card from slot 0
[2022-12-15 08:41:15] [SEVERE ] removing card from slot 1
[2022-12-15 08:41:15] [SEVERE ] removing card from slot 2
[2022-12-15 08:41:15] [SEVERE ] placing card 46 in slot 0
[2022-12-15 08:41:15] [SEVERE ] placing card 34 in slot 1
[2022-12-15 08:41:15] [SEVERE ] placing card 30 in slot 2
[2022-12-15 08:41:15] [SEVERE ] removing card from slot 0
[2022-12-15 08:41:15] [SEVERE ] removing card from slot 1
[2022-12-15 08:41:15] [SEVERE ] removing card from slot 2
[2022-12-15 08:41:16] [SEVERE ] placing card 16 in slot 0
[2022-12-15 08:41:16] [SEVERE ] placing card 58 in slot 1
[2022-12-15 08:41:16] [SEVERE ] placing card 60 in slot 2
[2022-12-15 08:41:16] [SEVERE ] removing card from slot 0
[2022-12-15 08:41:16] [SEVERE ] removing card from slot 1
[2022-12-15 08:41:16] [SEVERE ] removing card from slot 2
[2022-12-15 08:41:16] [SEVERE ] placing card 1 in slot 0
[2022-12-15 08:41:16] [SEVERE ] placing card 76 in slot 1
[2022-12-15 08:41:16] [SEVERE ] placing card 79 in slot 2
[2022-12-15 08:41:16] [SEVERE ] removing card from slot 0
[2022-12-15 08:41:16] [SEVERE ] removing card from slot 1
[2022-12-15 08:41:16] [SEVERE ] removing card from slot 2
[2022-12-15 08:41:16] [SEVERE ] placing card 32 in slot 0
[2022-12-15 08:41:16] [SEVERE ] placing card 13 in slot 1
[2022-12-15 08:41:16] [SEVERE ] placing card 20 in slot 2
[2022-12-15 08:41:16] [SEVERE ] removing card from slot 0
[2022-12-15 08:41:16] [SEVERE ] removing card from slot 1
[2022-12-15 08:41:16] [SEVERE ] removing card from slot 2
[2022-12-15 08:41:16] [SEVERE ] placing card 71 in slot 0
[2022-12-15 08:41:17] [SEVERE ] placing card 38 in slot 1
[2022-12-15 08:41:17] [SEVERE ] placing card 78 in slot 2
[2022-12-15 08:41:17] [SEVERE ] removing card from slot 0
[2022-12-15 08:41:17] [SEVERE ] removing card from slot 1
[2022-12-15 08:41:17] [SEVERE ] removing card from slot 2
