[2022-12-17 12:54:54] [INFO   ] cannot read configuration file config.properties trying from resources.
[2022-12-17 12:54:54] [INFO   ] configuration file was loaded from resources directory.
[2022-12-17 12:54:54] [INFO   ] Thread dealer starting.
[2022-12-17 12:54:54] [INFO   ] Thread Thread-1starting.
[2022-12-17 12:54:54] [INFO   ] Thread Thread-2starting.
[2022-12-17 12:54:55] [SEVERE ] placing card 39 in slot 0
[2022-12-17 12:54:55] [SEVERE ] placing card 43 in slot 1
[2022-12-17 12:54:55] [SEVERE ] placing card 30 in slot 2
[2022-12-17 12:54:55] [SEVERE ] placing card 74 in slot 3
[2022-12-17 12:54:55] [SEVERE ] placing card 48 in slot 4
[2022-12-17 12:54:55] [SEVERE ] placing card 16 in slot 5
[2022-12-17 12:54:55] [SEVERE ] placing card 40 in slot 6
[2022-12-17 12:54:55] [SEVERE ] placing card 52 in slot 7
[2022-12-17 12:54:55] [SEVERE ] placing card 77 in slot 8
[2022-12-17 12:54:56] [SEVERE ] placing card 20 in slot 9
[2022-12-17 12:54:56] [SEVERE ] placing card 26 in slot 10
[2022-12-17 12:54:56] [SEVERE ] placing card 45 in slot 11
[2022-12-17 12:55:00] [SEVERE ] Key 87 was pressed by player 0
[2022-12-17 12:55:00] [SEVERE ] player 0 placing token on slot 1
[2022-12-17 12:55:00] [SEVERE ] Key 69 was pressed by player 0
[2022-12-17 12:55:00] [SEVERE ] player 0 placing token on slot 2
[2022-12-17 12:55:01] [SEVERE ] Key 82 was pressed by player 0
[2022-12-17 12:55:01] [SEVERE ] player 0 placing token on slot 3
[2022-12-17 12:55:01] [SEVERE ] setting player 0 freeze to 3000
[2022-12-17 12:55:01] [SEVERE ] setting player 0 freeze to 2000
[2022-12-17 12:55:02] [SEVERE ] setting player 0 freeze to 1000
[2022-12-17 12:55:03] [SEVERE ] setting player 0 freeze to 0
[2022-12-17 12:55:03] [SEVERE ] Key 87 was pressed by player 0
[2022-12-17 12:55:03] [SEVERE ] removing player 0 token from slot 1
[2022-12-17 12:55:04] [SEVERE ] Key 69 was pressed by player 0
[2022-12-17 12:55:04] [SEVERE ] removing player 0 token from slot 2
[2022-12-17 12:55:04] [SEVERE ] Key 82 was pressed by player 0
[2022-12-17 12:55:04] [SEVERE ] removing player 0 token from slot 3
[2022-12-17 12:55:12] [SEVERE ] Key 81 was pressed by player 0
[2022-12-17 12:55:12] [SEVERE ] player 0 placing token on slot 0
[2022-12-17 12:55:13] [SEVERE ] Key 69 was pressed by player 0
[2022-12-17 12:55:13] [SEVERE ] player 0 placing token on slot 2
[2022-12-17 12:55:14] [SEVERE ] Key 65 was pressed by player 0
[2022-12-17 12:55:14] [SEVERE ] player 0 placing token on slot 4
[2022-12-17 12:55:14] [SEVERE ] setting player 0 score to 1
[2022-12-17 12:55:14] [SEVERE ] setting player 0 freeze to 1000
[2022-12-17 12:55:14] [SEVERE ] setting player 0 freeze to 0
[2022-12-17 12:55:14] [SEVERE ] removing player 0 token from slot 0
[2022-12-17 12:55:14] [SEVERE ] removing card from slot 0
[2022-12-17 12:55:14] [SEVERE ] removing player 0 token from slot 2
[2022-12-17 12:55:14] [SEVERE ] removing card from slot 2
[2022-12-17 12:55:14] [SEVERE ] removing player 0 token from slot 4
[2022-12-17 12:55:14] [SEVERE ] removing card from slot 4
[2022-12-17 12:55:14] [SEVERE ] placing card 44 in slot 0
[2022-12-17 12:55:14] [SEVERE ] placing card 14 in slot 2
[2022-12-17 12:55:15] [SEVERE ] placing card 76 in slot 4
