[2022-12-17 15:45:39] [INFO   ] cannot read configuration file config.properties trying from resources.
[2022-12-17 15:45:39] [INFO   ] configuration file was loaded from resources directory.
[2022-12-17 15:45:39] [INFO   ] Thread dealer starting.
[2022-12-17 15:45:39] [INFO   ] Thread Thread-1starting.
[2022-12-17 15:45:39] [INFO   ] Thread Thread-2starting.
[2022-12-17 15:45:39] [INFO   ] Thread computer-1 starting.
[2022-12-17 15:45:39] [INFO   ] Thread computer-0 starting.
[2022-12-17 15:45:39] [SEVERE ] placing card 48 in slot 0
[2022-12-17 15:45:40] [SEVERE ] placing card 7 in slot 1
[2022-12-17 15:45:40] [SEVERE ] placing card 21 in slot 2
[2022-12-17 15:45:40] [SEVERE ] placing card 75 in slot 3
[2022-12-17 15:45:40] [SEVERE ] placing card 67 in slot 4
[2022-12-17 15:45:40] [SEVERE ] placing card 49 in slot 5
[2022-12-17 15:45:40] [SEVERE ] placing card 27 in slot 6
[2022-12-17 15:45:40] [SEVERE ] placing card 33 in slot 7
[2022-12-17 15:45:40] [SEVERE ] placing card 43 in slot 8
[2022-12-17 15:45:40] [SEVERE ] placing card 52 in slot 9
[2022-12-17 15:45:41] [SEVERE ] placing card 71 in slot 10
[2022-12-17 15:45:41] [SEVERE ] placing card 78 in slot 11
[2022-12-17 15:45:41] [SEVERE ] player 1 placing token on slot 10
[2022-12-17 15:45:41] [SEVERE ] player 0 placing token on slot 8
[2022-12-17 15:45:41] [SEVERE ] player 0 placing token on slot 2
[2022-12-17 15:45:41] [SEVERE ] player 0 placing token on slot 6
[2022-12-17 15:45:41] [SEVERE ] player 1 placing token on slot 3
[2022-12-17 15:45:41] [SEVERE ] setting player 0 freeze to 3000
[2022-12-17 15:45:41] [SEVERE ] player 1 placing token on slot 5
[2022-12-17 15:45:41] [SEVERE ] setting player 0 freeze to 2000
[2022-12-17 15:45:41] [SEVERE ] removing player 1 token from slot 5
[2022-12-17 15:45:41] [SEVERE ] player 1 placing token on slot 4
[2022-12-17 15:45:41] [SEVERE ] removing player 1 token from slot 10
[2022-12-17 15:45:41] [SEVERE ] player 1 placing token on slot 9
[2022-12-17 15:45:41] [SEVERE ] setting player 0 freeze to 1000
[2022-12-17 15:45:41] [SEVERE ] removing player 1 token from slot 4
[2022-12-17 15:45:41] [SEVERE ] player 1 placing token on slot 4
[2022-12-17 15:45:41] [SEVERE ] removing player 1 token from slot 9
[2022-12-17 15:45:41] [SEVERE ] player 1 placing token on slot 1
[2022-12-17 15:45:41] [SEVERE ] setting player 1 freeze to 3000
[2022-12-17 15:45:41] [SEVERE ] removing player 1 token from slot 3
[2022-12-17 15:45:41] [SEVERE ] setting player 0 freeze to 0
[2022-12-17 15:45:41] [SEVERE ] setting player 1 freeze to 2000
[2022-12-17 15:45:41] [SEVERE ] removing player 0 token from slot 6
[2022-12-17 15:45:41] [SEVERE ] player 0 placing token on slot 4
[2022-12-17 15:45:41] [SEVERE ] setting player 1 freeze to 1000
[2022-12-17 15:45:41] [SEVERE ] removing player 0 token from slot 2
[2022-12-17 15:45:41] [SEVERE ] player 0 placing token on slot 7
[2022-12-17 15:45:41] [SEVERE ] removing player 0 token from slot 7
[2022-12-17 15:45:41] [SEVERE ] player 0 placing token on slot 2
[2022-12-17 15:45:41] [SEVERE ] removing player 0 token from slot 8
[2022-12-17 15:45:41] [SEVERE ] player 0 placing token on slot 9
[2022-12-17 15:45:41] [SEVERE ] setting player 1 freeze to 0
[2022-12-17 15:45:41] [SEVERE ] removing player 0 token from slot 4
[2022-12-17 15:45:41] [SEVERE ] player 0 placing token on slot 6
[2022-12-17 15:45:41] [SEVERE ] removing player 0 token from slot 9
[2022-12-17 15:45:41] [SEVERE ] player 0 placing token on slot 1
[2022-12-17 15:45:41] [SEVERE ] player 1 placing token on slot 7
[2022-12-17 15:45:41] [SEVERE ] removing player 1 token from slot 7
[2022-12-17 15:45:41] [SEVERE ] player 1 placing token on slot 0
[2022-12-17 15:45:41] [SEVERE ] removing player 0 token from slot 6
[2022-12-17 15:45:41] [SEVERE ] player 0 placing token on slot 7
[2022-12-17 15:45:41] [SEVERE ] setting player 1 freeze to 3000
[2022-12-17 15:45:41] [SEVERE ] removing player 0 token from slot 7
[2022-12-17 15:45:41] [SEVERE ] setting player 1 freeze to 2000
[2022-12-17 15:45:41] [SEVERE ] player 0 placing token on slot 0
[2022-12-17 15:45:41] [SEVERE ] setting player 0 freeze to 3000
[2022-12-17 15:45:41] [SEVERE ] removing player 0 token from slot 2
[2022-12-17 15:45:41] [SEVERE ] setting player 0 freeze to 2000
[2022-12-17 15:45:41] [SEVERE ] setting player 1 freeze to 1000
[2022-12-17 15:45:42] [SEVERE ] setting player 0 freeze to 1000
[2022-12-17 15:45:42] [SEVERE ] setting player 1 freeze to 0
[2022-12-17 15:45:42] [SEVERE ] removing player 1 token from slot 1
[2022-12-17 15:45:42] [SEVERE ] player 1 placing token on slot 5
[2022-12-17 15:45:42] [SEVERE ] removing player 1 token from slot 0
[2022-12-17 15:45:42] [SEVERE ] player 1 placing token on slot 1
[2022-12-17 15:45:42] [SEVERE ] removing player 1 token from slot 1
[2022-12-17 15:45:42] [SEVERE ] setting player 0 freeze to 0
[2022-12-17 15:45:42] [SEVERE ] player 1 placing token on slot 10
[2022-12-17 15:45:42] [SEVERE ] player 0 placing token on slot 8
[2022-12-17 15:45:42] [SEVERE ] setting player 0 freeze to 3000
[2022-12-17 15:45:42] [SEVERE ] removing player 0 token from slot 8
[2022-12-17 15:45:42] [SEVERE ] setting player 0 freeze to 2000
[2022-12-17 15:45:42] [SEVERE ] removing player 1 token from slot 10
[2022-12-17 15:45:42] [SEVERE ] player 1 placing token on slot 6
[2022-12-17 15:45:42] [SEVERE ] removing player 1 token from slot 5
[2022-12-17 15:45:42] [SEVERE ] player 1 placing token on slot 8
[2022-12-17 15:45:42] [SEVERE ] removing player 1 token from slot 4
[2022-12-17 15:45:42] [SEVERE ] player 1 placing token on slot 0
[2022-12-17 15:45:42] [SEVERE ] setting player 0 freeze to 1000
[2022-12-17 15:45:42] [SEVERE ] removing player 1 token from slot 6
[2022-12-17 15:45:42] [SEVERE ] removing player 1 token from slot 8
[2022-12-17 15:45:42] [SEVERE ] player 1 placing token on slot 1
[2022-12-17 15:45:42] [SEVERE ] player 1 placing token on slot 6
[2022-12-17 15:45:42] [SEVERE ] setting player 0 freeze to 0
[2022-12-17 15:45:42] [SEVERE ] removing player 1 token from slot 6
[2022-12-17 15:45:42] [SEVERE ] player 0 placing token on slot 4
[2022-12-17 15:45:42] [SEVERE ] removing player 0 token from slot 0
[2022-12-17 15:45:42] [SEVERE ] removing player 0 token from slot 4
[2022-12-17 15:45:42] [SEVERE ] removing player 1 token from slot 1
[2022-12-17 15:45:42] [SEVERE ] player 1 placing token on slot 9
[2022-12-17 15:45:42] [SEVERE ] removing player 1 token from slot 9
[2022-12-17 15:45:42] [SEVERE ] player 1 placing token on slot 8
[2022-12-17 15:45:42] [SEVERE ] player 1 placing token on slot 10
[2022-12-17 15:45:42] [SEVERE ] player 0 placing token on slot 8
[2022-12-17 15:45:42] [SEVERE ] removing player 0 token from slot 8
[2022-12-17 15:45:42] [SEVERE ] player 0 placing token on slot 0
[2022-12-17 15:45:42] [SEVERE ] setting player 1 freeze to 3000
[2022-12-17 15:45:42] [SEVERE ] removing player 1 token from slot 10
[2022-12-17 15:45:42] [SEVERE ] setting player 1 freeze to 2000
[2022-12-17 15:45:42] [SEVERE ] player 0 placing token on slot 5
[2022-12-17 15:45:42] [SEVERE ] setting player 1 freeze to 1000
[2022-12-17 15:45:42] [SEVERE ] removing player 0 token from slot 5
[2022-12-17 15:45:42] [SEVERE ] player 0 placing token on slot 2
[2022-12-17 15:45:42] [SEVERE ] setting player 0 freeze to 3000
[2022-12-17 15:45:42] [SEVERE ] setting player 0 freeze to 2000
[2022-12-17 15:45:42] [SEVERE ] setting player 1 freeze to 0
[2022-12-17 15:45:42] [SEVERE ] removing player 1 token from slot 8
[2022-12-17 15:45:42] [SEVERE ] player 1 placing token on slot 1
[2022-12-17 15:45:42] [SEVERE ] player 1 placing token on slot 8
[2022-12-17 15:45:42] [SEVERE ] removing player 1 token from slot 0
[2022-12-17 15:45:42] [SEVERE ] setting player 0 freeze to 3000
[2022-12-17 15:45:42] [SEVERE ] removing player 1 token from slot 8
[2022-12-17 15:45:42] [SEVERE ] setting player 0 freeze to 4000
[2022-12-17 15:45:42] [SEVERE ] player 1 placing token on slot 9
[2022-12-17 15:45:42] [SEVERE ] player 1 placing token on slot 5
[2022-12-17 15:45:42] [SEVERE ] removing player 1 token from slot 5
[2022-12-17 15:45:42] [SEVERE ] setting player 0 freeze to 3000
[2022-12-17 15:45:42] [SEVERE ] player 1 placing token on slot 8
[2022-12-17 15:45:42] [SEVERE ] removing player 1 token from slot 1
[2022-12-17 15:45:42] [SEVERE ] setting player 1 freeze to 3000
[2022-12-17 15:45:42] [SEVERE ] player 1 placing token on slot 4
[2022-12-17 15:45:42] [SEVERE ] setting player 0 freeze to 2000
[2022-12-17 15:45:42] [SEVERE ] setting player 1 freeze to 2000
[2022-12-17 15:45:42] [SEVERE ] setting player 1 freeze to 3000
[2022-12-17 15:45:42] [SEVERE ] setting player 0 freeze to 1000
[2022-12-17 15:45:42] [SEVERE ] setting player 1 freeze to 4000
[2022-12-17 15:45:43] [SEVERE ] setting player 0 freeze to 0
[2022-12-17 15:45:43] [SEVERE ] setting player 1 freeze to 3000
[2022-12-17 15:45:43] [SEVERE ] removing player 0 token from slot 0
[2022-12-17 15:45:43] [SEVERE ] player 0 placing token on slot 4
[2022-12-17 15:45:43] [SEVERE ] removing player 0 token from slot 2
[2022-12-17 15:45:43] [SEVERE ] setting player 1 freeze to 2000
[2022-12-17 15:45:43] [SEVERE ] player 0 placing token on slot 2
[2022-12-17 15:45:43] [SEVERE ] setting player 1 freeze to 3000
[2022-12-17 15:45:43] [SEVERE ] setting player 1 freeze to 4000
[2022-12-17 15:45:43] [SEVERE ] removing player 0 token from slot 1
[2022-12-17 15:45:43] [SEVERE ] player 0 placing token on slot 7
[2022-12-17 15:45:43] [SEVERE ] setting player 1 freeze to 3000
[2022-12-17 15:45:43] [SEVERE ] removing player 0 token from slot 4
[2022-12-17 15:45:43] [SEVERE ] setting player 1 freeze to 6000
[2022-12-17 15:45:43] [SEVERE ] player 0 placing token on slot 9
[2022-12-17 15:45:43] [SEVERE ] setting player 1 freeze to 3000
[2022-12-17 15:45:43] [SEVERE ] removing player 0 token from slot 7
[2022-12-17 15:45:43] [SEVERE ] setting player 1 freeze to 8000
[2022-12-17 15:45:43] [SEVERE ] player 0 placing token on slot 3
[2022-12-17 15:45:43] [SEVERE ] removing player 0 token from slot 9
[2022-12-17 15:45:43] [SEVERE ] player 0 placing token on slot 8
[2022-12-17 15:45:43] [SEVERE ] setting player 1 freeze to 3000
[2022-12-17 15:45:43] [SEVERE ] removing player 0 token from slot 3
[2022-12-17 15:45:43] [SEVERE ] setting player 1 freeze to 10000
[2022-12-17 15:45:43] [SEVERE ] player 0 placing token on slot 0
[2022-12-17 15:45:43] [SEVERE ] removing player 0 token from slot 2
[2022-12-17 15:45:43] [SEVERE ] setting player 0 freeze to 3000
[2022-12-17 15:45:43] [SEVERE ] player 0 placing token on slot 1
[2022-12-17 15:45:43] [SEVERE ] setting player 0 freeze to 2000
[2022-12-17 15:45:43] [SEVERE ] setting player 1 freeze to 9000
[2022-12-17 15:45:43] [SEVERE ] setting player 1 freeze to 3000
[2022-12-17 15:45:43] [SEVERE ] setting player 0 freeze to 1000
[2022-12-17 15:45:43] [SEVERE ] setting player 1 freeze to 11000
[2022-12-17 15:45:44] [SEVERE ] setting player 0 freeze to 0
[2022-12-17 15:45:44] [SEVERE ] setting player 1 freeze to 10000
[2022-12-17 15:45:44] [SEVERE ] removing player 0 token from slot 0
[2022-12-17 15:45:44] [SEVERE ] player 0 placing token on slot 4
[2022-12-17 15:45:44] [SEVERE ] setting player 0 freeze to 3000
[2022-12-17 15:45:44] [SEVERE ] setting player 0 freeze to 2000
[2022-12-17 15:45:44] [SEVERE ] setting player 1 freeze to 9000
[2022-12-17 15:45:44] [SEVERE ] setting player 0 freeze to 1000
[2022-12-17 15:45:44] [SEVERE ] setting player 1 freeze to 8000
[2022-12-17 15:45:45] [SEVERE ] setting player 0 freeze to 0
[2022-12-17 15:45:45] [SEVERE ] setting player 1 freeze to 7000
[2022-12-17 15:45:45] [SEVERE ] removing player 0 token from slot 1
[2022-12-17 15:45:45] [SEVERE ] player 0 placing token on slot 3
[2022-12-17 15:45:45] [SEVERE ] removing player 0 token from slot 8
[2022-12-17 15:45:45] [SEVERE ] player 0 placing token on slot 0
[2022-12-17 15:45:45] [SEVERE ] setting player 1 freeze to 6000
[2022-12-17 15:45:45] [SEVERE ] removing player 0 token from slot 4
[2022-12-17 15:45:45] [SEVERE ] player 0 placing token on slot 4
[2022-12-17 15:45:45] [SEVERE ] removing player 0 token from slot 0
[2022-12-17 15:45:45] [SEVERE ] player 0 placing token on slot 0
[2022-12-17 15:45:45] [SEVERE ] removing player 0 token from slot 3
[2022-12-17 15:45:45] [SEVERE ] removing player 0 token from slot 0
[2022-12-17 15:45:45] [SEVERE ] setting player 1 freeze to 3000
[2022-12-17 15:45:45] [SEVERE ] setting player 1 freeze to 8000
[2022-12-17 15:45:45] [SEVERE ] player 0 placing token on slot 7
[2022-12-17 15:45:45] [SEVERE ] player 0 placing token on slot 8
[2022-12-17 15:45:45] [SEVERE ] removing player 0 token from slot 4
[2022-12-17 15:45:45] [SEVERE ] setting player 1 freeze to 3000
[2022-12-17 15:45:45] [SEVERE ] setting player 1 freeze to 10000
[2022-12-17 15:45:45] [SEVERE ] player 0 placing token on slot 6
[2022-12-17 15:45:45] [SEVERE ] setting player 1 freeze to 3000
[2022-12-17 15:45:45] [SEVERE ] removing player 0 token from slot 7
[2022-12-17 15:45:45] [SEVERE ] player 0 placing token on slot 1
[2022-12-17 15:45:45] [SEVERE ] setting player 1 freeze to 12000
[2022-12-17 15:45:45] [SEVERE ] removing player 0 token from slot 1
[2022-12-17 15:45:45] [SEVERE ] player 0 placing token on slot 4
[2022-12-17 15:45:45] [SEVERE ] removing player 0 token from slot 8
[2022-12-17 15:45:45] [SEVERE ] removing player 0 token from slot 6
[2022-12-17 15:45:45] [SEVERE ] player 0 placing token on slot 2
[2022-12-17 15:45:45] [SEVERE ] removing player 0 token from slot 2
[2022-12-17 15:45:45] [SEVERE ] removing player 0 token from slot 4
[2022-12-17 15:45:45] [SEVERE ] player 0 placing token on slot 9
[2022-12-17 15:45:45] [SEVERE ] player 0 placing token on slot 1
[2022-12-17 15:45:45] [SEVERE ] player 0 placing token on slot 3
[2022-12-17 15:45:45] [SEVERE ] setting player 1 freeze to 3000
[2022-12-17 15:45:45] [SEVERE ] setting player 1 freeze to 14000
[2022-12-17 15:45:45] [SEVERE ] removing player 0 token from slot 3
[2022-12-17 15:45:45] [SEVERE ] player 0 placing token on slot 3
[2022-12-17 15:45:45] [SEVERE ] setting player 0 freeze to 3000
[2022-12-17 15:45:45] [SEVERE ] removing player 0 token from slot 1
[2022-12-17 15:45:45] [SEVERE ] setting player 0 freeze to 2000
[2022-12-17 15:45:45] [SEVERE ] setting player 1 freeze to 13000
[2022-12-17 15:45:46] [SEVERE ] setting player 0 freeze to 1000
[2022-12-17 15:45:46] [SEVERE ] setting player 1 freeze to 12000
[2022-12-17 15:45:47] [SEVERE ] setting player 0 freeze to 0
[2022-12-17 15:45:47] [SEVERE ] setting player 1 freeze to 11000
[2022-12-17 15:45:47] [SEVERE ] player 0 placing token on slot 5
[2022-12-17 15:45:47] [SEVERE ] removing player 0 token from slot 5
[2022-12-17 15:45:47] [SEVERE ] player 0 placing token on slot 5
[2022-12-17 15:45:47] [SEVERE ] setting player 1 freeze to 10000
[2022-12-17 15:45:47] [SEVERE ] removing player 0 token from slot 3
[2022-12-17 15:45:47] [SEVERE ] setting player 1 freeze to 9000
[2022-12-17 15:45:47] [SEVERE ] removing player 0 token from slot 9
[2022-12-17 15:45:47] [SEVERE ] player 0 placing token on slot 9
[2022-12-17 15:45:47] [SEVERE ] player 0 placing token on slot 1
[2022-12-17 15:45:47] [SEVERE ] removing player 0 token from slot 5
[2022-12-17 15:45:47] [SEVERE ] setting player 1 freeze to 8000
[2022-12-17 15:45:47] [SEVERE ] player 0 placing token on slot 6
[2022-12-17 15:45:47] [SEVERE ] removing player 0 token from slot 1
[2022-12-17 15:45:47] [SEVERE ] setting player 0 freeze to 3000
[2022-12-17 15:45:47] [SEVERE ] player 0 placing token on slot 7
[2022-12-17 15:45:47] [SEVERE ] setting player 0 freeze to 2000
[2022-12-17 15:45:47] [SEVERE ] setting player 1 freeze to 7000
[2022-12-17 15:45:47] [SEVERE ] setting player 0 freeze to 3000
[2022-12-17 15:45:47] [SEVERE ] setting player 0 freeze to 4000
[2022-12-17 15:45:47] [SEVERE ] setting player 1 freeze to 6000
[2022-12-17 15:45:48] [SEVERE ] setting player 0 freeze to 3000
[2022-12-17 15:45:48] [SEVERE ] setting player 1 freeze to 5000
[2022-12-17 15:45:49] [SEVERE ] setting player 0 freeze to 2000
[2022-12-17 15:45:49] [SEVERE ] setting player 1 freeze to 4000
[2022-12-17 15:45:50] [SEVERE ] setting player 0 freeze to 1000
[2022-12-17 15:45:50] [SEVERE ] setting player 1 freeze to 3000
[2022-12-17 15:45:51] [SEVERE ] setting player 0 freeze to 0
[2022-12-17 15:45:51] [SEVERE ] setting player 1 freeze to 2000
[2022-12-17 15:45:51] [SEVERE ] removing player 0 token from slot 6
[2022-12-17 15:45:51] [SEVERE ] player 0 placing token on slot 8
[2022-12-17 15:45:51] [SEVERE ] removing player 0 token from slot 9
[2022-12-17 15:45:51] [SEVERE ] setting player 1 freeze to 1000
[2022-12-17 15:45:51] [SEVERE ] removing player 0 token from slot 8
[2022-12-17 15:45:51] [SEVERE ] player 0 placing token on slot 8
[2022-12-17 15:45:51] [SEVERE ] player 0 placing token on slot 1
[2022-12-17 15:45:51] [SEVERE ] removing player 0 token from slot 1
[2022-12-17 15:45:51] [SEVERE ] setting player 1 freeze to 0
[2022-12-17 15:45:51] [SEVERE ] player 0 placing token on slot 10
[2022-12-17 15:45:51] [SEVERE ] removing player 0 token from slot 8
[2022-12-17 15:45:51] [SEVERE ] player 0 placing token on slot 5
[2022-12-17 15:45:51] [SEVERE ] removing player 0 token from slot 5
[2022-12-17 15:45:51] [SEVERE ] removing player 1 token from slot 4
[2022-12-17 15:45:51] [SEVERE ] removing player 0 token from slot 10
[2022-12-17 15:45:51] [SEVERE ] player 0 placing token on slot 0
[2022-12-17 15:45:51] [SEVERE ] player 0 placing token on slot 4
[2022-12-17 15:45:51] [SEVERE ] removing player 1 token from slot 9
[2022-12-17 15:45:51] [SEVERE ] removing player 0 token from slot 0
[2022-12-17 15:45:51] [SEVERE ] player 0 placing token on slot 5
[2022-12-17 15:45:51] [SEVERE ] removing player 0 token from slot 7
[2022-12-17 15:45:51] [SEVERE ] player 0 placing token on slot 7
[2022-12-17 15:45:51] [SEVERE ] removing player 0 token from slot 5
[2022-12-17 15:45:51] [SEVERE ] removing player 0 token from slot 7
[2022-12-17 15:45:51] [SEVERE ] player 0 placing token on slot 2
[2022-12-17 15:45:51] [SEVERE ] player 1 placing token on slot 2
[2022-12-17 15:45:51] [SEVERE ] player 1 placing token on slot 4
[2022-12-17 15:45:51] [SEVERE ] removing player 1 token from slot 8
[2022-12-17 15:45:51] [SEVERE ] removing player 0 token from slot 2
[2022-12-17 15:45:51] [SEVERE ] removing player 0 token from slot 4
[2022-12-17 15:45:51] [SEVERE ] player 0 placing token on slot 0
[2022-12-17 15:45:51] [SEVERE ] player 1 placing token on slot 10
[2022-12-17 15:45:51] [SEVERE ] player 0 placing token on slot 9
[2022-12-17 15:45:51] [SEVERE ] removing player 0 token from slot 9
[2022-12-17 15:45:51] [SEVERE ] player 0 placing token on slot 1
[2022-12-17 15:45:51] [SEVERE ] player 0 placing token on slot 4
[2022-12-17 15:45:51] [SEVERE ] removing player 1 token from slot 4
[2022-12-17 15:45:51] [SEVERE ] setting player 0 freeze to 3000
[2022-12-17 15:45:51] [SEVERE ] player 1 placing token on slot 6
[2022-12-17 15:45:51] [SEVERE ] removing player 1 token from slot 2
[2022-12-17 15:45:51] [SEVERE ] setting player 0 freeze to 2000
[2022-12-17 15:45:51] [SEVERE ] player 1 placing token on slot 5
[2022-12-17 15:45:51] [SEVERE ] removing player 1 token from slot 5
[2022-12-17 15:45:51] [SEVERE ] setting player 0 freeze to 3000
[2022-12-17 15:45:51] [SEVERE ] removing player 1 token from slot 6
[2022-12-17 15:45:51] [SEVERE ] setting player 0 freeze to 4000
[2022-12-17 15:45:51] [SEVERE ] player 1 placing token on slot 3
[2022-12-17 15:45:51] [SEVERE ] removing player 1 token from slot 3
[2022-12-17 15:45:51] [SEVERE ] player 1 placing token on slot 9
[2022-12-17 15:45:51] [SEVERE ] player 1 placing token on slot 5
[2022-12-17 15:45:51] [SEVERE ] setting player 0 freeze to 3000
[2022-12-17 15:45:51] [SEVERE ] setting player 0 freeze to 6000
[2022-12-17 15:45:51] [SEVERE ] removing player 1 token from slot 9
[2022-12-17 15:45:51] [SEVERE ] player 1 placing token on slot 1
[2022-12-17 15:45:51] [SEVERE ] removing player 1 token from slot 5
[2022-12-17 15:45:51] [SEVERE ] setting player 0 freeze to 3000
[2022-12-17 15:45:51] [SEVERE ] setting player 0 freeze to 8000
[2022-12-17 15:45:51] [SEVERE ] removing player 1 token from slot 1
[2022-12-17 15:45:51] [SEVERE ] player 1 placing token on slot 1
[2022-12-17 15:45:51] [SEVERE ] player 1 placing token on slot 3
[2022-12-17 15:45:51] [SEVERE ] removing player 1 token from slot 10
[2022-12-17 15:45:51] [SEVERE ] player 1 placing token on slot 2
[2022-12-17 15:45:51] [SEVERE ] setting player 0 freeze to 3000
[2022-12-17 15:45:51] [SEVERE ] setting player 0 freeze to 10000
[2022-12-17 15:45:51] [SEVERE ] removing player 1 token from slot 1
[2022-12-17 15:45:51] [SEVERE ] player 1 placing token on slot 0
[2022-12-17 15:45:51] [SEVERE ] setting player 0 freeze to 3000
[2022-12-17 15:45:51] [SEVERE ] setting player 0 freeze to 12000
[2022-12-17 15:45:51] [SEVERE ] removing player 1 token from slot 2
[2022-12-17 15:45:51] [SEVERE ] player 1 placing token on slot 7
[2022-12-17 15:45:51] [SEVERE ] setting player 0 freeze to 3000
[2022-12-17 15:45:51] [SEVERE ] removing player 1 token from slot 7
[2022-12-17 15:45:51] [SEVERE ] setting player 0 freeze to 14000
[2022-12-17 15:45:51] [SEVERE ] player 1 placing token on slot 6
[2022-12-17 15:45:51] [SEVERE ] removing player 1 token from slot 3
[2022-12-17 15:45:51] [SEVERE ] player 1 placing token on slot 8
[2022-12-17 15:45:51] [SEVERE ] removing player 1 token from slot 8
[2022-12-17 15:45:51] [SEVERE ] setting player 0 freeze to 3000
[2022-12-17 15:45:51] [SEVERE ] setting player 0 freeze to 16000
[2022-12-17 15:45:51] [SEVERE ] player 1 placing token on slot 4
[2022-12-17 15:45:51] [SEVERE ] removing player 1 token from slot 0
[2022-12-17 15:45:51] [SEVERE ] setting player 0 freeze to 3000
[2022-12-17 15:45:51] [SEVERE ] player 1 placing token on slot 3
[2022-12-17 15:45:51] [SEVERE ] setting player 0 freeze to 18000
[2022-12-17 15:45:51] [SEVERE ] removing player 1 token from slot 6
[2022-12-17 15:45:51] [SEVERE ] player 1 placing token on slot 9
[2022-12-17 15:45:51] [SEVERE ] setting player 0 freeze to 3000
[2022-12-17 15:45:51] [SEVERE ] setting player 0 freeze to 20000
[2022-12-17 15:45:51] [SEVERE ] removing player 1 token from slot 3
[2022-12-17 15:45:51] [SEVERE ] player 1 placing token on slot 6
[2022-12-17 15:45:51] [SEVERE ] setting player 0 freeze to 3000
[2022-12-17 15:45:51] [SEVERE ] removing player 1 token from slot 6
[2022-12-17 15:45:51] [SEVERE ] setting player 0 freeze to 22000
[2022-12-17 15:45:51] [SEVERE ] player 1 placing token on slot 7
[2022-12-17 15:45:51] [SEVERE ] setting player 0 freeze to 3000
[2022-12-17 15:45:51] [SEVERE ] setting player 0 freeze to 24000
[2022-12-17 15:45:51] [SEVERE ] removing player 1 token from slot 4
[2022-12-17 15:45:51] [SEVERE ] player 1 placing token on slot 5
[2022-12-17 15:45:51] [SEVERE ] removing player 1 token from slot 7
[2022-12-17 15:45:51] [SEVERE ] player 1 placing token on slot 7
[2022-12-17 15:45:51] [SEVERE ] setting player 0 freeze to 3000
[2022-12-17 15:45:51] [SEVERE ] setting player 0 freeze to 26000
[2022-12-17 15:45:51] [SEVERE ] removing player 1 token from slot 7
[2022-12-17 15:45:51] [SEVERE ] removing player 1 token from slot 9
[2022-12-17 15:45:51] [SEVERE ] player 1 placing token on slot 6
[2022-12-17 15:45:51] [SEVERE ] player 1 placing token on slot 0
[2022-12-17 15:45:51] [SEVERE ] setting player 0 freeze to 3000
[2022-12-17 15:45:51] [SEVERE ] setting player 0 freeze to 28000
[2022-12-17 15:45:51] [SEVERE ] removing player 1 token from slot 6
[2022-12-17 15:45:51] [SEVERE ] player 1 placing token on slot 10
[2022-12-17 15:45:51] [SEVERE ] removing player 1 token from slot 10
[2022-12-17 15:45:51] [SEVERE ] player 1 placing token on slot 8
[2022-12-17 15:45:51] [SEVERE ] removing player 1 token from slot 0
[2022-12-17 15:45:51] [SEVERE ] player 1 placing token on slot 0
[2022-12-17 15:45:51] [SEVERE ] setting player 0 freeze to 3000
[2022-12-17 15:45:51] [SEVERE ] setting player 0 freeze to 30000
[2022-12-17 15:45:51] [SEVERE ] setting player 0 freeze to 3000
[2022-12-17 15:45:51] [SEVERE ] setting player 0 freeze to 32000
[2022-12-17 15:45:51] [SEVERE ] removing player 1 token from slot 0
[2022-12-17 15:45:51] [SEVERE ] player 1 placing token on slot 7
[2022-12-17 15:45:51] [SEVERE ] setting player 0 freeze to 3000
[2022-12-17 15:45:51] [SEVERE ] setting player 0 freeze to 34000
[2022-12-17 15:45:51] [SEVERE ] removing player 1 token from slot 7
[2022-12-17 15:45:51] [SEVERE ] player 1 placing token on slot 3
[2022-12-17 15:45:51] [SEVERE ] setting player 0 freeze to 3000
[2022-12-17 15:45:51] [SEVERE ] setting player 0 freeze to 36000
[2022-12-17 15:45:51] [SEVERE ] removing player 1 token from slot 3
[2022-12-17 15:45:51] [SEVERE ] player 1 placing token on slot 9
[2022-12-17 15:45:51] [SEVERE ] setting player 0 freeze to 3000
[2022-12-17 15:45:51] [SEVERE ] setting player 0 freeze to 38000
[2022-12-17 15:45:51] [SEVERE ] removing player 1 token from slot 5
[2022-12-17 15:45:51] [SEVERE ] player 1 placing token on slot 5
[2022-12-17 15:45:51] [SEVERE ] setting player 1 freeze to 3000
[2022-12-17 15:45:51] [SEVERE ] setting player 0 freeze to 37000
[2022-12-17 15:45:51] [SEVERE ] setting player 1 freeze to 2000
[2022-12-17 15:45:52] [SEVERE ] setting player 0 freeze to 36000
[2022-12-17 15:45:52] [SEVERE ] setting player 1 freeze to 1000
[2022-12-17 15:45:53] [SEVERE ] setting player 0 freeze to 35000
[2022-12-17 15:45:53] [SEVERE ] setting player 1 freeze to 0
[2022-12-17 15:45:53] [SEVERE ] removing player 1 token from slot 5
[2022-12-17 15:45:53] [SEVERE ] player 1 placing token on slot 7
[2022-12-17 15:45:53] [SEVERE ] removing player 1 token from slot 7
[2022-12-17 15:45:53] [SEVERE ] player 1 placing token on slot 6
[2022-12-17 15:45:53] [SEVERE ] setting player 1 freeze to 3000
[2022-12-17 15:45:53] [SEVERE ] removing player 1 token from slot 9
[2022-12-17 15:45:53] [SEVERE ] setting player 0 freeze to 34000
[2022-12-17 15:45:53] [SEVERE ] setting player 1 freeze to 2000
[2022-12-17 15:45:53] [SEVERE ] setting player 0 freeze to 3000
[2022-12-17 15:45:53] [SEVERE ] setting player 0 freeze to 36000
[2022-12-17 15:45:53] [SEVERE ] setting player 1 freeze to 1000
[2022-12-17 15:45:54] [SEVERE ] setting player 0 freeze to 35000
[2022-12-17 15:45:54] [SEVERE ] setting player 1 freeze to 0
[2022-12-17 15:45:54] [SEVERE ] player 1 placing token on slot 7
[2022-12-17 15:45:54] [SEVERE ] setting player 1 freeze to 3000
[2022-12-17 15:45:54] [SEVERE ] setting player 0 freeze to 34000
[2022-12-17 15:45:54] [SEVERE ] setting player 1 freeze to 2000
[2022-12-17 15:45:55] [SEVERE ] setting player 0 freeze to 33000
[2022-12-17 15:45:55] [SEVERE ] setting player 1 freeze to 1000
[2022-12-17 15:45:56] [SEVERE ] setting player 0 freeze to 32000
[2022-12-17 15:45:56] [SEVERE ] setting player 1 freeze to 0
[2022-12-17 15:45:56] [SEVERE ] removing player 1 token from slot 8
[2022-12-17 15:45:56] [SEVERE ] player 1 placing token on slot 10
[2022-12-17 15:45:56] [SEVERE ] setting player 1 freeze to 3000
[2022-12-17 15:45:56] [SEVERE ] setting player 0 freeze to 31000
[2022-12-17 15:45:56] [SEVERE ] setting player 1 freeze to 2000
[2022-12-17 15:45:57] [SEVERE ] setting player 0 freeze to 30000
[2022-12-17 15:45:57] [SEVERE ] setting player 1 freeze to 1000
[2022-12-17 15:45:58] [SEVERE ] setting player 0 freeze to 29000
[2022-12-17 15:45:58] [SEVERE ] setting player 1 freeze to 0
[2022-12-17 15:45:58] [SEVERE ] removing player 1 token from slot 7
[2022-12-17 15:45:58] [SEVERE ] player 1 placing token on slot 5
[2022-12-17 15:45:58] [SEVERE ] setting player 1 freeze to 3000
[2022-12-17 15:45:58] [SEVERE ] setting player 0 freeze to 28000
[2022-12-17 15:45:58] [SEVERE ] setting player 1 freeze to 2000
[2022-12-17 15:45:59] [SEVERE ] setting player 0 freeze to 27000
[2022-12-17 15:45:59] [SEVERE ] setting player 1 freeze to 1000
