[2022-12-15 19:26:57] [INFO   ] cannot read configuration file config.properties trying from resources.
[2022-12-15 19:26:57] [INFO   ] configuration file was loaded from resources directory.
[2022-12-15 19:26:58] [INFO   ] Thread dealer starting.
[2022-12-15 19:26:58] [SEVERE ] placing card 2 in slot 0
[2022-12-15 19:26:58] [SEVERE ] placing card 42 in slot 1
[2022-12-15 19:26:58] [SEVERE ] placing card 17 in slot 2
[2022-12-15 19:26:59] [SEVERE ] placing card 0 in slot 3
[2022-12-15 19:26:59] [SEVERE ] placing card 67 in slot 4
[2022-12-15 19:26:59] [SEVERE ] placing card 22 in slot 5
[2022-12-15 19:26:59] [SEVERE ] placing card 57 in slot 6
[2022-12-15 19:26:59] [SEVERE ] placing card 69 in slot 7
[2022-12-15 19:26:59] [SEVERE ] placing card 55 in slot 8
[2022-12-15 19:26:59] [SEVERE ] placing card 31 in slot 9
[2022-12-15 19:26:59] [SEVERE ] placing card 34 in slot 10
[2022-12-15 19:26:59] [SEVERE ] placing card 19 in slot 11
[2022-12-15 19:27:02] [SEVERE ] Key 87 was pressed by player 0
[2022-12-15 19:27:02] [SEVERE ] player 0 placing token on slot 1
[2022-12-15 19:27:03] [SEVERE ] Key 73 was pressed by player 1
[2022-12-15 19:27:03] [SEVERE ] player 1 placing token on slot 1
[2022-12-15 19:27:13] [SEVERE ] removing card from slot 0
[2022-12-15 19:27:27] [SEVERE ] removing player 0 token from slot 1
[2022-12-15 19:27:33] [INFO   ] Thread main terminated.
