[2022-12-15 19:30:26] [INFO   ] cannot read configuration file config.properties trying from resources.
[2022-12-15 19:30:26] [INFO   ] configuration file was loaded from resources directory.
[2022-12-15 19:30:27] [INFO   ] Thread dealer starting.
[2022-12-15 19:30:27] [SEVERE ] placing card 25 in slot 0
[2022-12-15 19:30:27] [SEVERE ] placing card 46 in slot 1
[2022-12-15 19:30:28] [SEVERE ] placing card 1 in slot 2
[2022-12-15 19:30:28] [SEVERE ] placing card 32 in slot 3
[2022-12-15 19:30:28] [SEVERE ] placing card 51 in slot 4
[2022-12-15 19:30:28] [SEVERE ] placing card 42 in slot 5
[2022-12-15 19:30:28] [SEVERE ] placing card 23 in slot 6
[2022-12-15 19:30:28] [SEVERE ] placing card 58 in slot 7
[2022-12-15 19:30:28] [SEVERE ] placing card 21 in slot 8
[2022-12-15 19:30:28] [SEVERE ] placing card 13 in slot 9
[2022-12-15 19:30:28] [SEVERE ] placing card 4 in slot 10
[2022-12-15 19:30:29] [SEVERE ] placing card 53 in slot 11
[2022-12-15 19:30:32] [SEVERE ] Key 87 was pressed by player 0
[2022-12-15 19:30:32] [SEVERE ] player 0 placing token on slot 1
[2022-12-15 19:30:32] [SEVERE ] Key 85 was pressed by player 1
[2022-12-15 19:30:32] [SEVERE ] player 1 placing token on slot 0
[2022-12-15 19:30:33] [SEVERE ] Key 73 was pressed by player 1
[2022-12-15 19:30:33] [SEVERE ] player 1 placing token on slot 1
[2022-12-15 19:30:40] [SEVERE ] removing player 1 token from slot 0
[2022-12-15 19:30:40] [SEVERE ] removing card from slot 0
[2022-12-15 19:30:44] [SEVERE ] removing player 0 token from slot 1
[2022-12-15 19:30:47] [SEVERE ] removing player 1 token from slot 1
[2022-12-15 19:30:47] [SEVERE ] removing card from slot 1
[2022-12-15 19:30:47] [SEVERE ] removing card from slot 2
[2022-12-15 19:30:47] [SEVERE ] placing card 41 in slot 0
[2022-12-15 19:30:47] [SEVERE ] placing card 40 in slot 1
[2022-12-15 19:30:47] [SEVERE ] placing card 0 in slot 2
[2022-12-15 19:30:56] [SEVERE ] removing card from slot 0
[2022-12-15 19:30:56] [SEVERE ] removing card from slot 1
[2022-12-15 19:30:56] [SEVERE ] removing card from slot 2
[2022-12-15 19:31:04] [SEVERE ] Key 79 was pressed by player 1
[2022-12-15 19:31:05] [SEVERE ] Key 80 was pressed by player 1
[2022-12-15 19:31:05] [SEVERE ] player 1 placing token on slot 3
[2022-12-15 19:31:06] [SEVERE ] Key 59 was pressed by player 1
[2022-12-15 19:31:06] [SEVERE ] player 1 placing token on slot 7
[2022-12-15 19:31:06] [SEVERE ] Key 76 was pressed by player 1
[2022-12-15 19:31:06] [SEVERE ] player 1 placing token on slot 6
[2022-12-15 19:31:06] [SEVERE ] Key 75 was pressed by player 1
[2022-12-15 19:31:07] [SEVERE ] Key 74 was pressed by player 1
[2022-12-15 19:31:08] [SEVERE ] Key 44 was pressed by player 1
[2022-12-15 19:31:08] [SEVERE ] Key 46 was pressed by player 1
[2022-12-15 19:31:08] [SEVERE ] Key 59 was pressed by player 1
[2022-12-15 19:31:09] [SEVERE ] Key 76 was pressed by player 1
[2022-12-15 19:31:09] [SEVERE ] Key 75 was pressed by player 1
[2022-12-15 19:31:09] [SEVERE ] player 1 placing token on slot 5
[2022-12-15 19:31:09] [SEVERE ] Key 74 was pressed by player 1
[2022-12-15 19:31:09] [SEVERE ] player 1 placing token on slot 4
[2022-12-15 19:31:11] [SEVERE ] Key 77 was pressed by player 1
[2022-12-15 19:31:11] [SEVERE ] Key 44 was pressed by player 1
[2022-12-15 19:31:12] [SEVERE ] Key 81 was pressed by player 0
[2022-12-15 19:31:12] [SEVERE ] Key 87 was pressed by player 0
[2022-12-15 19:31:12] [SEVERE ] Key 69 was pressed by player 0
[2022-12-15 19:31:13] [SEVERE ] Key 82 was pressed by player 0
[2022-12-15 19:31:13] [SEVERE ] player 0 placing token on slot 3
[2022-12-15 19:31:13] [SEVERE ] Key 87 was pressed by player 0
[2022-12-15 19:31:15] [SEVERE ] Key 65 was pressed by player 0
[2022-12-15 19:31:15] [SEVERE ] player 0 placing token on slot 4
[2022-12-15 19:31:15] [SEVERE ] Key 83 was pressed by player 0
[2022-12-15 19:31:15] [SEVERE ] player 0 placing token on slot 5
[2022-12-15 19:31:16] [SEVERE ] Key 68 was pressed by player 0
[2022-12-15 19:31:16] [SEVERE ] Key 70 was pressed by player 0
[2022-12-15 19:31:17] [SEVERE ] Key 77 was pressed by player 1
[2022-12-15 19:31:20] [SEVERE ] placing card 62 in slot 0
[2022-12-15 19:31:20] [SEVERE ] placing card 9 in slot 1
[2022-12-15 19:31:20] [SEVERE ] placing card 37 in slot 2
[2022-12-15 19:31:24] [SEVERE ] Key 81 was pressed by player 0
[2022-12-15 19:31:25] [SEVERE ] Key 81 was pressed by player 0
[2022-12-15 19:31:26] [SEVERE ] Key 87 was pressed by player 0
[2022-12-15 19:31:27] [SEVERE ] Key 87 was pressed by player 0
[2022-12-15 19:31:28] [SEVERE ] Key 69 was pressed by player 0
[2022-12-15 19:31:29] [SEVERE ] Key 82 was pressed by player 0
[2022-12-15 19:31:32] [SEVERE ] Key 87 was pressed by player 0
[2022-12-15 19:31:32] [SEVERE ] player 0 placing token on slot 1
[2022-12-15 19:31:35] [SEVERE ] Key 69 was pressed by player 0
[2022-12-15 19:31:37] [SEVERE ] Key 69 was pressed by player 0
[2022-12-15 19:31:38] [SEVERE ] Key 69 was pressed by player 0
[2022-12-15 19:31:38] [SEVERE ] Key 69 was pressed by player 0
[2022-12-15 19:31:38] [SEVERE ] Key 69 was pressed by player 0
[2022-12-15 19:31:41] [SEVERE ] removing all tokens
[2022-12-15 19:31:41] [SEVERE ] removing tokens from slot 0
[2022-12-15 19:31:41] [SEVERE ] removing tokens from slot 1
[2022-12-15 19:31:41] [SEVERE ] removing tokens from slot 2
[2022-12-15 19:31:41] [SEVERE ] removing tokens from slot 3
[2022-12-15 19:31:41] [SEVERE ] removing tokens from slot 4
[2022-12-15 19:31:41] [SEVERE ] removing tokens from slot 5
[2022-12-15 19:31:41] [SEVERE ] removing tokens from slot 6
[2022-12-15 19:31:41] [SEVERE ] removing tokens from slot 7
[2022-12-15 19:31:41] [SEVERE ] removing tokens from slot 8
[2022-12-15 19:31:41] [SEVERE ] removing tokens from slot 9
[2022-12-15 19:31:41] [SEVERE ] removing tokens from slot 10
[2022-12-15 19:31:41] [SEVERE ] removing tokens from slot 11
[2022-12-15 19:31:41] [SEVERE ] removing card from slot 0
[2022-12-15 19:31:41] [SEVERE ] removing card from slot 1
[2022-12-15 19:31:41] [SEVERE ] removing card from slot 2
[2022-12-15 19:31:42] [SEVERE ] removing card from slot 3
[2022-12-15 19:31:42] [SEVERE ] removing card from slot 4
[2022-12-15 19:31:42] [SEVERE ] removing card from slot 5
[2022-12-15 19:31:42] [SEVERE ] removing card from slot 6
[2022-12-15 19:31:42] [SEVERE ] removing card from slot 7
[2022-12-15 19:31:42] [SEVERE ] removing card from slot 8
[2022-12-15 19:31:42] [SEVERE ] removing card from slot 9
[2022-12-15 19:31:42] [SEVERE ] removing card from slot 10
[2022-12-15 19:31:42] [SEVERE ] removing card from slot 11
[2022-12-15 19:31:42] [SEVERE ] placing card 13 in slot 0
[2022-12-15 19:31:43] [SEVERE ] placing card 55 in slot 1
[2022-12-15 19:31:43] [SEVERE ] placing card 70 in slot 2
[2022-12-15 19:31:43] [SEVERE ] placing card 32 in slot 3
[2022-12-15 19:31:43] [SEVERE ] placing card 60 in slot 4
[2022-12-15 19:31:43] [SEVERE ] placing card 35 in slot 5
[2022-12-15 19:31:43] [SEVERE ] placing card 28 in slot 6
[2022-12-15 19:31:43] [SEVERE ] placing card 8 in slot 7
[2022-12-15 19:31:43] [SEVERE ] placing card 79 in slot 8
[2022-12-15 19:31:43] [SEVERE ] placing card 67 in slot 9
[2022-12-15 19:31:44] [SEVERE ] placing card 64 in slot 10
[2022-12-15 19:31:44] [SEVERE ] placing card 56 in slot 11
[2022-12-15 19:31:53] [SEVERE ] Key 80 was pressed by player 1
[2022-12-15 19:31:53] [SEVERE ] player 1 placing token on slot 3
[2022-12-15 19:31:57] [SEVERE ] removing card from slot 0
[2022-12-15 19:31:57] [SEVERE ] removing card from slot 1
[2022-12-15 19:31:57] [SEVERE ] removing card from slot 2
[2022-12-15 19:31:57] [SEVERE ] placing card 73 in slot 0
[2022-12-15 19:31:57] [SEVERE ] placing card 38 in slot 1
[2022-12-15 19:31:57] [SEVERE ] placing card 61 in slot 2
[2022-12-15 19:32:03] [SEVERE ] removing card from slot 0
[2022-12-15 19:32:03] [SEVERE ] removing card from slot 1
[2022-12-15 19:32:04] [SEVERE ] removing card from slot 2
[2022-12-15 19:32:04] [SEVERE ] placing card 48 in slot 0
[2022-12-15 19:32:04] [SEVERE ] placing card 7 in slot 1
[2022-12-15 19:32:04] [SEVERE ] placing card 11 in slot 2
[2022-12-15 19:32:04] [SEVERE ] removing card from slot 0
[2022-12-15 19:32:05] [SEVERE ] removing card from slot 1
[2022-12-15 19:32:05] [SEVERE ] removing card from slot 2
[2022-12-15 19:32:05] [SEVERE ] placing card 51 in slot 0
[2022-12-15 19:32:05] [SEVERE ] placing card 53 in slot 1
[2022-12-15 19:32:05] [SEVERE ] placing card 47 in slot 2
[2022-12-15 19:32:05] [SEVERE ] removing card from slot 0
[2022-12-15 19:32:06] [SEVERE ] removing card from slot 1
[2022-12-15 19:32:06] [SEVERE ] removing card from slot 2
[2022-12-15 19:32:06] [SEVERE ] placing card 75 in slot 0
[2022-12-15 19:32:06] [SEVERE ] placing card 39 in slot 1
[2022-12-15 19:32:06] [SEVERE ] placing card 34 in slot 2
[2022-12-15 19:32:10] [SEVERE ] removing card from slot 0
[2022-12-15 19:32:10] [SEVERE ] removing card from slot 1
[2022-12-15 19:32:10] [SEVERE ] removing card from slot 2
[2022-12-15 19:32:10] [SEVERE ] placing card 9 in slot 0
[2022-12-15 19:32:10] [SEVERE ] placing card 68 in slot 1
[2022-12-15 19:32:10] [SEVERE ] placing card 27 in slot 2
