[2022-12-17 15:55:31] [INFO   ] cannot read configuration file config.properties trying from resources.
[2022-12-17 15:55:31] [INFO   ] configuration file was loaded from resources directory.
[2022-12-17 15:55:32] [INFO   ] Thread dealer starting.
[2022-12-17 15:55:32] [INFO   ] Thread Thread-1starting.
[2022-12-17 15:55:32] [INFO   ] Thread computer-0 starting.
[2022-12-17 15:55:32] [SEVERE ] placing card 73 in slot 0
[2022-12-17 15:55:32] [SEVERE ] placing card 80 in slot 1
[2022-12-17 15:55:32] [SEVERE ] placing card 3 in slot 2
[2022-12-17 15:55:32] [SEVERE ] placing card 16 in slot 3
[2022-12-17 15:55:32] [SEVERE ] placing card 61 in slot 4
[2022-12-17 15:55:33] [SEVERE ] placing card 36 in slot 5
[2022-12-17 15:55:33] [SEVERE ] placing card 43 in slot 6
[2022-12-17 15:55:33] [SEVERE ] placing card 62 in slot 7
[2022-12-17 15:55:33] [SEVERE ] placing card 11 in slot 8
[2022-12-17 15:55:33] [SEVERE ] placing card 10 in slot 9
[2022-12-17 15:55:33] [SEVERE ] placing card 57 in slot 10
[2022-12-17 15:55:33] [SEVERE ] placing card 21 in slot 11
[2022-12-17 15:55:34] [SEVERE ] player 0 placing token on slot 0
[2022-12-17 15:55:34] [SEVERE ] player 0 placing token on slot 8
[2022-12-17 15:55:35] [SEVERE ] player 0 placing token on slot 10
[2022-12-17 15:55:35] [SEVERE ] setting player 0 freeze to 3000
[2022-12-17 15:55:35] [SEVERE ] setting player 0 freeze to 2000
[2022-12-17 15:55:36] [SEVERE ] setting player 0 freeze to 1000
[2022-12-17 15:55:37] [SEVERE ] setting player 0 freeze to 0
[2022-12-17 15:55:39] [SEVERE ] removing player 0 token from slot 8
[2022-12-17 15:55:39] [SEVERE ] player 0 placing token on slot 8
[2022-12-17 15:55:39] [SEVERE ] setting player 0 freeze to 3000
[2022-12-17 15:55:39] [SEVERE ] setting player 0 freeze to 2000
[2022-12-17 15:55:40] [SEVERE ] setting player 0 freeze to 1000
[2022-12-17 15:55:41] [SEVERE ] setting player 0 freeze to 0
[2022-12-17 15:55:47] [SEVERE ] removing player 0 token from slot 8
[2022-12-17 15:55:47] [SEVERE ] player 0 placing token on slot 4
[2022-12-17 15:55:47] [SEVERE ] setting player 0 freeze to 3000
[2022-12-17 15:55:47] [SEVERE ] setting player 0 freeze to 2000
[2022-12-17 15:55:48] [SEVERE ] setting player 0 freeze to 1000
[2022-12-17 15:55:49] [SEVERE ] setting player 0 freeze to 0
[2022-12-17 15:55:49] [SEVERE ] removing player 0 token from slot 10
[2022-12-17 15:55:52] [SEVERE ] player 0 placing token on slot 8
[2022-12-17 15:55:52] [SEVERE ] setting player 0 freeze to 3000
[2022-12-17 15:55:52] [SEVERE ] setting player 0 freeze to 2000
[2022-12-17 15:55:53] [SEVERE ] setting player 0 freeze to 1000
[2022-12-17 15:55:54] [SEVERE ] setting player 0 freeze to 0
[2022-12-17 15:55:55] [SEVERE ] removing player 0 token from slot 0
[2022-12-17 15:55:57] [SEVERE ] player 0 placing token on slot 2
[2022-12-17 15:55:57] [SEVERE ] setting player 0 freeze to 3000
[2022-12-17 15:55:57] [SEVERE ] setting player 0 freeze to 2000
[2022-12-17 15:55:58] [SEVERE ] setting player 0 freeze to 1000
[2022-12-17 15:55:59] [SEVERE ] setting player 0 freeze to 0
[2022-12-17 15:55:59] [SEVERE ] removing player 0 token from slot 4
[2022-12-17 15:55:59] [SEVERE ] player 0 placing token on slot 9
[2022-12-17 15:55:59] [SEVERE ] setting player 0 freeze to 3000
[2022-12-17 15:55:59] [SEVERE ] setting player 0 freeze to 2000
[2022-12-17 15:56:00] [SEVERE ] setting player 0 freeze to 1000
[2022-12-17 15:56:01] [SEVERE ] setting player 0 freeze to 0
[2022-12-17 15:56:06] [SEVERE ] removing player 0 token from slot 9
[2022-12-17 15:56:06] [SEVERE ] player 0 placing token on slot 10
[2022-12-17 15:56:06] [SEVERE ] setting player 0 freeze to 3000
[2022-12-17 15:56:06] [SEVERE ] setting player 0 freeze to 2000
[2022-12-17 15:56:07] [SEVERE ] setting player 0 freeze to 1000
[2022-12-17 15:56:08] [SEVERE ] setting player 0 freeze to 0
[2022-12-17 15:56:08] [SEVERE ] removing player 0 token from slot 8
[2022-12-17 15:56:11] [SEVERE ] player 0 placing token on slot 5
[2022-12-17 15:56:11] [SEVERE ] setting player 0 freeze to 3000
[2022-12-17 15:56:11] [SEVERE ] setting player 0 freeze to 2000
[2022-12-17 15:56:12] [SEVERE ] setting player 0 freeze to 1000
