[2022-12-17 10:21:58] [INFO   ] cannot read configuration file config.properties trying from resources.
[2022-12-17 10:21:58] [INFO   ] configuration file was loaded from resources directory.
[2022-12-17 10:21:59] [INFO   ] Thread dealer starting.
[2022-12-17 10:21:59] [INFO   ] Thread Thread-1starting.
[2022-12-17 10:21:59] [INFO   ] Thread Thread-2starting.
[2022-12-17 10:21:59] [SEVERE ] placing card 75 in slot 0
[2022-12-17 10:21:59] [SEVERE ] placing card 16 in slot 1
[2022-12-17 10:21:59] [SEVERE ] placing card 50 in slot 2
[2022-12-17 10:21:59] [SEVERE ] placing card 3 in slot 3
[2022-12-17 10:22:00] [SEVERE ] placing card 68 in slot 4
[2022-12-17 10:22:00] [SEVERE ] placing card 48 in slot 5
[2022-12-17 10:22:00] [SEVERE ] placing card 53 in slot 6
[2022-12-17 10:22:00] [SEVERE ] placing card 4 in slot 7
[2022-12-17 10:22:00] [SEVERE ] placing card 77 in slot 8
[2022-12-17 10:22:00] [SEVERE ] placing card 59 in slot 9
[2022-12-17 10:22:00] [SEVERE ] placing card 5 in slot 10
[2022-12-17 10:22:00] [SEVERE ] placing card 46 in slot 11
[2022-12-17 10:22:07] [SEVERE ] Key 65 was pressed by player 0
[2022-12-17 10:22:07] [SEVERE ] player 0 placing token on slot 4
[2022-12-17 10:22:07] [SEVERE ] Key 83 was pressed by player 0
[2022-12-17 10:22:07] [SEVERE ] player 0 placing token on slot 5
[2022-12-17 10:22:08] [SEVERE ] Key 68 was pressed by player 0
[2022-12-17 10:22:08] [SEVERE ] player 0 placing token on slot 6
[2022-12-17 10:22:08] [SEVERE ] setting player 0 freeze to 3000
[2022-12-17 10:22:08] [SEVERE ] setting player 0 freeze to 2000
[2022-12-17 10:22:09] [SEVERE ] setting player 0 freeze to 1000
[2022-12-17 10:22:10] [SEVERE ] setting player 0 freeze to 0
[2022-12-17 10:22:11] [SEVERE ] Key 88 was pressed by player 0
[2022-12-17 10:22:11] [SEVERE ] Key 88 was pressed by player 0
[2022-12-17 10:22:12] [SEVERE ] Key 88 was pressed by player 0
[2022-12-17 10:22:12] [SEVERE ] Key 88 was pressed by player 0
[2022-12-17 10:22:13] [SEVERE ] Key 88 was pressed by player 0
[2022-12-17 10:22:13] [SEVERE ] Key 88 was pressed by player 0
[2022-12-17 10:22:13] [SEVERE ] Key 70 was pressed by player 0
[2022-12-17 10:22:14] [SEVERE ] Key 70 was pressed by player 0
[2022-12-17 10:22:14] [SEVERE ] Key 68 was pressed by player 0
[2022-12-17 10:22:14] [SEVERE ] removing player 0 token from slot 6
[2022-12-17 10:22:15] [SEVERE ] Key 88 was pressed by player 0
[2022-12-17 10:22:15] [SEVERE ] player 0 placing token on slot 9
[2022-12-17 10:22:15] [SEVERE ] setting player 0 freeze to 3000
[2022-12-17 10:22:16] [SEVERE ] setting player 0 freeze to 2000
[2022-12-17 10:22:17] [SEVERE ] setting player 0 freeze to 1000
[2022-12-17 10:22:17] [SEVERE ] Key 70 was pressed by player 0
[2022-12-17 10:22:17] [SEVERE ] Key 70 was pressed by player 0
[2022-12-17 10:22:17] [SEVERE ] setting player 0 freeze to 0
[2022-12-17 10:22:18] [SEVERE ] Key 70 was pressed by player 0
[2022-12-17 10:22:18] [SEVERE ] Key 70 was pressed by player 0
[2022-12-17 10:22:18] [SEVERE ] Key 70 was pressed by player 0
[2022-12-17 10:22:18] [SEVERE ] Key 70 was pressed by player 0
[2022-12-17 10:22:18] [SEVERE ] Key 70 was pressed by player 0
[2022-12-17 10:22:19] [SEVERE ] Key 70 was pressed by player 0
[2022-12-17 10:22:19] [SEVERE ] Key 70 was pressed by player 0
[2022-12-17 10:22:19] [SEVERE ] Key 70 was pressed by player 0
[2022-12-17 10:22:19] [SEVERE ] Key 70 was pressed by player 0
[2022-12-17 10:22:19] [SEVERE ] Key 70 was pressed by player 0
[2022-12-17 10:22:20] [SEVERE ] Key 70 was pressed by player 0
[2022-12-17 10:22:20] [SEVERE ] Key 88 was pressed by player 0
[2022-12-17 10:22:20] [SEVERE ] removing player 0 token from slot 9
[2022-12-17 10:22:24] [SEVERE ] Key 82 was pressed by player 0
[2022-12-17 10:22:24] [SEVERE ] player 0 placing token on slot 3
[2022-12-17 10:22:24] [SEVERE ] setting player 0 score to 1
[2022-12-17 10:22:24] [SEVERE ] setting player 0 freeze to 1000
[2022-12-17 10:22:24] [SEVERE ] setting player 0 freeze to 0
[2022-12-17 10:22:24] [SEVERE ] removing player 0 token from slot 4
[2022-12-17 10:22:24] [SEVERE ] removing card from slot 4
[2022-12-17 10:22:24] [SEVERE ] removing player 0 token from slot 5
[2022-12-17 10:22:24] [SEVERE ] removing card from slot 5
[2022-12-17 10:22:24] [SEVERE ] removing player 0 token from slot 3
[2022-12-17 10:22:24] [SEVERE ] removing card from slot 3
[2022-12-17 10:22:25] [SEVERE ] placing card 28 in slot 3
[2022-12-17 10:22:25] [SEVERE ] placing card 80 in slot 4
[2022-12-17 10:22:25] [SEVERE ] placing card 55 in slot 5
[2022-12-17 10:22:26] [SEVERE ] Key 82 was pressed by player 0
[2022-12-17 10:22:26] [SEVERE ] player 0 placing token on slot 3
[2022-12-17 10:22:27] [SEVERE ] Key 82 was pressed by player 0
[2022-12-17 10:22:27] [SEVERE ] removing player 0 token from slot 3
[2022-12-17 10:22:28] [SEVERE ] Key 81 was pressed by player 0
[2022-12-17 10:22:28] [SEVERE ] player 0 placing token on slot 0
[2022-12-17 10:22:28] [SEVERE ] Key 87 was pressed by player 0
[2022-12-17 10:22:28] [SEVERE ] player 0 placing token on slot 1
[2022-12-17 10:22:29] [SEVERE ] Key 69 was pressed by player 0
[2022-12-17 10:22:29] [SEVERE ] player 0 placing token on slot 2
[2022-12-17 10:22:29] [SEVERE ] setting player 0 score to 2
[2022-12-17 10:22:29] [SEVERE ] setting player 0 freeze to 1000
[2022-12-17 10:22:30] [SEVERE ] setting player 0 freeze to 0
[2022-12-17 10:22:30] [SEVERE ] removing player 0 token from slot 0
[2022-12-17 10:22:30] [SEVERE ] removing card from slot 0
[2022-12-17 10:22:30] [SEVERE ] removing player 0 token from slot 1
[2022-12-17 10:22:30] [SEVERE ] removing card from slot 1
[2022-12-17 10:22:30] [SEVERE ] removing player 0 token from slot 2
[2022-12-17 10:22:30] [SEVERE ] removing card from slot 2
[2022-12-17 10:22:30] [SEVERE ] placing card 58 in slot 0
[2022-12-17 10:22:30] [SEVERE ] placing card 67 in slot 1
[2022-12-17 10:22:30] [SEVERE ] placing card 42 in slot 2
[2022-12-17 10:22:31] [SEVERE ] Key 81 was pressed by player 0
[2022-12-17 10:22:31] [SEVERE ] player 0 placing token on slot 0
[2022-12-17 10:22:31] [SEVERE ] Key 87 was pressed by player 0
[2022-12-17 10:22:31] [SEVERE ] player 0 placing token on slot 1
[2022-12-17 10:22:31] [SEVERE ] Key 69 was pressed by player 0
[2022-12-17 10:22:31] [SEVERE ] player 0 placing token on slot 2
[2022-12-17 10:22:31] [SEVERE ] setting player 0 score to 3
[2022-12-17 10:22:31] [SEVERE ] setting player 0 freeze to 1000
[2022-12-17 10:22:32] [SEVERE ] setting player 0 freeze to 0
[2022-12-17 10:22:32] [SEVERE ] removing player 0 token from slot 0
[2022-12-17 10:22:32] [SEVERE ] removing card from slot 0
[2022-12-17 10:22:32] [SEVERE ] removing player 0 token from slot 1
[2022-12-17 10:22:32] [SEVERE ] removing card from slot 1
[2022-12-17 10:22:32] [SEVERE ] removing player 0 token from slot 2
[2022-12-17 10:22:32] [SEVERE ] removing card from slot 2
[2022-12-17 10:22:32] [SEVERE ] placing card 72 in slot 0
[2022-12-17 10:22:33] [SEVERE ] placing card 52 in slot 1
[2022-12-17 10:22:33] [SEVERE ] placing card 62 in slot 2
[2022-12-17 10:22:33] [SEVERE ] Key 81 was pressed by player 0
[2022-12-17 10:22:33] [SEVERE ] player 0 placing token on slot 0
[2022-12-17 10:22:33] [SEVERE ] Key 87 was pressed by player 0
[2022-12-17 10:22:33] [SEVERE ] player 0 placing token on slot 1
[2022-12-17 10:22:33] [SEVERE ] Key 69 was pressed by player 0
[2022-12-17 10:22:33] [SEVERE ] player 0 placing token on slot 2
[2022-12-17 10:22:33] [SEVERE ] setting player 0 score to 4
[2022-12-17 10:22:33] [SEVERE ] setting player 0 freeze to 1000
[2022-12-17 10:22:34] [SEVERE ] setting player 0 freeze to 0
[2022-12-17 10:22:34] [SEVERE ] removing player 0 token from slot 0
[2022-12-17 10:22:34] [SEVERE ] removing card from slot 0
[2022-12-17 10:22:34] [SEVERE ] removing player 0 token from slot 1
[2022-12-17 10:22:34] [SEVERE ] removing card from slot 1
[2022-12-17 10:22:34] [SEVERE ] removing player 0 token from slot 2
[2022-12-17 10:22:34] [SEVERE ] removing card from slot 2
[2022-12-17 10:22:34] [SEVERE ] placing card 49 in slot 0
[2022-12-17 10:22:34] [SEVERE ] placing card 74 in slot 1
[2022-12-17 10:22:34] [SEVERE ] placing card 35 in slot 2
[2022-12-17 10:22:43] [SEVERE ] Key 87 was pressed by player 0
[2022-12-17 10:22:43] [SEVERE ] player 0 placing token on slot 1
[2022-12-17 10:22:45] [SEVERE ] Key 65 was pressed by player 0
[2022-12-17 10:22:45] [SEVERE ] player 0 placing token on slot 4
[2022-12-17 10:22:48] [SEVERE ] Key 90 was pressed by player 0
[2022-12-17 10:22:48] [SEVERE ] player 0 placing token on slot 8
[2022-12-17 10:22:48] [SEVERE ] setting player 0 freeze to 3000
[2022-12-17 10:22:49] [SEVERE ] setting player 0 freeze to 2000
[2022-12-17 10:22:50] [SEVERE ] setting player 0 freeze to 1000
[2022-12-17 10:22:50] [SEVERE ] setting player 0 freeze to 0
[2022-12-17 10:22:52] [SEVERE ] Key 90 was pressed by player 0
[2022-12-17 10:22:52] [SEVERE ] removing player 0 token from slot 8
[2022-12-17 10:23:01] [SEVERE ] removing all tokens
[2022-12-17 10:23:01] [SEVERE ] removing tokens from slot 0
[2022-12-17 10:23:01] [SEVERE ] removing tokens from slot 1
[2022-12-17 10:23:01] [SEVERE ] removing tokens from slot 2
[2022-12-17 10:23:01] [SEVERE ] removing tokens from slot 3
[2022-12-17 10:23:01] [SEVERE ] removing tokens from slot 4
[2022-12-17 10:23:01] [SEVERE ] removing tokens from slot 5
[2022-12-17 10:23:01] [SEVERE ] removing tokens from slot 6
[2022-12-17 10:23:01] [SEVERE ] removing tokens from slot 7
[2022-12-17 10:23:01] [SEVERE ] removing tokens from slot 8
[2022-12-17 10:23:01] [SEVERE ] removing tokens from slot 9
[2022-12-17 10:23:01] [SEVERE ] removing tokens from slot 10
[2022-12-17 10:23:01] [SEVERE ] removing tokens from slot 11
[2022-12-17 10:23:01] [SEVERE ] removing card from slot 0
[2022-12-17 10:23:01] [SEVERE ] removing card from slot 1
[2022-12-17 10:23:01] [SEVERE ] removing card from slot 2
[2022-12-17 10:23:01] [SEVERE ] removing card from slot 3
[2022-12-17 10:23:02] [SEVERE ] removing card from slot 4
[2022-12-17 10:23:02] [SEVERE ] removing card from slot 5
[2022-12-17 10:23:02] [SEVERE ] removing card from slot 6
[2022-12-17 10:23:02] [SEVERE ] removing card from slot 7
[2022-12-17 10:23:02] [SEVERE ] removing card from slot 8
[2022-12-17 10:23:02] [SEVERE ] removing card from slot 9
[2022-12-17 10:23:02] [SEVERE ] removing card from slot 10
[2022-12-17 10:23:02] [SEVERE ] removing card from slot 11
[2022-12-17 10:23:02] [SEVERE ] placing card 37 in slot 0
[2022-12-17 10:23:02] [SEVERE ] placing card 31 in slot 1
[2022-12-17 10:23:03] [SEVERE ] placing card 17 in slot 2
[2022-12-17 10:23:03] [SEVERE ] placing card 56 in slot 3
[2022-12-17 10:23:03] [SEVERE ] placing card 2 in slot 4
[2022-12-17 10:23:03] [SEVERE ] placing card 34 in slot 5
[2022-12-17 10:23:03] [SEVERE ] placing card 39 in slot 6
[2022-12-17 10:23:03] [SEVERE ] placing card 14 in slot 7
[2022-12-17 10:23:03] [SEVERE ] placing card 18 in slot 8
[2022-12-17 10:23:03] [SEVERE ] placing card 8 in slot 9
[2022-12-17 10:23:03] [SEVERE ] placing card 61 in slot 10
[2022-12-17 10:23:04] [SEVERE ] placing card 11 in slot 11
[2022-12-17 10:23:09] [SEVERE ] Key 69 was pressed by player 0
[2022-12-17 10:23:09] [SEVERE ] player 0 placing token on slot 2
[2022-12-17 10:23:10] [SEVERE ] Key 70 was pressed by player 0
[2022-12-17 10:23:10] [SEVERE ] player 0 placing token on slot 7
[2022-12-17 10:23:11] [SEVERE ] Key 67 was pressed by player 0
[2022-12-17 10:23:11] [SEVERE ] player 0 placing token on slot 10
[2022-12-17 10:23:11] [SEVERE ] setting player 0 freeze to 3000
[2022-12-17 10:23:12] [SEVERE ] setting player 0 freeze to 2000
[2022-12-17 10:23:13] [SEVERE ] setting player 0 freeze to 1000
[2022-12-17 10:23:14] [SEVERE ] setting player 0 freeze to 0
[2022-12-17 10:23:14] [SEVERE ] Key 67 was pressed by player 0
[2022-12-17 10:23:14] [SEVERE ] removing player 0 token from slot 10
[2022-12-17 10:23:15] [SEVERE ] Key 86 was pressed by player 0
[2022-12-17 10:23:15] [SEVERE ] player 0 placing token on slot 11
[2022-12-17 10:23:15] [SEVERE ] setting player 0 freeze to 3000
[2022-12-17 10:23:15] [SEVERE ] setting player 0 freeze to 2000
[2022-12-17 10:23:16] [SEVERE ] setting player 0 freeze to 1000
[2022-12-17 10:23:17] [SEVERE ] setting player 0 freeze to 0
[2022-12-17 10:23:20] [SEVERE ] Key 81 was pressed by player 0
[2022-12-17 10:23:20] [SEVERE ] Key 87 was pressed by player 0
[2022-12-17 10:23:22] [SEVERE ] Key 67 was pressed by player 0
[2022-12-17 10:23:22] [SEVERE ] Key 68 was pressed by player 0
[2022-12-17 10:23:22] [SEVERE ] Key 70 was pressed by player 0
[2022-12-17 10:23:22] [SEVERE ] removing player 0 token from slot 7
[2022-12-17 10:23:23] [SEVERE ] Key 67 was pressed by player 0
[2022-12-17 10:23:23] [SEVERE ] player 0 placing token on slot 10
[2022-12-17 10:23:23] [SEVERE ] setting player 0 freeze to 3000
[2022-12-17 10:23:23] [SEVERE ] Key 67 was pressed by player 0
[2022-12-17 10:23:24] [SEVERE ] setting player 0 freeze to 2000
[2022-12-17 10:23:24] [SEVERE ] Key 86 was pressed by player 0
[2022-12-17 10:23:25] [SEVERE ] setting player 0 freeze to 1000
[2022-12-17 10:23:25] [SEVERE ] setting player 0 freeze to 0
[2022-12-17 10:23:26] [SEVERE ] Key 86 was pressed by player 0
[2022-12-17 10:23:26] [SEVERE ] removing player 0 token from slot 11
[2022-12-17 10:23:26] [SEVERE ] Key 67 was pressed by player 0
[2022-12-17 10:23:26] [SEVERE ] removing player 0 token from slot 10
[2022-12-17 10:23:27] [SEVERE ] Key 81 was pressed by player 0
[2022-12-17 10:23:27] [SEVERE ] player 0 placing token on slot 0
[2022-12-17 10:23:27] [SEVERE ] Key 87 was pressed by player 0
[2022-12-17 10:23:27] [SEVERE ] player 0 placing token on slot 1
[2022-12-17 10:23:27] [SEVERE ] setting player 0 score to 5
[2022-12-17 10:23:27] [SEVERE ] setting player 0 freeze to 1000
[2022-12-17 10:23:28] [SEVERE ] setting player 0 freeze to 0
[2022-12-17 10:23:28] [SEVERE ] removing player 0 token from slot 2
[2022-12-17 10:23:28] [SEVERE ] removing card from slot 2
[2022-12-17 10:23:28] [SEVERE ] removing player 0 token from slot 0
[2022-12-17 10:23:29] [SEVERE ] removing card from slot 0
[2022-12-17 10:23:29] [SEVERE ] removing player 0 token from slot 1
[2022-12-17 10:23:29] [SEVERE ] removing card from slot 1
[2022-12-17 10:23:29] [SEVERE ] placing card 13 in slot 0
[2022-12-17 10:23:29] [SEVERE ] placing card 26 in slot 1
[2022-12-17 10:23:29] [SEVERE ] placing card 32 in slot 2
[2022-12-17 10:23:29] [SEVERE ] Key 81 was pressed by player 0
[2022-12-17 10:23:29] [SEVERE ] player 0 placing token on slot 0
[2022-12-17 10:23:29] [SEVERE ] Key 87 was pressed by player 0
[2022-12-17 10:23:29] [SEVERE ] player 0 placing token on slot 1
[2022-12-17 10:23:29] [SEVERE ] Key 69 was pressed by player 0
[2022-12-17 10:23:29] [SEVERE ] player 0 placing token on slot 2
[2022-12-17 10:23:29] [SEVERE ] setting player 0 score to 6
[2022-12-17 10:23:29] [SEVERE ] setting player 0 freeze to 1000
[2022-12-17 10:23:30] [SEVERE ] setting player 0 freeze to 0
[2022-12-17 10:23:30] [SEVERE ] removing player 0 token from slot 0
[2022-12-17 10:23:30] [SEVERE ] removing card from slot 0
[2022-12-17 10:23:30] [SEVERE ] removing player 0 token from slot 1
[2022-12-17 10:23:30] [SEVERE ] removing card from slot 1
[2022-12-17 10:23:30] [SEVERE ] removing player 0 token from slot 2
[2022-12-17 10:23:30] [SEVERE ] removing card from slot 2
[2022-12-17 10:23:30] [SEVERE ] placing card 28 in slot 0
[2022-12-17 10:23:30] [SEVERE ] Key 81 was pressed by player 0
[2022-12-17 10:23:30] [SEVERE ] player 0 placing token on slot 0
[2022-12-17 10:23:30] [SEVERE ] placing card 51 in slot 1
[2022-12-17 10:23:31] [SEVERE ] Key 87 was pressed by player 0
[2022-12-17 10:23:31] [SEVERE ] player 0 placing token on slot 1
[2022-12-17 10:23:31] [SEVERE ] placing card 5 in slot 2
[2022-12-17 10:23:31] [SEVERE ] Key 69 was pressed by player 0
[2022-12-17 10:23:31] [SEVERE ] player 0 placing token on slot 2
[2022-12-17 10:23:31] [SEVERE ] setting player 0 score to 7
[2022-12-17 10:23:31] [SEVERE ] setting player 0 freeze to 1000
[2022-12-17 10:23:32] [SEVERE ] setting player 0 freeze to 0
[2022-12-17 10:23:32] [SEVERE ] removing player 0 token from slot 0
[2022-12-17 10:23:32] [SEVERE ] removing card from slot 0
[2022-12-17 10:23:32] [SEVERE ] removing player 0 token from slot 1
[2022-12-17 10:23:32] [SEVERE ] removing card from slot 1
[2022-12-17 10:23:32] [SEVERE ] removing player 0 token from slot 2
[2022-12-17 10:23:32] [SEVERE ] removing card from slot 2
[2022-12-17 10:23:32] [SEVERE ] placing card 79 in slot 0
[2022-12-17 10:23:32] [SEVERE ] placing card 35 in slot 1
[2022-12-17 10:23:32] [SEVERE ] placing card 40 in slot 2
[2022-12-17 10:23:52] [SEVERE ] Key 81 was pressed by player 0
[2022-12-17 10:23:52] [SEVERE ] player 0 placing token on slot 0
[2022-12-17 10:23:52] [SEVERE ] Key 87 was pressed by player 0
[2022-12-17 10:23:52] [SEVERE ] player 0 placing token on slot 1
[2022-12-17 10:23:52] [SEVERE ] Key 69 was pressed by player 0
[2022-12-17 10:23:52] [SEVERE ] player 0 placing token on slot 2
[2022-12-17 10:23:52] [SEVERE ] setting player 0 score to 8
[2022-12-17 10:23:52] [SEVERE ] setting player 0 freeze to 1000
[2022-12-17 10:23:53] [SEVERE ] setting player 0 freeze to 0
[2022-12-17 10:23:53] [SEVERE ] removing player 0 token from slot 0
[2022-12-17 10:23:53] [SEVERE ] removing card from slot 0
[2022-12-17 10:23:53] [SEVERE ] removing player 0 token from slot 1
[2022-12-17 10:23:53] [SEVERE ] removing card from slot 1
[2022-12-17 10:23:53] [SEVERE ] removing player 0 token from slot 2
[2022-12-17 10:23:53] [SEVERE ] removing card from slot 2
[2022-12-17 10:23:54] [SEVERE ] placing card 19 in slot 0
[2022-12-17 10:23:54] [SEVERE ] placing card 36 in slot 1
[2022-12-17 10:23:54] [SEVERE ] placing card 25 in slot 2
[2022-12-17 10:23:57] [SEVERE ] Key 81 was pressed by player 0
[2022-12-17 10:23:57] [SEVERE ] player 0 placing token on slot 0
[2022-12-17 10:23:57] [SEVERE ] Key 87 was pressed by player 0
[2022-12-17 10:23:57] [SEVERE ] player 0 placing token on slot 1
[2022-12-17 10:23:58] [SEVERE ] Key 69 was pressed by player 0
[2022-12-17 10:23:58] [SEVERE ] player 0 placing token on slot 2
[2022-12-17 10:23:58] [SEVERE ] setting player 0 score to 9
[2022-12-17 10:23:58] [SEVERE ] setting player 0 freeze to 1000
[2022-12-17 10:23:58] [SEVERE ] setting player 0 freeze to 0
[2022-12-17 10:23:58] [SEVERE ] removing player 0 token from slot 0
[2022-12-17 10:23:58] [SEVERE ] removing card from slot 0
[2022-12-17 10:23:58] [SEVERE ] removing player 0 token from slot 1
[2022-12-17 10:23:58] [SEVERE ] removing card from slot 1
[2022-12-17 10:23:58] [SEVERE ] removing player 0 token from slot 2
[2022-12-17 10:23:58] [SEVERE ] removing card from slot 2
[2022-12-17 10:23:58] [SEVERE ] placing card 66 in slot 0
[2022-12-17 10:23:58] [SEVERE ] placing card 9 in slot 1
[2022-12-17 10:23:58] [SEVERE ] placing card 41 in slot 2
[2022-12-17 10:24:01] [SEVERE ] Key 81 was pressed by player 0
[2022-12-17 10:24:01] [SEVERE ] player 0 placing token on slot 0
[2022-12-17 10:24:01] [SEVERE ] Key 87 was pressed by player 0
[2022-12-17 10:24:01] [SEVERE ] player 0 placing token on slot 1
[2022-12-17 10:24:01] [SEVERE ] Key 69 was pressed by player 0
[2022-12-17 10:24:01] [SEVERE ] player 0 placing token on slot 2
[2022-12-17 10:24:01] [SEVERE ] setting player 0 score to 10
[2022-12-17 10:24:01] [SEVERE ] setting player 0 freeze to 1000
[2022-12-17 10:24:01] [SEVERE ] setting player 0 freeze to 0
[2022-12-17 10:24:01] [SEVERE ] removing player 0 token from slot 0
[2022-12-17 10:24:01] [SEVERE ] removing card from slot 0
[2022-12-17 10:24:01] [SEVERE ] removing player 0 token from slot 1
[2022-12-17 10:24:01] [SEVERE ] removing card from slot 1
[2022-12-17 10:24:01] [SEVERE ] removing player 0 token from slot 2
[2022-12-17 10:24:01] [SEVERE ] removing card from slot 2
[2022-12-17 10:24:01] [SEVERE ] placing card 24 in slot 0
[2022-12-17 10:24:02] [SEVERE ] placing card 47 in slot 1
[2022-12-17 10:24:02] [SEVERE ] placing card 22 in slot 2
[2022-12-17 10:24:02] [SEVERE ] Key 81 was pressed by player 0
[2022-12-17 10:24:02] [SEVERE ] player 0 placing token on slot 0
[2022-12-17 10:24:02] [SEVERE ] Key 87 was pressed by player 0
[2022-12-17 10:24:02] [SEVERE ] player 0 placing token on slot 1
[2022-12-17 10:24:02] [SEVERE ] Key 69 was pressed by player 0
[2022-12-17 10:24:02] [SEVERE ] player 0 placing token on slot 2
[2022-12-17 10:24:02] [SEVERE ] setting player 0 score to 11
[2022-12-17 10:24:02] [SEVERE ] setting player 0 freeze to 1000
[2022-12-17 10:24:03] [SEVERE ] setting player 0 freeze to 0
[2022-12-17 10:24:03] [SEVERE ] removing player 0 token from slot 0
[2022-12-17 10:24:03] [SEVERE ] removing card from slot 0
[2022-12-17 10:24:03] [SEVERE ] removing player 0 token from slot 1
[2022-12-17 10:24:03] [SEVERE ] removing card from slot 1
[2022-12-17 10:24:03] [SEVERE ] removing player 0 token from slot 2
[2022-12-17 10:24:03] [SEVERE ] removing card from slot 2
[2022-12-17 10:24:03] [SEVERE ] placing card 55 in slot 0
[2022-12-17 10:24:03] [SEVERE ] placing card 53 in slot 1
[2022-12-17 10:24:03] [SEVERE ] placing card 23 in slot 2
[2022-12-17 10:24:04] [SEVERE ] removing all tokens
[2022-12-17 10:24:04] [SEVERE ] removing tokens from slot 0
[2022-12-17 10:24:04] [SEVERE ] removing tokens from slot 1
[2022-12-17 10:24:04] [SEVERE ] removing tokens from slot 2
[2022-12-17 10:24:04] [SEVERE ] removing tokens from slot 3
[2022-12-17 10:24:04] [SEVERE ] removing tokens from slot 4
[2022-12-17 10:24:04] [SEVERE ] removing tokens from slot 5
[2022-12-17 10:24:04] [SEVERE ] removing tokens from slot 6
[2022-12-17 10:24:04] [SEVERE ] removing tokens from slot 7
[2022-12-17 10:24:04] [SEVERE ] removing tokens from slot 8
[2022-12-17 10:24:04] [SEVERE ] removing tokens from slot 9
[2022-12-17 10:24:04] [SEVERE ] removing tokens from slot 10
[2022-12-17 10:24:04] [SEVERE ] removing tokens from slot 11
[2022-12-17 10:24:04] [SEVERE ] removing card from slot 0
[2022-12-17 10:24:04] [SEVERE ] removing card from slot 1
[2022-12-17 10:24:05] [SEVERE ] removing card from slot 2
[2022-12-17 10:24:05] [SEVERE ] removing card from slot 3
[2022-12-17 10:24:05] [SEVERE ] removing card from slot 4
[2022-12-17 10:24:05] [SEVERE ] removing card from slot 5
[2022-12-17 10:24:05] [SEVERE ] removing card from slot 6
[2022-12-17 10:24:05] [SEVERE ] removing card from slot 7
[2022-12-17 10:24:05] [SEVERE ] removing card from slot 8
[2022-12-17 10:24:05] [SEVERE ] removing card from slot 9
[2022-12-17 10:24:05] [SEVERE ] removing card from slot 10
[2022-12-17 10:24:05] [SEVERE ] removing card from slot 11
[2022-12-17 10:24:06] [SEVERE ] placing card 53 in slot 0
[2022-12-17 10:24:06] [SEVERE ] placing card 60 in slot 1
[2022-12-17 10:24:06] [SEVERE ] placing card 21 in slot 2
[2022-12-17 10:24:06] [SEVERE ] placing card 29 in slot 3
[2022-12-17 10:24:06] [SEVERE ] placing card 10 in slot 4
[2022-12-17 10:24:06] [SEVERE ] placing card 11 in slot 5
[2022-12-17 10:24:06] [SEVERE ] placing card 20 in slot 6
[2022-12-17 10:24:06] [SEVERE ] placing card 23 in slot 7
[2022-12-17 10:24:06] [SEVERE ] placing card 61 in slot 8
[2022-12-17 10:24:07] [SEVERE ] placing card 69 in slot 9
[2022-12-17 10:24:07] [SEVERE ] placing card 6 in slot 10
[2022-12-17 10:24:07] [SEVERE ] placing card 63 in slot 11
