[2022-12-17 13:14:03] [INFO   ] cannot read configuration file config.properties trying from resources.
[2022-12-17 13:14:03] [INFO   ] configuration file was loaded from resources directory.
[2022-12-17 13:14:04] [INFO   ] Thread dealer starting.
[2022-12-17 13:14:04] [INFO   ] Thread Thread-1starting.
[2022-12-17 13:14:04] [INFO   ] Thread Thread-2starting.
[2022-12-17 13:14:04] [SEVERE ] placing card 17 in slot 0
[2022-12-17 13:14:04] [SEVERE ] placing card 45 in slot 1
[2022-12-17 13:14:04] [SEVERE ] placing card 23 in slot 2
[2022-12-17 13:14:04] [SEVERE ] placing card 67 in slot 3
[2022-12-17 13:14:04] [SEVERE ] placing card 65 in slot 4
[2022-12-17 13:14:04] [SEVERE ] placing card 33 in slot 5
[2022-12-17 13:14:04] [SEVERE ] placing card 3 in slot 6
[2022-12-17 13:14:04] [SEVERE ] placing card 60 in slot 7
[2022-12-17 13:14:05] [SEVERE ] placing card 8 in slot 8
[2022-12-17 13:14:05] [SEVERE ] placing card 34 in slot 9
[2022-12-17 13:14:05] [SEVERE ] placing card 4 in slot 10
[2022-12-17 13:14:05] [SEVERE ] placing card 57 in slot 11
[2022-12-17 13:14:08] [SEVERE ] Exit button pressed
[2022-12-17 13:15:05] [SEVERE ] removing all tokens
[2022-12-17 13:15:05] [SEVERE ] removing tokens from slot 0
[2022-12-17 13:15:05] [SEVERE ] removing tokens from slot 1
[2022-12-17 13:15:05] [SEVERE ] removing tokens from slot 2
[2022-12-17 13:15:05] [SEVERE ] removing tokens from slot 3
[2022-12-17 13:15:05] [SEVERE ] removing tokens from slot 4
[2022-12-17 13:15:05] [SEVERE ] removing tokens from slot 5
[2022-12-17 13:15:05] [SEVERE ] removing tokens from slot 6
[2022-12-17 13:15:05] [SEVERE ] removing tokens from slot 7
[2022-12-17 13:15:05] [SEVERE ] removing tokens from slot 8
[2022-12-17 13:15:05] [SEVERE ] removing tokens from slot 9
[2022-12-17 13:15:05] [SEVERE ] removing tokens from slot 10
[2022-12-17 13:15:05] [SEVERE ] removing tokens from slot 11
[2022-12-17 13:15:05] [SEVERE ] removing card from slot 0
[2022-12-17 13:15:05] [SEVERE ] removing card from slot 1
[2022-12-17 13:15:05] [SEVERE ] removing card from slot 2
[2022-12-17 13:15:05] [SEVERE ] removing card from slot 3
[2022-12-17 13:15:06] [SEVERE ] removing card from slot 4
[2022-12-17 13:15:06] [SEVERE ] removing card from slot 5
