[2022-12-15 17:49:05] [INFO   ] cannot read configuration file config.properties trying from resources.
[2022-12-15 17:49:05] [INFO   ] configuration file was loaded from resources directory.
[2022-12-15 17:49:06] [INFO   ] Thread dealer starting.
[2022-12-15 17:49:06] [SEVERE ] placing card 56 in slot 0
[2022-12-15 17:49:06] [SEVERE ] placing card 9 in slot 1
[2022-12-15 17:49:06] [SEVERE ] placing card 49 in slot 2
[2022-12-15 17:49:06] [SEVERE ] placing card 64 in slot 3
[2022-12-15 17:49:07] [SEVERE ] placing card 30 in slot 4
[2022-12-15 17:49:07] [SEVERE ] placing card 44 in slot 5
[2022-12-15 17:49:07] [SEVERE ] placing card 48 in slot 6
[2022-12-15 17:49:07] [SEVERE ] placing card 71 in slot 7
[2022-12-15 17:49:07] [SEVERE ] placing card 40 in slot 8
[2022-12-15 17:49:07] [SEVERE ] placing card 8 in slot 9
[2022-12-15 17:49:07] [SEVERE ] placing card 16 in slot 10
[2022-12-15 17:49:07] [SEVERE ] placing card 47 in slot 11
[2022-12-15 17:49:07] [SEVERE ] removing card from slot 0
[2022-12-15 17:49:08] [SEVERE ] removing card from slot 1
[2022-12-15 17:49:08] [SEVERE ] removing card from slot 2
[2022-12-15 17:49:08] [SEVERE ] placing card 14 in slot 0
[2022-12-15 17:49:08] [SEVERE ] placing card 0 in slot 1
[2022-12-15 17:49:08] [SEVERE ] placing card 23 in slot 2
[2022-12-15 17:49:08] [SEVERE ] removing card from slot 0
[2022-12-15 17:49:08] [SEVERE ] removing card from slot 1
[2022-12-15 17:49:08] [SEVERE ] removing card from slot 2
[2022-12-15 17:49:08] [SEVERE ] placing card 53 in slot 0
[2022-12-15 17:49:08] [SEVERE ] placing card 22 in slot 1
[2022-12-15 17:49:09] [SEVERE ] placing card 25 in slot 2
[2022-12-15 17:49:09] [SEVERE ] removing card from slot 0
[2022-12-15 17:49:09] [SEVERE ] removing card from slot 1
[2022-12-15 17:49:09] [SEVERE ] removing card from slot 2
[2022-12-15 17:49:09] [SEVERE ] placing card 62 in slot 0
[2022-12-15 17:49:09] [SEVERE ] placing card 72 in slot 1
[2022-12-15 17:49:09] [SEVERE ] placing card 67 in slot 2
[2022-12-15 17:49:09] [SEVERE ] removing card from slot 0
[2022-12-15 17:49:09] [SEVERE ] removing card from slot 1
[2022-12-15 17:49:10] [SEVERE ] removing card from slot 2
[2022-12-15 17:49:10] [SEVERE ] placing card 13 in slot 0
[2022-12-15 17:49:10] [SEVERE ] placing card 5 in slot 1
[2022-12-15 17:49:10] [SEVERE ] placing card 24 in slot 2
[2022-12-15 17:49:10] [SEVERE ] removing card from slot 0
[2022-12-15 17:49:10] [SEVERE ] removing card from slot 1
[2022-12-15 17:49:10] [SEVERE ] removing card from slot 2
[2022-12-15 17:49:10] [SEVERE ] placing card 80 in slot 0
[2022-12-15 17:49:10] [SEVERE ] placing card 77 in slot 1
[2022-12-15 17:49:10] [SEVERE ] placing card 45 in slot 2
[2022-12-15 17:49:11] [SEVERE ] removing card from slot 0
[2022-12-15 17:49:11] [SEVERE ] removing card from slot 1
[2022-12-15 17:49:11] [SEVERE ] removing card from slot 2
[2022-12-15 17:49:11] [SEVERE ] placing card 36 in slot 0
[2022-12-15 17:49:11] [SEVERE ] placing card 59 in slot 1
[2022-12-15 17:49:11] [SEVERE ] placing card 2 in slot 2
[2022-12-15 17:49:11] [SEVERE ] removing card from slot 0
[2022-12-15 17:49:11] [SEVERE ] removing card from slot 1
[2022-12-15 17:49:11] [SEVERE ] removing card from slot 2
[2022-12-15 17:49:12] [SEVERE ] placing card 79 in slot 0
[2022-12-15 17:49:12] [SEVERE ] placing card 50 in slot 1
[2022-12-15 17:49:12] [SEVERE ] placing card 69 in slot 2
[2022-12-15 17:49:12] [SEVERE ] removing card from slot 0
[2022-12-15 17:49:12] [SEVERE ] removing card from slot 1
[2022-12-15 17:49:12] [SEVERE ] removing card from slot 2
[2022-12-15 17:49:12] [SEVERE ] placing card 31 in slot 0
[2022-12-15 17:49:12] [SEVERE ] placing card 6 in slot 1
[2022-12-15 17:49:12] [SEVERE ] placing card 7 in slot 2
[2022-12-15 17:49:12] [SEVERE ] removing card from slot 0
[2022-12-15 17:49:13] [SEVERE ] removing card from slot 1
[2022-12-15 17:49:13] [SEVERE ] removing card from slot 2
[2022-12-15 17:49:13] [SEVERE ] Key 87 was pressed by player 0
[2022-12-15 17:49:13] [SEVERE ] placing card 11 in slot 0
[2022-12-15 17:49:13] [SEVERE ] placing card 19 in slot 1
[2022-12-15 17:49:13] [SEVERE ] placing card 10 in slot 2
[2022-12-15 17:49:13] [SEVERE ] removing card from slot 0
[2022-12-15 17:49:13] [SEVERE ] removing card from slot 1
[2022-12-15 17:49:13] [SEVERE ] removing card from slot 2
[2022-12-15 17:49:13] [SEVERE ] placing card 60 in slot 0
[2022-12-15 17:49:14] [SEVERE ] placing card 43 in slot 1
[2022-12-15 17:49:14] [SEVERE ] placing card 38 in slot 2
[2022-12-15 17:49:14] [SEVERE ] removing card from slot 0
[2022-12-15 17:49:14] [SEVERE ] removing card from slot 1
[2022-12-15 17:49:14] [SEVERE ] removing card from slot 2
[2022-12-15 17:49:14] [SEVERE ] placing card 41 in slot 0
[2022-12-15 17:49:14] [SEVERE ] placing card 76 in slot 1
[2022-12-15 17:49:14] [SEVERE ] placing card 73 in slot 2
[2022-12-15 17:49:14] [SEVERE ] removing card from slot 0
[2022-12-15 17:49:14] [SEVERE ] removing card from slot 1
[2022-12-15 17:49:15] [SEVERE ] removing card from slot 2
[2022-12-15 17:49:15] [SEVERE ] placing card 75 in slot 0
[2022-12-15 17:49:15] [SEVERE ] placing card 29 in slot 1
[2022-12-15 17:49:15] [SEVERE ] placing card 52 in slot 2
[2022-12-15 17:49:15] [SEVERE ] removing card from slot 0
[2022-12-15 17:49:15] [SEVERE ] removing card from slot 1
[2022-12-15 17:49:15] [SEVERE ] removing card from slot 2
[2022-12-15 17:49:15] [SEVERE ] placing card 32 in slot 0
[2022-12-15 17:49:15] [SEVERE ] placing card 55 in slot 1
[2022-12-15 17:49:16] [SEVERE ] placing card 74 in slot 2
[2022-12-15 17:49:16] [SEVERE ] removing card from slot 0
[2022-12-15 17:49:16] [SEVERE ] removing card from slot 1
[2022-12-15 17:49:16] [SEVERE ] removing card from slot 2
[2022-12-15 17:49:16] [SEVERE ] placing card 63 in slot 0
[2022-12-15 17:49:16] [SEVERE ] placing card 57 in slot 1
[2022-12-15 17:49:16] [SEVERE ] placing card 35 in slot 2
[2022-12-15 17:49:16] [SEVERE ] removing card from slot 0
[2022-12-15 17:49:16] [SEVERE ] removing card from slot 1
[2022-12-15 17:49:16] [SEVERE ] removing card from slot 2
[2022-12-15 17:49:17] [SEVERE ] placing card 20 in slot 0
[2022-12-15 17:49:17] [SEVERE ] placing card 33 in slot 1
[2022-12-15 17:49:17] [SEVERE ] placing card 66 in slot 2
[2022-12-15 17:49:17] [SEVERE ] removing card from slot 0
[2022-12-15 17:49:17] [SEVERE ] removing card from slot 1
[2022-12-15 17:49:17] [SEVERE ] removing card from slot 2
[2022-12-15 17:49:17] [SEVERE ] placing card 27 in slot 0
[2022-12-15 17:49:17] [SEVERE ] placing card 37 in slot 1
[2022-12-15 17:49:17] [SEVERE ] placing card 70 in slot 2
[2022-12-15 17:49:18] [SEVERE ] removing card from slot 0
[2022-12-15 17:49:18] [SEVERE ] removing card from slot 1
[2022-12-15 17:49:18] [SEVERE ] removing card from slot 2
[2022-12-15 17:49:18] [SEVERE ] placing card 12 in slot 0
[2022-12-15 17:49:18] [SEVERE ] placing card 42 in slot 1
[2022-12-15 17:49:18] [SEVERE ] placing card 65 in slot 2
[2022-12-15 17:49:18] [SEVERE ] removing card from slot 0
[2022-12-15 17:49:18] [SEVERE ] removing card from slot 1
[2022-12-15 17:49:18] [SEVERE ] removing card from slot 2
[2022-12-15 17:49:18] [SEVERE ] placing card 78 in slot 0
[2022-12-15 17:49:19] [SEVERE ] placing card 1 in slot 1
[2022-12-15 17:49:19] [SEVERE ] placing card 26 in slot 2
[2022-12-15 17:49:19] [SEVERE ] removing card from slot 0
[2022-12-15 17:49:19] [SEVERE ] removing card from slot 1
[2022-12-15 17:49:19] [SEVERE ] removing card from slot 2
[2022-12-15 17:49:19] [SEVERE ] placing card 21 in slot 0
[2022-12-15 17:49:19] [SEVERE ] placing card 3 in slot 1
[2022-12-15 17:49:19] [SEVERE ] player 0 placing token on slot 1
[2022-12-15 17:49:19] [SEVERE ] placing card 54 in slot 2
[2022-12-15 17:49:19] [SEVERE ] removing card from slot 0
[2022-12-15 17:49:20] [SEVERE ] removing card from slot 1
[2022-12-15 17:49:20] [INFO   ] Thread main terminated.
