[2022-12-15 17:53:37] [INFO   ] cannot read configuration file config.properties trying from resources.
[2022-12-15 17:53:37] [INFO   ] configuration file was loaded from resources directory.
[2022-12-15 17:53:38] [INFO   ] Thread dealer starting.
[2022-12-15 17:53:38] [SEVERE ] placing card 44 in slot 0
[2022-12-15 17:53:38] [SEVERE ] placing card 6 in slot 1
[2022-12-15 17:53:38] [SEVERE ] placing card 2 in slot 2
[2022-12-15 17:53:39] [SEVERE ] placing card 39 in slot 3
[2022-12-15 17:53:39] [SEVERE ] placing card 60 in slot 4
[2022-12-15 17:53:39] [SEVERE ] placing card 47 in slot 5
[2022-12-15 17:53:39] [SEVERE ] placing card 36 in slot 6
[2022-12-15 17:53:39] [SEVERE ] placing card 20 in slot 7
[2022-12-15 17:53:39] [SEVERE ] placing card 61 in slot 8
[2022-12-15 17:53:39] [SEVERE ] placing card 46 in slot 9
[2022-12-15 17:53:39] [SEVERE ] placing card 29 in slot 10
[2022-12-15 17:53:39] [SEVERE ] placing card 40 in slot 11
[2022-12-15 17:53:40] [SEVERE ] removing card from slot 0
[2022-12-15 17:53:40] [SEVERE ] removing card from slot 1
[2022-12-15 17:53:40] [SEVERE ] removing card from slot 2
[2022-12-15 17:53:40] [SEVERE ] removing card from slot 3
[2022-12-15 17:53:40] [SEVERE ] removing card from slot 4
[2022-12-15 17:53:40] [SEVERE ] removing card from slot 5
[2022-12-15 17:53:40] [SEVERE ] removing card from slot 6
[2022-12-15 17:53:40] [SEVERE ] removing card from slot 7
[2022-12-15 17:53:40] [SEVERE ] removing card from slot 8
[2022-12-15 17:53:41] [SEVERE ] removing card from slot 9
[2022-12-15 17:53:41] [SEVERE ] removing card from slot 10
[2022-12-15 17:53:41] [SEVERE ] removing card from slot 11
[2022-12-15 17:53:41] [SEVERE ] announcing winners: [0, 1]
[2022-12-15 17:53:41] [INFO   ] Thread dealer terminated.
[2022-12-15 17:53:41] [INFO   ] Thread main terminated.
