[2022-12-14 12:41:09] [INFO   ] cannot read configuration file config.properties trying from resources.
[2022-12-14 12:41:09] [INFO   ] configuration file was loaded from resources directory.
[2022-12-14 12:41:10] [INFO   ] Thread dealer starting.
[2022-12-14 12:41:12] [SEVERE ] placing card 29 in slot 0
[2022-12-14 12:41:12] [SEVERE ] placing card 5 in slot 1
[2022-12-14 12:41:12] [SEVERE ] placing card 64 in slot 2
[2022-12-14 12:41:12] [SEVERE ] placing card 27 in slot 3
[2022-12-14 12:41:12] [SEVERE ] placing card 36 in slot 4
[2022-12-14 12:41:12] [SEVERE ] placing card 8 in slot 5
[2022-12-14 12:41:12] [SEVERE ] placing card 19 in slot 6
[2022-12-14 12:41:12] [SEVERE ] placing card 43 in slot 7
[2022-12-14 12:41:13] [SEVERE ] placing card 54 in slot 8
[2022-12-14 12:41:13] [SEVERE ] placing card 59 in slot 9
[2022-12-14 12:41:13] [SEVERE ] placing card 26 in slot 10
[2022-12-14 12:41:13] [SEVERE ] placing card 0 in slot 11
[2022-12-14 12:41:13] [SEVERE ] removing card from slot 0
[2022-12-14 12:41:13] [SEVERE ] removing card from slot 1
[2022-12-14 12:41:13] [SEVERE ] removing card from slot 2
[2022-12-14 12:41:13] [SEVERE ] removing card from slot 3
[2022-12-14 12:41:13] [SEVERE ] removing card from slot 4
[2022-12-14 12:41:13] [SEVERE ] removing card from slot 5
[2022-12-14 12:41:13] [SEVERE ] removing card from slot 6
[2022-12-14 12:41:13] [SEVERE ] removing card from slot 7
[2022-12-14 12:41:13] [SEVERE ] removing card from slot 8
[2022-12-14 12:41:13] [SEVERE ] removing card from slot 9
[2022-12-14 12:41:13] [SEVERE ] removing card from slot 10
[2022-12-14 12:41:13] [SEVERE ] removing card from slot 11
[2022-12-14 12:41:24] [SEVERE ] announcing winners: [0]
