[2022-12-17 11:36:42] [INFO   ] cannot read configuration file config.properties trying from resources.
[2022-12-17 11:36:42] [INFO   ] configuration file was loaded from resources directory.
[2022-12-17 11:36:43] [INFO   ] Thread dealer starting.
[2022-12-17 11:36:43] [INFO   ] Thread Thread-2starting.
[2022-12-17 11:36:43] [INFO   ] Thread Thread-1starting.
[2022-12-17 11:36:43] [SEVERE ] placing card 35 in slot 0
[2022-12-17 11:36:43] [SEVERE ] placing card 64 in slot 1
[2022-12-17 11:36:43] [SEVERE ] placing card 46 in slot 2
[2022-12-17 11:36:43] [SEVERE ] placing card 11 in slot 3
[2022-12-17 11:36:43] [SEVERE ] placing card 34 in slot 4
[2022-12-17 11:36:43] [SEVERE ] placing card 17 in slot 5
[2022-12-17 11:36:44] [SEVERE ] placing card 10 in slot 6
[2022-12-17 11:36:44] [SEVERE ] placing card 40 in slot 7
[2022-12-17 11:36:44] [SEVERE ] placing card 51 in slot 8
[2022-12-17 11:36:44] [SEVERE ] placing card 19 in slot 9
[2022-12-17 11:36:44] [SEVERE ] placing card 52 in slot 10
[2022-12-17 11:36:44] [SEVERE ] placing card 23 in slot 11
[2022-12-17 11:36:57] [SEVERE ] Key 87 was pressed by player 0
[2022-12-17 11:36:57] [SEVERE ] player 0 placing token on slot 1
[2022-12-17 11:36:58] [SEVERE ] Key 87 was pressed by player 0
[2022-12-17 11:36:58] [SEVERE ] removing player 0 token from slot 1
[2022-12-17 11:37:05] [SEVERE ] Key 65 was pressed by player 0
[2022-12-17 11:37:05] [SEVERE ] player 0 placing token on slot 4
[2022-12-17 11:37:06] [SEVERE ] Key 69 was pressed by player 0
[2022-12-17 11:37:06] [SEVERE ] player 0 placing token on slot 2
[2022-12-17 11:37:07] [SEVERE ] Key 70 was pressed by player 0
[2022-12-17 11:37:07] [SEVERE ] player 0 placing token on slot 7
[2022-12-17 11:37:32] [SEVERE ] setting player 0 score to 1
[2022-12-17 11:37:32] [SEVERE ] setting player 0 freeze to 1000
