[2022-12-17 10:16:43] [INFO   ] cannot read configuration file config.properties trying from resources.
[2022-12-17 10:16:43] [INFO   ] configuration file was loaded from resources directory.
[2022-12-17 10:16:44] [INFO   ] Thread dealer starting.
[2022-12-17 10:16:44] [INFO   ] Thread Thread-2starting.
[2022-12-17 10:16:44] [INFO   ] Thread Thread-1starting.
[2022-12-17 10:16:44] [SEVERE ] placing card 0 in slot 0
[2022-12-17 10:16:44] [SEVERE ] placing card 18 in slot 1
[2022-12-17 10:16:45] [SEVERE ] placing card 42 in slot 2
[2022-12-17 10:16:45] [SEVERE ] placing card 12 in slot 3
[2022-12-17 10:16:45] [SEVERE ] placing card 63 in slot 4
[2022-12-17 10:16:45] [SEVERE ] placing card 24 in slot 5
[2022-12-17 10:16:45] [SEVERE ] placing card 10 in slot 6
[2022-12-17 10:16:45] [SEVERE ] placing card 8 in slot 7
[2022-12-17 10:16:45] [SEVERE ] placing card 75 in slot 8
[2022-12-17 10:16:45] [SEVERE ] placing card 46 in slot 9
[2022-12-17 10:16:45] [SEVERE ] placing card 41 in slot 10
[2022-12-17 10:16:45] [SEVERE ] placing card 13 in slot 11
[2022-12-17 10:16:49] [SEVERE ] Key 83 was pressed by player 0
[2022-12-17 10:16:52] [SEVERE ] player 0 placing token on slot 5
[2022-12-17 10:17:01] [SEVERE ] Key 68 was pressed by player 0
[2022-12-17 10:17:03] [SEVERE ] player 0 placing token on slot 6
[2022-12-17 10:17:06] [SEVERE ] Key 81 was pressed by player 0
[2022-12-17 10:17:13] [SEVERE ] player 0 placing token on slot 0
[2022-12-17 10:17:35] [SEVERE ] setting player 0 freeze to 3000
[2022-12-17 10:17:35] [SEVERE ] setting player 0 freeze to 2000
[2022-12-17 10:17:36] [SEVERE ] setting player 0 freeze to 1000
[2022-12-17 10:17:37] [SEVERE ] setting player 0 freeze to 0
[2022-12-17 10:17:46] [SEVERE ] removing all tokens
[2022-12-17 10:17:46] [SEVERE ] removing tokens from slot 0
[2022-12-17 10:17:46] [SEVERE ] removing tokens from slot 1
[2022-12-17 10:17:46] [SEVERE ] removing tokens from slot 2
[2022-12-17 10:17:46] [SEVERE ] removing tokens from slot 3
[2022-12-17 10:17:46] [SEVERE ] removing tokens from slot 4
[2022-12-17 10:17:46] [SEVERE ] removing tokens from slot 5
[2022-12-17 10:17:46] [SEVERE ] removing tokens from slot 6
[2022-12-17 10:17:46] [SEVERE ] removing tokens from slot 7
[2022-12-17 10:17:46] [SEVERE ] removing tokens from slot 8
[2022-12-17 10:17:46] [SEVERE ] removing tokens from slot 9
[2022-12-17 10:17:46] [SEVERE ] removing tokens from slot 10
[2022-12-17 10:17:46] [SEVERE ] removing tokens from slot 11
[2022-12-17 10:17:46] [SEVERE ] removing card from slot 0
[2022-12-17 10:17:46] [SEVERE ] removing card from slot 1
[2022-12-17 10:17:46] [SEVERE ] removing card from slot 2
[2022-12-17 10:17:46] [SEVERE ] removing card from slot 3
[2022-12-17 10:17:46] [SEVERE ] removing card from slot 4
[2022-12-17 10:17:46] [SEVERE ] removing card from slot 5
[2022-12-17 10:17:46] [SEVERE ] removing card from slot 6
[2022-12-17 10:17:46] [SEVERE ] removing card from slot 7
[2022-12-17 10:17:47] [SEVERE ] removing card from slot 8
[2022-12-17 10:17:47] [SEVERE ] removing card from slot 9
[2022-12-17 10:17:47] [SEVERE ] removing card from slot 10
[2022-12-17 10:17:47] [SEVERE ] removing card from slot 11
[2022-12-17 10:17:47] [SEVERE ] placing card 79 in slot 0
[2022-12-17 10:17:47] [SEVERE ] placing card 24 in slot 1
[2022-12-17 10:17:47] [SEVERE ] placing card 59 in slot 2
[2022-12-17 10:17:47] [SEVERE ] placing card 6 in slot 3
[2022-12-17 10:17:47] [SEVERE ] placing card 63 in slot 4
[2022-12-17 10:17:47] [SEVERE ] placing card 21 in slot 5
[2022-12-17 10:17:48] [SEVERE ] placing card 18 in slot 6
[2022-12-17 10:17:48] [SEVERE ] placing card 71 in slot 7
[2022-12-17 10:17:48] [SEVERE ] placing card 80 in slot 8
[2022-12-17 10:17:48] [SEVERE ] placing card 68 in slot 9
[2022-12-17 10:17:48] [SEVERE ] placing card 26 in slot 10
[2022-12-17 10:17:48] [SEVERE ] placing card 47 in slot 11
[2022-12-17 10:17:49] [SEVERE ] Key 65 was pressed by player 0
