[2022-12-15 08:56:08] [INFO   ] cannot read configuration file config.properties trying from resources.
[2022-12-15 08:56:08] [INFO   ] configuration file was loaded from resources directory.
[2022-12-15 08:56:09] [INFO   ] Thread dealer starting.
[2022-12-15 08:56:09] [SEVERE ] placing card 34 in slot 0
[2022-12-15 08:56:09] [SEVERE ] placing card 33 in slot 1
[2022-12-15 08:56:09] [SEVERE ] placing card 79 in slot 2
[2022-12-15 08:56:09] [SEVERE ] placing card 18 in slot 3
[2022-12-15 08:56:09] [SEVERE ] placing card 25 in slot 4
[2022-12-15 08:56:09] [SEVERE ] placing card 12 in slot 5
[2022-12-15 08:56:09] [SEVERE ] placing card 13 in slot 6
[2022-12-15 08:56:10] [SEVERE ] placing card 27 in slot 7
[2022-12-15 08:56:10] [SEVERE ] placing card 9 in slot 8
[2022-12-15 08:56:10] [SEVERE ] placing card 26 in slot 9
[2022-12-15 08:56:10] [SEVERE ] placing card 40 in slot 10
[2022-12-15 08:56:10] [SEVERE ] placing card 1 in slot 11
[2022-12-15 08:56:10] [SEVERE ] removing card from slot 0
[2022-12-15 08:56:53] [SEVERE ] Key 87 was pressed by player 0
[2022-12-15 08:56:57] [SEVERE ] player 0 placing token on slot 1
[2022-12-15 08:57:34] [SEVERE ] removing card from slot 1
[2022-12-15 08:57:44] [INFO   ] Thread main terminated.
