[2022-12-15 19:21:06] [INFO   ] cannot read configuration file config.properties trying from resources.
[2022-12-15 19:21:06] [INFO   ] configuration file was loaded from resources directory.
[2022-12-15 19:21:07] [INFO   ] Thread dealer starting.
[2022-12-15 19:21:07] [SEVERE ] placing card 43 in slot 0
[2022-12-15 19:21:07] [SEVERE ] placing card 21 in slot 1
[2022-12-15 19:21:07] [SEVERE ] placing card 4 in slot 2
[2022-12-15 19:21:08] [SEVERE ] placing card 34 in slot 3
[2022-12-15 19:21:08] [SEVERE ] placing card 10 in slot 4
[2022-12-15 19:21:08] [SEVERE ] placing card 75 in slot 5
[2022-12-15 19:21:08] [SEVERE ] placing card 19 in slot 6
[2022-12-15 19:21:08] [SEVERE ] placing card 39 in slot 7
[2022-12-15 19:21:08] [SEVERE ] placing card 50 in slot 8
[2022-12-15 19:21:08] [SEVERE ] placing card 32 in slot 9
[2022-12-15 19:21:08] [SEVERE ] placing card 41 in slot 10
[2022-12-15 19:21:08] [SEVERE ] placing card 37 in slot 11
[2022-12-15 19:21:09] [SEVERE ] removing card from slot 0
[2022-12-15 19:21:09] [SEVERE ] removing card from slot 0
[2022-12-15 19:21:09] [SEVERE ] removing card from slot 1
[2022-12-15 19:21:09] [SEVERE ] removing card from slot 1
[2022-12-15 19:21:09] [SEVERE ] removing card from slot 2
[2022-12-15 19:21:09] [SEVERE ] removing card from slot 2
[2022-12-15 19:21:09] [SEVERE ] placing card 33 in slot 0
[2022-12-15 19:21:09] [SEVERE ] placing card 3 in slot 1
[2022-12-15 19:21:09] [SEVERE ] placing card 44 in slot 2
[2022-12-15 19:21:09] [SEVERE ] removing card from slot 0
[2022-12-15 19:21:10] [SEVERE ] removing card from slot 0
[2022-12-15 19:21:10] [SEVERE ] removing card from slot 1
[2022-12-15 19:21:10] [SEVERE ] removing card from slot 1
[2022-12-15 19:21:10] [SEVERE ] removing card from slot 2
[2022-12-15 19:21:10] [SEVERE ] removing card from slot 2
[2022-12-15 19:21:10] [SEVERE ] placing card 28 in slot 0
[2022-12-15 19:21:10] [SEVERE ] placing card 79 in slot 1
[2022-12-15 19:21:10] [SEVERE ] placing card 25 in slot 2
[2022-12-15 19:21:10] [SEVERE ] removing card from slot 0
[2022-12-15 19:21:11] [SEVERE ] removing card from slot 0
[2022-12-15 19:21:11] [SEVERE ] removing card from slot 1
[2022-12-15 19:21:11] [SEVERE ] removing card from slot 1
[2022-12-15 19:21:11] [SEVERE ] removing card from slot 2
[2022-12-15 19:21:11] [SEVERE ] removing card from slot 2
[2022-12-15 19:21:11] [SEVERE ] placing card 38 in slot 0
[2022-12-15 19:21:11] [SEVERE ] placing card 0 in slot 1
[2022-12-15 19:21:11] [SEVERE ] placing card 52 in slot 2
[2022-12-15 19:21:11] [SEVERE ] removing card from slot 0
[2022-12-15 19:21:11] [SEVERE ] removing card from slot 0
[2022-12-15 19:21:12] [SEVERE ] removing card from slot 1
[2022-12-15 19:21:12] [SEVERE ] removing card from slot 1
[2022-12-15 19:21:12] [SEVERE ] removing card from slot 2
[2022-12-15 19:21:12] [SEVERE ] removing card from slot 2
[2022-12-15 19:21:12] [SEVERE ] placing card 17 in slot 0
[2022-12-15 19:21:12] [SEVERE ] placing card 31 in slot 1
[2022-12-15 19:21:12] [SEVERE ] placing card 65 in slot 2
[2022-12-15 19:21:12] [SEVERE ] removing card from slot 0
[2022-12-15 19:21:12] [SEVERE ] removing card from slot 0
[2022-12-15 19:21:13] [SEVERE ] removing card from slot 1
[2022-12-15 19:21:13] [SEVERE ] removing card from slot 1
[2022-12-15 19:21:13] [SEVERE ] removing card from slot 2
[2022-12-15 19:21:13] [SEVERE ] removing card from slot 2
[2022-12-15 19:21:13] [SEVERE ] placing card 54 in slot 0
[2022-12-15 19:21:13] [SEVERE ] placing card 69 in slot 1
[2022-12-15 19:21:13] [SEVERE ] placing card 49 in slot 2
[2022-12-15 19:21:13] [SEVERE ] removing card from slot 0
[2022-12-15 19:21:13] [SEVERE ] removing card from slot 0
[2022-12-15 19:21:13] [SEVERE ] removing card from slot 1
[2022-12-15 19:21:14] [SEVERE ] removing card from slot 1
[2022-12-15 19:21:14] [SEVERE ] removing card from slot 2
[2022-12-15 19:21:14] [SEVERE ] removing card from slot 2
[2022-12-15 19:21:14] [SEVERE ] placing card 64 in slot 0
[2022-12-15 19:21:14] [SEVERE ] placing card 2 in slot 1
[2022-12-15 19:21:14] [SEVERE ] placing card 51 in slot 2
[2022-12-15 19:21:14] [SEVERE ] removing card from slot 0
[2022-12-15 19:21:14] [SEVERE ] removing card from slot 0
[2022-12-15 19:21:14] [SEVERE ] removing card from slot 1
[2022-12-15 19:21:15] [SEVERE ] removing card from slot 1
[2022-12-15 19:21:15] [SEVERE ] removing card from slot 2
[2022-12-15 19:21:15] [SEVERE ] removing card from slot 2
[2022-12-15 19:21:15] [SEVERE ] placing card 67 in slot 0
[2022-12-15 19:21:15] [SEVERE ] placing card 42 in slot 1
[2022-12-15 19:21:15] [SEVERE ] placing card 57 in slot 2
[2022-12-15 19:21:15] [SEVERE ] removing card from slot 0
[2022-12-15 19:21:15] [SEVERE ] removing card from slot 0
[2022-12-15 19:21:15] [SEVERE ] removing card from slot 1
[2022-12-15 19:21:15] [SEVERE ] removing card from slot 1
[2022-12-15 19:21:16] [SEVERE ] removing card from slot 2
[2022-12-15 19:21:16] [SEVERE ] removing card from slot 2
[2022-12-15 19:21:16] [SEVERE ] placing card 22 in slot 0
[2022-12-15 19:21:16] [SEVERE ] placing card 76 in slot 1
[2022-12-15 19:21:16] [SEVERE ] placing card 27 in slot 2
[2022-12-15 19:21:16] [SEVERE ] removing card from slot 0
[2022-12-15 19:21:16] [SEVERE ] removing card from slot 0
[2022-12-15 19:21:16] [SEVERE ] removing card from slot 1
[2022-12-15 19:21:16] [SEVERE ] removing card from slot 1
[2022-12-15 19:21:17] [SEVERE ] removing card from slot 2
[2022-12-15 19:21:17] [SEVERE ] removing card from slot 2
[2022-12-15 19:21:17] [SEVERE ] placing card 45 in slot 0
[2022-12-15 19:21:17] [SEVERE ] placing card 8 in slot 1
[2022-12-15 19:21:17] [SEVERE ] placing card 72 in slot 2
[2022-12-15 19:21:20] [SEVERE ] Key 69 was pressed by player 0
[2022-12-15 19:21:25] [SEVERE ] player 0 placing token on slot 2
[2022-12-15 19:22:03] [SEVERE ] removing card from slot 0
[2022-12-15 19:22:05] [SEVERE ] removing card from slot 0
[2022-12-15 19:22:10] [SEVERE ] removing card from slot 1
[2022-12-15 19:22:11] [SEVERE ] removing card from slot 1
[2022-12-15 19:22:29] [SEVERE ] removing player 0 token from slot 2
[2022-12-15 19:22:38] [SEVERE ] removing card from slot 2
[2022-12-15 19:23:09] [SEVERE ] removing card from slot 2
[2022-12-15 19:23:12] [SEVERE ] placing card 11 in slot 0
[2022-12-15 19:23:12] [SEVERE ] placing card 7 in slot 1
[2022-12-15 19:23:12] [SEVERE ] placing card 55 in slot 2
