[2022-12-17 11:59:51] [INFO   ] cannot read configuration file config.properties trying from resources.
[2022-12-17 11:59:51] [INFO   ] configuration file was loaded from resources directory.
[2022-12-17 11:59:52] [INFO   ] Thread dealer starting.
[2022-12-17 11:59:52] [INFO   ] Thread Thread-1starting.
[2022-12-17 11:59:52] [INFO   ] Thread Thread-2starting.
[2022-12-17 11:59:52] [SEVERE ] placing card 44 in slot 0
[2022-12-17 11:59:52] [SEVERE ] placing card 2 in slot 1
[2022-12-17 11:59:52] [SEVERE ] placing card 38 in slot 2
[2022-12-17 11:59:52] [SEVERE ] placing card 22 in slot 3
[2022-12-17 11:59:52] [SEVERE ] placing card 3 in slot 4
[2022-12-17 11:59:53] [SEVERE ] placing card 55 in slot 5
[2022-12-17 11:59:53] [SEVERE ] placing card 29 in slot 6
[2022-12-17 11:59:53] [SEVERE ] placing card 30 in slot 7
[2022-12-17 11:59:53] [SEVERE ] placing card 61 in slot 8
[2022-12-17 11:59:53] [SEVERE ] placing card 17 in slot 9
[2022-12-17 11:59:53] [SEVERE ] placing card 20 in slot 10
[2022-12-17 11:59:53] [SEVERE ] placing card 34 in slot 11
[2022-12-17 12:00:08] [SEVERE ] Key 81 was pressed by player 0
[2022-12-17 12:00:08] [SEVERE ] player 0 placing token on slot 0
[2022-12-17 12:00:08] [SEVERE ] Key 87 was pressed by player 0
[2022-12-17 12:00:08] [SEVERE ] player 0 placing token on slot 1
[2022-12-17 12:00:09] [SEVERE ] Key 69 was pressed by player 0
[2022-12-17 12:00:09] [SEVERE ] player 0 placing token on slot 2
[2022-12-17 12:00:09] [SEVERE ] setting player 0 freeze to 3000
[2022-12-17 12:00:09] [SEVERE ] setting player 0 freeze to 2000
[2022-12-17 12:00:10] [SEVERE ] setting player 0 freeze to 1000
[2022-12-17 12:00:11] [SEVERE ] setting player 0 freeze to 0
[2022-12-17 12:00:13] [SEVERE ] Key 69 was pressed by player 0
[2022-12-17 12:00:13] [SEVERE ] removing player 0 token from slot 2
[2022-12-17 12:00:13] [SEVERE ] Key 87 was pressed by player 0
[2022-12-17 12:00:13] [SEVERE ] removing player 0 token from slot 1
[2022-12-17 12:00:14] [SEVERE ] Key 81 was pressed by player 0
[2022-12-17 12:00:14] [SEVERE ] removing player 0 token from slot 0
[2022-12-17 12:00:26] [SEVERE ] Key 69 was pressed by player 0
[2022-12-17 12:00:26] [SEVERE ] player 0 placing token on slot 2
[2022-12-17 12:00:27] [SEVERE ] Key 69 was pressed by player 0
[2022-12-17 12:00:27] [SEVERE ] removing player 0 token from slot 2
[2022-12-17 12:00:29] [SEVERE ] Key 67 was pressed by player 0
[2022-12-17 12:00:29] [SEVERE ] player 0 placing token on slot 10
[2022-12-17 12:00:31] [SEVERE ] Key 67 was pressed by player 0
[2022-12-17 12:00:31] [SEVERE ] removing player 0 token from slot 10
[2022-12-17 12:00:32] [SEVERE ] Key 87 was pressed by player 0
[2022-12-17 12:00:32] [SEVERE ] player 0 placing token on slot 1
[2022-12-17 12:00:34] [SEVERE ] Key 87 was pressed by player 0
[2022-12-17 12:00:34] [SEVERE ] removing player 0 token from slot 1
[2022-12-17 12:00:35] [SEVERE ] Key 65 was pressed by player 0
[2022-12-17 12:00:35] [SEVERE ] player 0 placing token on slot 4
[2022-12-17 12:00:39] [SEVERE ] Key 70 was pressed by player 0
[2022-12-17 12:00:39] [SEVERE ] player 0 placing token on slot 7
[2022-12-17 12:00:40] [SEVERE ] Key 70 was pressed by player 0
[2022-12-17 12:00:40] [SEVERE ] removing player 0 token from slot 7
[2022-12-17 12:00:41] [SEVERE ] Key 68 was pressed by player 0
[2022-12-17 12:00:41] [SEVERE ] player 0 placing token on slot 6
[2022-12-17 12:00:45] [SEVERE ] Key 90 was pressed by player 0
[2022-12-17 12:00:45] [SEVERE ] player 0 placing token on slot 8
[2022-12-17 12:00:45] [SEVERE ] setting player 0 score to 1
[2022-12-17 12:00:45] [SEVERE ] setting player 0 freeze to 1000
[2022-12-17 12:00:46] [SEVERE ] setting player 0 freeze to 0
[2022-12-17 12:00:46] [SEVERE ] removing player 0 token from slot 4
[2022-12-17 12:00:46] [SEVERE ] removing card from slot 4
[2022-12-17 12:00:46] [SEVERE ] removing player 0 token from slot 6
[2022-12-17 12:00:46] [SEVERE ] removing card from slot 6
[2022-12-17 12:00:46] [SEVERE ] removing player 0 token from slot 8
[2022-12-17 12:00:46] [SEVERE ] removing card from slot 8
[2022-12-17 12:00:46] [SEVERE ] placing card 25 in slot 4
[2022-12-17 12:00:46] [SEVERE ] placing card 13 in slot 6
[2022-12-17 12:00:46] [SEVERE ] placing card 45 in slot 8
[2022-12-17 12:00:51] [SEVERE ] Key 65 was pressed by player 0
[2022-12-17 12:00:51] [SEVERE ] player 0 placing token on slot 4
[2022-12-17 12:00:54] [SEVERE ] removing all tokens
[2022-12-17 12:00:54] [SEVERE ] removing tokens from slot 0
[2022-12-17 12:00:54] [SEVERE ] removing tokens from slot 1
[2022-12-17 12:00:54] [SEVERE ] removing tokens from slot 2
[2022-12-17 12:00:54] [SEVERE ] removing tokens from slot 3
[2022-12-17 12:00:54] [SEVERE ] removing tokens from slot 4
[2022-12-17 12:00:54] [SEVERE ] removing tokens from slot 5
[2022-12-17 12:00:54] [SEVERE ] removing tokens from slot 6
[2022-12-17 12:00:54] [SEVERE ] removing tokens from slot 7
[2022-12-17 12:00:54] [SEVERE ] removing tokens from slot 8
[2022-12-17 12:00:54] [SEVERE ] removing tokens from slot 9
[2022-12-17 12:00:54] [SEVERE ] removing tokens from slot 10
[2022-12-17 12:00:54] [SEVERE ] removing tokens from slot 11
[2022-12-17 12:00:54] [SEVERE ] removing card from slot 0
[2022-12-17 12:00:54] [SEVERE ] removing card from slot 1
[2022-12-17 12:00:54] [SEVERE ] removing card from slot 2
[2022-12-17 12:00:54] [SEVERE ] removing card from slot 3
[2022-12-17 12:00:54] [SEVERE ] removing card from slot 4
[2022-12-17 12:00:55] [SEVERE ] removing card from slot 5
[2022-12-17 12:00:55] [SEVERE ] removing card from slot 6
[2022-12-17 12:00:55] [SEVERE ] removing card from slot 7
[2022-12-17 12:00:55] [SEVERE ] removing card from slot 8
[2022-12-17 12:00:55] [SEVERE ] removing card from slot 9
[2022-12-17 12:00:55] [SEVERE ] removing card from slot 10
[2022-12-17 12:00:55] [SEVERE ] removing card from slot 11
[2022-12-17 12:00:55] [SEVERE ] placing card 36 in slot 0
[2022-12-17 12:00:55] [SEVERE ] placing card 78 in slot 1
[2022-12-17 12:00:55] [SEVERE ] placing card 9 in slot 2
[2022-12-17 12:00:56] [SEVERE ] placing card 14 in slot 3
[2022-12-17 12:00:56] [SEVERE ] placing card 34 in slot 4
[2022-12-17 12:00:56] [SEVERE ] placing card 70 in slot 5
[2022-12-17 12:00:56] [SEVERE ] placing card 80 in slot 6
[2022-12-17 12:00:56] [SEVERE ] placing card 13 in slot 7
[2022-12-17 12:00:56] [SEVERE ] placing card 23 in slot 8
[2022-12-17 12:00:56] [SEVERE ] placing card 5 in slot 9
[2022-12-17 12:00:56] [SEVERE ] placing card 17 in slot 10
[2022-12-17 12:00:56] [SEVERE ] placing card 51 in slot 11
[2022-12-17 12:01:03] [SEVERE ] Key 90 was pressed by player 0
[2022-12-17 12:01:03] [SEVERE ] player 0 placing token on slot 8
[2022-12-17 12:01:04] [SEVERE ] Key 90 was pressed by player 0
[2022-12-17 12:01:04] [SEVERE ] removing player 0 token from slot 8
[2022-12-17 12:01:09] [SEVERE ] Key 70 was pressed by player 0
[2022-12-17 12:01:09] [SEVERE ] player 0 placing token on slot 7
[2022-12-17 12:01:14] [SEVERE ] Key 69 was pressed by player 0
[2022-12-17 12:01:14] [SEVERE ] player 0 placing token on slot 2
[2022-12-17 12:01:15] [SEVERE ] Key 67 was pressed by player 0
[2022-12-17 12:01:15] [SEVERE ] player 0 placing token on slot 10
[2022-12-17 12:01:15] [SEVERE ] setting player 0 score to 2
[2022-12-17 12:01:15] [SEVERE ] setting player 0 freeze to 1000
[2022-12-17 12:01:15] [SEVERE ] setting player 0 freeze to 0
[2022-12-17 12:01:15] [SEVERE ] removing player 0 token from slot 7
[2022-12-17 12:01:16] [SEVERE ] removing card from slot 7
[2022-12-17 12:01:16] [SEVERE ] removing player 0 token from slot 2
[2022-12-17 12:01:16] [SEVERE ] removing card from slot 2
[2022-12-17 12:01:16] [SEVERE ] removing player 0 token from slot 10
[2022-12-17 12:01:16] [SEVERE ] removing card from slot 10
[2022-12-17 12:01:16] [SEVERE ] placing card 25 in slot 2
[2022-12-17 12:01:16] [SEVERE ] placing card 74 in slot 7
[2022-12-17 12:01:16] [SEVERE ] placing card 79 in slot 10
[2022-12-17 12:01:19] [SEVERE ] Key 69 was pressed by player 0
[2022-12-17 12:01:19] [SEVERE ] player 0 placing token on slot 2
[2022-12-17 12:01:22] [SEVERE ] Key 69 was pressed by player 0
[2022-12-17 12:01:22] [SEVERE ] removing player 0 token from slot 2
[2022-12-17 12:01:23] [SEVERE ] Key 69 was pressed by player 0
[2022-12-17 12:01:23] [SEVERE ] player 0 placing token on slot 2
[2022-12-17 12:01:24] [SEVERE ] Key 86 was pressed by player 0
[2022-12-17 12:01:24] [SEVERE ] player 0 placing token on slot 11
[2022-12-17 12:01:30] [SEVERE ] Key 68 was pressed by player 0
[2022-12-17 12:01:30] [SEVERE ] player 0 placing token on slot 6
[2022-12-17 12:01:30] [SEVERE ] setting player 0 score to 3
[2022-12-17 12:01:30] [SEVERE ] setting player 0 freeze to 1000
[2022-12-17 12:01:30] [SEVERE ] setting player 0 freeze to 0
[2022-12-17 12:01:30] [SEVERE ] removing player 0 token from slot 2
[2022-12-17 12:01:31] [SEVERE ] removing card from slot 2
[2022-12-17 12:01:31] [SEVERE ] removing player 0 token from slot 11
[2022-12-17 12:01:31] [SEVERE ] removing card from slot 11
[2022-12-17 12:01:31] [SEVERE ] removing player 0 token from slot 6
[2022-12-17 12:01:31] [SEVERE ] removing card from slot 6
[2022-12-17 12:01:31] [SEVERE ] placing card 10 in slot 2
[2022-12-17 12:01:31] [SEVERE ] placing card 54 in slot 6
[2022-12-17 12:01:31] [SEVERE ] placing card 63 in slot 11
[2022-12-17 12:01:43] [SEVERE ] Key 70 was pressed by player 0
[2022-12-17 12:01:43] [SEVERE ] player 0 placing token on slot 7
[2022-12-17 12:01:44] [SEVERE ] Key 68 was pressed by player 0
[2022-12-17 12:01:44] [SEVERE ] player 0 placing token on slot 6
[2022-12-17 12:01:44] [SEVERE ] Key 83 was pressed by player 0
[2022-12-17 12:01:44] [SEVERE ] player 0 placing token on slot 5
[2022-12-17 12:01:44] [SEVERE ] setting player 0 freeze to 3000
[2022-12-17 12:01:44] [SEVERE ] setting player 0 freeze to 2000
[2022-12-17 12:01:45] [SEVERE ] setting player 0 freeze to 1000
[2022-12-17 12:01:46] [SEVERE ] setting player 0 freeze to 0
[2022-12-17 12:01:47] [SEVERE ] Key 83 was pressed by player 0
[2022-12-17 12:01:47] [SEVERE ] removing player 0 token from slot 5
[2022-12-17 12:01:47] [SEVERE ] Key 67 was pressed by player 0
[2022-12-17 12:01:47] [SEVERE ] player 0 placing token on slot 10
[2022-12-17 12:01:47] [SEVERE ] setting player 0 freeze to 3000
[2022-12-17 12:01:48] [SEVERE ] setting player 0 freeze to 2000
[2022-12-17 12:01:49] [SEVERE ] setting player 0 freeze to 1000
[2022-12-17 12:01:50] [SEVERE ] setting player 0 freeze to 0
[2022-12-17 12:01:51] [SEVERE ] Key 67 was pressed by player 0
[2022-12-17 12:01:51] [SEVERE ] removing player 0 token from slot 10
[2022-12-17 12:01:51] [SEVERE ] Key 68 was pressed by player 0
[2022-12-17 12:01:51] [SEVERE ] removing player 0 token from slot 6
[2022-12-17 12:01:54] [SEVERE ] Key 70 was pressed by player 0
[2022-12-17 12:01:54] [SEVERE ] removing player 0 token from slot 7
[2022-12-17 12:01:57] [SEVERE ] removing all tokens
[2022-12-17 12:01:57] [SEVERE ] removing tokens from slot 0
[2022-12-17 12:01:57] [SEVERE ] removing tokens from slot 1
[2022-12-17 12:01:57] [SEVERE ] removing tokens from slot 2
[2022-12-17 12:01:57] [SEVERE ] removing tokens from slot 3
[2022-12-17 12:01:57] [SEVERE ] removing tokens from slot 4
[2022-12-17 12:01:57] [SEVERE ] removing tokens from slot 5
[2022-12-17 12:01:57] [SEVERE ] removing tokens from slot 6
[2022-12-17 12:01:57] [SEVERE ] removing tokens from slot 7
[2022-12-17 12:01:57] [SEVERE ] removing tokens from slot 8
[2022-12-17 12:01:57] [SEVERE ] removing tokens from slot 9
[2022-12-17 12:01:57] [SEVERE ] removing tokens from slot 10
[2022-12-17 12:01:57] [SEVERE ] removing tokens from slot 11
[2022-12-17 12:01:57] [SEVERE ] removing card from slot 0
[2022-12-17 12:01:57] [SEVERE ] removing card from slot 1
[2022-12-17 12:01:57] [SEVERE ] removing card from slot 2
[2022-12-17 12:01:57] [SEVERE ] removing card from slot 3
[2022-12-17 12:01:57] [SEVERE ] removing card from slot 4
[2022-12-17 12:01:57] [SEVERE ] removing card from slot 5
[2022-12-17 12:01:58] [SEVERE ] removing card from slot 6
[2022-12-17 12:01:58] [SEVERE ] removing card from slot 7
[2022-12-17 12:01:58] [SEVERE ] removing card from slot 8
[2022-12-17 12:01:58] [SEVERE ] removing card from slot 9
[2022-12-17 12:01:58] [SEVERE ] removing card from slot 10
[2022-12-17 12:01:58] [SEVERE ] removing card from slot 11
[2022-12-17 12:01:58] [SEVERE ] placing card 41 in slot 0
[2022-12-17 12:01:58] [SEVERE ] placing card 35 in slot 1
[2022-12-17 12:01:58] [SEVERE ] placing card 75 in slot 2
[2022-12-17 12:01:59] [SEVERE ] placing card 48 in slot 3
[2022-12-17 12:01:59] [SEVERE ] placing card 71 in slot 4
[2022-12-17 12:01:59] [SEVERE ] placing card 44 in slot 5
[2022-12-17 12:01:59] [SEVERE ] placing card 46 in slot 6
[2022-12-17 12:01:59] [SEVERE ] placing card 64 in slot 7
[2022-12-17 12:01:59] [SEVERE ] placing card 52 in slot 8
[2022-12-17 12:01:59] [SEVERE ] placing card 58 in slot 9
[2022-12-17 12:01:59] [SEVERE ] placing card 5 in slot 10
[2022-12-17 12:01:59] [SEVERE ] placing card 27 in slot 11
[2022-12-17 12:02:03] [SEVERE ] Key 68 was pressed by player 0
[2022-12-17 12:02:03] [SEVERE ] player 0 placing token on slot 6
[2022-12-17 12:02:04] [SEVERE ] Key 68 was pressed by player 0
[2022-12-17 12:02:04] [SEVERE ] removing player 0 token from slot 6
[2022-12-17 12:02:11] [SEVERE ] Key 67 was pressed by player 0
[2022-12-17 12:02:11] [SEVERE ] player 0 placing token on slot 10
[2022-12-17 12:02:15] [SEVERE ] Key 67 was pressed by player 0
[2022-12-17 12:02:15] [SEVERE ] removing player 0 token from slot 10
[2022-12-17 12:02:19] [SEVERE ] Key 88 was pressed by player 0
[2022-12-17 12:02:19] [SEVERE ] player 0 placing token on slot 9
[2022-12-17 12:02:21] [SEVERE ] Key 88 was pressed by player 0
[2022-12-17 12:02:21] [SEVERE ] removing player 0 token from slot 9
[2022-12-17 12:02:22] [SEVERE ] Key 90 was pressed by player 0
[2022-12-17 12:02:22] [SEVERE ] player 0 placing token on slot 8
[2022-12-17 12:02:24] [SEVERE ] Key 68 was pressed by player 0
[2022-12-17 12:02:24] [SEVERE ] player 0 placing token on slot 6
[2022-12-17 12:02:26] [SEVERE ] Key 68 was pressed by player 0
[2022-12-17 12:02:26] [SEVERE ] removing player 0 token from slot 6
[2022-12-17 12:02:26] [SEVERE ] Key 90 was pressed by player 0
[2022-12-17 12:02:26] [SEVERE ] removing player 0 token from slot 8
[2022-12-17 12:02:31] [SEVERE ] Key 83 was pressed by player 0
[2022-12-17 12:02:31] [SEVERE ] player 0 placing token on slot 5
[2022-12-17 12:02:32] [SEVERE ] Key 68 was pressed by player 0
[2022-12-17 12:02:32] [SEVERE ] player 0 placing token on slot 6
[2022-12-17 12:02:34] [SEVERE ] Key 68 was pressed by player 0
[2022-12-17 12:02:34] [SEVERE ] removing player 0 token from slot 6
[2022-12-17 12:02:35] [SEVERE ] Key 83 was pressed by player 0
[2022-12-17 12:02:35] [SEVERE ] removing player 0 token from slot 5
[2022-12-17 12:02:41] [SEVERE ] Key 68 was pressed by player 0
[2022-12-17 12:02:41] [SEVERE ] player 0 placing token on slot 6
[2022-12-17 12:02:42] [SEVERE ] Key 68 was pressed by player 0
[2022-12-17 12:02:42] [SEVERE ] removing player 0 token from slot 6
[2022-12-17 12:02:43] [SEVERE ] Key 83 was pressed by player 0
[2022-12-17 12:02:43] [SEVERE ] player 0 placing token on slot 5
[2022-12-17 12:02:44] [SEVERE ] Key 83 was pressed by player 0
[2022-12-17 12:02:44] [SEVERE ] removing player 0 token from slot 5
[2022-12-17 12:02:45] [SEVERE ] Key 87 was pressed by player 0
[2022-12-17 12:02:45] [SEVERE ] player 0 placing token on slot 1
[2022-12-17 12:02:46] [SEVERE ] Key 81 was pressed by player 0
[2022-12-17 12:02:46] [SEVERE ] player 0 placing token on slot 0
[2022-12-17 12:02:49] [SEVERE ] Key 68 was pressed by player 0
[2022-12-17 12:02:49] [SEVERE ] player 0 placing token on slot 6
[2022-12-17 12:02:49] [SEVERE ] setting player 0 freeze to 3000
[2022-12-17 12:02:49] [SEVERE ] setting player 0 freeze to 2000
[2022-12-17 12:02:50] [SEVERE ] setting player 0 freeze to 1000
[2022-12-17 12:02:51] [SEVERE ] setting player 0 freeze to 0
[2022-12-17 12:02:55] [SEVERE ] Key 69 was pressed by player 0
[2022-12-17 12:02:57] [SEVERE ] Key 69 was pressed by player 0
[2022-12-17 12:02:57] [SEVERE ] Key 69 was pressed by player 0
[2022-12-17 12:02:58] [SEVERE ] Key 82 was pressed by player 0
[2022-12-17 12:02:58] [SEVERE ] Key 87 was pressed by player 0
[2022-12-17 12:02:58] [SEVERE ] removing player 0 token from slot 1
[2022-12-17 12:02:59] [SEVERE ] Key 69 was pressed by player 0
[2022-12-17 12:02:59] [SEVERE ] player 0 placing token on slot 2
[2022-12-17 12:02:59] [SEVERE ] setting player 0 freeze to 3000
[2022-12-17 12:02:59] [SEVERE ] setting player 0 freeze to 2000
[2022-12-17 12:02:59] [SEVERE ] removing all tokens
[2022-12-17 12:02:59] [SEVERE ] removing tokens from slot 0
[2022-12-17 12:02:59] [SEVERE ] removing tokens from slot 1
[2022-12-17 12:02:59] [SEVERE ] removing tokens from slot 2
[2022-12-17 12:02:59] [SEVERE ] removing tokens from slot 3
[2022-12-17 12:02:59] [SEVERE ] removing tokens from slot 4
[2022-12-17 12:02:59] [SEVERE ] removing tokens from slot 5
[2022-12-17 12:02:59] [SEVERE ] removing tokens from slot 6
[2022-12-17 12:02:59] [SEVERE ] removing tokens from slot 7
[2022-12-17 12:02:59] [SEVERE ] removing tokens from slot 8
[2022-12-17 12:02:59] [SEVERE ] removing tokens from slot 9
[2022-12-17 12:02:59] [SEVERE ] removing tokens from slot 10
[2022-12-17 12:02:59] [SEVERE ] removing tokens from slot 11
[2022-12-17 12:03:00] [SEVERE ] removing card from slot 0
[2022-12-17 12:03:00] [SEVERE ] removing card from slot 1
[2022-12-17 12:03:00] [SEVERE ] removing card from slot 2
[2022-12-17 12:03:00] [SEVERE ] removing card from slot 3
[2022-12-17 12:03:00] [SEVERE ] removing card from slot 4
[2022-12-17 12:03:00] [SEVERE ] removing card from slot 5
[2022-12-17 12:03:00] [SEVERE ] removing card from slot 6
[2022-12-17 12:03:00] [SEVERE ] removing card from slot 7
[2022-12-17 12:03:00] [SEVERE ] removing card from slot 8
[2022-12-17 12:03:00] [SEVERE ] removing card from slot 9
[2022-12-17 12:03:01] [SEVERE ] removing card from slot 10
[2022-12-17 12:03:01] [SEVERE ] removing card from slot 11
[2022-12-17 12:03:01] [SEVERE ] placing card 1 in slot 0
[2022-12-17 12:03:01] [SEVERE ] placing card 76 in slot 1
[2022-12-17 12:03:01] [SEVERE ] placing card 23 in slot 2
[2022-12-17 12:03:01] [SEVERE ] placing card 10 in slot 3
[2022-12-17 12:03:01] [SEVERE ] placing card 57 in slot 4
[2022-12-17 12:03:01] [SEVERE ] placing card 77 in slot 5
[2022-12-17 12:03:01] [SEVERE ] placing card 59 in slot 6
[2022-12-17 12:03:02] [SEVERE ] placing card 5 in slot 7
[2022-12-17 12:03:02] [SEVERE ] placing card 27 in slot 8
[2022-12-17 12:03:02] [SEVERE ] placing card 28 in slot 9
[2022-12-17 12:03:02] [SEVERE ] placing card 38 in slot 10
[2022-12-17 12:03:02] [SEVERE ] placing card 16 in slot 11
[2022-12-17 12:03:03] [SEVERE ] setting player 0 freeze to 1000
[2022-12-17 12:03:04] [SEVERE ] setting player 0 freeze to 0
[2022-12-17 12:03:07] [SEVERE ] Key 81 was pressed by player 0
[2022-12-17 12:03:07] [SEVERE ] player 0 placing token on slot 0
[2022-12-17 12:03:08] [SEVERE ] Key 87 was pressed by player 0
[2022-12-17 12:03:08] [SEVERE ] player 0 placing token on slot 1
[2022-12-17 12:03:08] [SEVERE ] Key 69 was pressed by player 0
[2022-12-17 12:03:08] [SEVERE ] player 0 placing token on slot 2
[2022-12-17 12:03:08] [SEVERE ] setting player 0 freeze to 3000
[2022-12-17 12:03:09] [SEVERE ] setting player 0 freeze to 2000
[2022-12-17 12:03:09] [SEVERE ] Key 82 was pressed by player 0
[2022-12-17 12:03:10] [SEVERE ] setting player 0 freeze to 1000
[2022-12-17 12:03:11] [SEVERE ] setting player 0 freeze to 0
[2022-12-17 12:03:12] [SEVERE ] Key 82 was pressed by player 0
[2022-12-17 12:03:13] [SEVERE ] Key 82 was pressed by player 0
[2022-12-17 12:03:14] [SEVERE ] Key 82 was pressed by player 0
[2022-12-17 12:03:14] [SEVERE ] Key 82 was pressed by player 0
[2022-12-17 12:03:14] [SEVERE ] Key 82 was pressed by player 0
[2022-12-17 12:03:14] [SEVERE ] Key 82 was pressed by player 0
[2022-12-17 12:03:15] [SEVERE ] Key 82 was pressed by player 0
[2022-12-17 12:03:15] [SEVERE ] Key 82 was pressed by player 0
[2022-12-17 12:03:15] [SEVERE ] Key 82 was pressed by player 0
[2022-12-17 12:03:15] [SEVERE ] Key 82 was pressed by player 0
[2022-12-17 12:03:16] [SEVERE ] Key 69 was pressed by player 0
[2022-12-17 12:03:16] [SEVERE ] removing player 0 token from slot 2
[2022-12-17 12:03:17] [SEVERE ] Key 82 was pressed by player 0
[2022-12-17 12:03:17] [SEVERE ] player 0 placing token on slot 3
[2022-12-17 12:03:17] [SEVERE ] setting player 0 freeze to 3000
[2022-12-17 12:03:17] [SEVERE ] setting player 0 freeze to 2000
[2022-12-17 12:03:18] [SEVERE ] setting player 0 freeze to 1000
[2022-12-17 12:03:19] [SEVERE ] setting player 0 freeze to 0
[2022-12-17 12:03:20] [SEVERE ] Key 69 was pressed by player 0
[2022-12-17 12:03:20] [SEVERE ] Key 69 was pressed by player 0
[2022-12-17 12:03:20] [SEVERE ] Key 69 was pressed by player 0
[2022-12-17 12:03:21] [SEVERE ] Key 69 was pressed by player 0
[2022-12-17 12:03:21] [SEVERE ] Key 69 was pressed by player 0
[2022-12-17 12:03:21] [SEVERE ] Key 69 was pressed by player 0
[2022-12-17 12:03:22] [SEVERE ] Key 85 was pressed by player 1
[2022-12-17 12:03:22] [SEVERE ] player 1 placing token on slot 0
[2022-12-17 12:03:23] [SEVERE ] Key 73 was pressed by player 1
[2022-12-17 12:03:23] [SEVERE ] player 1 placing token on slot 1
[2022-12-17 12:03:23] [SEVERE ] Key 79 was pressed by player 1
[2022-12-17 12:03:23] [SEVERE ] player 1 placing token on slot 2
[2022-12-17 12:03:23] [SEVERE ] setting player 1 freeze to 3000
[2022-12-17 12:03:24] [SEVERE ] setting player 1 freeze to 2000
[2022-12-17 12:03:25] [SEVERE ] setting player 1 freeze to 1000
[2022-12-17 12:03:25] [SEVERE ] Key 80 was pressed by player 1
[2022-12-17 12:03:26] [SEVERE ] setting player 1 freeze to 0
[2022-12-17 12:03:26] [SEVERE ] Key 80 was pressed by player 1
[2022-12-17 12:03:26] [SEVERE ] Key 80 was pressed by player 1
[2022-12-17 12:03:27] [SEVERE ] Key 80 was pressed by player 1
[2022-12-17 12:03:27] [SEVERE ] Key 80 was pressed by player 1
[2022-12-17 12:03:27] [SEVERE ] Key 79 was pressed by player 1
[2022-12-17 12:03:27] [SEVERE ] removing player 1 token from slot 2
[2022-12-17 12:03:28] [SEVERE ] Key 79 was pressed by player 1
[2022-12-17 12:03:28] [SEVERE ] player 1 placing token on slot 2
[2022-12-17 12:03:28] [SEVERE ] setting player 1 freeze to 3000
[2022-12-17 12:03:29] [SEVERE ] setting player 1 freeze to 2000
[2022-12-17 12:03:30] [SEVERE ] setting player 1 freeze to 1000
[2022-12-17 12:03:31] [SEVERE ] setting player 1 freeze to 0
[2022-12-17 12:03:33] [SEVERE ] Key 79 was pressed by player 1
[2022-12-17 12:03:33] [SEVERE ] removing player 1 token from slot 2
[2022-12-17 12:03:33] [SEVERE ] Key 80 was pressed by player 1
[2022-12-17 12:03:33] [SEVERE ] player 1 placing token on slot 3
[2022-12-17 12:03:33] [SEVERE ] setting player 1 freeze to 3000
[2022-12-17 12:03:34] [SEVERE ] Key 80 was pressed by player 1
[2022-12-17 12:03:34] [SEVERE ] setting player 1 freeze to 2000
[2022-12-17 12:03:35] [SEVERE ] Key 80 was pressed by player 1
[2022-12-17 12:03:35] [SEVERE ] setting player 1 freeze to 1000
[2022-12-17 12:03:36] [SEVERE ] setting player 1 freeze to 0
[2022-12-17 12:03:37] [SEVERE ] Key 87 was pressed by player 0
[2022-12-17 12:03:37] [SEVERE ] removing player 0 token from slot 1
[2022-12-17 12:03:38] [SEVERE ] Key 81 was pressed by player 0
[2022-12-17 12:03:38] [SEVERE ] removing player 0 token from slot 0
[2022-12-17 12:03:39] [SEVERE ] Key 69 was pressed by player 0
[2022-12-17 12:03:39] [SEVERE ] player 0 placing token on slot 2
[2022-12-17 12:03:40] [SEVERE ] Key 69 was pressed by player 0
[2022-12-17 12:03:40] [SEVERE ] removing player 0 token from slot 2
[2022-12-17 12:03:40] [SEVERE ] Key 82 was pressed by player 0
[2022-12-17 12:03:40] [SEVERE ] removing player 0 token from slot 3
[2022-12-17 12:03:41] [SEVERE ] Key 80 was pressed by player 1
[2022-12-17 12:03:41] [SEVERE ] removing player 1 token from slot 3
[2022-12-17 12:03:41] [SEVERE ] Key 73 was pressed by player 1
[2022-12-17 12:03:41] [SEVERE ] removing player 1 token from slot 1
[2022-12-17 12:03:42] [SEVERE ] Key 85 was pressed by player 1
[2022-12-17 12:03:42] [SEVERE ] removing player 1 token from slot 0
[2022-12-17 12:03:46] [SEVERE ] Key 81 was pressed by player 0
[2022-12-17 12:03:46] [SEVERE ] player 0 placing token on slot 0
[2022-12-17 12:03:46] [SEVERE ] Key 87 was pressed by player 0
[2022-12-17 12:03:46] [SEVERE ] player 0 placing token on slot 1
[2022-12-17 12:03:47] [SEVERE ] Key 69 was pressed by player 0
[2022-12-17 12:03:47] [SEVERE ] player 0 placing token on slot 2
[2022-12-17 12:03:47] [SEVERE ] setting player 0 freeze to 3000
[2022-12-17 12:03:47] [SEVERE ] setting player 0 freeze to 2000
[2022-12-17 12:03:47] [SEVERE ] Key 85 was pressed by player 1
[2022-12-17 12:03:47] [SEVERE ] player 1 placing token on slot 0
[2022-12-17 12:03:47] [SEVERE ] Key 73 was pressed by player 1
[2022-12-17 12:03:47] [SEVERE ] player 1 placing token on slot 1
[2022-12-17 12:03:48] [SEVERE ] Key 79 was pressed by player 1
[2022-12-17 12:03:48] [SEVERE ] player 1 placing token on slot 2
[2022-12-17 12:03:48] [SEVERE ] setting player 1 freeze to 3000
[2022-12-17 12:03:48] [SEVERE ] setting player 0 freeze to 1000
[2022-12-17 12:03:48] [SEVERE ] setting player 1 freeze to 2000
[2022-12-17 12:03:49] [SEVERE ] setting player 0 freeze to 0
[2022-12-17 12:03:49] [SEVERE ] setting player 1 freeze to 1000
[2022-12-17 12:03:50] [SEVERE ] setting player 1 freeze to 0
[2022-12-17 12:04:02] [SEVERE ] removing all tokens
[2022-12-17 12:04:02] [SEVERE ] removing tokens from slot 0
[2022-12-17 12:04:02] [SEVERE ] removing tokens from slot 1
[2022-12-17 12:04:02] [SEVERE ] removing tokens from slot 2
[2022-12-17 12:04:02] [SEVERE ] removing tokens from slot 3
[2022-12-17 12:04:02] [SEVERE ] removing tokens from slot 4
[2022-12-17 12:04:02] [SEVERE ] removing tokens from slot 5
[2022-12-17 12:04:02] [SEVERE ] removing tokens from slot 6
[2022-12-17 12:04:02] [SEVERE ] removing tokens from slot 7
[2022-12-17 12:04:02] [SEVERE ] removing tokens from slot 8
[2022-12-17 12:04:02] [SEVERE ] removing tokens from slot 9
[2022-12-17 12:04:02] [SEVERE ] removing tokens from slot 10
[2022-12-17 12:04:02] [SEVERE ] removing tokens from slot 11
[2022-12-17 12:04:02] [SEVERE ] removing card from slot 0
[2022-12-17 12:04:02] [SEVERE ] removing card from slot 1
[2022-12-17 12:04:02] [SEVERE ] removing card from slot 2
[2022-12-17 12:04:02] [SEVERE ] removing card from slot 3
[2022-12-17 12:04:03] [SEVERE ] removing card from slot 4
[2022-12-17 12:04:03] [SEVERE ] removing card from slot 5
[2022-12-17 12:04:03] [SEVERE ] removing card from slot 6
[2022-12-17 12:04:03] [SEVERE ] removing card from slot 7
[2022-12-17 12:04:03] [SEVERE ] removing card from slot 8
[2022-12-17 12:04:03] [SEVERE ] removing card from slot 9
[2022-12-17 12:04:03] [SEVERE ] removing card from slot 10
[2022-12-17 12:04:03] [SEVERE ] removing card from slot 11
[2022-12-17 12:04:03] [SEVERE ] placing card 74 in slot 0
[2022-12-17 12:04:03] [SEVERE ] placing card 59 in slot 1
[2022-12-17 12:04:04] [SEVERE ] placing card 73 in slot 2
[2022-12-17 12:04:04] [SEVERE ] placing card 27 in slot 3
[2022-12-17 12:04:04] [SEVERE ] placing card 16 in slot 4
[2022-12-17 12:04:04] [SEVERE ] placing card 48 in slot 5
[2022-12-17 12:04:04] [SEVERE ] placing card 8 in slot 6
[2022-12-17 12:04:04] [SEVERE ] placing card 65 in slot 7
[2022-12-17 12:04:04] [SEVERE ] placing card 20 in slot 8
[2022-12-17 12:04:04] [SEVERE ] placing card 62 in slot 9
[2022-12-17 12:04:04] [SEVERE ] placing card 12 in slot 10
[2022-12-17 12:04:05] [SEVERE ] placing card 35 in slot 11
[2022-12-17 12:04:26] [SEVERE ] Key 81 was pressed by player 0
[2022-12-17 12:04:26] [SEVERE ] player 0 placing token on slot 0
[2022-12-17 12:04:27] [SEVERE ] Key 81 was pressed by player 0
[2022-12-17 12:04:27] [SEVERE ] removing player 0 token from slot 0
[2022-12-17 12:04:27] [SEVERE ] Key 90 was pressed by player 0
[2022-12-17 12:04:27] [SEVERE ] player 0 placing token on slot 8
[2022-12-17 12:04:32] [SEVERE ] Key 90 was pressed by player 0
[2022-12-17 12:04:32] [SEVERE ] removing player 0 token from slot 8
[2022-12-17 12:04:43] [SEVERE ] Key 68 was pressed by player 0
[2022-12-17 12:04:43] [SEVERE ] player 0 placing token on slot 6
[2022-12-17 12:04:43] [SEVERE ] Key 68 was pressed by player 0
[2022-12-17 12:04:43] [SEVERE ] removing player 0 token from slot 6
