[2022-12-17 15:28:30] [INFO   ] cannot read configuration file config.properties trying from resources.
[2022-12-17 15:28:30] [INFO   ] configuration file was loaded from resources directory.
[2022-12-17 15:28:31] [INFO   ] Thread dealer starting.
[2022-12-17 15:28:31] [INFO   ] Thread Thread-1starting.
[2022-12-17 15:28:31] [INFO   ] Thread Thread-2starting.
[2022-12-17 15:28:31] [SEVERE ] placing card 73 in slot 0
[2022-12-17 15:28:31] [SEVERE ] placing card 33 in slot 1
[2022-12-17 15:28:31] [SEVERE ] placing card 57 in slot 2
[2022-12-17 15:28:31] [SEVERE ] placing card 5 in slot 3
[2022-12-17 15:28:31] [SEVERE ] placing card 16 in slot 4
[2022-12-17 15:28:31] [SEVERE ] placing card 77 in slot 5
[2022-12-17 15:28:31] [SEVERE ] placing card 20 in slot 6
[2022-12-17 15:28:32] [SEVERE ] placing card 62 in slot 7
[2022-12-17 15:28:32] [SEVERE ] placing card 29 in slot 8
[2022-12-17 15:28:32] [SEVERE ] placing card 50 in slot 9
[2022-12-17 15:28:32] [SEVERE ] placing card 58 in slot 10
[2022-12-17 15:28:32] [SEVERE ] placing card 65 in slot 11
[2022-12-17 15:28:33] [SEVERE ] Key 81 was pressed by player 0
[2022-12-17 15:28:33] [SEVERE ] player 0 placing token on slot 0
[2022-12-17 15:28:33] [SEVERE ] Key 85 was pressed by player 1
[2022-12-17 15:28:33] [SEVERE ] player 1 placing token on slot 0
[2022-12-17 15:28:37] [SEVERE ] Key 87 was pressed by player 0
[2022-12-17 15:28:37] [SEVERE ] player 0 placing token on slot 1
[2022-12-17 15:28:37] [SEVERE ] Key 73 was pressed by player 1
[2022-12-17 15:28:37] [SEVERE ] player 1 placing token on slot 1
[2022-12-17 15:28:38] [SEVERE ] Key 69 was pressed by player 0
[2022-12-17 15:28:38] [SEVERE ] player 0 placing token on slot 2
[2022-12-17 15:28:38] [SEVERE ] setting player 0 freeze to 3000
[2022-12-17 15:28:38] [SEVERE ] setting player 0 freeze to 2000
[2022-12-17 15:28:38] [SEVERE ] Key 79 was pressed by player 1
[2022-12-17 15:28:38] [SEVERE ] player 1 placing token on slot 2
[2022-12-17 15:28:38] [SEVERE ] setting player 1 freeze to 3000
[2022-12-17 15:28:38] [SEVERE ] setting player 0 freeze to 1000
[2022-12-17 15:28:38] [SEVERE ] setting player 1 freeze to 2000
[2022-12-17 15:28:39] [SEVERE ] setting player 0 freeze to 0
[2022-12-17 15:28:39] [SEVERE ] setting player 1 freeze to 1000
[2022-12-17 15:28:40] [SEVERE ] Key 81 was pressed by player 0
[2022-12-17 15:28:40] [SEVERE ] removing player 0 token from slot 0
[2022-12-17 15:28:40] [SEVERE ] Key 87 was pressed by player 0
[2022-12-17 15:28:40] [SEVERE ] removing player 0 token from slot 1
[2022-12-17 15:28:40] [SEVERE ] setting player 1 freeze to 0
[2022-12-17 15:28:40] [SEVERE ] Key 69 was pressed by player 0
[2022-12-17 15:28:40] [SEVERE ] removing player 0 token from slot 2
[2022-12-17 15:28:41] [SEVERE ] Key 85 was pressed by player 1
[2022-12-17 15:28:41] [SEVERE ] removing player 1 token from slot 0
[2022-12-17 15:28:41] [SEVERE ] Key 73 was pressed by player 1
[2022-12-17 15:28:41] [SEVERE ] removing player 1 token from slot 1
[2022-12-17 15:28:41] [SEVERE ] Key 79 was pressed by player 1
[2022-12-17 15:28:41] [SEVERE ] removing player 1 token from slot 2
[2022-12-17 15:28:43] [SEVERE ] Key 69 was pressed by player 0
[2022-12-17 15:28:43] [SEVERE ] player 0 placing token on slot 2
[2022-12-17 15:28:44] [SEVERE ] Key 87 was pressed by player 0
[2022-12-17 15:28:44] [SEVERE ] player 0 placing token on slot 1
[2022-12-17 15:28:46] [SEVERE ] Key 69 was pressed by player 0
[2022-12-17 15:28:46] [SEVERE ] removing player 0 token from slot 2
[2022-12-17 15:28:46] [SEVERE ] Key 87 was pressed by player 0
[2022-12-17 15:28:46] [SEVERE ] removing player 0 token from slot 1
[2022-12-17 15:28:48] [SEVERE ] Key 69 was pressed by player 0
[2022-12-17 15:28:48] [SEVERE ] player 0 placing token on slot 2
[2022-12-17 15:28:50] [SEVERE ] Key 69 was pressed by player 0
[2022-12-17 15:28:50] [SEVERE ] removing player 0 token from slot 2
[2022-12-17 15:28:54] [SEVERE ] Key 68 was pressed by player 0
[2022-12-17 15:28:54] [SEVERE ] player 0 placing token on slot 6
[2022-12-17 15:28:55] [SEVERE ] Key 68 was pressed by player 0
[2022-12-17 15:28:55] [SEVERE ] removing player 0 token from slot 6
[2022-12-17 15:28:55] [SEVERE ] Key 70 was pressed by player 0
[2022-12-17 15:28:55] [SEVERE ] player 0 placing token on slot 7
[2022-12-17 15:28:56] [SEVERE ] Key 65 was pressed by player 0
[2022-12-17 15:28:56] [SEVERE ] player 0 placing token on slot 4
[2022-12-17 15:28:57] [SEVERE ] Key 65 was pressed by player 0
[2022-12-17 15:28:57] [SEVERE ] removing player 0 token from slot 4
[2022-12-17 15:28:57] [SEVERE ] Key 90 was pressed by player 0
[2022-12-17 15:28:57] [SEVERE ] player 0 placing token on slot 8
[2022-12-17 15:28:58] [SEVERE ] Key 82 was pressed by player 0
[2022-12-17 15:28:58] [SEVERE ] player 0 placing token on slot 3
[2022-12-17 15:28:58] [SEVERE ] setting player 0 score to 1
[2022-12-17 15:28:58] [SEVERE ] setting player 0 freeze to 1000
[2022-12-17 15:28:58] [SEVERE ] setting player 0 freeze to 0
[2022-12-17 15:28:58] [SEVERE ] removing player 0 token from slot 7
[2022-12-17 15:28:59] [SEVERE ] removing card from slot 7
[2022-12-17 15:28:59] [SEVERE ] removing player 0 token from slot 8
[2022-12-17 15:28:59] [SEVERE ] removing card from slot 8
[2022-12-17 15:28:59] [SEVERE ] removing player 0 token from slot 3
[2022-12-17 15:28:59] [SEVERE ] removing card from slot 3
[2022-12-17 15:28:59] [SEVERE ] placing card 47 in slot 3
[2022-12-17 15:28:59] [SEVERE ] placing card 7 in slot 7
[2022-12-17 15:28:59] [SEVERE ] placing card 70 in slot 8
[2022-12-17 15:29:14] [SEVERE ] Key 83 was pressed by player 0
[2022-12-17 15:29:14] [SEVERE ] player 0 placing token on slot 5
[2022-12-17 15:29:16] [SEVERE ] Key 88 was pressed by player 0
[2022-12-17 15:29:16] [SEVERE ] player 0 placing token on slot 9
[2022-12-17 15:29:17] [SEVERE ] Key 88 was pressed by player 0
[2022-12-17 15:29:17] [SEVERE ] removing player 0 token from slot 9
[2022-12-17 15:29:17] [SEVERE ] Key 67 was pressed by player 0
[2022-12-17 15:29:17] [SEVERE ] player 0 placing token on slot 10
[2022-12-17 15:29:20] [SEVERE ] Key 88 was pressed by player 0
[2022-12-17 15:29:20] [SEVERE ] player 0 placing token on slot 9
[2022-12-17 15:29:20] [SEVERE ] setting player 0 freeze to 3000
[2022-12-17 15:29:20] [SEVERE ] setting player 0 freeze to 2000
[2022-12-17 15:29:21] [SEVERE ] setting player 0 freeze to 1000
[2022-12-17 15:29:22] [SEVERE ] setting player 0 freeze to 0
[2022-12-17 15:29:23] [SEVERE ] Key 88 was pressed by player 0
[2022-12-17 15:29:23] [SEVERE ] removing player 0 token from slot 9
[2022-12-17 15:29:23] [SEVERE ] Key 67 was pressed by player 0
[2022-12-17 15:29:23] [SEVERE ] removing player 0 token from slot 10
[2022-12-17 15:29:24] [SEVERE ] Key 69 was pressed by player 0
[2022-12-17 15:29:24] [SEVERE ] player 0 placing token on slot 2
[2022-12-17 15:29:25] [SEVERE ] Key 86 was pressed by player 0
[2022-12-17 15:29:25] [SEVERE ] player 0 placing token on slot 11
[2022-12-17 15:29:25] [SEVERE ] setting player 0 freeze to 3000
[2022-12-17 15:29:25] [SEVERE ] setting player 0 freeze to 2000
[2022-12-17 15:29:26] [SEVERE ] setting player 0 freeze to 1000
[2022-12-17 15:29:27] [SEVERE ] setting player 0 freeze to 0
[2022-12-17 15:29:30] [SEVERE ] Key 86 was pressed by player 0
[2022-12-17 15:29:30] [SEVERE ] removing player 0 token from slot 11
[2022-12-17 15:29:31] [SEVERE ] Key 90 was pressed by player 0
[2022-12-17 15:29:31] [SEVERE ] player 0 placing token on slot 8
[2022-12-17 15:29:31] [SEVERE ] setting player 0 freeze to 3000
[2022-12-17 15:29:31] [SEVERE ] setting player 0 freeze to 2000
[2022-12-17 15:29:32] [SEVERE ] setting player 0 freeze to 1000
[2022-12-17 15:29:32] [SEVERE ] removing all tokens
[2022-12-17 15:29:32] [SEVERE ] removing tokens from slot 0
[2022-12-17 15:29:32] [SEVERE ] removing tokens from slot 1
[2022-12-17 15:29:32] [SEVERE ] removing tokens from slot 2
[2022-12-17 15:29:32] [SEVERE ] removing tokens from slot 3
[2022-12-17 15:29:32] [SEVERE ] removing tokens from slot 4
[2022-12-17 15:29:32] [SEVERE ] removing tokens from slot 5
[2022-12-17 15:29:32] [SEVERE ] removing tokens from slot 6
[2022-12-17 15:29:32] [SEVERE ] removing tokens from slot 7
[2022-12-17 15:29:32] [SEVERE ] removing tokens from slot 8
[2022-12-17 15:29:32] [SEVERE ] removing tokens from slot 9
[2022-12-17 15:29:32] [SEVERE ] removing tokens from slot 10
[2022-12-17 15:29:32] [SEVERE ] removing tokens from slot 11
[2022-12-17 15:29:32] [SEVERE ] removing card from slot 0
[2022-12-17 15:29:32] [SEVERE ] removing card from slot 1
[2022-12-17 15:29:33] [SEVERE ] removing card from slot 2
[2022-12-17 15:29:33] [SEVERE ] removing card from slot 3
[2022-12-17 15:29:33] [SEVERE ] removing card from slot 4
[2022-12-17 15:29:33] [SEVERE ] removing card from slot 5
[2022-12-17 15:29:33] [SEVERE ] removing card from slot 6
[2022-12-17 15:29:33] [SEVERE ] removing card from slot 7
[2022-12-17 15:29:33] [SEVERE ] removing card from slot 8
[2022-12-17 15:29:33] [SEVERE ] removing card from slot 9
[2022-12-17 15:29:33] [SEVERE ] removing card from slot 10
[2022-12-17 15:29:34] [SEVERE ] removing card from slot 11
[2022-12-17 15:29:34] [SEVERE ] placing card 78 in slot 0
[2022-12-17 15:29:34] [SEVERE ] placing card 51 in slot 1
[2022-12-17 15:29:34] [SEVERE ] placing card 41 in slot 2
[2022-12-17 15:29:34] [SEVERE ] placing card 65 in slot 3
[2022-12-17 15:29:34] [SEVERE ] placing card 77 in slot 4
[2022-12-17 15:29:34] [SEVERE ] placing card 25 in slot 5
[2022-12-17 15:29:34] [SEVERE ] Key 67 was pressed by player 0
[2022-12-17 15:29:34] [SEVERE ] placing card 73 in slot 6
[2022-12-17 15:29:34] [SEVERE ] placing card 7 in slot 7
[2022-12-17 15:29:34] [SEVERE ] placing card 10 in slot 8
[2022-12-17 15:29:35] [SEVERE ] placing card 35 in slot 9
[2022-12-17 15:29:35] [SEVERE ] placing card 45 in slot 10
[2022-12-17 15:29:35] [SEVERE ] placing card 28 in slot 11
[2022-12-17 15:29:35] [SEVERE ] Key 86 was pressed by player 0
[2022-12-17 15:29:36] [SEVERE ] setting player 0 freeze to 0
[2022-12-17 15:29:38] [SEVERE ] Key 86 was pressed by player 0
[2022-12-17 15:29:38] [SEVERE ] player 0 placing token on slot 11
[2022-12-17 15:29:39] [SEVERE ] Key 67 was pressed by player 0
[2022-12-17 15:29:39] [SEVERE ] player 0 placing token on slot 10
[2022-12-17 15:29:43] [SEVERE ] Key 73 was pressed by player 1
[2022-12-17 15:29:43] [SEVERE ] player 1 placing token on slot 1
[2022-12-17 15:29:43] [SEVERE ] Key 85 was pressed by player 1
[2022-12-17 15:29:43] [SEVERE ] player 1 placing token on slot 0
[2022-12-17 15:29:50] [SEVERE ] Key 87 was pressed by player 0
[2022-12-17 15:29:50] [SEVERE ] player 0 placing token on slot 1
[2022-12-17 15:29:50] [SEVERE ] setting player 0 freeze to 3000
[2022-12-17 15:29:50] [SEVERE ] setting player 0 freeze to 2000
[2022-12-17 15:29:51] [SEVERE ] Key 87 was pressed by player 0
[2022-12-17 15:29:51] [SEVERE ] setting player 0 freeze to 1000
[2022-12-17 15:29:52] [SEVERE ] Key 87 was pressed by player 0
[2022-12-17 15:29:52] [SEVERE ] setting player 0 freeze to 0
[2022-12-17 15:29:53] [SEVERE ] Key 87 was pressed by player 0
[2022-12-17 15:29:53] [SEVERE ] removing player 0 token from slot 1
[2022-12-17 15:29:53] [SEVERE ] Key 67 was pressed by player 0
[2022-12-17 15:29:53] [SEVERE ] removing player 0 token from slot 10
[2022-12-17 15:29:53] [SEVERE ] Key 86 was pressed by player 0
[2022-12-17 15:29:53] [SEVERE ] removing player 0 token from slot 11
[2022-12-17 15:29:56] [SEVERE ] Key 90 was pressed by player 0
[2022-12-17 15:29:56] [SEVERE ] player 0 placing token on slot 8
[2022-12-17 15:29:57] [SEVERE ] Key 86 was pressed by player 0
[2022-12-17 15:29:57] [SEVERE ] player 0 placing token on slot 11
[2022-12-17 15:30:00] [SEVERE ] Key 86 was pressed by player 0
[2022-12-17 15:30:00] [SEVERE ] removing player 0 token from slot 11
[2022-12-17 15:30:00] [SEVERE ] Key 67 was pressed by player 0
[2022-12-17 15:30:00] [SEVERE ] player 0 placing token on slot 10
[2022-12-17 15:30:06] [SEVERE ] Key 70 was pressed by player 0
[2022-12-17 15:30:06] [SEVERE ] player 0 placing token on slot 7
[2022-12-17 15:30:06] [SEVERE ] setting player 0 freeze to 3000
[2022-12-17 15:30:06] [SEVERE ] setting player 0 freeze to 2000
[2022-12-17 15:30:07] [SEVERE ] setting player 0 freeze to 1000
[2022-12-17 15:30:08] [SEVERE ] setting player 0 freeze to 0
[2022-12-17 15:30:08] [SEVERE ] Key 70 was pressed by player 0
[2022-12-17 15:30:08] [SEVERE ] removing player 0 token from slot 7
[2022-12-17 15:30:09] [SEVERE ] Key 67 was pressed by player 0
[2022-12-17 15:30:09] [SEVERE ] removing player 0 token from slot 10
[2022-12-17 15:30:10] [SEVERE ] Key 90 was pressed by player 0
[2022-12-17 15:30:10] [SEVERE ] removing player 0 token from slot 8
[2022-12-17 15:30:15] [SEVERE ] Key 65 was pressed by player 0
[2022-12-17 15:30:15] [SEVERE ] player 0 placing token on slot 4
[2022-12-17 15:30:16] [SEVERE ] Key 70 was pressed by player 0
[2022-12-17 15:30:16] [SEVERE ] player 0 placing token on slot 7
[2022-12-17 15:30:17] [SEVERE ] Key 70 was pressed by player 0
[2022-12-17 15:30:17] [SEVERE ] removing player 0 token from slot 7
[2022-12-17 15:30:19] [SEVERE ] Key 68 was pressed by player 0
[2022-12-17 15:30:19] [SEVERE ] player 0 placing token on slot 6
[2022-12-17 15:30:20] [SEVERE ] Key 81 was pressed by player 0
[2022-12-17 15:30:20] [SEVERE ] player 0 placing token on slot 0
[2022-12-17 15:30:20] [SEVERE ] setting player 0 score to 2
[2022-12-17 15:30:20] [SEVERE ] setting player 0 freeze to 1000
[2022-12-17 15:30:20] [SEVERE ] setting player 0 freeze to 0
[2022-12-17 15:30:20] [SEVERE ] removing player 0 token from slot 4
[2022-12-17 15:30:21] [SEVERE ] removing card from slot 4
[2022-12-17 15:30:21] [SEVERE ] removing player 0 token from slot 6
[2022-12-17 15:30:21] [SEVERE ] removing card from slot 6
[2022-12-17 15:30:21] [SEVERE ] removing player 0 token from slot 0
[2022-12-17 15:30:21] [SEVERE ] removing player 1 token from slot 0
[2022-12-17 15:30:21] [SEVERE ] removing card from slot 0
[2022-12-17 15:30:21] [SEVERE ] placing card 75 in slot 0
[2022-12-17 15:30:21] [SEVERE ] placing card 19 in slot 4
[2022-12-17 15:30:21] [SEVERE ] placing card 15 in slot 6
[2022-12-17 15:30:35] [SEVERE ] removing all tokens
[2022-12-17 15:30:35] [SEVERE ] removing tokens from slot 0
[2022-12-17 15:30:35] [SEVERE ] removing tokens from slot 1
[2022-12-17 15:30:35] [SEVERE ] removing tokens from slot 2
[2022-12-17 15:30:35] [SEVERE ] removing tokens from slot 3
[2022-12-17 15:30:35] [SEVERE ] removing tokens from slot 4
[2022-12-17 15:30:35] [SEVERE ] removing tokens from slot 5
[2022-12-17 15:30:35] [SEVERE ] removing tokens from slot 6
[2022-12-17 15:30:35] [SEVERE ] removing tokens from slot 7
[2022-12-17 15:30:35] [SEVERE ] removing tokens from slot 8
[2022-12-17 15:30:35] [SEVERE ] removing tokens from slot 9
[2022-12-17 15:30:35] [SEVERE ] removing tokens from slot 10
[2022-12-17 15:30:35] [SEVERE ] removing tokens from slot 11
[2022-12-17 15:30:36] [SEVERE ] removing card from slot 0
[2022-12-17 15:30:36] [SEVERE ] removing card from slot 1
[2022-12-17 15:30:36] [SEVERE ] removing card from slot 2
[2022-12-17 15:30:36] [SEVERE ] removing card from slot 3
[2022-12-17 15:30:36] [SEVERE ] removing card from slot 4
[2022-12-17 15:30:36] [SEVERE ] removing card from slot 5
[2022-12-17 15:30:36] [SEVERE ] removing card from slot 6
[2022-12-17 15:30:36] [SEVERE ] removing card from slot 7
[2022-12-17 15:30:36] [SEVERE ] removing card from slot 8
[2022-12-17 15:30:36] [SEVERE ] removing card from slot 9
[2022-12-17 15:30:37] [SEVERE ] removing card from slot 10
[2022-12-17 15:30:37] [SEVERE ] removing card from slot 11
[2022-12-17 15:30:37] [SEVERE ] placing card 75 in slot 0
[2022-12-17 15:30:37] [SEVERE ] placing card 64 in slot 1
[2022-12-17 15:30:37] [SEVERE ] placing card 63 in slot 2
[2022-12-17 15:30:37] [SEVERE ] placing card 20 in slot 3
[2022-12-17 15:30:37] [SEVERE ] placing card 53 in slot 4
[2022-12-17 15:30:37] [SEVERE ] placing card 67 in slot 5
[2022-12-17 15:30:37] [SEVERE ] placing card 47 in slot 6
[2022-12-17 15:30:38] [SEVERE ] placing card 80 in slot 7
[2022-12-17 15:30:38] [SEVERE ] placing card 28 in slot 8
[2022-12-17 15:30:38] [SEVERE ] placing card 10 in slot 9
[2022-12-17 15:30:38] [SEVERE ] placing card 30 in slot 10
[2022-12-17 15:30:38] [SEVERE ] placing card 79 in slot 11
