[2022-12-15 21:39:08] [INFO   ] cannot read configuration file config.properties trying from resources.
[2022-12-15 21:39:08] [INFO   ] configuration file was loaded from resources directory.
[2022-12-15 21:39:09] [INFO   ] Thread dealer starting.
[2022-12-15 21:39:09] [SEVERE ] placing card 50 in slot 0
[2022-12-15 21:39:09] [SEVERE ] placing card 54 in slot 1
[2022-12-15 21:39:09] [SEVERE ] placing card 66 in slot 2
[2022-12-15 21:39:09] [SEVERE ] placing card 48 in slot 3
[2022-12-15 21:39:09] [SEVERE ] placing card 41 in slot 4
[2022-12-15 21:39:09] [SEVERE ] placing card 30 in slot 5
[2022-12-15 21:39:09] [SEVERE ] placing card 61 in slot 6
[2022-12-15 21:39:10] [SEVERE ] placing card 52 in slot 7
[2022-12-15 21:39:10] [SEVERE ] placing card 42 in slot 8
[2022-12-15 21:39:10] [SEVERE ] placing card 19 in slot 9
[2022-12-15 21:39:10] [SEVERE ] placing card 12 in slot 10
[2022-12-15 21:39:10] [SEVERE ] placing card 58 in slot 11
[2022-12-15 21:39:16] [SEVERE ] removing card from slot 0
[2022-12-15 21:39:16] [SEVERE ] removing card from slot 1
[2022-12-15 21:39:16] [SEVERE ] removing card from slot 2
[2022-12-15 21:39:16] [SEVERE ] placing card 13 in slot 0
[2022-12-15 21:39:16] [SEVERE ] placing card 47 in slot 1
[2022-12-15 21:39:16] [SEVERE ] placing card 26 in slot 2
[2022-12-15 21:39:18] [SEVERE ] removing card from slot 0
[2022-12-15 21:39:18] [SEVERE ] removing card from slot 1
[2022-12-15 21:39:18] [SEVERE ] removing card from slot 2
[2022-12-15 21:39:18] [SEVERE ] placing card 70 in slot 0
[2022-12-15 21:39:19] [SEVERE ] placing card 79 in slot 1
[2022-12-15 21:39:19] [SEVERE ] placing card 35 in slot 2
