[2022-12-15 19:26:04] [INFO   ] cannot read configuration file config.properties trying from resources.
[2022-12-15 19:26:04] [INFO   ] configuration file was loaded from resources directory.
[2022-12-15 19:26:05] [INFO   ] Thread dealer starting.
[2022-12-15 19:26:05] [SEVERE ] placing card 50 in slot 0
[2022-12-15 19:26:06] [SEVERE ] placing card 63 in slot 1
[2022-12-15 19:26:06] [SEVERE ] placing card 54 in slot 2
[2022-12-15 19:26:06] [SEVERE ] placing card 10 in slot 3
[2022-12-15 19:26:06] [SEVERE ] placing card 16 in slot 4
[2022-12-15 19:26:06] [SEVERE ] placing card 2 in slot 5
[2022-12-15 19:26:06] [SEVERE ] placing card 28 in slot 6
[2022-12-15 19:26:06] [SEVERE ] placing card 0 in slot 7
[2022-12-15 19:26:06] [SEVERE ] placing card 6 in slot 8
[2022-12-15 19:26:06] [SEVERE ] placing card 79 in slot 9
[2022-12-15 19:26:06] [SEVERE ] placing card 3 in slot 10
[2022-12-15 19:26:07] [SEVERE ] placing card 7 in slot 11
[2022-12-15 19:26:09] [SEVERE ] Key 73 was pressed by player 1
[2022-12-15 19:26:09] [SEVERE ] player 1 placing token on slot 1
[2022-12-15 19:26:12] [SEVERE ] Key 87 was pressed by player 0
[2022-12-15 19:26:12] [SEVERE ] player 0 placing token on slot 1
[2022-12-15 19:26:25] [SEVERE ] removing card from slot 0
