[2022-12-17 13:54:45] [INFO   ] cannot read configuration file config.properties trying from resources.
[2022-12-17 13:54:45] [INFO   ] configuration file was loaded from resources directory.
[2022-12-17 13:54:46] [INFO   ] Thread dealer starting.
[2022-12-17 13:54:46] [INFO   ] Thread Thread-1starting.
[2022-12-17 13:54:46] [INFO   ] Thread Thread-2starting.
[2022-12-17 13:54:46] [SEVERE ] placing card 25 in slot 0
[2022-12-17 13:54:46] [SEVERE ] placing card 46 in slot 1
[2022-12-17 13:54:46] [SEVERE ] placing card 65 in slot 2
[2022-12-17 13:54:46] [SEVERE ] placing card 35 in slot 3
[2022-12-17 13:54:46] [SEVERE ] placing card 10 in slot 4
[2022-12-17 13:54:46] [SEVERE ] placing card 80 in slot 5
[2022-12-17 13:54:46] [SEVERE ] placing card 79 in slot 6
[2022-12-17 13:54:46] [SEVERE ] placing card 61 in slot 7
[2022-12-17 13:54:47] [SEVERE ] placing card 4 in slot 8
[2022-12-17 13:54:47] [SEVERE ] placing card 41 in slot 9
[2022-12-17 13:54:47] [SEVERE ] placing card 30 in slot 10
[2022-12-17 13:54:47] [SEVERE ] placing card 60 in slot 11
[2022-12-17 13:54:51] [SEVERE ] Key 81 was pressed by player 0
[2022-12-17 13:54:51] [SEVERE ] player 0 placing token on slot 0
[2022-12-17 13:54:51] [SEVERE ] Key 87 was pressed by player 0
[2022-12-17 13:54:51] [SEVERE ] player 0 placing token on slot 1
[2022-12-17 13:54:51] [SEVERE ] Key 68 was pressed by player 0
[2022-12-17 13:54:51] [SEVERE ] player 0 placing token on slot 6
[2022-12-17 13:54:51] [SEVERE ] setting player 0 freeze to 3000
[2022-12-17 13:54:51] [SEVERE ] setting player 0 freeze to 2000
[2022-12-17 13:54:52] [SEVERE ] setting player 0 freeze to 1000
[2022-12-17 13:54:53] [SEVERE ] setting player 0 freeze to 0
[2022-12-17 13:55:03] [SEVERE ] Key 68 was pressed by player 0
[2022-12-17 13:55:03] [SEVERE ] removing player 0 token from slot 6
[2022-12-17 13:55:03] [SEVERE ] Key 87 was pressed by player 0
[2022-12-17 13:55:03] [SEVERE ] removing player 0 token from slot 1
[2022-12-17 13:55:04] [SEVERE ] Key 81 was pressed by player 0
[2022-12-17 13:55:04] [SEVERE ] removing player 0 token from slot 0
[2022-12-17 13:55:04] [SEVERE ] Key 81 was pressed by player 0
[2022-12-17 13:55:04] [SEVERE ] player 0 placing token on slot 0
[2022-12-17 13:55:05] [SEVERE ] Key 65 was pressed by player 0
[2022-12-17 13:55:05] [SEVERE ] player 0 placing token on slot 4
[2022-12-17 13:55:06] [SEVERE ] Key 90 was pressed by player 0
[2022-12-17 13:55:06] [SEVERE ] player 0 placing token on slot 8
[2022-12-17 13:55:06] [SEVERE ] setting player 0 score to 1
[2022-12-17 13:55:06] [SEVERE ] setting player 0 freeze to 1000
[2022-12-17 13:55:06] [SEVERE ] setting player 0 freeze to 0
[2022-12-17 13:55:06] [SEVERE ] removing player 0 token from slot 0
[2022-12-17 13:55:06] [SEVERE ] removing card from slot 0
[2022-12-17 13:55:06] [SEVERE ] removing player 0 token from slot 4
[2022-12-17 13:55:06] [SEVERE ] removing card from slot 4
[2022-12-17 13:55:06] [SEVERE ] removing player 0 token from slot 8
[2022-12-17 13:55:06] [SEVERE ] removing card from slot 8
[2022-12-17 13:55:06] [SEVERE ] placing card 62 in slot 0
[2022-12-17 13:55:06] [SEVERE ] placing card 2 in slot 4
[2022-12-17 13:55:06] [SEVERE ] placing card 20 in slot 8
[2022-12-17 13:55:09] [SEVERE ] Key 65 was pressed by player 0
[2022-12-17 13:55:09] [SEVERE ] player 0 placing token on slot 4
[2022-12-17 13:55:11] [SEVERE ] Key 65 was pressed by player 0
[2022-12-17 13:55:11] [SEVERE ] removing player 0 token from slot 4
[2022-12-17 13:55:14] [SEVERE ] Key 87 was pressed by player 0
[2022-12-17 13:55:14] [SEVERE ] player 0 placing token on slot 1
[2022-12-17 13:55:14] [SEVERE ] Key 87 was pressed by player 0
[2022-12-17 13:55:14] [SEVERE ] removing player 0 token from slot 1
[2022-12-17 13:55:21] [SEVERE ] Key 90 was pressed by player 0
[2022-12-17 13:55:21] [SEVERE ] player 0 placing token on slot 8
[2022-12-17 13:55:25] [SEVERE ] Key 90 was pressed by player 0
[2022-12-17 13:55:25] [SEVERE ] removing player 0 token from slot 8
[2022-12-17 13:55:26] [SEVERE ] Key 68 was pressed by player 0
[2022-12-17 13:55:26] [SEVERE ] player 0 placing token on slot 6
[2022-12-17 13:55:27] [SEVERE ] Key 68 was pressed by player 0
[2022-12-17 13:55:27] [SEVERE ] removing player 0 token from slot 6
[2022-12-17 13:55:30] [SEVERE ] Key 68 was pressed by player 0
[2022-12-17 13:55:30] [SEVERE ] player 0 placing token on slot 6
[2022-12-17 13:55:31] [SEVERE ] Key 69 was pressed by player 0
[2022-12-17 13:55:31] [SEVERE ] player 0 placing token on slot 2
[2022-12-17 13:55:32] [SEVERE ] Key 86 was pressed by player 0
[2022-12-17 13:55:32] [SEVERE ] player 0 placing token on slot 11
[2022-12-17 13:55:32] [SEVERE ] setting player 0 freeze to 3000
[2022-12-17 13:55:32] [SEVERE ] setting player 0 freeze to 2000
[2022-12-17 13:55:33] [SEVERE ] setting player 0 freeze to 1000
[2022-12-17 13:55:34] [SEVERE ] setting player 0 freeze to 0
[2022-12-17 13:55:36] [SEVERE ] Key 86 was pressed by player 0
[2022-12-17 13:55:36] [SEVERE ] removing player 0 token from slot 11
[2022-12-17 13:55:37] [SEVERE ] Key 68 was pressed by player 0
[2022-12-17 13:55:37] [SEVERE ] removing player 0 token from slot 6
[2022-12-17 13:55:37] [SEVERE ] Key 69 was pressed by player 0
[2022-12-17 13:55:37] [SEVERE ] removing player 0 token from slot 2
[2022-12-17 13:55:43] [SEVERE ] Key 86 was pressed by player 0
[2022-12-17 13:55:43] [SEVERE ] player 0 placing token on slot 11
[2022-12-17 13:55:43] [SEVERE ] Key 70 was pressed by player 0
[2022-12-17 13:55:43] [SEVERE ] player 0 placing token on slot 7
[2022-12-17 13:55:45] [SEVERE ] Key 81 was pressed by player 0
[2022-12-17 13:55:45] [SEVERE ] player 0 placing token on slot 0
[2022-12-17 13:55:45] [SEVERE ] setting player 0 score to 2
[2022-12-17 13:55:45] [SEVERE ] setting player 0 freeze to 1000
[2022-12-17 13:55:45] [SEVERE ] setting player 0 freeze to 0
[2022-12-17 13:55:45] [SEVERE ] removing player 0 token from slot 11
[2022-12-17 13:55:45] [SEVERE ] removing card from slot 11
[2022-12-17 13:55:45] [SEVERE ] removing player 0 token from slot 7
[2022-12-17 13:55:45] [SEVERE ] removing card from slot 7
[2022-12-17 13:55:45] [SEVERE ] removing player 0 token from slot 0
[2022-12-17 13:55:45] [SEVERE ] removing card from slot 0
[2022-12-17 13:55:45] [SEVERE ] placing card 69 in slot 0
[2022-12-17 13:55:45] [SEVERE ] placing card 59 in slot 7
[2022-12-17 13:55:45] [SEVERE ] placing card 70 in slot 11
[2022-12-17 13:55:47] [SEVERE ] removing all tokens
[2022-12-17 13:55:47] [SEVERE ] removing tokens from slot 0
[2022-12-17 13:55:47] [SEVERE ] removing tokens from slot 1
[2022-12-17 13:55:47] [SEVERE ] removing tokens from slot 2
[2022-12-17 13:55:47] [SEVERE ] removing tokens from slot 3
[2022-12-17 13:55:47] [SEVERE ] removing tokens from slot 4
[2022-12-17 13:55:47] [SEVERE ] removing tokens from slot 5
[2022-12-17 13:55:47] [SEVERE ] removing tokens from slot 6
[2022-12-17 13:55:47] [SEVERE ] removing tokens from slot 7
[2022-12-17 13:55:47] [SEVERE ] removing tokens from slot 8
[2022-12-17 13:55:47] [SEVERE ] removing tokens from slot 9
[2022-12-17 13:55:47] [SEVERE ] removing tokens from slot 10
[2022-12-17 13:55:47] [SEVERE ] removing tokens from slot 11
[2022-12-17 13:55:47] [SEVERE ] Key 81 was pressed by player 0
[2022-12-17 13:55:47] [SEVERE ] player 0 placing token on slot 0
[2022-12-17 13:55:47] [SEVERE ] removing card from slot 0
[2022-12-17 13:55:47] [SEVERE ] removing card from slot 1
[2022-12-17 13:55:48] [SEVERE ] removing card from slot 2
[2022-12-17 13:55:48] [SEVERE ] removing card from slot 3
[2022-12-17 13:55:48] [SEVERE ] removing card from slot 4
[2022-12-17 13:55:48] [SEVERE ] removing card from slot 5
[2022-12-17 13:55:48] [SEVERE ] removing card from slot 6
[2022-12-17 13:55:48] [SEVERE ] removing card from slot 7
[2022-12-17 13:55:48] [SEVERE ] removing card from slot 8
[2022-12-17 13:55:48] [SEVERE ] removing card from slot 9
[2022-12-17 13:55:48] [SEVERE ] removing card from slot 10
[2022-12-17 13:55:48] [SEVERE ] removing card from slot 11
[2022-12-17 13:55:49] [SEVERE ] placing card 5 in slot 0
[2022-12-17 13:55:49] [SEVERE ] placing card 32 in slot 1
[2022-12-17 13:55:49] [SEVERE ] placing card 68 in slot 2
[2022-12-17 13:55:49] [SEVERE ] placing card 76 in slot 3
[2022-12-17 13:55:49] [SEVERE ] placing card 30 in slot 4
[2022-12-17 13:55:49] [SEVERE ] placing card 40 in slot 5
[2022-12-17 13:55:49] [SEVERE ] placing card 26 in slot 6
[2022-12-17 13:55:49] [SEVERE ] placing card 63 in slot 7
[2022-12-17 13:55:49] [SEVERE ] placing card 0 in slot 8
[2022-12-17 13:55:50] [SEVERE ] placing card 31 in slot 9
[2022-12-17 13:55:50] [SEVERE ] placing card 6 in slot 10
[2022-12-17 13:55:50] [SEVERE ] placing card 58 in slot 11
[2022-12-17 13:55:53] [SEVERE ] Key 87 was pressed by player 0
[2022-12-17 13:55:53] [SEVERE ] player 0 placing token on slot 1
[2022-12-17 13:56:49] [SEVERE ] Key 81 was pressed by player 0
[2022-12-17 13:56:49] [SEVERE ] removing player 0 token from slot 0
[2022-12-17 13:56:50] [SEVERE ] Key 81 was pressed by player 0
[2022-12-17 13:56:50] [SEVERE ] player 0 placing token on slot 0
[2022-12-17 13:56:50] [SEVERE ] Key 81 was pressed by player 0
[2022-12-17 13:56:50] [SEVERE ] removing player 0 token from slot 0
[2022-12-17 13:56:50] [SEVERE ] removing all tokens
[2022-12-17 13:56:50] [SEVERE ] removing tokens from slot 0
[2022-12-17 13:56:50] [SEVERE ] removing tokens from slot 1
[2022-12-17 13:56:50] [SEVERE ] removing tokens from slot 2
[2022-12-17 13:56:50] [SEVERE ] removing tokens from slot 3
[2022-12-17 13:56:50] [SEVERE ] removing tokens from slot 4
[2022-12-17 13:56:50] [SEVERE ] removing tokens from slot 5
[2022-12-17 13:56:50] [SEVERE ] removing tokens from slot 6
[2022-12-17 13:56:50] [SEVERE ] removing tokens from slot 7
[2022-12-17 13:56:50] [SEVERE ] removing tokens from slot 8
[2022-12-17 13:56:50] [SEVERE ] removing tokens from slot 9
[2022-12-17 13:56:50] [SEVERE ] removing tokens from slot 10
[2022-12-17 13:56:50] [SEVERE ] removing tokens from slot 11
[2022-12-17 13:56:50] [SEVERE ] removing card from slot 0
[2022-12-17 13:56:50] [SEVERE ] Key 81 was pressed by player 0
[2022-12-17 13:56:50] [SEVERE ] removing card from slot 1
[2022-12-17 13:56:50] [SEVERE ] removing card from slot 2
[2022-12-17 13:56:50] [SEVERE ] removing card from slot 3
[2022-12-17 13:56:50] [SEVERE ] removing card from slot 4
[2022-12-17 13:56:50] [SEVERE ] Key 81 was pressed by player 0
[2022-12-17 13:56:50] [SEVERE ] removing card from slot 5
[2022-12-17 13:56:51] [SEVERE ] removing card from slot 6
[2022-12-17 13:56:51] [SEVERE ] Key 81 was pressed by player 0
[2022-12-17 13:56:51] [SEVERE ] removing card from slot 7
[2022-12-17 13:56:51] [SEVERE ] removing card from slot 8
[2022-12-17 13:56:51] [SEVERE ] removing card from slot 9
[2022-12-17 13:56:51] [SEVERE ] Key 81 was pressed by player 0
[2022-12-17 13:56:51] [SEVERE ] removing card from slot 10
[2022-12-17 13:56:51] [SEVERE ] removing card from slot 11
[2022-12-17 13:56:51] [SEVERE ] Key 81 was pressed by player 0
[2022-12-17 13:56:51] [SEVERE ] placing card 13 in slot 0
[2022-12-17 13:56:51] [SEVERE ] placing card 14 in slot 1
[2022-12-17 13:56:51] [SEVERE ] Key 81 was pressed by player 0
[2022-12-17 13:56:51] [SEVERE ] player 0 placing token on slot 0
[2022-12-17 13:56:51] [SEVERE ] placing card 3 in slot 2
[2022-12-17 13:56:52] [SEVERE ] placing card 67 in slot 3
[2022-12-17 13:56:52] [SEVERE ] placing card 2 in slot 4
[2022-12-17 13:56:52] [SEVERE ] placing card 39 in slot 5
[2022-12-17 13:56:52] [SEVERE ] placing card 17 in slot 6
[2022-12-17 13:56:52] [SEVERE ] placing card 43 in slot 7
[2022-12-17 13:56:52] [SEVERE ] placing card 0 in slot 8
[2022-12-17 13:56:52] [SEVERE ] placing card 49 in slot 9
[2022-12-17 13:56:52] [SEVERE ] placing card 41 in slot 10
[2022-12-17 13:56:52] [SEVERE ] placing card 71 in slot 11
[2022-12-17 13:56:56] [SEVERE ] Key 81 was pressed by player 0
[2022-12-17 13:56:56] [SEVERE ] removing player 0 token from slot 0
[2022-12-17 13:57:02] [SEVERE ] Key 90 was pressed by player 0
[2022-12-17 13:57:02] [SEVERE ] player 0 placing token on slot 8
[2022-12-17 13:57:02] [SEVERE ] Key 88 was pressed by player 0
[2022-12-17 13:57:02] [SEVERE ] player 0 placing token on slot 9
[2022-12-17 13:57:03] [SEVERE ] Key 86 was pressed by player 0
[2022-12-17 13:57:03] [SEVERE ] player 0 placing token on slot 11
[2022-12-17 13:57:03] [SEVERE ] setting player 0 score to 3
[2022-12-17 13:57:03] [SEVERE ] setting player 0 freeze to 1000
[2022-12-17 13:57:03] [SEVERE ] setting player 0 freeze to 0
[2022-12-17 13:57:03] [SEVERE ] removing player 0 token from slot 8
[2022-12-17 13:57:03] [SEVERE ] removing card from slot 8
[2022-12-17 13:57:03] [SEVERE ] removing player 0 token from slot 9
[2022-12-17 13:57:04] [SEVERE ] removing card from slot 9
[2022-12-17 13:57:04] [SEVERE ] removing player 0 token from slot 11
[2022-12-17 13:57:04] [SEVERE ] removing card from slot 11
[2022-12-17 13:57:04] [SEVERE ] placing card 29 in slot 8
[2022-12-17 13:57:04] [SEVERE ] placing card 70 in slot 9
[2022-12-17 13:57:04] [SEVERE ] placing card 1 in slot 11
[2022-12-17 13:57:14] [SEVERE ] Exit button pressed
[2022-12-17 13:57:14] [INFO   ] Thread Thread-1 terminated.
[2022-12-17 13:57:14] [INFO   ] Thread Thread-2 terminated.
[2022-12-17 13:57:14] [SEVERE ] removing all tokens
[2022-12-17 13:57:14] [SEVERE ] removing tokens from slot 0
[2022-12-17 13:57:14] [SEVERE ] removing tokens from slot 1
[2022-12-17 13:57:14] [SEVERE ] removing tokens from slot 2
[2022-12-17 13:57:14] [SEVERE ] removing tokens from slot 3
[2022-12-17 13:57:14] [SEVERE ] removing tokens from slot 4
[2022-12-17 13:57:14] [SEVERE ] removing tokens from slot 5
[2022-12-17 13:57:14] [SEVERE ] removing tokens from slot 6
[2022-12-17 13:57:14] [SEVERE ] removing tokens from slot 7
[2022-12-17 13:57:14] [SEVERE ] removing tokens from slot 8
[2022-12-17 13:57:14] [SEVERE ] removing tokens from slot 9
[2022-12-17 13:57:14] [SEVERE ] removing tokens from slot 10
[2022-12-17 13:57:14] [SEVERE ] removing tokens from slot 11
[2022-12-17 13:57:15] [SEVERE ] removing card from slot 0
[2022-12-17 13:57:15] [SEVERE ] removing card from slot 1
[2022-12-17 13:57:15] [SEVERE ] removing card from slot 2
[2022-12-17 13:57:15] [SEVERE ] removing card from slot 3
[2022-12-17 13:57:15] [SEVERE ] removing card from slot 4
[2022-12-17 13:57:15] [SEVERE ] removing card from slot 5
[2022-12-17 13:57:15] [SEVERE ] removing card from slot 6
[2022-12-17 13:57:15] [SEVERE ] removing card from slot 7
[2022-12-17 13:57:15] [SEVERE ] removing card from slot 8
[2022-12-17 13:57:16] [SEVERE ] removing card from slot 9
[2022-12-17 13:57:16] [SEVERE ] removing card from slot 10
[2022-12-17 13:57:16] [SEVERE ] removing card from slot 11
[2022-12-17 13:57:55] [SEVERE ] announcing winners: [0]
[2022-12-17 13:58:02] [INFO   ] Thread dealer terminated.
[2022-12-17 13:59:18] [INFO   ] Thread main terminated.
