[2022-12-17 14:00:47] [INFO   ] cannot read configuration file config.properties trying from resources.
[2022-12-17 14:00:47] [INFO   ] configuration file was loaded from resources directory.
[2022-12-17 14:00:47] [INFO   ] Thread dealer starting.
[2022-12-17 14:00:47] [INFO   ] Thread Thread-1starting.
[2022-12-17 14:00:47] [INFO   ] Thread Thread-2starting.
[2022-12-17 14:00:47] [SEVERE ] placing card 71 in slot 0
[2022-12-17 14:00:48] [SEVERE ] placing card 5 in slot 1
[2022-12-17 14:00:48] [SEVERE ] placing card 64 in slot 2
[2022-12-17 14:00:48] [SEVERE ] placing card 42 in slot 3
[2022-12-17 14:00:48] [SEVERE ] placing card 23 in slot 4
[2022-12-17 14:00:48] [SEVERE ] placing card 36 in slot 5
[2022-12-17 14:00:48] [SEVERE ] placing card 77 in slot 6
[2022-12-17 14:00:48] [SEVERE ] placing card 17 in slot 7
[2022-12-17 14:00:48] [SEVERE ] placing card 69 in slot 8
[2022-12-17 14:00:48] [SEVERE ] placing card 29 in slot 9
[2022-12-17 14:00:48] [SEVERE ] placing card 46 in slot 10
[2022-12-17 14:00:49] [SEVERE ] placing card 54 in slot 11
[2022-12-17 14:01:02] [SEVERE ] Key 70 was pressed by player 0
[2022-12-17 14:01:02] [SEVERE ] player 0 placing token on slot 7
[2022-12-17 14:01:06] [SEVERE ] Key 70 was pressed by player 0
[2022-12-17 14:01:06] [SEVERE ] removing player 0 token from slot 7
[2022-12-17 14:01:11] [SEVERE ] Key 69 was pressed by player 0
[2022-12-17 14:01:11] [SEVERE ] player 0 placing token on slot 2
[2022-12-17 14:01:11] [SEVERE ] Key 69 was pressed by player 0
[2022-12-17 14:01:11] [SEVERE ] removing player 0 token from slot 2
[2022-12-17 14:01:12] [SEVERE ] Key 69 was pressed by player 0
[2022-12-17 14:01:12] [SEVERE ] player 0 placing token on slot 2
[2022-12-17 14:01:21] [SEVERE ] Key 69 was pressed by player 0
[2022-12-17 14:01:21] [SEVERE ] removing player 0 token from slot 2
[2022-12-17 14:01:22] [SEVERE ] Key 86 was pressed by player 0
[2022-12-17 14:01:22] [SEVERE ] player 0 placing token on slot 11
[2022-12-17 14:01:25] [SEVERE ] Key 86 was pressed by player 0
[2022-12-17 14:01:25] [SEVERE ] removing player 0 token from slot 11
[2022-12-17 14:01:28] [SEVERE ] Key 83 was pressed by player 0
[2022-12-17 14:01:28] [SEVERE ] player 0 placing token on slot 5
[2022-12-17 14:01:29] [SEVERE ] Key 88 was pressed by player 0
[2022-12-17 14:01:29] [SEVERE ] player 0 placing token on slot 9
[2022-12-17 14:01:29] [SEVERE ] Key 67 was pressed by player 0
[2022-12-17 14:01:29] [SEVERE ] player 0 placing token on slot 10
[2022-12-17 14:01:29] [SEVERE ] setting player 0 score to 1
[2022-12-17 14:01:29] [SEVERE ] setting player 0 freeze to 1000
[2022-12-17 14:01:29] [SEVERE ] setting player 0 freeze to 0
[2022-12-17 14:01:29] [SEVERE ] removing player 0 token from slot 5
[2022-12-17 14:01:29] [SEVERE ] removing card from slot 5
[2022-12-17 14:01:29] [SEVERE ] removing player 0 token from slot 9
[2022-12-17 14:01:29] [SEVERE ] removing card from slot 9
[2022-12-17 14:01:29] [SEVERE ] removing player 0 token from slot 10
[2022-12-17 14:01:30] [SEVERE ] removing card from slot 10
[2022-12-17 14:01:30] [SEVERE ] placing card 56 in slot 5
[2022-12-17 14:01:30] [SEVERE ] placing card 20 in slot 9
[2022-12-17 14:01:30] [SEVERE ] placing card 30 in slot 10
[2022-12-17 14:01:34] [SEVERE ] Exit button pressed
[2022-12-17 14:01:34] [INFO   ] Thread Thread-1 terminated.
[2022-12-17 14:01:34] [INFO   ] Thread Thread-2 terminated.
[2022-12-17 14:01:35] [SEVERE ] removing all tokens
[2022-12-17 14:01:35] [SEVERE ] removing tokens from slot 0
[2022-12-17 14:01:35] [SEVERE ] removing tokens from slot 1
[2022-12-17 14:01:35] [SEVERE ] removing tokens from slot 2
[2022-12-17 14:01:35] [SEVERE ] removing tokens from slot 3
[2022-12-17 14:01:35] [SEVERE ] removing tokens from slot 4
[2022-12-17 14:01:35] [SEVERE ] removing tokens from slot 5
[2022-12-17 14:01:35] [SEVERE ] removing tokens from slot 6
[2022-12-17 14:01:35] [SEVERE ] removing tokens from slot 7
[2022-12-17 14:01:35] [SEVERE ] removing tokens from slot 8
[2022-12-17 14:01:35] [SEVERE ] removing tokens from slot 9
[2022-12-17 14:01:35] [SEVERE ] removing tokens from slot 10
[2022-12-17 14:01:35] [SEVERE ] removing tokens from slot 11
[2022-12-17 14:01:35] [SEVERE ] removing card from slot 0
[2022-12-17 14:01:35] [SEVERE ] removing card from slot 1
[2022-12-17 14:01:35] [SEVERE ] removing card from slot 2
[2022-12-17 14:01:35] [SEVERE ] removing card from slot 3
[2022-12-17 14:01:35] [SEVERE ] removing card from slot 4
[2022-12-17 14:01:35] [SEVERE ] removing card from slot 5
[2022-12-17 14:01:35] [SEVERE ] removing card from slot 6
[2022-12-17 14:01:35] [SEVERE ] removing card from slot 7
[2022-12-17 14:01:36] [SEVERE ] removing card from slot 8
[2022-12-17 14:01:36] [SEVERE ] removing card from slot 9
[2022-12-17 14:01:36] [SEVERE ] removing card from slot 10
[2022-12-17 14:01:36] [SEVERE ] removing card from slot 11
[2022-12-17 14:01:38] [SEVERE ] announcing winners: [0]
[2022-12-17 14:01:45] [INFO   ] Thread dealer terminated.
[2022-12-17 14:01:45] [INFO   ] Thread main terminated.
