[2022-12-13 15:47:46] [INFO   ] cannot read configuration file config.properties trying from resources.
[2022-12-13 15:47:46] [INFO   ] configuration file was loaded from resources directory.
[2022-12-13 15:47:47] [INFO   ] Thread dealer starting.
[2022-12-13 15:47:47] [SEVERE ] placing card 51 in slot 0
[2022-12-13 15:47:47] [SEVERE ] placing card 38 in slot 1
[2022-12-13 15:47:47] [SEVERE ] placing card 62 in slot 2
[2022-12-13 15:47:47] [SEVERE ] placing card 7 in slot 3
[2022-12-13 15:47:47] [SEVERE ] placing card 58 in slot 4
[2022-12-13 15:47:47] [SEVERE ] placing card 24 in slot 5
[2022-12-13 15:47:47] [SEVERE ] placing card 33 in slot 6
[2022-12-13 15:47:47] [SEVERE ] placing card 44 in slot 7
[2022-12-13 15:47:48] [SEVERE ] placing card 3 in slot 8
[2022-12-13 15:47:48] [SEVERE ] placing card 5 in slot 9
[2022-12-13 15:47:48] [SEVERE ] placing card 78 in slot 10
[2022-12-13 15:47:48] [SEVERE ] placing card 53 in slot 11
[2022-12-13 15:47:48] [SEVERE ] removing card from slot 0
[2022-12-13 15:47:48] [SEVERE ] removing card from slot 1
[2022-12-13 15:47:48] [SEVERE ] removing card from slot 2
[2022-12-13 15:47:48] [SEVERE ] placing card 31 in slot 0
[2022-12-13 15:47:48] [SEVERE ] placing card 28 in slot 1
[2022-12-13 15:47:48] [SEVERE ] placing card 52 in slot 2
[2022-12-13 15:47:48] [SEVERE ] removing card from slot 0
[2022-12-13 15:47:48] [SEVERE ] removing card from slot 1
[2022-12-13 15:47:48] [SEVERE ] removing card from slot 2
[2022-12-13 15:47:48] [SEVERE ] placing card 77 in slot 0
[2022-12-13 15:47:48] [SEVERE ] placing card 75 in slot 1
[2022-12-13 15:47:49] [SEVERE ] placing card 4 in slot 2
[2022-12-13 15:47:49] [SEVERE ] removing card from slot 0
[2022-12-13 15:47:49] [SEVERE ] removing card from slot 1
[2022-12-13 15:47:49] [SEVERE ] removing card from slot 2
[2022-12-13 15:47:49] [SEVERE ] placing card 54 in slot 0
[2022-12-13 15:47:49] [SEVERE ] placing card 20 in slot 1
[2022-12-13 15:47:49] [SEVERE ] placing card 38 in slot 2
[2022-12-13 15:47:49] [SEVERE ] removing card from slot 0
[2022-12-13 15:47:49] [SEVERE ] removing card from slot 1
[2022-12-13 15:47:49] [SEVERE ] removing card from slot 2
[2022-12-13 15:47:49] [SEVERE ] placing card 20 in slot 0
[2022-12-13 15:47:49] [SEVERE ] placing card 69 in slot 1
[2022-12-13 15:47:49] [SEVERE ] placing card 17 in slot 2
[2022-12-13 15:47:49] [SEVERE ] removing card from slot 0
[2022-12-13 15:47:49] [SEVERE ] removing card from slot 1
[2022-12-13 15:47:49] [SEVERE ] removing card from slot 2
[2022-12-13 15:47:49] [SEVERE ] placing card 72 in slot 0
[2022-12-13 15:47:49] [SEVERE ] placing card 14 in slot 1
[2022-12-13 15:47:50] [SEVERE ] placing card 63 in slot 2
[2022-12-13 15:47:50] [SEVERE ] removing card from slot 0
[2022-12-13 15:47:50] [SEVERE ] removing card from slot 1
[2022-12-13 15:47:50] [SEVERE ] removing card from slot 2
[2022-12-13 15:47:50] [SEVERE ] placing card 54 in slot 0
[2022-12-13 15:47:50] [SEVERE ] placing card 17 in slot 1
[2022-12-13 15:47:50] [SEVERE ] placing card 47 in slot 2
[2022-12-13 15:47:50] [SEVERE ] removing card from slot 0
[2022-12-13 15:47:50] [SEVERE ] removing card from slot 1
[2022-12-13 15:47:50] [SEVERE ] removing card from slot 2
[2022-12-13 15:47:50] [SEVERE ] placing card 6 in slot 0
[2022-12-13 15:47:50] [SEVERE ] placing card 19 in slot 1
[2022-12-13 15:47:50] [SEVERE ] placing card 52 in slot 2
[2022-12-13 15:47:50] [SEVERE ] removing card from slot 0
[2022-12-13 15:47:50] [SEVERE ] removing card from slot 1
[2022-12-13 15:47:50] [SEVERE ] removing card from slot 2
[2022-12-13 15:47:50] [SEVERE ] placing card 34 in slot 0
[2022-12-13 15:47:50] [SEVERE ] placing card 32 in slot 1
[2022-12-13 15:47:50] [SEVERE ] placing card 43 in slot 2
[2022-12-13 15:47:50] [SEVERE ] removing card from slot 0
[2022-12-13 15:47:50] [SEVERE ] removing card from slot 1
[2022-12-13 15:47:50] [SEVERE ] removing card from slot 2
[2022-12-13 15:47:51] [SEVERE ] placing card 1 in slot 0
[2022-12-13 15:47:51] [SEVERE ] placing card 4 in slot 1
[2022-12-13 15:47:51] [SEVERE ] placing card 8 in slot 2
[2022-12-13 15:47:51] [SEVERE ] removing card from slot 0
[2022-12-13 15:47:51] [SEVERE ] removing card from slot 1
[2022-12-13 15:47:51] [SEVERE ] removing card from slot 2
[2022-12-13 15:47:51] [SEVERE ] placing card 60 in slot 0
[2022-12-13 15:47:51] [SEVERE ] placing card 48 in slot 1
[2022-12-13 15:47:51] [SEVERE ] placing card 29 in slot 2
[2022-12-13 15:47:51] [SEVERE ] removing card from slot 0
[2022-12-13 15:47:51] [SEVERE ] removing card from slot 1
[2022-12-13 15:47:51] [SEVERE ] removing card from slot 2
[2022-12-13 15:47:51] [SEVERE ] placing card 0 in slot 0
[2022-12-13 15:47:51] [SEVERE ] placing card 28 in slot 1
[2022-12-13 15:47:51] [SEVERE ] placing card 45 in slot 2
[2022-12-13 15:47:51] [SEVERE ] removing card from slot 0
[2022-12-13 15:47:51] [SEVERE ] removing card from slot 1
[2022-12-13 15:47:51] [SEVERE ] removing card from slot 2
[2022-12-13 15:47:52] [SEVERE ] placing card 62 in slot 0
[2022-12-13 15:47:52] [SEVERE ] placing card 16 in slot 1
[2022-12-13 15:47:52] [SEVERE ] placing card 37 in slot 2
[2022-12-13 15:47:52] [SEVERE ] removing card from slot 0
[2022-12-13 15:47:52] [SEVERE ] removing card from slot 1
[2022-12-13 15:47:52] [SEVERE ] removing card from slot 2
[2022-12-13 15:47:52] [SEVERE ] placing card 28 in slot 0
[2022-12-13 15:47:52] [SEVERE ] placing card 65 in slot 1
[2022-12-13 15:47:52] [SEVERE ] placing card 72 in slot 2
[2022-12-13 15:47:52] [SEVERE ] removing card from slot 0
[2022-12-13 15:47:52] [SEVERE ] removing card from slot 1
[2022-12-13 15:47:52] [SEVERE ] removing card from slot 2
[2022-12-13 15:47:52] [SEVERE ] placing card 51 in slot 0
[2022-12-13 15:47:52] [SEVERE ] placing card 27 in slot 1
[2022-12-13 15:47:52] [SEVERE ] placing card 77 in slot 2
[2022-12-13 15:47:52] [SEVERE ] removing card from slot 0
[2022-12-13 15:47:52] [SEVERE ] removing card from slot 1
[2022-12-13 15:47:52] [SEVERE ] removing card from slot 2
[2022-12-13 15:47:52] [SEVERE ] placing card 20 in slot 0
[2022-12-13 15:47:53] [SEVERE ] placing card 8 in slot 1
[2022-12-13 15:47:53] [SEVERE ] placing card 75 in slot 2
[2022-12-13 15:47:53] [SEVERE ] removing card from slot 0
[2022-12-13 15:47:53] [SEVERE ] removing card from slot 1
[2022-12-13 15:47:53] [SEVERE ] removing card from slot 2
[2022-12-13 15:47:53] [SEVERE ] placing card 4 in slot 0
[2022-12-13 15:47:53] [SEVERE ] placing card 20 in slot 1
[2022-12-13 15:47:53] [SEVERE ] placing card 75 in slot 2
[2022-12-13 15:47:53] [SEVERE ] removing card from slot 0
[2022-12-13 15:47:53] [SEVERE ] removing card from slot 1
[2022-12-13 15:47:53] [SEVERE ] removing card from slot 2
[2022-12-13 15:47:53] [SEVERE ] placing card 69 in slot 0
[2022-12-13 15:47:53] [SEVERE ] placing card 76 in slot 1
[2022-12-13 15:47:53] [SEVERE ] placing card 38 in slot 2
[2022-12-13 15:47:53] [SEVERE ] removing card from slot 0
[2022-12-13 15:47:53] [SEVERE ] removing card from slot 1
[2022-12-13 15:47:53] [SEVERE ] removing card from slot 2
[2022-12-13 15:47:53] [SEVERE ] placing card 12 in slot 0
[2022-12-13 15:47:54] [SEVERE ] placing card 79 in slot 1
[2022-12-13 15:47:54] [SEVERE ] placing card 57 in slot 2
[2022-12-13 15:47:54] [SEVERE ] removing card from slot 0
[2022-12-13 15:47:54] [SEVERE ] removing card from slot 1
[2022-12-13 15:47:54] [SEVERE ] removing card from slot 2
[2022-12-13 15:47:54] [SEVERE ] placing card 39 in slot 0
[2022-12-13 15:47:54] [SEVERE ] placing card 25 in slot 1
