[2022-12-13 15:30:02] [INFO   ] cannot read configuration file config.properties trying from resources.
[2022-12-13 15:30:02] [INFO   ] configuration file was loaded from resources directory.
[2022-12-13 15:30:03] [INFO   ] Thread dealer starting.
[2022-12-13 15:30:03] [SEVERE ] placing card 9 in slot 0
[2022-12-13 15:30:04] [SEVERE ] placing card 28 in slot 1
[2022-12-13 15:30:04] [SEVERE ] placing card 27 in slot 2
[2022-12-13 15:30:04] [SEVERE ] placing card 13 in slot 3
[2022-12-13 15:30:04] [SEVERE ] placing card 6 in slot 4
[2022-12-13 15:30:04] [SEVERE ] placing card 79 in slot 5
[2022-12-13 15:30:04] [SEVERE ] placing card 19 in slot 6
[2022-12-13 15:30:04] [SEVERE ] placing card 35 in slot 7
[2022-12-13 15:30:04] [SEVERE ] placing card 37 in slot 8
[2022-12-13 15:30:04] [SEVERE ] placing card 14 in slot 9
[2022-12-13 15:30:04] [SEVERE ] placing card 72 in slot 10
[2022-12-13 15:30:05] [SEVERE ] placing card 67 in slot 11
[2022-12-13 15:30:05] [SEVERE ] removing card from slot 0
[2022-12-13 15:30:05] [SEVERE ] removing card from slot 1
[2022-12-13 15:30:05] [SEVERE ] removing card from slot 2
[2022-12-13 15:30:05] [SEVERE ] placing card 3 in slot 0
[2022-12-13 15:30:05] [SEVERE ] placing card 60 in slot 1
[2022-12-13 15:30:05] [SEVERE ] placing card 32 in slot 2
[2022-12-13 15:30:05] [SEVERE ] removing card from slot 0
[2022-12-13 15:30:05] [SEVERE ] removing card from slot 1
[2022-12-13 15:30:05] [SEVERE ] removing card from slot 2
[2022-12-13 15:30:05] [SEVERE ] placing card 45 in slot 0
[2022-12-13 15:30:05] [SEVERE ] placing card 57 in slot 1
[2022-12-13 15:30:05] [SEVERE ] placing card 39 in slot 2
[2022-12-13 15:30:05] [SEVERE ] removing card from slot 0
[2022-12-13 15:30:05] [SEVERE ] removing card from slot 1
[2022-12-13 15:30:05] [SEVERE ] removing card from slot 2
[2022-12-13 15:30:05] [SEVERE ] placing card 69 in slot 0
[2022-12-13 15:30:05] [SEVERE ] placing card 41 in slot 1
[2022-12-13 15:30:06] [SEVERE ] placing card 59 in slot 2
[2022-12-13 15:30:06] [SEVERE ] removing card from slot 0
[2022-12-13 15:30:06] [SEVERE ] removing card from slot 1
[2022-12-13 15:30:06] [SEVERE ] removing card from slot 2
[2022-12-13 15:30:06] [SEVERE ] placing card 24 in slot 0
[2022-12-13 15:30:06] [SEVERE ] placing card 12 in slot 1
[2022-12-13 15:30:06] [SEVERE ] placing card 56 in slot 2
[2022-12-13 15:30:06] [SEVERE ] removing card from slot 0
[2022-12-13 15:30:06] [SEVERE ] removing card from slot 1
[2022-12-13 15:30:06] [SEVERE ] removing card from slot 2
[2022-12-13 15:30:06] [SEVERE ] placing card 76 in slot 0
[2022-12-13 15:30:06] [SEVERE ] placing card 21 in slot 1
[2022-12-13 15:30:06] [SEVERE ] placing card 16 in slot 2
[2022-12-13 15:30:06] [SEVERE ] removing card from slot 0
[2022-12-13 15:30:06] [SEVERE ] removing card from slot 1
[2022-12-13 15:30:06] [SEVERE ] removing card from slot 2
[2022-12-13 15:30:06] [SEVERE ] placing card 17 in slot 0
[2022-12-13 15:30:06] [SEVERE ] placing card 36 in slot 1
[2022-12-13 15:30:06] [SEVERE ] placing card 80 in slot 2
[2022-12-13 15:30:06] [SEVERE ] removing card from slot 0
[2022-12-13 15:30:06] [SEVERE ] removing card from slot 1
[2022-12-13 15:30:06] [SEVERE ] removing card from slot 2
[2022-12-13 15:30:07] [SEVERE ] placing card 48 in slot 0
[2022-12-13 15:30:07] [SEVERE ] placing card 41 in slot 1
[2022-12-13 15:30:07] [SEVERE ] placing card 23 in slot 2
[2022-12-13 15:30:07] [SEVERE ] removing card from slot 0
[2022-12-13 15:30:07] [SEVERE ] removing card from slot 1
[2022-12-13 15:30:07] [SEVERE ] removing card from slot 2
[2022-12-13 15:30:07] [SEVERE ] placing card 10 in slot 0
[2022-12-13 15:30:07] [SEVERE ] placing card 30 in slot 1
[2022-12-13 15:30:07] [SEVERE ] placing card 50 in slot 2
[2022-12-13 15:30:07] [SEVERE ] removing card from slot 0
[2022-12-13 15:30:07] [SEVERE ] removing card from slot 1
[2022-12-13 15:30:07] [SEVERE ] removing card from slot 2
[2022-12-13 15:30:07] [SEVERE ] placing card 51 in slot 0
[2022-12-13 15:30:07] [SEVERE ] placing card 11 in slot 1
[2022-12-13 15:30:07] [SEVERE ] placing card 60 in slot 2
[2022-12-13 15:30:07] [SEVERE ] removing card from slot 0
[2022-12-13 15:30:07] [SEVERE ] removing card from slot 1
[2022-12-13 15:30:07] [SEVERE ] removing card from slot 2
[2022-12-13 15:30:08] [SEVERE ] placing card 11 in slot 0
[2022-12-13 15:30:08] [SEVERE ] placing card 7 in slot 1
[2022-12-13 15:30:08] [SEVERE ] placing card 51 in slot 2
[2022-12-13 15:30:08] [SEVERE ] removing card from slot 0
[2022-12-13 15:30:08] [SEVERE ] removing card from slot 1
[2022-12-13 15:30:08] [SEVERE ] removing card from slot 2
[2022-12-13 15:30:08] [SEVERE ] placing card 38 in slot 0
[2022-12-13 15:30:08] [SEVERE ] placing card 76 in slot 1
[2022-12-13 15:30:08] [SEVERE ] placing card 10 in slot 2
[2022-12-13 15:30:08] [SEVERE ] removing card from slot 0
[2022-12-13 15:30:08] [SEVERE ] removing card from slot 1
[2022-12-13 15:30:08] [SEVERE ] removing card from slot 2
[2022-12-13 15:30:08] [SEVERE ] placing card 43 in slot 0
[2022-12-13 15:30:08] [SEVERE ] placing card 64 in slot 1
[2022-12-13 15:30:08] [SEVERE ] placing card 47 in slot 2
[2022-12-13 15:30:08] [SEVERE ] removing card from slot 0
[2022-12-13 15:30:08] [SEVERE ] removing card from slot 1
[2022-12-13 15:30:08] [SEVERE ] removing card from slot 2
[2022-12-13 15:30:09] [SEVERE ] placing card 49 in slot 0
[2022-12-13 15:30:09] [SEVERE ] placing card 46 in slot 1
[2022-12-13 15:30:09] [SEVERE ] placing card 11 in slot 2
[2022-12-13 15:30:09] [SEVERE ] removing card from slot 0
[2022-12-13 15:30:09] [SEVERE ] removing card from slot 1
[2022-12-13 15:30:09] [SEVERE ] removing card from slot 2
[2022-12-13 15:30:09] [SEVERE ] placing card 33 in slot 0
[2022-12-13 15:30:09] [SEVERE ] placing card 57 in slot 1
[2022-12-13 15:30:09] [SEVERE ] placing card 27 in slot 2
[2022-12-13 15:30:09] [SEVERE ] removing card from slot 0
[2022-12-13 15:30:09] [SEVERE ] removing card from slot 1
[2022-12-13 15:30:09] [SEVERE ] removing card from slot 2
