[2022-12-17 13:30:42] [INFO   ] cannot read configuration file config.properties trying from resources.
[2022-12-17 13:30:42] [INFO   ] configuration file was loaded from resources directory.
[2022-12-17 13:30:43] [INFO   ] Thread dealer starting.
[2022-12-17 13:30:43] [INFO   ] Thread Thread-1starting.
[2022-12-17 13:30:43] [INFO   ] Thread Thread-2starting.
[2022-12-17 13:30:43] [SEVERE ] placing card 26 in slot 0
[2022-12-17 13:30:44] [SEVERE ] placing card 58 in slot 1
[2022-12-17 13:30:44] [SEVERE ] placing card 3 in slot 2
[2022-12-17 13:30:44] [SEVERE ] placing card 7 in slot 3
[2022-12-17 13:30:44] [SEVERE ] placing card 33 in slot 4
[2022-12-17 13:30:44] [SEVERE ] placing card 69 in slot 5
[2022-12-17 13:30:44] [SEVERE ] placing card 44 in slot 6
[2022-12-17 13:30:44] [SEVERE ] placing card 29 in slot 7
[2022-12-17 13:30:44] [SEVERE ] placing card 19 in slot 8
[2022-12-17 13:30:44] [SEVERE ] placing card 41 in slot 9
[2022-12-17 13:30:44] [SEVERE ] placing card 45 in slot 10
[2022-12-17 13:30:45] [SEVERE ] placing card 49 in slot 11
[2022-12-17 13:30:46] [SEVERE ] Exit button pressed
[2022-12-17 13:30:46] [INFO   ] Thread Thread-1 terminated.
[2022-12-17 13:30:46] [INFO   ] Thread Thread-2 terminated.
[2022-12-17 13:30:46] [SEVERE ] removing all tokens
[2022-12-17 13:30:46] [SEVERE ] removing tokens from slot 0
[2022-12-17 13:30:46] [SEVERE ] removing tokens from slot 1
[2022-12-17 13:30:46] [SEVERE ] removing tokens from slot 2
[2022-12-17 13:30:46] [SEVERE ] removing tokens from slot 3
[2022-12-17 13:30:46] [SEVERE ] removing tokens from slot 4
[2022-12-17 13:30:46] [SEVERE ] removing tokens from slot 5
[2022-12-17 13:30:46] [SEVERE ] removing tokens from slot 6
[2022-12-17 13:30:46] [SEVERE ] removing tokens from slot 7
[2022-12-17 13:30:46] [SEVERE ] removing tokens from slot 8
[2022-12-17 13:30:46] [SEVERE ] removing tokens from slot 9
[2022-12-17 13:30:46] [SEVERE ] removing tokens from slot 10
[2022-12-17 13:30:46] [SEVERE ] removing tokens from slot 11
[2022-12-17 13:30:47] [SEVERE ] removing card from slot 0
[2022-12-17 13:30:47] [SEVERE ] removing card from slot 1
[2022-12-17 13:30:47] [SEVERE ] removing card from slot 2
[2022-12-17 13:30:47] [SEVERE ] removing card from slot 3
[2022-12-17 13:30:47] [SEVERE ] removing card from slot 4
[2022-12-17 13:30:47] [SEVERE ] removing card from slot 5
[2022-12-17 13:30:47] [SEVERE ] removing card from slot 6
[2022-12-17 13:30:47] [SEVERE ] removing card from slot 7
[2022-12-17 13:30:47] [SEVERE ] removing card from slot 8
[2022-12-17 13:30:47] [SEVERE ] removing card from slot 9
[2022-12-17 13:30:48] [SEVERE ] removing card from slot 10
[2022-12-17 13:30:48] [SEVERE ] removing card from slot 11
[2022-12-17 13:30:48] [SEVERE ] announcing winners: [0, 1]
[2022-12-17 13:30:48] [INFO   ] Thread dealer terminated.
[2022-12-17 13:30:48] [INFO   ] Thread main terminated.
