[2022-12-13 13:45:59] [INFO   ] cannot read configuration file config.properties trying from resources.
[2022-12-13 13:45:59] [INFO   ] configuration file was loaded from resources directory.
[2022-12-13 13:46:00] [INFO   ] Thread dealer starting.
[2022-12-13 13:46:05] [SEVERE ] placing card 77 in slot 0
[2022-12-13 13:46:05] [SEVERE ] placing card 38 in slot 1
[2022-12-13 13:46:05] [SEVERE ] placing card 43 in slot 2
[2022-12-13 13:46:05] [SEVERE ] placing card 25 in slot 3
[2022-12-13 13:46:05] [SEVERE ] placing card 60 in slot 4
[2022-12-13 13:46:05] [SEVERE ] placing card 51 in slot 5
[2022-12-13 13:46:05] [SEVERE ] placing card 68 in slot 6
[2022-12-13 13:46:06] [SEVERE ] placing card 75 in slot 7
[2022-12-13 13:46:06] [SEVERE ] placing card 65 in slot 8
[2022-12-13 13:46:06] [SEVERE ] placing card 30 in slot 9
[2022-12-13 13:46:06] [SEVERE ] placing card 44 in slot 10
[2022-12-13 13:46:06] [SEVERE ] placing card 64 in slot 11
[2022-12-13 13:46:14] [SEVERE ] removing card from slot 0
[2022-12-13 13:46:16] [SEVERE ] removing card from slot 1
[2022-12-13 13:46:19] [SEVERE ] removing card from slot 2
[2022-12-13 13:46:23] [SEVERE ] placing card 1 in slot 0
[2022-12-13 13:46:23] [SEVERE ] placing card 78 in slot 1
[2022-12-13 13:46:23] [SEVERE ] placing card 79 in slot 2
