[2022-12-17 13:34:29] [INFO   ] cannot read configuration file config.properties trying from resources.
[2022-12-17 13:34:29] [INFO   ] configuration file was loaded from resources directory.
[2022-12-17 13:34:30] [INFO   ] Thread dealer starting.
[2022-12-17 13:34:30] [INFO   ] Thread Thread-2starting.
[2022-12-17 13:34:30] [INFO   ] Thread Thread-1starting.
[2022-12-17 13:34:30] [SEVERE ] placing card 74 in slot 0
[2022-12-17 13:34:30] [SEVERE ] placing card 68 in slot 1
[2022-12-17 13:34:30] [SEVERE ] placing card 52 in slot 2
[2022-12-17 13:34:30] [SEVERE ] placing card 47 in slot 3
[2022-12-17 13:34:30] [SEVERE ] placing card 15 in slot 4
[2022-12-17 13:34:30] [SEVERE ] placing card 1 in slot 5
[2022-12-17 13:34:30] [SEVERE ] placing card 2 in slot 6
[2022-12-17 13:34:30] [SEVERE ] placing card 23 in slot 7
[2022-12-17 13:34:31] [SEVERE ] placing card 19 in slot 8
[2022-12-17 13:34:31] [SEVERE ] placing card 36 in slot 9
[2022-12-17 13:34:31] [SEVERE ] placing card 9 in slot 10
[2022-12-17 13:34:31] [SEVERE ] placing card 40 in slot 11
[2022-12-17 13:34:33] [SEVERE ] Exit button pressed
[2022-12-17 13:34:33] [INFO   ] Thread Thread-1 terminated.
[2022-12-17 13:34:33] [INFO   ] Thread Thread-2 terminated.
[2022-12-17 13:34:34] [SEVERE ] removing all tokens
[2022-12-17 13:34:34] [SEVERE ] removing tokens from slot 0
[2022-12-17 13:34:34] [SEVERE ] removing tokens from slot 1
[2022-12-17 13:34:34] [SEVERE ] removing tokens from slot 2
[2022-12-17 13:34:34] [SEVERE ] removing tokens from slot 3
[2022-12-17 13:34:34] [SEVERE ] removing tokens from slot 4
[2022-12-17 13:34:34] [SEVERE ] removing tokens from slot 5
[2022-12-17 13:34:34] [SEVERE ] removing tokens from slot 6
[2022-12-17 13:34:34] [SEVERE ] removing tokens from slot 7
[2022-12-17 13:34:34] [SEVERE ] removing tokens from slot 8
[2022-12-17 13:34:34] [SEVERE ] removing tokens from slot 9
[2022-12-17 13:34:34] [SEVERE ] removing tokens from slot 10
[2022-12-17 13:34:34] [SEVERE ] removing tokens from slot 11
[2022-12-17 13:34:34] [SEVERE ] removing card from slot 0
[2022-12-17 13:34:34] [SEVERE ] removing card from slot 1
[2022-12-17 13:34:34] [SEVERE ] removing card from slot 2
[2022-12-17 13:34:34] [SEVERE ] removing card from slot 3
[2022-12-17 13:34:34] [SEVERE ] removing card from slot 4
[2022-12-17 13:34:34] [SEVERE ] removing card from slot 5
[2022-12-17 13:34:34] [SEVERE ] removing card from slot 6
[2022-12-17 13:34:35] [SEVERE ] removing card from slot 7
[2022-12-17 13:34:35] [SEVERE ] removing card from slot 8
[2022-12-17 13:34:35] [SEVERE ] removing card from slot 9
[2022-12-17 13:34:35] [SEVERE ] removing card from slot 10
[2022-12-17 13:34:35] [SEVERE ] removing card from slot 11
