[2022-12-14 12:45:04] [INFO   ] cannot read configuration file config.properties trying from resources.
[2022-12-14 12:45:04] [INFO   ] configuration file was loaded from resources directory.
[2022-12-14 12:45:05] [INFO   ] Thread dealer starting.
[2022-12-14 12:45:05] [SEVERE ] placing card 69 in slot 0
[2022-12-14 12:45:05] [SEVERE ] placing card 48 in slot 1
[2022-12-14 12:45:05] [SEVERE ] placing card 30 in slot 2
[2022-12-14 12:45:05] [SEVERE ] placing card 74 in slot 3
[2022-12-14 12:45:05] [SEVERE ] placing card 52 in slot 4
[2022-12-14 12:45:05] [SEVERE ] placing card 29 in slot 5
[2022-12-14 12:45:05] [SEVERE ] placing card 28 in slot 6
[2022-12-14 12:45:06] [SEVERE ] placing card 16 in slot 7
[2022-12-14 12:45:06] [SEVERE ] placing card 46 in slot 8
[2022-12-14 12:45:06] [SEVERE ] placing card 77 in slot 9
[2022-12-14 12:45:06] [SEVERE ] placing card 50 in slot 10
[2022-12-14 12:45:06] [SEVERE ] placing card 62 in slot 11
[2022-12-14 12:45:06] [SEVERE ] removing card from slot 0
[2022-12-14 12:45:06] [SEVERE ] removing card from slot 1
[2022-12-14 12:45:06] [SEVERE ] removing card from slot 2
[2022-12-14 12:45:06] [SEVERE ] removing card from slot 3
[2022-12-14 12:45:06] [SEVERE ] removing card from slot 4
[2022-12-14 12:45:06] [SEVERE ] removing card from slot 5
[2022-12-14 12:45:06] [SEVERE ] removing card from slot 6
[2022-12-14 12:45:06] [SEVERE ] removing card from slot 7
[2022-12-14 12:45:06] [SEVERE ] removing card from slot 8
[2022-12-14 12:45:06] [SEVERE ] removing card from slot 9
[2022-12-14 12:45:06] [SEVERE ] removing card from slot 10
[2022-12-14 12:45:06] [SEVERE ] removing card from slot 11
[2022-12-14 12:45:06] [SEVERE ] announcing winners: [0]
[2022-12-14 12:45:06] [INFO   ] Thread dealer terminated.
[2022-12-14 12:45:06] [INFO   ] Thread main terminated.
