[2022-12-14 08:10:09] [INFO   ] cannot read configuration file config.properties trying from resources.
[2022-12-14 08:10:09] [INFO   ] configuration file was loaded from resources directory.
[2022-12-14 08:10:10] [INFO   ] Thread dealer starting.
[2022-12-14 08:10:38] [SEVERE ] placing card 67 in slot 0
[2022-12-14 08:10:38] [SEVERE ] placing card 29 in slot 1
[2022-12-14 08:10:38] [SEVERE ] placing card 37 in slot 2
[2022-12-14 08:10:38] [SEVERE ] placing card 62 in slot 3
[2022-12-14 08:10:38] [SEVERE ] placing card 44 in slot 4
[2022-12-14 08:10:38] [SEVERE ] placing card 23 in slot 5
[2022-12-14 08:10:38] [SEVERE ] placing card 34 in slot 6
[2022-12-14 08:10:38] [SEVERE ] placing card 22 in slot 7
[2022-12-14 08:10:38] [SEVERE ] placing card 41 in slot 8
[2022-12-14 08:10:39] [SEVERE ] placing card 26 in slot 9
[2022-12-14 08:10:39] [SEVERE ] placing card 7 in slot 10
[2022-12-14 08:10:39] [SEVERE ] placing card 20 in slot 11
[2022-12-14 08:10:59] [SEVERE ] removing card from slot 0
[2022-12-14 08:10:59] [SEVERE ] removing card from slot 1
[2022-12-14 08:10:59] [SEVERE ] removing card from slot 2
[2022-12-14 08:10:59] [SEVERE ] removing card from slot 3
[2022-12-14 08:10:59] [SEVERE ] removing card from slot 4
[2022-12-14 08:10:59] [SEVERE ] removing card from slot 5
[2022-12-14 08:10:59] [SEVERE ] removing card from slot 6
[2022-12-14 08:10:59] [SEVERE ] removing card from slot 7
[2022-12-14 08:10:59] [SEVERE ] removing card from slot 8
[2022-12-14 08:10:59] [SEVERE ] removing card from slot 9
[2022-12-14 08:10:59] [SEVERE ] removing card from slot 10
[2022-12-14 08:10:59] [SEVERE ] removing card from slot 11
[2022-12-14 08:13:02] [SEVERE ] announcing winners: [0, 0]
