[2022-12-17 09:26:19] [INFO   ] cannot read configuration file config.properties trying from resources.
[2022-12-17 09:26:19] [INFO   ] configuration file was loaded from resources directory.
[2022-12-17 09:26:20] [INFO   ] Thread dealer starting.
[2022-12-17 09:26:20] [INFO   ] Thread Thread-1starting.
[2022-12-17 09:26:20] [INFO   ] Thread Thread-2starting.
[2022-12-17 09:26:20] [SEVERE ] placing card 54 in slot 0
[2022-12-17 09:26:20] [SEVERE ] placing card 2 in slot 1
[2022-12-17 09:26:20] [SEVERE ] placing card 77 in slot 2
[2022-12-17 09:26:21] [SEVERE ] placing card 1 in slot 3
[2022-12-17 09:26:21] [SEVERE ] placing card 40 in slot 4
[2022-12-17 09:26:21] [SEVERE ] placing card 51 in slot 5
[2022-12-17 09:26:21] [SEVERE ] placing card 33 in slot 6
[2022-12-17 09:26:21] [SEVERE ] placing card 64 in slot 7
[2022-12-17 09:26:21] [SEVERE ] placing card 16 in slot 8
[2022-12-17 09:26:21] [SEVERE ] placing card 18 in slot 9
[2022-12-17 09:26:21] [SEVERE ] placing card 72 in slot 10
[2022-12-17 09:26:21] [SEVERE ] placing card 42 in slot 11
[2022-12-17 09:26:32] [SEVERE ] Key 65 was pressed by player 0
[2022-12-17 09:26:32] [SEVERE ] player 0 placing token on slot 4
[2022-12-17 09:26:32] [SEVERE ] Key 83 was pressed by player 0
[2022-12-17 09:26:32] [SEVERE ] player 0 placing token on slot 5
[2022-12-17 09:26:32] [SEVERE ] Key 68 was pressed by player 0
[2022-12-17 09:26:32] [SEVERE ] player 0 placing token on slot 6
[2022-12-17 09:26:32] [SEVERE ] setting player 0 freeze to 3000
[2022-12-17 09:26:33] [SEVERE ] setting player 0 freeze to 2000
[2022-12-17 09:26:34] [SEVERE ] setting player 0 freeze to 1000
[2022-12-17 09:26:35] [SEVERE ] setting player 0 freeze to 0
[2022-12-17 09:26:36] [SEVERE ] Key 68 was pressed by player 0
[2022-12-17 09:26:36] [SEVERE ] removing player 0 token from slot 6
[2022-12-17 09:26:37] [SEVERE ] Key 68 was pressed by player 0
[2022-12-17 09:26:37] [SEVERE ] player 0 placing token on slot 6
[2022-12-17 09:26:37] [SEVERE ] setting player 0 freeze to 3000
[2022-12-17 09:26:38] [SEVERE ] setting player 0 freeze to 2000
[2022-12-17 09:26:39] [SEVERE ] setting player 0 freeze to 1000
[2022-12-17 09:26:40] [SEVERE ] setting player 0 freeze to 0
[2022-12-17 09:26:40] [SEVERE ] Key 68 was pressed by player 0
[2022-12-17 09:26:40] [SEVERE ] removing player 0 token from slot 6
[2022-12-17 09:26:40] [SEVERE ] Key 83 was pressed by player 0
[2022-12-17 09:26:40] [SEVERE ] removing player 0 token from slot 5
[2022-12-17 09:26:41] [SEVERE ] Key 65 was pressed by player 0
[2022-12-17 09:26:41] [SEVERE ] removing player 0 token from slot 4
[2022-12-17 09:26:42] [SEVERE ] Key 65 was pressed by player 0
[2022-12-17 09:26:42] [SEVERE ] player 0 placing token on slot 4
[2022-12-17 09:26:42] [SEVERE ] Key 83 was pressed by player 0
[2022-12-17 09:26:42] [SEVERE ] player 0 placing token on slot 5
[2022-12-17 09:26:42] [SEVERE ] Key 68 was pressed by player 0
[2022-12-17 09:26:42] [SEVERE ] player 0 placing token on slot 6
[2022-12-17 09:26:42] [SEVERE ] setting player 0 freeze to 3000
[2022-12-17 09:26:42] [SEVERE ] setting player 0 freeze to 2000
[2022-12-17 09:26:43] [SEVERE ] setting player 0 freeze to 1000
[2022-12-17 09:26:44] [SEVERE ] setting player 0 freeze to 0
[2022-12-17 09:26:45] [SEVERE ] Key 68 was pressed by player 0
[2022-12-17 09:26:45] [SEVERE ] removing player 0 token from slot 6
[2022-12-17 09:26:46] [SEVERE ] Key 83 was pressed by player 0
[2022-12-17 09:26:46] [SEVERE ] removing player 0 token from slot 5
[2022-12-17 09:26:46] [SEVERE ] Key 65 was pressed by player 0
[2022-12-17 09:26:46] [SEVERE ] removing player 0 token from slot 4
[2022-12-17 09:26:47] [SEVERE ] Key 81 was pressed by player 0
[2022-12-17 09:26:47] [SEVERE ] player 0 placing token on slot 0
[2022-12-17 09:26:48] [SEVERE ] Key 87 was pressed by player 0
[2022-12-17 09:26:48] [SEVERE ] player 0 placing token on slot 1
[2022-12-17 09:26:48] [SEVERE ] Key 69 was pressed by player 0
[2022-12-17 09:26:48] [SEVERE ] player 0 placing token on slot 2
[2022-12-17 09:26:48] [SEVERE ] setting player 0 score to 1
[2022-12-17 09:26:48] [SEVERE ] setting player 0 freeze to 1000
[2022-12-17 09:26:48] [SEVERE ] setting player 0 freeze to 0
[2022-12-17 09:26:48] [SEVERE ] removing player 0 token from slot 0
[2022-12-17 09:26:48] [SEVERE ] removing card from slot 0
[2022-12-17 09:26:48] [SEVERE ] removing player 0 token from slot 1
[2022-12-17 09:26:48] [SEVERE ] removing card from slot 1
[2022-12-17 09:26:48] [SEVERE ] removing player 0 token from slot 2
[2022-12-17 09:26:48] [SEVERE ] removing card from slot 2
[2022-12-17 09:26:49] [SEVERE ] placing card 45 in slot 0
[2022-12-17 09:26:49] [SEVERE ] placing card 49 in slot 1
[2022-12-17 09:26:49] [SEVERE ] placing card 75 in slot 2
[2022-12-17 09:26:49] [SEVERE ] Key 81 was pressed by player 0
[2022-12-17 09:26:49] [SEVERE ] player 0 placing token on slot 0
[2022-12-17 09:26:49] [SEVERE ] Key 87 was pressed by player 0
[2022-12-17 09:26:49] [SEVERE ] player 0 placing token on slot 1
[2022-12-17 09:26:50] [SEVERE ] Key 69 was pressed by player 0
[2022-12-17 09:26:50] [SEVERE ] player 0 placing token on slot 2
[2022-12-17 09:26:50] [SEVERE ] setting player 0 score to 2
[2022-12-17 09:26:50] [SEVERE ] setting player 0 freeze to 1000
[2022-12-17 09:26:50] [SEVERE ] setting player 0 freeze to 0
[2022-12-17 09:26:50] [SEVERE ] removing player 0 token from slot 0
[2022-12-17 09:26:50] [SEVERE ] removing card from slot 0
[2022-12-17 09:26:50] [SEVERE ] removing player 0 token from slot 1
[2022-12-17 09:26:50] [SEVERE ] removing card from slot 1
[2022-12-17 09:26:50] [SEVERE ] removing player 0 token from slot 2
[2022-12-17 09:26:50] [SEVERE ] removing card from slot 2
[2022-12-17 09:26:50] [SEVERE ] placing card 34 in slot 0
[2022-12-17 09:26:50] [SEVERE ] placing card 36 in slot 1
[2022-12-17 09:26:50] [SEVERE ] placing card 70 in slot 2
[2022-12-17 09:26:51] [SEVERE ] Key 81 was pressed by player 0
[2022-12-17 09:26:51] [SEVERE ] player 0 placing token on slot 0
[2022-12-17 09:26:51] [SEVERE ] Key 87 was pressed by player 0
[2022-12-17 09:26:51] [SEVERE ] player 0 placing token on slot 1
[2022-12-17 09:26:51] [SEVERE ] Key 69 was pressed by player 0
[2022-12-17 09:26:51] [SEVERE ] player 0 placing token on slot 2
[2022-12-17 09:26:51] [SEVERE ] setting player 0 score to 3
[2022-12-17 09:26:51] [SEVERE ] setting player 0 freeze to 1000
[2022-12-17 09:26:51] [SEVERE ] setting player 0 freeze to 0
[2022-12-17 09:26:51] [SEVERE ] removing player 0 token from slot 0
[2022-12-17 09:26:51] [SEVERE ] removing card from slot 0
[2022-12-17 09:26:51] [SEVERE ] removing player 0 token from slot 1
[2022-12-17 09:26:51] [SEVERE ] removing card from slot 1
[2022-12-17 09:26:51] [SEVERE ] removing player 0 token from slot 2
[2022-12-17 09:26:52] [SEVERE ] removing card from slot 2
[2022-12-17 09:26:52] [SEVERE ] placing card 68 in slot 0
[2022-12-17 09:26:52] [SEVERE ] placing card 21 in slot 1
[2022-12-17 09:26:52] [SEVERE ] placing card 41 in slot 2
[2022-12-17 09:26:52] [SEVERE ] Key 81 was pressed by player 0
[2022-12-17 09:26:52] [SEVERE ] player 0 placing token on slot 0
[2022-12-17 09:26:52] [SEVERE ] Key 69 was pressed by player 0
[2022-12-17 09:26:52] [SEVERE ] player 0 placing token on slot 2
[2022-12-17 09:26:53] [SEVERE ] Key 87 was pressed by player 0
[2022-12-17 09:26:53] [SEVERE ] player 0 placing token on slot 1
[2022-12-17 09:26:53] [SEVERE ] setting player 0 score to 4
[2022-12-17 09:26:53] [SEVERE ] setting player 0 freeze to 1000
[2022-12-17 09:26:53] [SEVERE ] setting player 0 freeze to 0
[2022-12-17 09:26:53] [SEVERE ] removing player 0 token from slot 0
[2022-12-17 09:26:53] [SEVERE ] removing card from slot 0
[2022-12-17 09:26:53] [SEVERE ] removing player 0 token from slot 2
[2022-12-17 09:26:53] [SEVERE ] removing card from slot 2
[2022-12-17 09:26:53] [SEVERE ] removing player 0 token from slot 1
[2022-12-17 09:26:53] [SEVERE ] removing card from slot 1
[2022-12-17 09:26:53] [SEVERE ] placing card 3 in slot 0
[2022-12-17 09:26:53] [SEVERE ] placing card 73 in slot 1
[2022-12-17 09:26:53] [SEVERE ] placing card 6 in slot 2
[2022-12-17 09:26:55] [SEVERE ] Key 73 was pressed by player 1
[2022-12-17 09:26:55] [SEVERE ] player 1 placing token on slot 1
[2022-12-17 09:26:55] [SEVERE ] Key 85 was pressed by player 1
[2022-12-17 09:26:55] [SEVERE ] player 1 placing token on slot 0
[2022-12-17 09:26:55] [SEVERE ] Key 79 was pressed by player 1
[2022-12-17 09:26:55] [SEVERE ] player 1 placing token on slot 2
[2022-12-17 09:26:55] [SEVERE ] setting player 1 score to 1
[2022-12-17 09:26:55] [SEVERE ] setting player 1 freeze to 1000
[2022-12-17 09:26:55] [SEVERE ] setting player 1 freeze to 0
[2022-12-17 09:26:55] [SEVERE ] removing player 1 token from slot 1
[2022-12-17 09:26:55] [SEVERE ] removing card from slot 1
[2022-12-17 09:26:55] [SEVERE ] removing player 1 token from slot 0
[2022-12-17 09:26:56] [SEVERE ] removing card from slot 0
[2022-12-17 09:26:56] [SEVERE ] removing player 1 token from slot 2
[2022-12-17 09:26:56] [SEVERE ] removing card from slot 2
[2022-12-17 09:26:56] [SEVERE ] placing card 71 in slot 0
[2022-12-17 09:26:56] [SEVERE ] placing card 27 in slot 1
[2022-12-17 09:26:56] [SEVERE ] placing card 79 in slot 2
[2022-12-17 09:26:57] [SEVERE ] Key 81 was pressed by player 0
[2022-12-17 09:26:57] [SEVERE ] player 0 placing token on slot 0
[2022-12-17 09:26:57] [SEVERE ] Key 69 was pressed by player 0
[2022-12-17 09:26:57] [SEVERE ] player 0 placing token on slot 2
[2022-12-17 09:26:57] [SEVERE ] Key 85 was pressed by player 1
[2022-12-17 09:26:57] [SEVERE ] player 1 placing token on slot 0
[2022-12-17 09:26:57] [SEVERE ] Key 87 was pressed by player 0
[2022-12-17 09:26:57] [SEVERE ] player 0 placing token on slot 1
[2022-12-17 09:26:57] [SEVERE ] setting player 0 score to 5
[2022-12-17 09:26:57] [SEVERE ] setting player 0 freeze to 1000
[2022-12-17 09:26:57] [SEVERE ] Key 73 was pressed by player 1
[2022-12-17 09:26:57] [SEVERE ] player 1 placing token on slot 1
[2022-12-17 09:26:57] [SEVERE ] Key 79 was pressed by player 1
[2022-12-17 09:26:57] [SEVERE ] player 1 placing token on slot 2
[2022-12-17 09:26:57] [SEVERE ] setting player 1 score to 2
[2022-12-17 09:26:57] [SEVERE ] setting player 1 freeze to 1000
[2022-12-17 09:26:57] [SEVERE ] setting player 0 freeze to 0
[2022-12-17 09:26:57] [SEVERE ] setting player 1 freeze to 0
[2022-12-17 09:26:57] [SEVERE ] removing player 0 token from slot 0
[2022-12-17 09:26:57] [SEVERE ] removing player 1 token from slot 0
[2022-12-17 09:26:57] [SEVERE ] removing card from slot 0
[2022-12-17 09:26:57] [SEVERE ] removing player 0 token from slot 2
[2022-12-17 09:26:57] [SEVERE ] removing player 1 token from slot 2
[2022-12-17 09:26:57] [SEVERE ] removing card from slot 2
[2022-12-17 09:26:57] [SEVERE ] removing player 0 token from slot 1
[2022-12-17 09:26:57] [SEVERE ] removing player 1 token from slot 1
[2022-12-17 09:26:57] [SEVERE ] removing card from slot 1
[2022-12-17 09:26:57] [SEVERE ] placing card 9 in slot 0
[2022-12-17 09:26:57] [SEVERE ] placing card 55 in slot 1
[2022-12-17 09:26:58] [SEVERE ] placing card 76 in slot 2
[2022-12-17 09:27:01] [SEVERE ] Key 69 was pressed by player 0
[2022-12-17 09:27:01] [SEVERE ] player 0 placing token on slot 2
[2022-12-17 09:27:01] [SEVERE ] Key 87 was pressed by player 0
[2022-12-17 09:27:01] [SEVERE ] player 0 placing token on slot 1
[2022-12-17 09:27:01] [SEVERE ] Key 81 was pressed by player 0
[2022-12-17 09:27:01] [SEVERE ] player 0 placing token on slot 0
[2022-12-17 09:27:01] [SEVERE ] setting player 0 score to 6
[2022-12-17 09:27:01] [SEVERE ] setting player 0 freeze to 1000
[2022-12-17 09:27:01] [SEVERE ] Key 85 was pressed by player 1
[2022-12-17 09:27:01] [SEVERE ] player 1 placing token on slot 0
[2022-12-17 09:27:01] [SEVERE ] Key 73 was pressed by player 1
[2022-12-17 09:27:01] [SEVERE ] player 1 placing token on slot 1
[2022-12-17 09:27:01] [SEVERE ] Key 79 was pressed by player 1
[2022-12-17 09:27:01] [SEVERE ] player 1 placing token on slot 2
[2022-12-17 09:27:01] [SEVERE ] setting player 1 score to 3
[2022-12-17 09:27:01] [SEVERE ] setting player 1 freeze to 1000
[2022-12-17 09:27:01] [SEVERE ] setting player 0 freeze to 0
[2022-12-17 09:27:01] [SEVERE ] setting player 1 freeze to 0
[2022-12-17 09:27:01] [SEVERE ] removing player 0 token from slot 2
[2022-12-17 09:27:01] [SEVERE ] removing player 1 token from slot 2
[2022-12-17 09:27:01] [SEVERE ] removing card from slot 2
[2022-12-17 09:27:01] [SEVERE ] removing player 0 token from slot 1
[2022-12-17 09:27:01] [SEVERE ] removing player 1 token from slot 1
[2022-12-17 09:27:02] [SEVERE ] removing card from slot 1
[2022-12-17 09:27:02] [SEVERE ] removing player 0 token from slot 0
[2022-12-17 09:27:02] [SEVERE ] removing player 1 token from slot 0
[2022-12-17 09:27:02] [SEVERE ] removing card from slot 0
[2022-12-17 09:27:02] [SEVERE ] placing card 60 in slot 0
[2022-12-17 09:27:02] [SEVERE ] placing card 22 in slot 1
[2022-12-17 09:27:02] [SEVERE ] placing card 12 in slot 2
[2022-12-17 09:27:06] [SEVERE ] Key 79 was pressed by player 1
[2022-12-17 09:27:06] [SEVERE ] player 1 placing token on slot 2
[2022-12-17 09:27:06] [SEVERE ] Key 85 was pressed by player 1
[2022-12-17 09:27:06] [SEVERE ] player 1 placing token on slot 0
[2022-12-17 09:27:06] [SEVERE ] Key 73 was pressed by player 1
[2022-12-17 09:27:06] [SEVERE ] player 1 placing token on slot 1
[2022-12-17 09:27:06] [SEVERE ] setting player 1 score to 4
[2022-12-17 09:27:06] [SEVERE ] setting player 1 freeze to 1000
[2022-12-17 09:27:06] [SEVERE ] Key 81 was pressed by player 0
[2022-12-17 09:27:06] [SEVERE ] player 0 placing token on slot 0
[2022-12-17 09:27:06] [SEVERE ] Key 87 was pressed by player 0
[2022-12-17 09:27:06] [SEVERE ] player 0 placing token on slot 1
[2022-12-17 09:27:06] [SEVERE ] Key 69 was pressed by player 0
[2022-12-17 09:27:06] [SEVERE ] player 0 placing token on slot 2
[2022-12-17 09:27:06] [SEVERE ] setting player 0 score to 7
[2022-12-17 09:27:06] [SEVERE ] setting player 0 freeze to 1000
[2022-12-17 09:27:06] [SEVERE ] setting player 0 freeze to 0
[2022-12-17 09:27:06] [SEVERE ] setting player 1 freeze to 0
[2022-12-17 09:27:06] [SEVERE ] removing player 0 token from slot 2
[2022-12-17 09:27:06] [SEVERE ] removing player 1 token from slot 2
[2022-12-17 09:27:06] [SEVERE ] removing card from slot 2
[2022-12-17 09:27:06] [SEVERE ] removing player 0 token from slot 0
[2022-12-17 09:27:06] [SEVERE ] removing player 1 token from slot 0
[2022-12-17 09:27:06] [SEVERE ] removing card from slot 0
[2022-12-17 09:27:06] [SEVERE ] removing player 0 token from slot 1
[2022-12-17 09:27:06] [SEVERE ] removing player 1 token from slot 1
[2022-12-17 09:27:06] [SEVERE ] removing card from slot 1
[2022-12-17 09:27:06] [SEVERE ] placing card 13 in slot 0
[2022-12-17 09:27:06] [SEVERE ] placing card 44 in slot 1
[2022-12-17 09:27:06] [SEVERE ] placing card 56 in slot 2
[2022-12-17 09:27:07] [SEVERE ] Key 81 was pressed by player 0
[2022-12-17 09:27:07] [SEVERE ] player 0 placing token on slot 0
[2022-12-17 09:27:07] [SEVERE ] Key 87 was pressed by player 0
[2022-12-17 09:27:07] [SEVERE ] player 0 placing token on slot 1
[2022-12-17 09:27:07] [SEVERE ] Key 69 was pressed by player 0
[2022-12-17 09:27:07] [SEVERE ] player 0 placing token on slot 2
[2022-12-17 09:27:07] [SEVERE ] setting player 0 score to 8
[2022-12-17 09:27:07] [SEVERE ] setting player 0 freeze to 1000
[2022-12-17 09:27:07] [SEVERE ] Key 85 was pressed by player 1
[2022-12-17 09:27:07] [SEVERE ] player 1 placing token on slot 0
[2022-12-17 09:27:07] [SEVERE ] setting player 0 freeze to 0
[2022-12-17 09:27:07] [SEVERE ] removing player 0 token from slot 0
[2022-12-17 09:27:07] [SEVERE ] removing player 1 token from slot 0
[2022-12-17 09:27:07] [SEVERE ] Key 73 was pressed by player 1
[2022-12-17 09:27:07] [SEVERE ] player 1 placing token on slot 1
[2022-12-17 09:27:08] [SEVERE ] removing card from slot 0
[2022-12-17 09:27:08] [SEVERE ] removing player 0 token from slot 1
[2022-12-17 09:27:08] [SEVERE ] removing player 1 token from slot 1
[2022-12-17 09:27:08] [SEVERE ] Key 79 was pressed by player 1
[2022-12-17 09:27:08] [SEVERE ] player 1 placing token on slot 2
[2022-12-17 09:27:08] [SEVERE ] removing card from slot 1
[2022-12-17 09:27:08] [SEVERE ] removing player 0 token from slot 2
[2022-12-17 09:27:08] [SEVERE ] removing player 1 token from slot 2
[2022-12-17 09:27:08] [SEVERE ] removing card from slot 2
[2022-12-17 09:27:08] [SEVERE ] placing card 78 in slot 0
[2022-12-17 09:27:08] [SEVERE ] placing card 48 in slot 1
[2022-12-17 09:27:08] [SEVERE ] placing card 47 in slot 2
[2022-12-17 09:27:16] [SEVERE ] Key 80 was pressed by player 1
[2022-12-17 09:27:16] [SEVERE ] player 1 placing token on slot 3
[2022-12-17 09:27:16] [SEVERE ] Key 80 was pressed by player 1
[2022-12-17 09:27:16] [SEVERE ] removing player 1 token from slot 3
[2022-12-17 09:27:18] [SEVERE ] Key 81 was pressed by player 0
[2022-12-17 09:27:18] [SEVERE ] player 0 placing token on slot 0
[2022-12-17 09:27:18] [SEVERE ] Key 69 was pressed by player 0
[2022-12-17 09:27:18] [SEVERE ] player 0 placing token on slot 2
[2022-12-17 09:27:18] [SEVERE ] Key 73 was pressed by player 1
[2022-12-17 09:27:18] [SEVERE ] player 1 placing token on slot 1
[2022-12-17 09:27:18] [SEVERE ] Key 79 was pressed by player 1
[2022-12-17 09:27:18] [SEVERE ] player 1 placing token on slot 2
[2022-12-17 09:27:18] [SEVERE ] Key 87 was pressed by player 0
[2022-12-17 09:27:18] [SEVERE ] player 0 placing token on slot 1
[2022-12-17 09:27:18] [SEVERE ] setting player 0 score to 9
[2022-12-17 09:27:18] [SEVERE ] setting player 0 freeze to 1000
[2022-12-17 09:27:18] [SEVERE ] Key 80 was pressed by player 1
[2022-12-17 09:27:18] [SEVERE ] player 1 placing token on slot 3
[2022-12-17 09:27:18] [SEVERE ] setting player 1 freeze to 3000
[2022-12-17 09:27:19] [SEVERE ] setting player 0 freeze to 0
[2022-12-17 09:27:19] [SEVERE ] setting player 1 freeze to 2000
[2022-12-17 09:27:19] [SEVERE ] removing player 0 token from slot 0
[2022-12-17 09:27:19] [SEVERE ] removing card from slot 0
[2022-12-17 09:27:19] [SEVERE ] removing player 0 token from slot 2
[2022-12-17 09:27:19] [SEVERE ] removing player 1 token from slot 2
[2022-12-17 09:27:19] [SEVERE ] removing card from slot 2
[2022-12-17 09:27:19] [SEVERE ] removing player 0 token from slot 1
[2022-12-17 09:27:19] [SEVERE ] removing player 1 token from slot 1
[2022-12-17 09:27:19] [SEVERE ] removing card from slot 1
[2022-12-17 09:27:19] [SEVERE ] placing card 39 in slot 0
[2022-12-17 09:27:19] [SEVERE ] placing card 15 in slot 1
[2022-12-17 09:27:19] [SEVERE ] placing card 0 in slot 2
[2022-12-17 09:27:20] [SEVERE ] setting player 1 freeze to 1000
[2022-12-17 09:27:21] [SEVERE ] setting player 1 freeze to 0
[2022-12-17 09:27:22] [SEVERE ] Key 79 was pressed by player 1
[2022-12-17 09:27:22] [SEVERE ] player 1 placing token on slot 2
[2022-12-17 09:27:22] [SEVERE ] Key 73 was pressed by player 1
[2022-12-17 09:27:22] [SEVERE ] player 1 placing token on slot 1
[2022-12-17 09:27:22] [SEVERE ] setting player 1 freeze to 3000
[2022-12-17 09:27:22] [SEVERE ] setting player 1 freeze to 2000
[2022-12-17 09:27:22] [SEVERE ] removing all tokens
[2022-12-17 09:27:22] [SEVERE ] removing tokens from slot 0
[2022-12-17 09:27:22] [SEVERE ] removing tokens from slot 1
[2022-12-17 09:27:22] [SEVERE ] removing tokens from slot 2
[2022-12-17 09:27:22] [SEVERE ] removing tokens from slot 3
[2022-12-17 09:27:22] [SEVERE ] removing tokens from slot 4
[2022-12-17 09:27:22] [SEVERE ] removing tokens from slot 5
[2022-12-17 09:27:22] [SEVERE ] removing tokens from slot 6
[2022-12-17 09:27:22] [SEVERE ] removing tokens from slot 7
[2022-12-17 09:27:22] [SEVERE ] removing tokens from slot 8
[2022-12-17 09:27:22] [SEVERE ] removing tokens from slot 9
[2022-12-17 09:27:22] [SEVERE ] removing tokens from slot 10
[2022-12-17 09:27:22] [SEVERE ] removing tokens from slot 11
[2022-12-17 09:27:22] [SEVERE ] removing card from slot 0
[2022-12-17 09:27:22] [SEVERE ] removing card from slot 1
[2022-12-17 09:27:22] [SEVERE ] removing card from slot 2
[2022-12-17 09:27:22] [SEVERE ] removing card from slot 3
[2022-12-17 09:27:23] [SEVERE ] removing card from slot 4
[2022-12-17 09:27:23] [SEVERE ] removing card from slot 5
[2022-12-17 09:27:23] [SEVERE ] removing card from slot 6
[2022-12-17 09:27:23] [SEVERE ] removing card from slot 7
[2022-12-17 09:27:23] [SEVERE ] removing card from slot 8
[2022-12-17 09:27:23] [SEVERE ] removing card from slot 9
[2022-12-17 09:27:23] [SEVERE ] removing card from slot 10
[2022-12-17 09:27:23] [SEVERE ] removing card from slot 11
[2022-12-17 09:27:23] [SEVERE ] placing card 64 in slot 0
[2022-12-17 09:27:24] [SEVERE ] placing card 37 in slot 1
[2022-12-17 09:27:24] [SEVERE ] placing card 80 in slot 2
[2022-12-17 09:27:24] [SEVERE ] placing card 74 in slot 3
[2022-12-17 09:27:24] [SEVERE ] placing card 33 in slot 4
[2022-12-17 09:27:24] [SEVERE ] placing card 29 in slot 5
[2022-12-17 09:27:24] [SEVERE ] placing card 50 in slot 6
[2022-12-17 09:27:24] [SEVERE ] placing card 1 in slot 7
[2022-12-17 09:27:24] [SEVERE ] placing card 69 in slot 8
[2022-12-17 09:27:24] [SEVERE ] placing card 40 in slot 9
[2022-12-17 09:27:24] [SEVERE ] placing card 52 in slot 10
[2022-12-17 09:27:25] [SEVERE ] placing card 26 in slot 11
[2022-12-17 09:27:25] [SEVERE ] setting player 1 freeze to 1000
[2022-12-17 09:27:26] [SEVERE ] Key 80 was pressed by player 1
[2022-12-17 09:27:26] [SEVERE ] Key 79 was pressed by player 1
[2022-12-17 09:27:26] [SEVERE ] Key 73 was pressed by player 1
[2022-12-17 09:27:26] [SEVERE ] setting player 1 freeze to 0
[2022-12-17 09:27:27] [SEVERE ] Key 80 was pressed by player 1
[2022-12-17 09:27:27] [SEVERE ] player 1 placing token on slot 3
[2022-12-17 09:27:27] [SEVERE ] Key 79 was pressed by player 1
[2022-12-17 09:27:27] [SEVERE ] player 1 placing token on slot 2
[2022-12-17 09:27:28] [SEVERE ] Key 73 was pressed by player 1
[2022-12-17 09:27:28] [SEVERE ] player 1 placing token on slot 1
[2022-12-17 09:27:28] [SEVERE ] setting player 1 freeze to 3000
[2022-12-17 09:27:28] [SEVERE ] Key 81 was pressed by player 0
[2022-12-17 09:27:28] [SEVERE ] player 0 placing token on slot 0
[2022-12-17 09:27:28] [SEVERE ] Key 87 was pressed by player 0
[2022-12-17 09:27:28] [SEVERE ] player 0 placing token on slot 1
[2022-12-17 09:27:28] [SEVERE ] Key 69 was pressed by player 0
[2022-12-17 09:27:28] [SEVERE ] player 0 placing token on slot 2
[2022-12-17 09:27:28] [SEVERE ] setting player 0 score to 10
[2022-12-17 09:27:28] [SEVERE ] setting player 0 freeze to 1000
[2022-12-17 09:27:28] [SEVERE ] setting player 0 freeze to 0
[2022-12-17 09:27:28] [SEVERE ] setting player 1 freeze to 2000
[2022-12-17 09:27:28] [SEVERE ] removing player 0 token from slot 0
[2022-12-17 09:27:28] [SEVERE ] removing card from slot 0
[2022-12-17 09:27:28] [SEVERE ] removing player 0 token from slot 1
[2022-12-17 09:27:28] [SEVERE ] removing player 1 token from slot 1
[2022-12-17 09:27:29] [SEVERE ] removing card from slot 1
[2022-12-17 09:27:29] [SEVERE ] removing player 0 token from slot 2
[2022-12-17 09:27:29] [SEVERE ] removing player 1 token from slot 2
[2022-12-17 09:27:29] [SEVERE ] removing card from slot 2
[2022-12-17 09:27:29] [SEVERE ] placing card 59 in slot 0
[2022-12-17 09:27:29] [SEVERE ] placing card 23 in slot 1
[2022-12-17 09:27:29] [SEVERE ] placing card 5 in slot 2
[2022-12-17 09:27:30] [SEVERE ] setting player 1 freeze to 1000
[2022-12-17 09:27:31] [SEVERE ] setting player 1 freeze to 0
[2022-12-17 09:27:34] [SEVERE ] Key 79 was pressed by player 1
[2022-12-17 09:27:34] [SEVERE ] player 1 placing token on slot 2
[2022-12-17 09:27:36] [SEVERE ] Key 73 was pressed by player 1
[2022-12-17 09:27:36] [SEVERE ] player 1 placing token on slot 1
[2022-12-17 09:27:36] [SEVERE ] setting player 1 freeze to 3000
[2022-12-17 09:27:37] [SEVERE ] Key 76 was pressed by player 1
[2022-12-17 09:27:37] [SEVERE ] setting player 1 freeze to 2000
[2022-12-17 09:27:37] [SEVERE ] Key 76 was pressed by player 1
[2022-12-17 09:27:37] [SEVERE ] Key 76 was pressed by player 1
[2022-12-17 09:27:38] [SEVERE ] setting player 1 freeze to 1000
[2022-12-17 09:27:38] [SEVERE ] Key 76 was pressed by player 1
[2022-12-17 09:27:38] [SEVERE ] Key 76 was pressed by player 1
[2022-12-17 09:27:38] [SEVERE ] Key 76 was pressed by player 1
[2022-12-17 09:27:38] [SEVERE ] Key 76 was pressed by player 1
[2022-12-17 09:27:39] [SEVERE ] setting player 1 freeze to 0
[2022-12-17 09:27:39] [SEVERE ] Key 76 was pressed by player 1
[2022-12-17 09:27:39] [SEVERE ] setting player 1 freeze to 3000
[2022-12-17 09:27:39] [SEVERE ] Key 76 was pressed by player 1
[2022-12-17 09:27:39] [SEVERE ] Key 76 was pressed by player 1
[2022-12-17 09:27:39] [SEVERE ] Key 76 was pressed by player 1
[2022-12-17 09:27:39] [SEVERE ] Key 76 was pressed by player 1
[2022-12-17 09:27:39] [SEVERE ] setting player 1 freeze to 2000
[2022-12-17 09:27:40] [SEVERE ] Key 76 was pressed by player 1
[2022-12-17 09:27:40] [SEVERE ] Key 76 was pressed by player 1
[2022-12-17 09:27:40] [SEVERE ] Key 76 was pressed by player 1
[2022-12-17 09:27:40] [SEVERE ] Key 76 was pressed by player 1
[2022-12-17 09:27:40] [SEVERE ] Key 76 was pressed by player 1
[2022-12-17 09:27:40] [SEVERE ] setting player 1 freeze to 1000
[2022-12-17 09:27:41] [SEVERE ] Key 76 was pressed by player 1
[2022-12-17 09:27:41] [SEVERE ] Key 76 was pressed by player 1
[2022-12-17 09:27:41] [SEVERE ] Key 76 was pressed by player 1
[2022-12-17 09:27:41] [SEVERE ] Key 76 was pressed by player 1
[2022-12-17 09:27:41] [SEVERE ] Key 76 was pressed by player 1
[2022-12-17 09:27:41] [SEVERE ] setting player 1 freeze to 0
[2022-12-17 09:27:41] [SEVERE ] Key 76 was pressed by player 1
[2022-12-17 09:27:41] [SEVERE ] setting player 1 freeze to 3000
[2022-12-17 09:27:42] [SEVERE ] Key 76 was pressed by player 1
[2022-12-17 09:27:42] [SEVERE ] Key 76 was pressed by player 1
[2022-12-17 09:27:42] [SEVERE ] Key 76 was pressed by player 1
[2022-12-17 09:27:42] [SEVERE ] Key 76 was pressed by player 1
[2022-12-17 09:27:42] [SEVERE ] setting player 1 freeze to 2000
[2022-12-17 09:27:43] [SEVERE ] Key 76 was pressed by player 1
[2022-12-17 09:27:43] [SEVERE ] Key 76 was pressed by player 1
[2022-12-17 09:27:43] [SEVERE ] Key 76 was pressed by player 1
[2022-12-17 09:27:43] [SEVERE ] setting player 1 freeze to 1000
[2022-12-17 09:27:43] [SEVERE ] Key 76 was pressed by player 1
[2022-12-17 09:27:44] [SEVERE ] Key 76 was pressed by player 1
[2022-12-17 09:27:44] [SEVERE ] setting player 1 freeze to 0
[2022-12-17 09:27:45] [SEVERE ] Key 76 was pressed by player 1
[2022-12-17 09:27:45] [SEVERE ] setting player 1 freeze to 3000
[2022-12-17 09:27:46] [SEVERE ] setting player 1 freeze to 2000
[2022-12-17 09:27:47] [SEVERE ] setting player 1 freeze to 1000
[2022-12-17 09:27:48] [SEVERE ] setting player 1 freeze to 0
[2022-12-17 09:27:51] [SEVERE ] Key 73 was pressed by player 1
[2022-12-17 09:27:51] [SEVERE ] removing player 1 token from slot 1
[2022-12-17 09:27:53] [SEVERE ] Key 73 was pressed by player 1
[2022-12-17 09:27:53] [SEVERE ] player 1 placing token on slot 1
[2022-12-17 09:27:53] [SEVERE ] setting player 1 freeze to 3000
[2022-12-17 09:27:53] [SEVERE ] setting player 1 freeze to 2000
[2022-12-17 09:27:54] [SEVERE ] setting player 1 freeze to 1000
[2022-12-17 09:27:55] [SEVERE ] setting player 1 freeze to 0
[2022-12-17 09:27:57] [SEVERE ] Key 74 was pressed by player 1
[2022-12-17 09:27:57] [SEVERE ] setting player 1 freeze to 3000
[2022-12-17 09:27:58] [SEVERE ] setting player 1 freeze to 2000
[2022-12-17 09:27:59] [SEVERE ] setting player 1 freeze to 1000
[2022-12-17 09:28:00] [SEVERE ] setting player 1 freeze to 0
[2022-12-17 09:28:01] [SEVERE ] Key 74 was pressed by player 1
[2022-12-17 09:28:01] [SEVERE ] setting player 1 freeze to 3000
[2022-12-17 09:28:01] [SEVERE ] setting player 1 freeze to 2000
[2022-12-17 09:28:02] [SEVERE ] setting player 1 freeze to 1000
[2022-12-17 09:28:03] [SEVERE ] setting player 1 freeze to 0
[2022-12-17 09:28:04] [SEVERE ] Key 74 was pressed by player 1
[2022-12-17 09:28:04] [SEVERE ] setting player 1 freeze to 3000
[2022-12-17 09:28:04] [SEVERE ] setting player 1 freeze to 2000
[2022-12-17 09:28:05] [SEVERE ] setting player 1 freeze to 1000
[2022-12-17 09:28:06] [SEVERE ] setting player 1 freeze to 0
[2022-12-17 09:28:15] [SEVERE ] Key 74 was pressed by player 1
[2022-12-17 09:28:15] [SEVERE ] setting player 1 freeze to 3000
[2022-12-17 09:28:15] [SEVERE ] setting player 1 freeze to 2000
[2022-12-17 09:28:16] [SEVERE ] setting player 1 freeze to 1000
[2022-12-17 09:28:17] [SEVERE ] setting player 1 freeze to 0
[2022-12-17 09:28:22] [SEVERE ] Key 74 was pressed by player 1
[2022-12-17 09:28:22] [SEVERE ] setting player 1 freeze to 3000
[2022-12-17 09:28:22] [SEVERE ] setting player 1 freeze to 2000
[2022-12-17 09:28:23] [SEVERE ] setting player 1 freeze to 1000
[2022-12-17 09:28:24] [SEVERE ] setting player 1 freeze to 0
[2022-12-17 09:28:25] [SEVERE ] removing all tokens
[2022-12-17 09:28:25] [SEVERE ] removing tokens from slot 0
[2022-12-17 09:28:25] [SEVERE ] removing tokens from slot 1
[2022-12-17 09:28:25] [SEVERE ] removing tokens from slot 2
[2022-12-17 09:28:25] [SEVERE ] removing tokens from slot 3
[2022-12-17 09:28:25] [SEVERE ] removing tokens from slot 4
[2022-12-17 09:28:25] [SEVERE ] removing tokens from slot 5
[2022-12-17 09:28:25] [SEVERE ] removing tokens from slot 6
[2022-12-17 09:28:25] [SEVERE ] removing tokens from slot 7
[2022-12-17 09:28:25] [SEVERE ] removing tokens from slot 8
[2022-12-17 09:28:25] [SEVERE ] removing tokens from slot 9
[2022-12-17 09:28:25] [SEVERE ] removing tokens from slot 10
[2022-12-17 09:28:25] [SEVERE ] removing tokens from slot 11
[2022-12-17 09:28:25] [SEVERE ] removing card from slot 0
[2022-12-17 09:28:26] [SEVERE ] removing card from slot 1
[2022-12-17 09:28:26] [SEVERE ] removing card from slot 2
[2022-12-17 09:28:26] [SEVERE ] removing card from slot 3
[2022-12-17 09:28:26] [SEVERE ] removing card from slot 4
[2022-12-17 09:28:26] [SEVERE ] removing card from slot 5
[2022-12-17 09:28:26] [SEVERE ] removing card from slot 6
[2022-12-17 09:28:26] [SEVERE ] removing card from slot 7
[2022-12-17 09:28:26] [SEVERE ] removing card from slot 8
[2022-12-17 09:28:26] [SEVERE ] removing card from slot 9
[2022-12-17 09:28:26] [SEVERE ] removing card from slot 10
[2022-12-17 09:28:27] [SEVERE ] removing card from slot 11
[2022-12-17 09:28:27] [SEVERE ] placing card 16 in slot 0
[2022-12-17 09:28:27] [SEVERE ] placing card 25 in slot 1
[2022-12-17 09:28:27] [SEVERE ] placing card 74 in slot 2
[2022-12-17 09:28:27] [SEVERE ] placing card 72 in slot 3
[2022-12-17 09:28:27] [SEVERE ] placing card 24 in slot 4
[2022-12-17 09:28:27] [SEVERE ] placing card 4 in slot 5
[2022-12-17 09:28:27] [SEVERE ] placing card 62 in slot 6
[2022-12-17 09:28:27] [SEVERE ] placing card 14 in slot 7
[2022-12-17 09:28:27] [SEVERE ] placing card 31 in slot 8
[2022-12-17 09:28:28] [SEVERE ] placing card 26 in slot 9
[2022-12-17 09:28:28] [SEVERE ] placing card 30 in slot 10
[2022-12-17 09:28:28] [SEVERE ] placing card 10 in slot 11
[2022-12-17 09:28:29] [SEVERE ] Key 74 was pressed by player 1
[2022-12-17 09:28:29] [SEVERE ] player 1 placing token on slot 4
[2022-12-17 09:28:29] [SEVERE ] Key 74 was pressed by player 1
[2022-12-17 09:28:29] [SEVERE ] removing player 1 token from slot 4
[2022-12-17 09:28:30] [SEVERE ] Key 74 was pressed by player 1
[2022-12-17 09:28:30] [SEVERE ] player 1 placing token on slot 4
[2022-12-17 09:28:30] [SEVERE ] Key 75 was pressed by player 1
[2022-12-17 09:28:30] [SEVERE ] player 1 placing token on slot 5
[2022-12-17 09:28:31] [SEVERE ] Key 76 was pressed by player 1
[2022-12-17 09:28:31] [SEVERE ] player 1 placing token on slot 6
[2022-12-17 09:28:31] [SEVERE ] setting player 1 freeze to 3000
[2022-12-17 09:28:31] [SEVERE ] setting player 1 freeze to 2000
[2022-12-17 09:28:32] [SEVERE ] setting player 1 freeze to 1000
[2022-12-17 09:28:33] [SEVERE ] setting player 1 freeze to 0
[2022-12-17 09:28:35] [SEVERE ] Key 79 was pressed by player 1
[2022-12-17 09:28:35] [SEVERE ] setting player 1 freeze to 3000
[2022-12-17 09:28:35] [SEVERE ] setting player 1 freeze to 2000
[2022-12-17 09:28:36] [SEVERE ] setting player 1 freeze to 1000
[2022-12-17 09:28:36] [SEVERE ] Key 79 was pressed by player 1
[2022-12-17 09:28:37] [SEVERE ] setting player 1 freeze to 0
[2022-12-17 09:28:39] [SEVERE ] Key 76 was pressed by player 1
[2022-12-17 09:28:39] [SEVERE ] removing player 1 token from slot 6
[2022-12-17 09:28:39] [SEVERE ] Key 79 was pressed by player 1
[2022-12-17 09:28:39] [SEVERE ] player 1 placing token on slot 2
[2022-12-17 09:28:39] [SEVERE ] setting player 1 freeze to 3000
[2022-12-17 09:28:40] [SEVERE ] setting player 1 freeze to 2000
[2022-12-17 09:28:41] [SEVERE ] setting player 1 freeze to 1000
[2022-12-17 09:28:42] [SEVERE ] setting player 1 freeze to 0
[2022-12-17 09:28:45] [SEVERE ] Key 76 was pressed by player 1
[2022-12-17 09:28:45] [SEVERE ] setting player 1 freeze to 3000
[2022-12-17 09:28:45] [SEVERE ] setting player 1 freeze to 2000
[2022-12-17 09:28:46] [SEVERE ] setting player 1 freeze to 1000
[2022-12-17 09:28:47] [SEVERE ] setting player 1 freeze to 0
[2022-12-17 09:29:00] [SEVERE ] Key 81 was pressed by player 0
[2022-12-17 09:29:00] [SEVERE ] player 0 placing token on slot 0
[2022-12-17 09:29:00] [SEVERE ] Key 87 was pressed by player 0
[2022-12-17 09:29:00] [SEVERE ] player 0 placing token on slot 1
[2022-12-17 09:29:00] [SEVERE ] Key 69 was pressed by player 0
[2022-12-17 09:29:00] [SEVERE ] player 0 placing token on slot 2
[2022-12-17 09:29:00] [SEVERE ] setting player 0 score to 11
[2022-12-17 09:29:00] [SEVERE ] setting player 0 freeze to 1000
[2022-12-17 09:29:00] [SEVERE ] setting player 0 freeze to 0
[2022-12-17 09:29:00] [SEVERE ] removing player 0 token from slot 0
[2022-12-17 09:29:00] [SEVERE ] removing card from slot 0
[2022-12-17 09:29:00] [SEVERE ] removing player 0 token from slot 1
[2022-12-17 09:29:00] [SEVERE ] removing card from slot 1
[2022-12-17 09:29:00] [SEVERE ] removing player 0 token from slot 2
[2022-12-17 09:29:00] [SEVERE ] removing player 1 token from slot 2
[2022-12-17 09:29:01] [SEVERE ] removing card from slot 2
[2022-12-17 09:29:01] [SEVERE ] placing card 7 in slot 0
[2022-12-17 09:29:01] [SEVERE ] placing card 19 in slot 1
[2022-12-17 09:29:01] [SEVERE ] placing card 46 in slot 2
[2022-12-17 09:29:01] [SEVERE ] Key 81 was pressed by player 0
[2022-12-17 09:29:01] [SEVERE ] player 0 placing token on slot 0
[2022-12-17 09:29:01] [SEVERE ] Key 87 was pressed by player 0
[2022-12-17 09:29:01] [SEVERE ] player 0 placing token on slot 1
[2022-12-17 09:29:01] [SEVERE ] Key 69 was pressed by player 0
[2022-12-17 09:29:01] [SEVERE ] player 0 placing token on slot 2
[2022-12-17 09:29:01] [SEVERE ] setting player 0 score to 12
[2022-12-17 09:29:01] [SEVERE ] setting player 0 freeze to 1000
[2022-12-17 09:29:02] [SEVERE ] setting player 0 freeze to 0
[2022-12-17 09:29:02] [SEVERE ] removing player 0 token from slot 0
[2022-12-17 09:29:02] [SEVERE ] removing card from slot 0
[2022-12-17 09:29:02] [SEVERE ] removing player 0 token from slot 1
[2022-12-17 09:29:02] [SEVERE ] removing card from slot 1
[2022-12-17 09:29:02] [SEVERE ] removing player 0 token from slot 2
[2022-12-17 09:29:02] [SEVERE ] removing card from slot 2
[2022-12-17 09:29:02] [SEVERE ] placing card 0 in slot 0
[2022-12-17 09:29:02] [SEVERE ] placing card 28 in slot 1
[2022-12-17 09:29:02] [SEVERE ] placing card 32 in slot 2
[2022-12-17 09:29:03] [SEVERE ] Key 81 was pressed by player 0
[2022-12-17 09:29:03] [SEVERE ] player 0 placing token on slot 0
[2022-12-17 09:29:03] [SEVERE ] Key 87 was pressed by player 0
[2022-12-17 09:29:03] [SEVERE ] player 0 placing token on slot 1
[2022-12-17 09:29:03] [SEVERE ] Key 69 was pressed by player 0
[2022-12-17 09:29:03] [SEVERE ] player 0 placing token on slot 2
[2022-12-17 09:29:03] [SEVERE ] setting player 0 score to 13
[2022-12-17 09:29:03] [SEVERE ] setting player 0 freeze to 1000
[2022-12-17 09:29:03] [SEVERE ] setting player 0 freeze to 0
[2022-12-17 09:29:03] [SEVERE ] removing player 0 token from slot 0
[2022-12-17 09:29:03] [SEVERE ] removing card from slot 0
[2022-12-17 09:29:03] [SEVERE ] removing player 0 token from slot 1
[2022-12-17 09:29:04] [SEVERE ] removing card from slot 1
[2022-12-17 09:29:04] [SEVERE ] removing player 0 token from slot 2
[2022-12-17 09:29:04] [SEVERE ] removing card from slot 2
[2022-12-17 09:29:04] [SEVERE ] placing card 50 in slot 0
[2022-12-17 09:29:04] [SEVERE ] placing card 57 in slot 1
[2022-12-17 09:29:04] [SEVERE ] placing card 29 in slot 2
[2022-12-17 09:29:05] [SEVERE ] Key 82 was pressed by player 0
[2022-12-17 09:29:05] [SEVERE ] player 0 placing token on slot 3
[2022-12-17 09:29:05] [SEVERE ] Key 70 was pressed by player 0
[2022-12-17 09:29:05] [SEVERE ] player 0 placing token on slot 7
[2022-12-17 09:29:06] [SEVERE ] Key 76 was pressed by player 1
[2022-12-17 09:29:06] [SEVERE ] player 1 placing token on slot 6
[2022-12-17 09:29:06] [SEVERE ] setting player 1 freeze to 3000
[2022-12-17 09:29:06] [SEVERE ] setting player 1 freeze to 2000
[2022-12-17 09:29:06] [SEVERE ] Key 68 was pressed by player 0
[2022-12-17 09:29:06] [SEVERE ] player 0 placing token on slot 6
[2022-12-17 09:29:06] [SEVERE ] setting player 0 freeze to 3000
[2022-12-17 09:29:07] [SEVERE ] Key 75 was pressed by player 1
[2022-12-17 09:29:07] [SEVERE ] setting player 0 freeze to 2000
[2022-12-17 09:29:07] [SEVERE ] setting player 1 freeze to 1000
[2022-12-17 09:29:08] [SEVERE ] setting player 0 freeze to 1000
[2022-12-17 09:29:08] [SEVERE ] setting player 1 freeze to 0
[2022-12-17 09:29:09] [SEVERE ] setting player 0 freeze to 0
[2022-12-17 09:29:09] [SEVERE ] Key 68 was pressed by player 0
[2022-12-17 09:29:09] [SEVERE ] removing player 0 token from slot 6
[2022-12-17 09:29:09] [SEVERE ] Key 75 was pressed by player 1
[2022-12-17 09:29:09] [SEVERE ] removing player 1 token from slot 5
[2022-12-17 09:29:10] [SEVERE ] Key 76 was pressed by player 1
[2022-12-17 09:29:10] [SEVERE ] removing player 1 token from slot 6
[2022-12-17 09:29:10] [SEVERE ] Key 68 was pressed by player 0
[2022-12-17 09:29:10] [SEVERE ] player 0 placing token on slot 6
[2022-12-17 09:29:10] [SEVERE ] setting player 0 freeze to 3000
[2022-12-17 09:29:10] [SEVERE ] Key 75 was pressed by player 1
[2022-12-17 09:29:10] [SEVERE ] player 1 placing token on slot 5
[2022-12-17 09:29:11] [SEVERE ] setting player 0 freeze to 2000
[2022-12-17 09:29:11] [SEVERE ] Key 76 was pressed by player 1
[2022-12-17 09:29:11] [SEVERE ] player 1 placing token on slot 6
[2022-12-17 09:29:11] [SEVERE ] setting player 1 freeze to 3000
[2022-12-17 09:29:11] [SEVERE ] Key 70 was pressed by player 0
[2022-12-17 09:29:12] [SEVERE ] setting player 0 freeze to 1000
[2022-12-17 09:29:12] [SEVERE ] setting player 1 freeze to 2000
[2022-12-17 09:29:13] [SEVERE ] setting player 0 freeze to 0
[2022-12-17 09:29:13] [SEVERE ] setting player 1 freeze to 1000
[2022-12-17 09:29:14] [SEVERE ] setting player 1 freeze to 0
[2022-12-17 09:29:28] [SEVERE ] removing all tokens
[2022-12-17 09:29:28] [SEVERE ] removing tokens from slot 0
[2022-12-17 09:29:28] [SEVERE ] removing tokens from slot 1
[2022-12-17 09:29:28] [SEVERE ] removing tokens from slot 2
[2022-12-17 09:29:28] [SEVERE ] removing tokens from slot 3
[2022-12-17 09:29:28] [SEVERE ] removing tokens from slot 4
[2022-12-17 09:29:28] [SEVERE ] removing tokens from slot 5
[2022-12-17 09:29:28] [SEVERE ] removing tokens from slot 6
[2022-12-17 09:29:28] [SEVERE ] removing tokens from slot 7
[2022-12-17 09:29:28] [SEVERE ] removing tokens from slot 8
[2022-12-17 09:29:28] [SEVERE ] removing tokens from slot 9
[2022-12-17 09:29:28] [SEVERE ] removing tokens from slot 10
[2022-12-17 09:29:28] [SEVERE ] removing tokens from slot 11
[2022-12-17 09:29:28] [SEVERE ] removing card from slot 0
[2022-12-17 09:29:28] [SEVERE ] removing card from slot 1
[2022-12-17 09:29:28] [SEVERE ] removing card from slot 2
[2022-12-17 09:29:28] [SEVERE ] removing card from slot 3
[2022-12-17 09:29:28] [SEVERE ] removing card from slot 4
[2022-12-17 09:29:28] [SEVERE ] removing card from slot 5
[2022-12-17 09:29:29] [SEVERE ] removing card from slot 6
[2022-12-17 09:29:29] [SEVERE ] removing card from slot 7
[2022-12-17 09:29:29] [SEVERE ] removing card from slot 8
[2022-12-17 09:29:29] [SEVERE ] removing card from slot 9
[2022-12-17 09:29:29] [SEVERE ] removing card from slot 10
[2022-12-17 09:29:29] [SEVERE ] removing card from slot 11
[2022-12-17 09:29:29] [SEVERE ] placing card 72 in slot 0
[2022-12-17 09:29:29] [SEVERE ] placing card 29 in slot 1
[2022-12-17 09:29:29] [SEVERE ] placing card 8 in slot 2
[2022-12-17 09:29:30] [SEVERE ] placing card 30 in slot 3
[2022-12-17 09:29:30] [SEVERE ] placing card 39 in slot 4
[2022-12-17 09:29:30] [SEVERE ] placing card 66 in slot 5
[2022-12-17 09:29:30] [SEVERE ] placing card 4 in slot 6
[2022-12-17 09:29:30] [SEVERE ] placing card 69 in slot 7
[2022-12-17 09:29:30] [SEVERE ] placing card 65 in slot 8
[2022-12-17 09:29:30] [SEVERE ] placing card 63 in slot 9
[2022-12-17 09:29:30] [SEVERE ] placing card 10 in slot 10
[2022-12-17 09:29:30] [SEVERE ] placing card 40 in slot 11
