[2022-12-16 12:42:40] [INFO   ] cannot read configuration file config.properties trying from resources.
[2022-12-16 12:42:40] [INFO   ] configuration file was loaded from resources directory.
[2022-12-16 12:42:42] [INFO   ] Thread dealer starting.
[2022-12-16 12:42:42] [INFO   ] Thread Thread-0starting.
[2022-12-16 12:42:42] [INFO   ] Thread Thread-1starting.
[2022-12-16 12:42:42] [SEVERE ] placing card 55 in slot 0
[2022-12-16 12:42:42] [SEVERE ] placing card 78 in slot 1
[2022-12-16 12:42:42] [SEVERE ] placing card 34 in slot 2
[2022-12-16 12:42:42] [SEVERE ] placing card 42 in slot 3
[2022-12-16 12:42:43] [SEVERE ] placing card 18 in slot 4
[2022-12-16 12:42:43] [SEVERE ] placing card 10 in slot 5
[2022-12-16 12:42:43] [SEVERE ] placing card 59 in slot 6
[2022-12-16 12:42:43] [SEVERE ] placing card 0 in slot 7
[2022-12-16 12:42:43] [SEVERE ] placing card 31 in slot 8
[2022-12-16 12:42:43] [SEVERE ] placing card 4 in slot 9
[2022-12-16 12:42:43] [SEVERE ] placing card 25 in slot 10
[2022-12-16 12:42:43] [SEVERE ] placing card 80 in slot 11
[2022-12-16 12:43:05] [SEVERE ] Key 87 was pressed by player 0
[2022-12-16 12:43:05] [SEVERE ] player 0 placing token on slot 1
[2022-12-16 12:43:14] [SEVERE ] Key 85 was pressed by player 1
[2022-12-16 12:43:14] [SEVERE ] player 1 placing token on slot 0
[2022-12-16 12:43:16] [SEVERE ] Key 73 was pressed by player 1
[2022-12-16 12:43:16] [SEVERE ] player 1 placing token on slot 1
[2022-12-16 12:43:20] [SEVERE ] Key 75 was pressed by player 1
[2022-12-16 12:43:20] [SEVERE ] player 1 placing token on slot 5
[2022-12-16 12:43:22] [SEVERE ] Key 77 was pressed by player 1
[2022-12-16 12:43:53] [SEVERE ] Key 85 was pressed by player 1
[2022-12-16 12:43:53] [SEVERE ] removing player 1 token from slot 0
[2022-12-16 12:43:55] [SEVERE ] Key 85 was pressed by player 1
[2022-12-16 12:43:55] [SEVERE ] player 1 placing token on slot 0
[2022-12-16 12:43:58] [SEVERE ] Key 79 was pressed by player 1
[2022-12-16 12:44:00] [SEVERE ] Key 73 was pressed by player 1
[2022-12-16 12:44:00] [SEVERE ] removing player 1 token from slot 1
[2022-12-16 12:44:01] [SEVERE ] Key 75 was pressed by player 1
[2022-12-16 12:44:01] [SEVERE ] removing player 1 token from slot 5
[2022-12-16 12:44:02] [SEVERE ] Key 74 was pressed by player 1
[2022-12-16 12:44:02] [SEVERE ] player 1 placing token on slot 4
[2022-12-16 12:44:05] [SEVERE ] Key 67 was pressed by player 0
[2022-12-16 12:44:05] [SEVERE ] player 0 placing token on slot 10
[2022-12-16 12:44:06] [SEVERE ] Key 70 was pressed by player 0
[2022-12-16 12:44:06] [SEVERE ] player 0 placing token on slot 7
[2022-12-16 12:44:07] [SEVERE ] Key 75 was pressed by player 1
[2022-12-16 12:44:07] [SEVERE ] player 1 placing token on slot 5
[2022-12-16 12:44:09] [SEVERE ] Key 76 was pressed by player 1
[2022-12-16 12:44:10] [SEVERE ] Key 80 was pressed by player 1
[2022-12-16 12:44:12] [SEVERE ] Key 77 was pressed by player 1
[2022-12-16 12:44:14] [SEVERE ] Key 44 was pressed by player 1
[2022-12-16 12:44:14] [SEVERE ] Key 76 was pressed by player 1
[2022-12-16 12:44:15] [SEVERE ] Key 77 was pressed by player 1
[2022-12-16 12:44:17] [SEVERE ] Key 74 was pressed by player 1
[2022-12-16 12:44:17] [SEVERE ] removing player 1 token from slot 4
[2022-12-16 12:44:18] [SEVERE ] Key 79 was pressed by player 1
[2022-12-16 12:44:18] [SEVERE ] player 1 placing token on slot 2
[2022-12-16 12:44:19] [SEVERE ] Key 79 was pressed by player 1
[2022-12-16 12:44:19] [SEVERE ] removing player 1 token from slot 2
[2022-12-16 12:44:20] [SEVERE ] Key 79 was pressed by player 1
[2022-12-16 12:44:20] [SEVERE ] player 1 placing token on slot 2
[2022-12-16 12:44:20] [SEVERE ] Key 76 was pressed by player 1
[2022-12-16 12:44:21] [SEVERE ] Key 76 was pressed by player 1
[2022-12-16 12:44:32] [SEVERE ] Exit button pressed
