[2022-12-16 13:34:53] [INFO   ] cannot read configuration file config.properties trying from resources.
[2022-12-16 13:34:53] [INFO   ] configuration file was loaded from resources directory.
[2022-12-16 13:34:55] [INFO   ] Thread dealer starting.
[2022-12-16 13:34:55] [INFO   ] Thread Thread-1starting.
[2022-12-16 13:34:55] [INFO   ] Thread Thread-0starting.
[2022-12-16 13:34:55] [SEVERE ] placing card 32 in slot 0
[2022-12-16 13:34:55] [SEVERE ] placing card 48 in slot 1
[2022-12-16 13:34:55] [SEVERE ] placing card 69 in slot 2
[2022-12-16 13:34:55] [SEVERE ] placing card 24 in slot 3
[2022-12-16 13:34:55] [SEVERE ] placing card 40 in slot 4
[2022-12-16 13:34:55] [SEVERE ] placing card 28 in slot 5
[2022-12-16 13:34:56] [SEVERE ] placing card 6 in slot 6
[2022-12-16 13:34:56] [SEVERE ] placing card 20 in slot 7
[2022-12-16 13:34:56] [SEVERE ] placing card 15 in slot 8
[2022-12-16 13:34:56] [SEVERE ] placing card 64 in slot 9
[2022-12-16 13:34:56] [SEVERE ] placing card 14 in slot 10
[2022-12-16 13:34:56] [SEVERE ] placing card 59 in slot 11
[2022-12-16 13:35:56] [SEVERE ] removing all tokens
[2022-12-16 13:35:56] [SEVERE ] removing tokens from slot 0
[2022-12-16 13:35:56] [SEVERE ] removing tokens from slot 1
[2022-12-16 13:35:56] [SEVERE ] removing tokens from slot 2
[2022-12-16 13:35:56] [SEVERE ] removing tokens from slot 3
[2022-12-16 13:35:56] [SEVERE ] removing tokens from slot 4
[2022-12-16 13:35:56] [SEVERE ] removing tokens from slot 5
[2022-12-16 13:35:56] [SEVERE ] removing tokens from slot 6
[2022-12-16 13:35:56] [SEVERE ] removing tokens from slot 7
[2022-12-16 13:35:56] [SEVERE ] removing tokens from slot 8
[2022-12-16 13:35:56] [SEVERE ] removing tokens from slot 9
[2022-12-16 13:35:56] [SEVERE ] removing tokens from slot 10
[2022-12-16 13:35:56] [SEVERE ] removing tokens from slot 11
[2022-12-16 13:35:56] [SEVERE ] removing card from slot 0
[2022-12-16 13:35:56] [SEVERE ] removing card from slot 1
[2022-12-16 13:35:56] [SEVERE ] removing card from slot 2
[2022-12-16 13:35:57] [SEVERE ] removing card from slot 3
[2022-12-16 13:35:57] [SEVERE ] removing card from slot 4
[2022-12-16 13:35:57] [SEVERE ] removing card from slot 5
[2022-12-16 13:35:57] [SEVERE ] removing card from slot 6
[2022-12-16 13:35:57] [SEVERE ] removing card from slot 7
[2022-12-16 13:35:57] [SEVERE ] removing card from slot 8
[2022-12-16 13:35:57] [SEVERE ] removing card from slot 9
[2022-12-16 13:35:57] [SEVERE ] removing card from slot 10
[2022-12-16 13:35:57] [SEVERE ] removing card from slot 11
[2022-12-16 13:35:58] [SEVERE ] placing card 37 in slot 0
[2022-12-16 13:35:58] [SEVERE ] placing card 62 in slot 1
[2022-12-16 13:35:58] [SEVERE ] placing card 77 in slot 2
[2022-12-16 13:35:58] [SEVERE ] placing card 32 in slot 3
[2022-12-16 13:35:58] [SEVERE ] placing card 41 in slot 4
[2022-12-16 13:35:58] [SEVERE ] placing card 6 in slot 5
[2022-12-16 13:35:58] [SEVERE ] placing card 12 in slot 6
[2022-12-16 13:35:58] [SEVERE ] placing card 68 in slot 7
[2022-12-16 13:35:58] [SEVERE ] placing card 21 in slot 8
[2022-12-16 13:35:59] [SEVERE ] placing card 24 in slot 9
[2022-12-16 13:35:59] [SEVERE ] placing card 36 in slot 10
[2022-12-16 13:35:59] [SEVERE ] placing card 29 in slot 11
