[2022-12-17 11:35:16] [INFO   ] cannot read configuration file config.properties trying from resources.
[2022-12-17 11:35:16] [INFO   ] configuration file was loaded from resources directory.
[2022-12-17 11:35:17] [INFO   ] Thread dealer starting.
[2022-12-17 11:35:17] [INFO   ] Thread Thread-1starting.
[2022-12-17 11:35:17] [INFO   ] Thread Thread-2starting.
[2022-12-17 11:35:17] [SEVERE ] placing card 43 in slot 0
[2022-12-17 11:35:17] [SEVERE ] placing card 23 in slot 1
[2022-12-17 11:35:17] [SEVERE ] placing card 47 in slot 2
[2022-12-17 11:35:17] [SEVERE ] placing card 39 in slot 3
[2022-12-17 11:35:17] [SEVERE ] placing card 38 in slot 4
[2022-12-17 11:35:18] [SEVERE ] placing card 0 in slot 5
[2022-12-17 11:35:18] [SEVERE ] placing card 49 in slot 6
[2022-12-17 11:35:18] [SEVERE ] placing card 64 in slot 7
[2022-12-17 11:35:18] [SEVERE ] placing card 57 in slot 8
[2022-12-17 11:35:18] [SEVERE ] placing card 80 in slot 9
[2022-12-17 11:35:18] [SEVERE ] placing card 32 in slot 10
[2022-12-17 11:35:18] [SEVERE ] placing card 5 in slot 11
[2022-12-17 11:35:24] [SEVERE ] Key 87 was pressed by player 0
[2022-12-17 11:35:24] [SEVERE ] player 0 placing token on slot 1
[2022-12-17 11:35:25] [SEVERE ] Key 69 was pressed by player 0
[2022-12-17 11:35:25] [SEVERE ] player 0 placing token on slot 2
[2022-12-17 11:35:26] [SEVERE ] Key 88 was pressed by player 0
[2022-12-17 11:35:26] [SEVERE ] player 0 placing token on slot 9
[2022-12-17 11:35:41] [SEVERE ] setting player 0 score to 1
[2022-12-17 11:35:41] [SEVERE ] setting player 0 freeze to 1000
[2022-12-17 11:35:47] [SEVERE ] setting player 0 freeze to 0
[2022-12-17 11:35:47] [INFO   ] Thread main terminated.
