[2022-12-15 19:19:56] [INFO   ] cannot read configuration file config.properties trying from resources.
[2022-12-15 19:19:56] [INFO   ] configuration file was loaded from resources directory.
[2022-12-15 19:19:57] [INFO   ] Thread dealer starting.
[2022-12-15 19:19:57] [SEVERE ] placing card 65 in slot 0
[2022-12-15 19:19:58] [SEVERE ] placing card 0 in slot 1
[2022-12-15 19:19:58] [SEVERE ] placing card 41 in slot 2
[2022-12-15 19:19:58] [SEVERE ] placing card 24 in slot 3
[2022-12-15 19:19:58] [SEVERE ] placing card 40 in slot 4
[2022-12-15 19:19:58] [SEVERE ] placing card 53 in slot 5
[2022-12-15 19:19:58] [SEVERE ] placing card 48 in slot 6
[2022-12-15 19:19:58] [SEVERE ] placing card 69 in slot 7
[2022-12-15 19:19:58] [SEVERE ] placing card 59 in slot 8
[2022-12-15 19:19:58] [SEVERE ] placing card 5 in slot 9
[2022-12-15 19:19:58] [SEVERE ] placing card 25 in slot 10
[2022-12-15 19:19:59] [SEVERE ] placing card 80 in slot 11
[2022-12-15 19:20:01] [SEVERE ] Key 87 was pressed by player 0
[2022-12-15 19:20:03] [SEVERE ] player 0 placing token on slot 1
[2022-12-15 19:20:11] [SEVERE ] Key 87 was pressed by player 0
[2022-12-15 19:20:14] [SEVERE ] removing player 0 token from slot 1
[2022-12-15 19:20:18] [SEVERE ] Key 87 was pressed by player 0
[2022-12-15 19:20:20] [SEVERE ] player 0 placing token on slot 1
[2022-12-15 19:20:26] [SEVERE ] removing all tokens
[2022-12-15 19:20:26] [SEVERE ] removing tokens from slot 0
[2022-12-15 19:20:26] [SEVERE ] removing tokens from slot 1
[2022-12-15 19:20:26] [SEVERE ] removing tokens from slot 2
[2022-12-15 19:20:26] [SEVERE ] removing tokens from slot 3
[2022-12-15 19:20:26] [SEVERE ] removing tokens from slot 4
[2022-12-15 19:20:26] [SEVERE ] removing tokens from slot 5
[2022-12-15 19:20:26] [SEVERE ] removing tokens from slot 6
[2022-12-15 19:20:26] [SEVERE ] removing tokens from slot 7
[2022-12-15 19:20:26] [SEVERE ] removing tokens from slot 8
[2022-12-15 19:20:26] [SEVERE ] removing tokens from slot 9
[2022-12-15 19:20:26] [SEVERE ] removing tokens from slot 10
[2022-12-15 19:20:26] [SEVERE ] removing tokens from slot 11
[2022-12-15 19:20:33] [SEVERE ] removing card from slot 0
[2022-12-15 19:20:34] [SEVERE ] removing card from slot 1
[2022-12-15 19:20:34] [SEVERE ] removing card from slot 2
[2022-12-15 19:20:34] [SEVERE ] removing card from slot 3
[2022-12-15 19:20:34] [SEVERE ] removing card from slot 4
[2022-12-15 19:20:34] [SEVERE ] removing card from slot 5
[2022-12-15 19:20:34] [SEVERE ] removing card from slot 6
[2022-12-15 19:20:34] [SEVERE ] removing card from slot 7
[2022-12-15 19:20:34] [SEVERE ] removing card from slot 8
[2022-12-15 19:20:34] [SEVERE ] removing card from slot 9
[2022-12-15 19:20:34] [SEVERE ] removing card from slot 10
[2022-12-15 19:20:35] [SEVERE ] removing card from slot 11
[2022-12-15 19:20:38] [SEVERE ] announcing winners: [0, 1]
[2022-12-15 19:20:38] [INFO   ] Thread dealer terminated.
[2022-12-15 19:20:38] [INFO   ] Thread main terminated.
