[2022-12-17 15:59:33] [INFO   ] cannot read configuration file config.properties trying from resources.
[2022-12-17 15:59:33] [INFO   ] configuration file was loaded from resources directory.
[2022-12-17 15:59:34] [INFO   ] Thread dealer starting.
[2022-12-17 15:59:34] [INFO   ] Thread Thread-1starting.
[2022-12-17 15:59:34] [INFO   ] Thread computer-0 starting.
[2022-12-17 15:59:34] [SEVERE ] placing card 18 in slot 0
[2022-12-17 15:59:34] [SEVERE ] placing card 2 in slot 1
[2022-12-17 15:59:34] [SEVERE ] placing card 53 in slot 2
[2022-12-17 15:59:34] [SEVERE ] placing card 41 in slot 3
[2022-12-17 15:59:34] [SEVERE ] placing card 80 in slot 4
[2022-12-17 15:59:34] [SEVERE ] placing card 66 in slot 5
[2022-12-17 15:59:35] [SEVERE ] placing card 68 in slot 6
[2022-12-17 15:59:35] [SEVERE ] placing card 63 in slot 7
[2022-12-17 15:59:35] [SEVERE ] placing card 59 in slot 8
[2022-12-17 15:59:35] [SEVERE ] placing card 7 in slot 9
[2022-12-17 15:59:35] [SEVERE ] placing card 62 in slot 10
[2022-12-17 15:59:35] [SEVERE ] placing card 44 in slot 11
[2022-12-17 15:59:35] [SEVERE ] player 0 placing token on slot 2
[2022-12-17 15:59:36] [SEVERE ] player 0 placing token on slot 1
[2022-12-17 15:59:36] [SEVERE ] player 0 placing token on slot 7
[2022-12-17 15:59:36] [SEVERE ] setting player 0 freeze to 3000
[2022-12-17 15:59:36] [SEVERE ] setting player 0 freeze to 2000
[2022-12-17 15:59:37] [SEVERE ] setting player 0 freeze to 1000
[2022-12-17 15:59:38] [SEVERE ] setting player 0 freeze to 0
[2022-12-17 15:59:38] [SEVERE ] removing player 0 token from slot 7
[2022-12-17 15:59:39] [SEVERE ] player 0 placing token on slot 5
[2022-12-17 15:59:39] [SEVERE ] setting player 0 freeze to 3000
[2022-12-17 15:59:39] [SEVERE ] setting player 0 freeze to 2000
[2022-12-17 15:59:40] [SEVERE ] setting player 0 freeze to 1000
[2022-12-17 15:59:41] [SEVERE ] setting player 0 freeze to 0
[2022-12-17 15:59:41] [SEVERE ] removing player 0 token from slot 1
[2022-12-17 15:59:41] [SEVERE ] player 0 placing token on slot 9
[2022-12-17 15:59:41] [SEVERE ] setting player 0 freeze to 3000
[2022-12-17 15:59:41] [SEVERE ] setting player 0 freeze to 2000
[2022-12-17 15:59:42] [SEVERE ] setting player 0 freeze to 1000
[2022-12-17 15:59:43] [SEVERE ] setting player 0 freeze to 0
[2022-12-17 15:59:44] [SEVERE ] removing player 0 token from slot 9
[2022-12-17 15:59:44] [SEVERE ] player 0 placing token on slot 3
[2022-12-17 15:59:44] [SEVERE ] setting player 0 freeze to 3000
[2022-12-17 15:59:44] [SEVERE ] setting player 0 freeze to 2000
[2022-12-17 15:59:45] [SEVERE ] setting player 0 freeze to 1000
[2022-12-17 15:59:46] [SEVERE ] setting player 0 freeze to 0
[2022-12-17 15:59:46] [SEVERE ] removing player 0 token from slot 3
[2022-12-17 15:59:47] [SEVERE ] player 0 placing token on slot 7
[2022-12-17 15:59:47] [SEVERE ] setting player 0 freeze to 3000
[2022-12-17 15:59:47] [SEVERE ] setting player 0 freeze to 2000
[2022-12-17 15:59:48] [SEVERE ] setting player 0 freeze to 1000
[2022-12-17 15:59:49] [SEVERE ] setting player 0 freeze to 0
[2022-12-17 15:59:50] [SEVERE ] removing player 0 token from slot 2
[2022-12-17 15:59:50] [SEVERE ] removing player 0 token from slot 5
[2022-12-17 15:59:51] [SEVERE ] player 0 placing token on slot 10
[2022-12-17 15:59:51] [SEVERE ] player 0 placing token on slot 6
[2022-12-17 15:59:51] [SEVERE ] setting player 0 freeze to 3000
[2022-12-17 15:59:51] [SEVERE ] setting player 0 freeze to 2000
[2022-12-17 15:59:52] [SEVERE ] setting player 0 freeze to 1000
[2022-12-17 15:59:53] [SEVERE ] setting player 0 freeze to 0
[2022-12-17 15:59:54] [SEVERE ] removing player 0 token from slot 10
[2022-12-17 15:59:55] [SEVERE ] player 0 placing token on slot 0
[2022-12-17 15:59:55] [SEVERE ] setting player 0 freeze to 3000
[2022-12-17 15:59:55] [SEVERE ] setting player 0 freeze to 2000
[2022-12-17 15:59:56] [SEVERE ] setting player 0 freeze to 1000
[2022-12-17 15:59:57] [SEVERE ] setting player 0 freeze to 0
[2022-12-17 15:59:58] [SEVERE ] removing player 0 token from slot 6
[2022-12-17 15:59:59] [SEVERE ] player 0 placing token on slot 1
[2022-12-17 15:59:59] [SEVERE ] setting player 0 freeze to 3000
[2022-12-17 15:59:59] [SEVERE ] setting player 0 freeze to 2000
[2022-12-17 16:00:00] [SEVERE ] setting player 0 freeze to 1000
[2022-12-17 16:00:01] [SEVERE ] setting player 0 freeze to 0
[2022-12-17 16:00:06] [SEVERE ] removing player 0 token from slot 0
[2022-12-17 16:00:06] [SEVERE ] player 0 placing token on slot 10
[2022-12-17 16:00:06] [SEVERE ] setting player 0 freeze to 3000
[2022-12-17 16:00:06] [SEVERE ] setting player 0 freeze to 2000
[2022-12-17 16:00:07] [SEVERE ] setting player 0 freeze to 1000
[2022-12-17 16:00:08] [SEVERE ] setting player 0 freeze to 0
[2022-12-17 16:00:09] [SEVERE ] removing player 0 token from slot 1
[2022-12-17 16:00:09] [SEVERE ] player 0 placing token on slot 4
[2022-12-17 16:00:09] [SEVERE ] setting player 0 freeze to 3000
[2022-12-17 16:00:09] [SEVERE ] setting player 0 freeze to 2000
[2022-12-17 16:00:10] [SEVERE ] setting player 0 freeze to 1000
[2022-12-17 16:00:11] [SEVERE ] setting player 0 freeze to 0
[2022-12-17 16:00:14] [SEVERE ] removing player 0 token from slot 7
[2022-12-17 16:00:14] [SEVERE ] player 0 placing token on slot 5
[2022-12-17 16:00:14] [SEVERE ] setting player 0 freeze to 3000
[2022-12-17 16:00:14] [SEVERE ] setting player 0 freeze to 2000
[2022-12-17 16:00:15] [SEVERE ] setting player 0 freeze to 1000
[2022-12-17 16:00:16] [SEVERE ] setting player 0 freeze to 0
[2022-12-17 16:00:18] [SEVERE ] removing player 0 token from slot 5
[2022-12-17 16:00:19] [SEVERE ] player 0 placing token on slot 1
[2022-12-17 16:00:19] [SEVERE ] setting player 0 freeze to 3000
[2022-12-17 16:00:19] [SEVERE ] setting player 0 freeze to 2000
[2022-12-17 16:00:20] [SEVERE ] setting player 0 freeze to 1000
[2022-12-17 16:00:21] [SEVERE ] setting player 0 freeze to 0
[2022-12-17 16:00:21] [SEVERE ] removing player 0 token from slot 1
[2022-12-17 16:00:22] [SEVERE ] removing player 0 token from slot 4
[2022-12-17 16:00:22] [SEVERE ] player 0 placing token on slot 7
