[2022-12-17 15:53:34] [INFO   ] cannot read configuration file config.properties trying from resources.
[2022-12-17 15:53:34] [INFO   ] configuration file was loaded from resources directory.
[2022-12-17 15:53:35] [INFO   ] Thread dealer starting.
[2022-12-17 15:53:35] [INFO   ] Thread Thread-1starting.
[2022-12-17 15:53:35] [INFO   ] Thread computer-0 starting.
[2022-12-17 15:53:35] [SEVERE ] placing card 20 in slot 0
[2022-12-17 15:53:35] [SEVERE ] placing card 4 in slot 1
[2022-12-17 15:53:35] [SEVERE ] placing card 52 in slot 2
[2022-12-17 15:53:36] [SEVERE ] placing card 31 in slot 3
[2022-12-17 15:53:36] [SEVERE ] placing card 53 in slot 4
[2022-12-17 15:53:36] [SEVERE ] placing card 73 in slot 5
[2022-12-17 15:53:36] [SEVERE ] placing card 45 in slot 6
[2022-12-17 15:53:36] [SEVERE ] placing card 17 in slot 7
[2022-12-17 15:53:36] [SEVERE ] placing card 0 in slot 8
[2022-12-17 15:53:36] [SEVERE ] placing card 65 in slot 9
[2022-12-17 15:53:36] [SEVERE ] placing card 71 in slot 10
[2022-12-17 15:53:36] [SEVERE ] placing card 41 in slot 11
[2022-12-17 15:53:40] [SEVERE ] player 0 placing token on slot 4
[2022-12-17 15:53:40] [SEVERE ] removing player 0 token from slot 4
[2022-12-17 15:53:40] [SEVERE ] player 0 placing token on slot 10
[2022-12-17 15:53:40] [SEVERE ] removing player 0 token from slot 10
[2022-12-17 15:53:40] [SEVERE ] player 0 placing token on slot 2
[2022-12-17 15:53:40] [SEVERE ] player 0 placing token on slot 10
[2022-12-17 15:53:40] [SEVERE ] player 0 placing token on slot 7
[2022-12-17 15:53:40] [SEVERE ] removing player 0 token from slot 2
[2022-12-17 15:53:40] [SEVERE ] setting player 0 freeze to 3000
[2022-12-17 15:53:40] [SEVERE ] player 0 placing token on slot 2
[2022-12-17 15:53:40] [SEVERE ] setting player 0 freeze to 2000
[2022-12-17 15:53:40] [SEVERE ] setting player 0 freeze to 3000
[2022-12-17 15:53:40] [SEVERE ] setting player 0 freeze to 4000
[2022-12-17 15:53:41] [SEVERE ] setting player 0 freeze to 3000
[2022-12-17 15:53:42] [SEVERE ] setting player 0 freeze to 2000
[2022-12-17 15:53:43] [SEVERE ] setting player 0 freeze to 1000
[2022-12-17 15:53:44] [SEVERE ] setting player 0 freeze to 0
[2022-12-17 15:53:44] [SEVERE ] removing player 0 token from slot 2
[2022-12-17 15:53:44] [SEVERE ] player 0 placing token on slot 3
[2022-12-17 15:53:44] [SEVERE ] removing player 0 token from slot 10
[2022-12-17 15:53:44] [SEVERE ] player 0 placing token on slot 5
[2022-12-17 15:53:44] [SEVERE ] removing player 0 token from slot 3
[2022-12-17 15:53:44] [SEVERE ] player 0 placing token on slot 2
[2022-12-17 15:53:44] [SEVERE ] removing player 0 token from slot 7
[2022-12-17 15:53:44] [SEVERE ] player 0 placing token on slot 1
[2022-12-17 15:53:44] [SEVERE ] setting player 0 freeze to 3000
[2022-12-17 15:53:44] [SEVERE ] removing player 0 token from slot 2
[2022-12-17 15:53:44] [SEVERE ] setting player 0 freeze to 2000
[2022-12-17 15:53:45] [SEVERE ] setting player 0 freeze to 1000
[2022-12-17 15:53:46] [SEVERE ] setting player 0 freeze to 0
[2022-12-17 15:53:46] [SEVERE ] player 0 placing token on slot 8
[2022-12-17 15:53:46] [SEVERE ] setting player 0 freeze to 3000
[2022-12-17 15:53:46] [SEVERE ] setting player 0 freeze to 2000
[2022-12-17 15:53:47] [SEVERE ] setting player 0 freeze to 1000
[2022-12-17 15:53:48] [SEVERE ] setting player 0 freeze to 0
[2022-12-17 15:53:48] [SEVERE ] removing player 0 token from slot 1
[2022-12-17 15:53:48] [SEVERE ] player 0 placing token on slot 1
[2022-12-17 15:53:48] [SEVERE ] setting player 0 freeze to 3000
[2022-12-17 15:53:48] [SEVERE ] removing player 0 token from slot 1
[2022-12-17 15:53:48] [SEVERE ] setting player 0 freeze to 2000
[2022-12-17 15:53:49] [SEVERE ] setting player 0 freeze to 1000
[2022-12-17 15:53:50] [SEVERE ] setting player 0 freeze to 0
[2022-12-17 15:53:50] [SEVERE ] player 0 placing token on slot 0
[2022-12-17 15:53:50] [SEVERE ] removing player 0 token from slot 0
[2022-12-17 15:53:50] [SEVERE ] player 0 placing token on slot 6
[2022-12-17 15:53:50] [SEVERE ] setting player 0 freeze to 3000
[2022-12-17 15:53:50] [SEVERE ] removing player 0 token from slot 6
[2022-12-17 15:53:50] [SEVERE ] setting player 0 freeze to 2000
[2022-12-17 15:53:51] [SEVERE ] setting player 0 freeze to 1000
[2022-12-17 15:53:52] [SEVERE ] setting player 0 freeze to 0
[2022-12-17 15:53:52] [SEVERE ] removing player 0 token from slot 8
[2022-12-17 15:53:52] [SEVERE ] player 0 placing token on slot 6
[2022-12-17 15:53:52] [SEVERE ] player 0 placing token on slot 4
[2022-12-17 15:53:52] [SEVERE ] setting player 0 freeze to 3000
[2022-12-17 15:53:52] [SEVERE ] removing player 0 token from slot 5
[2022-12-17 15:53:52] [SEVERE ] setting player 0 freeze to 2000
[2022-12-17 15:53:53] [SEVERE ] setting player 0 freeze to 1000
[2022-12-17 15:53:54] [SEVERE ] setting player 0 freeze to 0
[2022-12-17 15:53:54] [SEVERE ] player 0 placing token on slot 3
[2022-12-17 15:53:54] [SEVERE ] setting player 0 freeze to 3000
[2022-12-17 15:53:54] [SEVERE ] setting player 0 freeze to 2000
[2022-12-17 15:53:55] [SEVERE ] setting player 0 freeze to 1000
[2022-12-17 15:53:56] [SEVERE ] setting player 0 freeze to 0
[2022-12-17 15:53:56] [SEVERE ] removing player 0 token from slot 6
[2022-12-17 15:53:56] [SEVERE ] removing player 0 token from slot 4
[2022-12-17 15:53:56] [SEVERE ] player 0 placing token on slot 1
[2022-12-17 15:53:56] [SEVERE ] player 0 placing token on slot 4
[2022-12-17 15:53:56] [SEVERE ] removing player 0 token from slot 3
[2022-12-17 15:53:56] [SEVERE ] player 0 placing token on slot 9
[2022-12-17 15:53:56] [SEVERE ] removing player 0 token from slot 1
[2022-12-17 15:53:56] [SEVERE ] removing player 0 token from slot 9
[2022-12-17 15:53:56] [SEVERE ] player 0 placing token on slot 10
[2022-12-17 15:53:56] [SEVERE ] player 0 placing token on slot 1
[2022-12-17 15:53:56] [SEVERE ] removing player 0 token from slot 1
[2022-12-17 15:53:56] [SEVERE ] player 0 placing token on slot 0
[2022-12-17 15:53:56] [SEVERE ] removing player 0 token from slot 0
[2022-12-17 15:53:56] [SEVERE ] removing player 0 token from slot 4
[2022-12-17 15:53:56] [SEVERE ] player 0 placing token on slot 0
[2022-12-17 15:53:56] [SEVERE ] player 0 placing token on slot 7
[2022-12-17 15:53:56] [SEVERE ] setting player 0 freeze to 3000
[2022-12-17 15:53:56] [SEVERE ] removing player 0 token from slot 10
[2022-12-17 15:53:56] [SEVERE ] setting player 0 freeze to 2000
[2022-12-17 15:53:57] [SEVERE ] setting player 0 freeze to 1000
[2022-12-17 15:53:58] [SEVERE ] setting player 0 freeze to 0
[2022-12-17 15:53:58] [SEVERE ] player 0 placing token on slot 6
[2022-12-17 15:53:58] [SEVERE ] removing player 0 token from slot 6
[2022-12-17 15:53:58] [SEVERE ] player 0 placing token on slot 2
[2022-12-17 15:53:58] [SEVERE ] setting player 0 freeze to 3000
[2022-12-17 15:53:58] [SEVERE ] setting player 0 freeze to 2000
[2022-12-17 15:53:58] [SEVERE ] removing player 0 token from slot 0
[2022-12-17 15:53:59] [SEVERE ] setting player 0 freeze to 1000
[2022-12-17 15:53:59] [SEVERE ] setting player 0 freeze to 0
[2022-12-17 15:53:59] [SEVERE ] player 0 placing token on slot 10
[2022-12-17 15:53:59] [SEVERE ] setting player 0 freeze to 3000
[2022-12-17 15:53:59] [SEVERE ] setting player 0 freeze to 2000
[2022-12-17 15:54:00] [SEVERE ] setting player 0 freeze to 1000
[2022-12-17 15:54:01] [SEVERE ] setting player 0 freeze to 0
[2022-12-17 15:54:01] [SEVERE ] removing player 0 token from slot 2
[2022-12-17 15:54:01] [SEVERE ] removing player 0 token from slot 7
[2022-12-17 15:54:01] [SEVERE ] player 0 placing token on slot 6
[2022-12-17 15:54:01] [SEVERE ] player 0 placing token on slot 8
[2022-12-17 15:54:01] [SEVERE ] setting player 0 freeze to 3000
[2022-12-17 15:54:01] [SEVERE ] setting player 0 freeze to 2000
[2022-12-17 15:54:02] [SEVERE ] setting player 0 freeze to 1000
[2022-12-17 15:54:03] [SEVERE ] setting player 0 freeze to 0
[2022-12-17 15:54:03] [SEVERE ] removing player 0 token from slot 10
[2022-12-17 15:54:03] [SEVERE ] player 0 placing token on slot 3
[2022-12-17 15:54:03] [SEVERE ] setting player 0 freeze to 3000
[2022-12-17 15:54:03] [SEVERE ] setting player 0 freeze to 2000
