[2022-12-15 19:24:23] [INFO   ] cannot read configuration file config.properties trying from resources.
[2022-12-15 19:24:23] [INFO   ] configuration file was loaded from resources directory.
[2022-12-15 19:24:24] [INFO   ] Thread dealer starting.
[2022-12-15 19:24:24] [SEVERE ] placing card 23 in slot 0
[2022-12-15 19:24:24] [SEVERE ] placing card 78 in slot 1
[2022-12-15 19:24:24] [SEVERE ] placing card 64 in slot 2
[2022-12-15 19:24:24] [SEVERE ] placing card 68 in slot 3
[2022-12-15 19:24:25] [SEVERE ] placing card 5 in slot 4
[2022-12-15 19:24:25] [SEVERE ] placing card 30 in slot 5
[2022-12-15 19:24:25] [SEVERE ] placing card 54 in slot 6
[2022-12-15 19:24:25] [SEVERE ] placing card 32 in slot 7
[2022-12-15 19:24:25] [SEVERE ] placing card 69 in slot 8
[2022-12-15 19:24:25] [SEVERE ] placing card 76 in slot 9
[2022-12-15 19:24:25] [SEVERE ] placing card 0 in slot 10
[2022-12-15 19:24:25] [SEVERE ] placing card 16 in slot 11
[2022-12-15 19:24:27] [SEVERE ] Key 87 was pressed by player 0
[2022-12-15 19:24:37] [SEVERE ] player 0 placing token on slot 1
[2022-12-15 19:24:41] [SEVERE ] Key 85 was pressed by player 1
[2022-12-15 19:24:43] [SEVERE ] player 1 placing token on slot 0
[2022-12-15 19:24:47] [SEVERE ] Key 73 was pressed by player 1
[2022-12-15 19:24:49] [SEVERE ] player 1 placing token on slot 1
[2022-12-15 19:24:57] [SEVERE ] removing card from slot 0
[2022-12-15 19:25:16] [SEVERE ] removing player 1 token from slot 0
[2022-12-15 19:25:17] [INFO   ] Thread main terminated.
