[2022-12-17 12:51:08] [INFO   ] cannot read configuration file config.properties trying from resources.
[2022-12-17 12:51:08] [INFO   ] configuration file was loaded from resources directory.
[2022-12-17 12:51:09] [INFO   ] Thread dealer starting.
[2022-12-17 12:51:09] [INFO   ] Thread Thread-1starting.
[2022-12-17 12:51:09] [INFO   ] Thread Thread-2starting.
[2022-12-17 12:51:09] [SEVERE ] placing card 69 in slot 0
[2022-12-17 12:51:09] [SEVERE ] placing card 66 in slot 1
[2022-12-17 12:51:09] [SEVERE ] placing card 50 in slot 2
[2022-12-17 12:51:09] [SEVERE ] placing card 36 in slot 3
[2022-12-17 12:51:09] [SEVERE ] placing card 25 in slot 4
[2022-12-17 12:51:09] [SEVERE ] placing card 1 in slot 5
[2022-12-17 12:51:10] [SEVERE ] placing card 41 in slot 6
[2022-12-17 12:51:10] [SEVERE ] placing card 57 in slot 7
[2022-12-17 12:51:10] [SEVERE ] placing card 3 in slot 8
[2022-12-17 12:51:10] [SEVERE ] placing card 32 in slot 9
[2022-12-17 12:51:10] [SEVERE ] placing card 64 in slot 10
[2022-12-17 12:51:10] [SEVERE ] placing card 73 in slot 11
[2022-12-17 12:51:14] [SEVERE ] Key 81 was pressed by player 0
[2022-12-17 12:51:14] [SEVERE ] player 0 placing token on slot 0
[2022-12-17 12:51:15] [SEVERE ] Key 87 was pressed by player 0
[2022-12-17 12:51:15] [SEVERE ] player 0 placing token on slot 1
[2022-12-17 12:51:16] [SEVERE ] Key 85 was pressed by player 1
[2022-12-17 12:51:16] [SEVERE ] player 1 placing token on slot 0
[2022-12-17 12:51:16] [SEVERE ] Key 73 was pressed by player 1
[2022-12-17 12:51:16] [SEVERE ] player 1 placing token on slot 1
[2022-12-17 12:51:19] [SEVERE ] Key 73 was pressed by player 1
[2022-12-17 12:51:19] [SEVERE ] removing player 1 token from slot 1
[2022-12-17 12:51:19] [SEVERE ] Key 73 was pressed by player 1
[2022-12-17 12:51:19] [SEVERE ] player 1 placing token on slot 1
[2022-12-17 12:51:20] [SEVERE ] Key 69 was pressed by player 0
[2022-12-17 12:51:20] [SEVERE ] player 0 placing token on slot 2
[2022-12-17 12:51:28] [SEVERE ] setting player 0 freeze to 3000
[2022-12-17 12:51:30] [SEVERE ] setting player 0 freeze to 2000
[2022-12-17 12:51:31] [SEVERE ] setting player 0 freeze to 1000
[2022-12-17 12:51:32] [SEVERE ] setting player 0 freeze to 0
[2022-12-17 12:51:39] [SEVERE ] Key 73 was pressed by player 1
[2022-12-17 12:51:39] [SEVERE ] removing player 1 token from slot 1
[2022-12-17 12:51:40] [SEVERE ] Key 73 was pressed by player 1
[2022-12-17 12:51:40] [SEVERE ] player 1 placing token on slot 1
[2022-12-17 12:51:41] [SEVERE ] Key 79 was pressed by player 1
[2022-12-17 12:51:41] [SEVERE ] player 1 placing token on slot 2
[2022-12-17 12:51:55] [SEVERE ] setting player 1 freeze to 3000
[2022-12-17 12:51:55] [SEVERE ] setting player 1 freeze to 2000
[2022-12-17 12:51:56] [SEVERE ] setting player 1 freeze to 1000
[2022-12-17 12:51:57] [SEVERE ] setting player 1 freeze to 0
