[2022-12-17 12:52:08] [INFO   ] cannot read configuration file config.properties trying from resources.
[2022-12-17 12:52:08] [INFO   ] configuration file was loaded from resources directory.
[2022-12-17 12:52:09] [INFO   ] Thread dealer starting.
[2022-12-17 12:52:09] [INFO   ] Thread Thread-1starting.
[2022-12-17 12:52:09] [INFO   ] Thread Thread-2starting.
[2022-12-17 12:52:09] [SEVERE ] placing card 2 in slot 0
[2022-12-17 12:52:09] [SEVERE ] placing card 40 in slot 1
[2022-12-17 12:52:09] [SEVERE ] placing card 32 in slot 2
[2022-12-17 12:52:09] [SEVERE ] placing card 28 in slot 3
[2022-12-17 12:52:09] [SEVERE ] placing card 19 in slot 4
[2022-12-17 12:52:10] [SEVERE ] placing card 36 in slot 5
[2022-12-17 12:52:10] [SEVERE ] placing card 4 in slot 6
[2022-12-17 12:52:10] [SEVERE ] placing card 71 in slot 7
[2022-12-17 12:52:10] [SEVERE ] placing card 27 in slot 8
[2022-12-17 12:52:10] [SEVERE ] placing card 55 in slot 9
[2022-12-17 12:52:10] [SEVERE ] placing card 10 in slot 10
[2022-12-17 12:52:10] [SEVERE ] placing card 12 in slot 11
[2022-12-17 12:52:34] [SEVERE ] Key 81 was pressed by player 0
[2022-12-17 12:52:34] [SEVERE ] player 0 placing token on slot 0
[2022-12-17 12:52:35] [SEVERE ] Key 90 was pressed by player 0
[2022-12-17 12:52:35] [SEVERE ] player 0 placing token on slot 8
[2022-12-17 12:52:37] [SEVERE ] Key 85 was pressed by player 1
[2022-12-17 12:52:37] [SEVERE ] player 1 placing token on slot 0
[2022-12-17 12:52:38] [SEVERE ] Key 77 was pressed by player 1
[2022-12-17 12:52:38] [SEVERE ] player 1 placing token on slot 8
[2022-12-17 12:52:41] [SEVERE ] Key 77 was pressed by player 1
[2022-12-17 12:52:41] [SEVERE ] removing player 1 token from slot 8
[2022-12-17 12:52:42] [SEVERE ] Key 90 was pressed by player 0
[2022-12-17 12:52:42] [SEVERE ] removing player 0 token from slot 8
[2022-12-17 12:52:42] [SEVERE ] Key 90 was pressed by player 0
[2022-12-17 12:52:42] [SEVERE ] player 0 placing token on slot 8
[2022-12-17 12:52:42] [SEVERE ] Key 77 was pressed by player 1
[2022-12-17 12:52:42] [SEVERE ] player 1 placing token on slot 8
[2022-12-17 12:52:43] [SEVERE ] Key 88 was pressed by player 0
[2022-12-17 12:52:43] [SEVERE ] player 0 placing token on slot 9
[2022-12-17 12:52:43] [SEVERE ] setting player 0 score to 1
[2022-12-17 12:52:43] [SEVERE ] setting player 0 freeze to 1000
[2022-12-17 12:52:43] [SEVERE ] setting player 0 freeze to 0
[2022-12-17 12:52:43] [SEVERE ] removing player 0 token from slot 0
[2022-12-17 12:52:43] [SEVERE ] removing player 1 token from slot 0
[2022-12-17 12:52:43] [SEVERE ] Key 44 was pressed by player 1
[2022-12-17 12:52:43] [SEVERE ] player 1 placing token on slot 9
[2022-12-17 12:52:43] [SEVERE ] removing card from slot 0
[2022-12-17 12:52:43] [SEVERE ] removing player 0 token from slot 8
[2022-12-17 12:52:43] [SEVERE ] removing player 1 token from slot 8
[2022-12-17 12:52:43] [SEVERE ] removing card from slot 8
[2022-12-17 12:52:43] [SEVERE ] removing player 0 token from slot 9
[2022-12-17 12:52:43] [SEVERE ] removing player 1 token from slot 9
[2022-12-17 12:52:43] [SEVERE ] removing card from slot 9
[2022-12-17 12:52:44] [SEVERE ] placing card 66 in slot 0
[2022-12-17 12:52:44] [SEVERE ] placing card 3 in slot 8
[2022-12-17 12:52:44] [SEVERE ] placing card 48 in slot 9
[2022-12-17 12:52:47] [SEVERE ] Key 81 was pressed by player 0
[2022-12-17 12:52:47] [SEVERE ] player 0 placing token on slot 0
[2022-12-17 12:52:47] [SEVERE ] Key 81 was pressed by player 0
[2022-12-17 12:52:47] [SEVERE ] removing player 0 token from slot 0
[2022-12-17 12:53:09] [SEVERE ] Key 81 was pressed by player 0
[2022-12-17 12:53:09] [SEVERE ] player 0 placing token on slot 0
[2022-12-17 12:53:09] [SEVERE ] Key 87 was pressed by player 0
[2022-12-17 12:53:09] [SEVERE ] player 0 placing token on slot 1
[2022-12-17 12:53:09] [SEVERE ] Key 69 was pressed by player 0
[2022-12-17 12:53:09] [SEVERE ] player 0 placing token on slot 2
[2022-12-17 12:53:09] [SEVERE ] setting player 0 freeze to 3000
[2022-12-17 12:53:09] [SEVERE ] setting player 0 freeze to 2000
[2022-12-17 12:53:10] [SEVERE ] setting player 0 freeze to 1000
[2022-12-17 12:53:11] [SEVERE ] setting player 0 freeze to 0
[2022-12-17 12:53:16] [SEVERE ] Key 81 was pressed by player 0
[2022-12-17 12:53:16] [SEVERE ] removing player 0 token from slot 0
[2022-12-17 12:53:16] [SEVERE ] Key 87 was pressed by player 0
[2022-12-17 12:53:16] [SEVERE ] removing player 0 token from slot 1
[2022-12-17 12:53:16] [SEVERE ] Key 69 was pressed by player 0
[2022-12-17 12:53:16] [SEVERE ] removing player 0 token from slot 2
