[2022-12-17 13:33:26] [INFO   ] cannot read configuration file config.properties trying from resources.
[2022-12-17 13:33:26] [INFO   ] configuration file was loaded from resources directory.
[2022-12-17 13:33:27] [INFO   ] Thread dealer starting.
[2022-12-17 13:33:27] [INFO   ] Thread Thread-1starting.
[2022-12-17 13:33:27] [INFO   ] Thread Thread-2starting.
[2022-12-17 13:33:27] [SEVERE ] placing card 46 in slot 0
[2022-12-17 13:33:27] [SEVERE ] placing card 70 in slot 1
[2022-12-17 13:33:27] [SEVERE ] placing card 26 in slot 2
[2022-12-17 13:33:27] [SEVERE ] placing card 77 in slot 3
[2022-12-17 13:33:27] [SEVERE ] placing card 67 in slot 4
[2022-12-17 13:33:28] [SEVERE ] placing card 76 in slot 5
[2022-12-17 13:33:28] [SEVERE ] placing card 47 in slot 6
[2022-12-17 13:33:28] [SEVERE ] placing card 1 in slot 7
[2022-12-17 13:33:28] [SEVERE ] placing card 29 in slot 8
[2022-12-17 13:33:28] [SEVERE ] placing card 24 in slot 9
[2022-12-17 13:33:28] [SEVERE ] placing card 59 in slot 10
[2022-12-17 13:33:28] [SEVERE ] placing card 5 in slot 11
[2022-12-17 13:33:33] [SEVERE ] Exit button pressed
[2022-12-17 13:33:36] [INFO   ] Thread Thread-1 terminated.
[2022-12-17 13:33:42] [INFO   ] Thread Thread-2 terminated.
[2022-12-17 13:34:04] [SEVERE ] removing all tokens
[2022-12-17 13:34:04] [SEVERE ] removing tokens from slot 0
[2022-12-17 13:34:04] [SEVERE ] removing tokens from slot 1
[2022-12-17 13:34:04] [SEVERE ] removing tokens from slot 2
[2022-12-17 13:34:04] [SEVERE ] removing tokens from slot 3
[2022-12-17 13:34:04] [SEVERE ] removing tokens from slot 4
[2022-12-17 13:34:04] [SEVERE ] removing tokens from slot 5
[2022-12-17 13:34:04] [SEVERE ] removing tokens from slot 6
[2022-12-17 13:34:04] [SEVERE ] removing tokens from slot 7
[2022-12-17 13:34:04] [SEVERE ] removing tokens from slot 8
[2022-12-17 13:34:04] [SEVERE ] removing tokens from slot 9
[2022-12-17 13:34:04] [SEVERE ] removing tokens from slot 10
[2022-12-17 13:34:04] [SEVERE ] removing tokens from slot 11
[2022-12-17 13:34:04] [SEVERE ] removing card from slot 0
[2022-12-17 13:34:05] [SEVERE ] removing card from slot 1
[2022-12-17 13:34:05] [SEVERE ] removing card from slot 2
[2022-12-17 13:34:05] [SEVERE ] removing card from slot 3
[2022-12-17 13:34:05] [SEVERE ] removing card from slot 4
[2022-12-17 13:34:05] [SEVERE ] removing card from slot 5
[2022-12-17 13:34:05] [SEVERE ] removing card from slot 6
[2022-12-17 13:34:05] [SEVERE ] removing card from slot 7
[2022-12-17 13:34:05] [SEVERE ] removing card from slot 8
[2022-12-17 13:34:05] [SEVERE ] removing card from slot 9
[2022-12-17 13:34:06] [SEVERE ] removing card from slot 10
[2022-12-17 13:34:06] [SEVERE ] removing card from slot 11
[2022-12-17 13:34:16] [SEVERE ] announcing winners: [0, 1]
