[2022-12-17 15:58:46] [INFO   ] cannot read configuration file config.properties trying from resources.
[2022-12-17 15:58:47] [INFO   ] configuration file was loaded from resources directory.
[2022-12-17 15:58:47] [INFO   ] Thread dealer starting.
[2022-12-17 15:58:47] [INFO   ] Thread Thread-1starting.
[2022-12-17 15:58:47] [INFO   ] Thread computer-0 starting.
[2022-12-17 15:58:47] [SEVERE ] placing card 15 in slot 0
[2022-12-17 15:58:47] [SEVERE ] placing card 74 in slot 1
[2022-12-17 15:58:48] [SEVERE ] placing card 43 in slot 2
[2022-12-17 15:58:48] [SEVERE ] placing card 53 in slot 3
[2022-12-17 15:58:48] [SEVERE ] placing card 42 in slot 4
[2022-12-17 15:58:48] [SEVERE ] placing card 14 in slot 5
[2022-12-17 15:58:48] [SEVERE ] placing card 59 in slot 6
[2022-12-17 15:58:48] [SEVERE ] placing card 17 in slot 7
[2022-12-17 15:58:48] [SEVERE ] placing card 69 in slot 8
[2022-12-17 15:58:48] [SEVERE ] placing card 48 in slot 9
[2022-12-17 15:58:48] [SEVERE ] placing card 66 in slot 10
[2022-12-17 15:58:48] [SEVERE ] placing card 2 in slot 11
[2022-12-17 15:58:49] [SEVERE ] player 0 placing token on slot 2
[2022-12-17 15:58:49] [SEVERE ] player 0 placing token on slot 8
[2022-12-17 15:58:49] [SEVERE ] player 0 placing token on slot 1
[2022-12-17 15:58:49] [SEVERE ] setting player 0 freeze to 3000
[2022-12-17 15:58:49] [SEVERE ] setting player 0 freeze to 2000
[2022-12-17 15:58:50] [SEVERE ] setting player 0 freeze to 1000
[2022-12-17 15:58:51] [SEVERE ] setting player 0 freeze to 0
[2022-12-17 15:58:52] [SEVERE ] removing player 0 token from slot 1
[2022-12-17 15:58:52] [SEVERE ] player 0 placing token on slot 4
[2022-12-17 15:58:52] [SEVERE ] removing player 0 token from slot 2
[2022-12-17 15:58:53] [SEVERE ] player 0 placing token on slot 10
[2022-12-17 15:58:53] [SEVERE ] removing player 0 token from slot 8
[2022-12-17 15:58:53] [SEVERE ] removing player 0 token from slot 4
[2022-12-17 15:58:55] [SEVERE ] player 0 placing token on slot 5
[2022-12-17 15:58:55] [SEVERE ] player 0 placing token on slot 7
[2022-12-17 15:58:55] [SEVERE ] setting player 0 freeze to 3000
[2022-12-17 15:58:55] [SEVERE ] setting player 0 freeze to 2000
[2022-12-17 15:58:56] [SEVERE ] setting player 0 freeze to 1000
[2022-12-17 15:58:57] [SEVERE ] setting player 0 freeze to 0
[2022-12-17 15:58:58] [SEVERE ] removing player 0 token from slot 7
[2022-12-17 15:58:59] [SEVERE ] removing player 0 token from slot 5
[2022-12-17 15:58:59] [SEVERE ] player 0 placing token on slot 9
[2022-12-17 15:58:59] [SEVERE ] player 0 placing token on slot 0
[2022-12-17 15:58:59] [SEVERE ] setting player 0 freeze to 3000
[2022-12-17 15:58:59] [SEVERE ] setting player 0 freeze to 2000
[2022-12-17 15:59:00] [SEVERE ] setting player 0 freeze to 1000
[2022-12-17 15:59:01] [SEVERE ] setting player 0 freeze to 0
