[2022-12-17 10:33:02] [INFO   ] cannot read configuration file config.properties trying from resources.
[2022-12-17 10:33:02] [INFO   ] configuration file was loaded from resources directory.
[2022-12-17 10:33:03] [INFO   ] Thread dealer starting.
[2022-12-17 10:33:03] [INFO   ] Thread Thread-1starting.
[2022-12-17 10:33:03] [INFO   ] Thread Thread-2starting.
[2022-12-17 10:33:03] [SEVERE ] placing card 62 in slot 0
[2022-12-17 10:33:03] [SEVERE ] placing card 65 in slot 1
[2022-12-17 10:33:03] [SEVERE ] placing card 23 in slot 2
[2022-12-17 10:33:03] [SEVERE ] placing card 19 in slot 3
[2022-12-17 10:33:03] [SEVERE ] placing card 52 in slot 4
[2022-12-17 10:33:03] [SEVERE ] placing card 49 in slot 5
[2022-12-17 10:33:04] [SEVERE ] placing card 50 in slot 6
[2022-12-17 10:33:04] [SEVERE ] placing card 22 in slot 7
[2022-12-17 10:33:04] [SEVERE ] placing card 38 in slot 8
[2022-12-17 10:33:04] [SEVERE ] placing card 1 in slot 9
[2022-12-17 10:33:04] [SEVERE ] placing card 70 in slot 10
[2022-12-17 10:33:04] [SEVERE ] placing card 12 in slot 11
[2022-12-17 10:33:08] [SEVERE ] Key 81 was pressed by player 0
[2022-12-17 10:33:08] [SEVERE ] player 0 placing token on slot 0
[2022-12-17 10:33:08] [SEVERE ] Key 87 was pressed by player 0
[2022-12-17 10:33:08] [SEVERE ] player 0 placing token on slot 1
[2022-12-17 10:33:08] [SEVERE ] Key 69 was pressed by player 0
[2022-12-17 10:33:08] [SEVERE ] player 0 placing token on slot 2
[2022-12-17 10:33:08] [SEVERE ] setting player 0 freeze to 3000
[2022-12-17 10:33:09] [SEVERE ] setting player 0 freeze to 2000
[2022-12-17 10:33:10] [SEVERE ] setting player 0 freeze to 1000
[2022-12-17 10:33:11] [SEVERE ] setting player 0 freeze to 0
[2022-12-17 10:33:12] [SEVERE ] Key 69 was pressed by player 0
[2022-12-17 10:33:12] [SEVERE ] removing player 0 token from slot 2
[2022-12-17 10:33:12] [SEVERE ] Key 87 was pressed by player 0
[2022-12-17 10:33:12] [SEVERE ] removing player 0 token from slot 1
[2022-12-17 10:33:12] [SEVERE ] Key 87 was pressed by player 0
[2022-12-17 10:33:12] [SEVERE ] player 0 placing token on slot 1
[2022-12-17 10:33:12] [SEVERE ] Key 81 was pressed by player 0
[2022-12-17 10:33:12] [SEVERE ] removing player 0 token from slot 0
[2022-12-17 10:33:13] [SEVERE ] Key 87 was pressed by player 0
[2022-12-17 10:33:13] [SEVERE ] removing player 0 token from slot 1
[2022-12-17 10:33:24] [SEVERE ] Key 83 was pressed by player 0
[2022-12-17 10:33:24] [SEVERE ] player 0 placing token on slot 5
[2022-12-17 10:33:25] [SEVERE ] Key 88 was pressed by player 0
[2022-12-17 10:33:25] [SEVERE ] player 0 placing token on slot 9
[2022-12-17 10:33:27] [SEVERE ] Key 67 was pressed by player 0
[2022-12-17 10:33:27] [SEVERE ] player 0 placing token on slot 10
[2022-12-17 10:33:27] [SEVERE ] setting player 0 score to 1
[2022-12-17 10:33:27] [SEVERE ] setting player 0 freeze to 1000
[2022-12-17 10:33:27] [SEVERE ] setting player 0 freeze to 0
[2022-12-17 10:33:27] [INFO   ] Thread main terminated.
