[2022-12-15 17:50:33] [INFO   ] cannot read configuration file config.properties trying from resources.
[2022-12-15 17:50:33] [INFO   ] configuration file was loaded from resources directory.
[2022-12-15 17:50:34] [INFO   ] Thread dealer starting.
[2022-12-15 17:50:34] [SEVERE ] placing card 12 in slot 0
[2022-12-15 17:50:34] [SEVERE ] placing card 75 in slot 1
[2022-12-15 17:50:34] [SEVERE ] placing card 22 in slot 2
[2022-12-15 17:50:34] [SEVERE ] placing card 19 in slot 3
[2022-12-15 17:50:34] [SEVERE ] placing card 7 in slot 4
[2022-12-15 17:50:34] [SEVERE ] placing card 10 in slot 5
[2022-12-15 17:50:34] [SEVERE ] placing card 13 in slot 6
[2022-12-15 17:50:34] [SEVERE ] placing card 48 in slot 7
[2022-12-15 17:50:35] [SEVERE ] placing card 71 in slot 8
[2022-12-15 17:50:35] [SEVERE ] placing card 14 in slot 9
[2022-12-15 17:50:35] [SEVERE ] placing card 55 in slot 10
[2022-12-15 17:50:35] [SEVERE ] placing card 44 in slot 11
[2022-12-15 17:50:40] [SEVERE ] Key 87 was pressed by player 0
[2022-12-15 17:50:43] [SEVERE ] player 0 placing token on slot 1
[2022-12-15 17:50:58] [SEVERE ] removing card from slot 0
[2022-12-15 17:51:22] [SEVERE ] removing card from slot 1
[2022-12-15 17:51:47] [INFO   ] Thread main terminated.
