[2022-12-17 11:38:43] [INFO   ] cannot read configuration file config.properties trying from resources.
[2022-12-17 11:38:43] [INFO   ] configuration file was loaded from resources directory.
[2022-12-17 11:38:44] [INFO   ] Thread dealer starting.
[2022-12-17 11:38:44] [INFO   ] Thread Thread-1starting.
[2022-12-17 11:38:44] [INFO   ] Thread Thread-2starting.
[2022-12-17 11:38:44] [SEVERE ] placing card 28 in slot 0
[2022-12-17 11:38:44] [SEVERE ] placing card 79 in slot 1
[2022-12-17 11:38:44] [SEVERE ] placing card 15 in slot 2
[2022-12-17 11:38:44] [SEVERE ] placing card 24 in slot 3
[2022-12-17 11:38:44] [SEVERE ] placing card 46 in slot 4
[2022-12-17 11:38:44] [SEVERE ] placing card 10 in slot 5
[2022-12-17 11:38:44] [SEVERE ] placing card 11 in slot 6
[2022-12-17 11:38:44] [SEVERE ] placing card 41 in slot 7
[2022-12-17 11:38:44] [SEVERE ] placing card 63 in slot 8
[2022-12-17 11:38:45] [SEVERE ] placing card 76 in slot 9
[2022-12-17 11:38:45] [SEVERE ] placing card 2 in slot 10
[2022-12-17 11:38:45] [SEVERE ] placing card 1 in slot 11
[2022-12-17 11:39:03] [SEVERE ] Key 87 was pressed by player 0
[2022-12-17 11:39:03] [SEVERE ] player 0 placing token on slot 1
[2022-12-17 11:39:03] [SEVERE ] Key 87 was pressed by player 0
[2022-12-17 11:39:03] [SEVERE ] removing player 0 token from slot 1
[2022-12-17 11:39:06] [SEVERE ] Key 69 was pressed by player 0
[2022-12-17 11:39:06] [SEVERE ] player 0 placing token on slot 2
[2022-12-17 11:39:06] [SEVERE ] Key 69 was pressed by player 0
[2022-12-17 11:39:06] [SEVERE ] removing player 0 token from slot 2
[2022-12-17 11:39:10] [SEVERE ] Key 70 was pressed by player 0
[2022-12-17 11:39:10] [SEVERE ] player 0 placing token on slot 7
[2022-12-17 11:39:11] [SEVERE ] Key 67 was pressed by player 0
[2022-12-17 11:39:11] [SEVERE ] player 0 placing token on slot 10
[2022-12-17 11:39:12] [SEVERE ] Key 67 was pressed by player 0
[2022-12-17 11:39:12] [SEVERE ] removing player 0 token from slot 10
[2022-12-17 11:39:13] [SEVERE ] Key 86 was pressed by player 0
[2022-12-17 11:39:13] [SEVERE ] player 0 placing token on slot 11
[2022-12-17 11:39:14] [SEVERE ] Key 86 was pressed by player 0
[2022-12-17 11:39:14] [SEVERE ] removing player 0 token from slot 11
[2022-12-17 11:39:18] [SEVERE ] Key 82 was pressed by player 0
[2022-12-17 11:39:18] [SEVERE ] player 0 placing token on slot 3
[2022-12-17 11:39:24] [SEVERE ] Key 82 was pressed by player 0
[2022-12-17 11:39:24] [SEVERE ] removing player 0 token from slot 3
[2022-12-17 11:39:24] [SEVERE ] Key 70 was pressed by player 0
[2022-12-17 11:39:24] [SEVERE ] removing player 0 token from slot 7
[2022-12-17 11:39:33] [SEVERE ] Key 70 was pressed by player 0
[2022-12-17 11:39:33] [SEVERE ] player 0 placing token on slot 7
[2022-12-17 11:39:33] [SEVERE ] Key 70 was pressed by player 0
[2022-12-17 11:39:33] [SEVERE ] removing player 0 token from slot 7
[2022-12-17 11:39:34] [SEVERE ] Key 68 was pressed by player 0
[2022-12-17 11:39:34] [SEVERE ] player 0 placing token on slot 6
[2022-12-17 11:39:34] [SEVERE ] Key 81 was pressed by player 0
[2022-12-17 11:39:34] [SEVERE ] player 0 placing token on slot 0
[2022-12-17 11:39:39] [SEVERE ] Key 70 was pressed by player 0
[2022-12-17 11:39:39] [SEVERE ] player 0 placing token on slot 7
[2022-12-17 11:39:39] [SEVERE ] setting player 0 freeze to 3000
[2022-12-17 11:39:39] [SEVERE ] setting player 0 freeze to 2000
[2022-12-17 11:39:40] [SEVERE ] setting player 0 freeze to 1000
[2022-12-17 11:39:41] [SEVERE ] setting player 0 freeze to 0
[2022-12-17 11:39:42] [SEVERE ] Key 70 was pressed by player 0
[2022-12-17 11:39:42] [SEVERE ] removing player 0 token from slot 7
[2022-12-17 11:39:42] [SEVERE ] Key 68 was pressed by player 0
[2022-12-17 11:39:42] [SEVERE ] removing player 0 token from slot 6
[2022-12-17 11:39:42] [SEVERE ] Key 67 was pressed by player 0
[2022-12-17 11:39:42] [SEVERE ] player 0 placing token on slot 10
[2022-12-17 11:39:43] [SEVERE ] Key 90 was pressed by player 0
[2022-12-17 11:39:43] [SEVERE ] player 0 placing token on slot 8
[2022-12-17 11:39:43] [SEVERE ] setting player 0 freeze to 3000
[2022-12-17 11:39:43] [SEVERE ] setting player 0 freeze to 2000
[2022-12-17 11:39:44] [SEVERE ] setting player 0 freeze to 1000
[2022-12-17 11:39:45] [SEVERE ] setting player 0 freeze to 0
[2022-12-17 11:39:45] [SEVERE ] removing all tokens
[2022-12-17 11:39:45] [SEVERE ] removing tokens from slot 0
[2022-12-17 11:39:45] [SEVERE ] removing tokens from slot 1
[2022-12-17 11:39:45] [SEVERE ] removing tokens from slot 2
[2022-12-17 11:39:45] [SEVERE ] removing tokens from slot 3
[2022-12-17 11:39:45] [SEVERE ] removing tokens from slot 4
[2022-12-17 11:39:45] [SEVERE ] removing tokens from slot 5
[2022-12-17 11:39:45] [SEVERE ] removing tokens from slot 6
[2022-12-17 11:39:45] [SEVERE ] removing tokens from slot 7
[2022-12-17 11:39:45] [SEVERE ] removing tokens from slot 8
[2022-12-17 11:39:45] [SEVERE ] removing tokens from slot 9
[2022-12-17 11:39:45] [SEVERE ] removing tokens from slot 10
[2022-12-17 11:39:45] [SEVERE ] removing tokens from slot 11
[2022-12-17 11:39:45] [SEVERE ] removing card from slot 0
[2022-12-17 11:39:45] [SEVERE ] removing card from slot 1
[2022-12-17 11:39:45] [SEVERE ] removing card from slot 2
[2022-12-17 11:39:45] [SEVERE ] removing card from slot 3
[2022-12-17 11:39:45] [SEVERE ] removing card from slot 4
[2022-12-17 11:39:46] [SEVERE ] removing card from slot 5
[2022-12-17 11:39:46] [SEVERE ] removing card from slot 6
[2022-12-17 11:39:46] [SEVERE ] removing card from slot 7
[2022-12-17 11:39:46] [SEVERE ] removing card from slot 8
[2022-12-17 11:39:46] [SEVERE ] removing card from slot 9
[2022-12-17 11:39:46] [SEVERE ] removing card from slot 10
[2022-12-17 11:39:46] [SEVERE ] removing card from slot 11
[2022-12-17 11:39:46] [SEVERE ] placing card 13 in slot 0
[2022-12-17 11:39:46] [SEVERE ] placing card 0 in slot 1
[2022-12-17 11:39:47] [SEVERE ] placing card 77 in slot 2
[2022-12-17 11:39:47] [SEVERE ] placing card 20 in slot 3
[2022-12-17 11:39:47] [SEVERE ] placing card 72 in slot 4
[2022-12-17 11:39:47] [SEVERE ] placing card 45 in slot 5
[2022-12-17 11:39:47] [SEVERE ] placing card 8 in slot 6
[2022-12-17 11:39:47] [SEVERE ] placing card 6 in slot 7
[2022-12-17 11:39:47] [SEVERE ] placing card 15 in slot 8
[2022-12-17 11:39:47] [SEVERE ] placing card 75 in slot 9
[2022-12-17 11:39:47] [SEVERE ] placing card 21 in slot 10
[2022-12-17 11:39:47] [SEVERE ] placing card 46 in slot 11
[2022-12-17 11:39:51] [SEVERE ] Key 81 was pressed by player 0
[2022-12-17 11:39:51] [SEVERE ] player 0 placing token on slot 0
[2022-12-17 11:39:54] [SEVERE ] Key 87 was pressed by player 0
[2022-12-17 11:39:54] [SEVERE ] player 0 placing token on slot 1
[2022-12-17 11:39:57] [SEVERE ] Key 87 was pressed by player 0
[2022-12-17 11:39:57] [SEVERE ] removing player 0 token from slot 1
[2022-12-17 11:39:58] [SEVERE ] Key 82 was pressed by player 0
[2022-12-17 11:39:58] [SEVERE ] player 0 placing token on slot 3
[2022-12-17 11:40:00] [SEVERE ] Key 70 was pressed by player 0
[2022-12-17 11:40:00] [SEVERE ] player 0 placing token on slot 7
[2022-12-17 11:40:00] [SEVERE ] setting player 0 score to 1
[2022-12-17 11:40:00] [SEVERE ] setting player 0 freeze to 1000
[2022-12-17 11:40:00] [SEVERE ] setting player 0 freeze to 0
[2022-12-17 11:40:00] [SEVERE ] removing player 0 token from slot 0
[2022-12-17 11:40:00] [SEVERE ] removing card from slot 0
[2022-12-17 11:40:00] [SEVERE ] removing player 0 token from slot 3
[2022-12-17 11:40:00] [SEVERE ] removing card from slot 3
[2022-12-17 11:40:00] [SEVERE ] removing player 0 token from slot 7
[2022-12-17 11:40:00] [SEVERE ] removing card from slot 7
[2022-12-17 11:40:00] [SEVERE ] placing card 59 in slot 0
[2022-12-17 11:40:00] [SEVERE ] placing card 16 in slot 3
[2022-12-17 11:40:01] [SEVERE ] placing card 3 in slot 7
[2022-12-17 11:40:06] [SEVERE ] Key 67 was pressed by player 0
[2022-12-17 11:40:06] [SEVERE ] player 0 placing token on slot 10
[2022-12-17 11:40:07] [SEVERE ] Key 83 was pressed by player 0
[2022-12-17 11:40:07] [SEVERE ] player 0 placing token on slot 5
[2022-12-17 11:40:10] [SEVERE ] Key 83 was pressed by player 0
[2022-12-17 11:40:10] [SEVERE ] removing player 0 token from slot 5
[2022-12-17 11:40:11] [SEVERE ] Key 67 was pressed by player 0
[2022-12-17 11:40:11] [SEVERE ] removing player 0 token from slot 10
[2022-12-17 11:40:14] [SEVERE ] Key 90 was pressed by player 0
[2022-12-17 11:40:14] [SEVERE ] player 0 placing token on slot 8
[2022-12-17 11:40:16] [SEVERE ] Key 70 was pressed by player 0
[2022-12-17 11:40:16] [SEVERE ] player 0 placing token on slot 7
[2022-12-17 11:40:19] [SEVERE ] Key 70 was pressed by player 0
[2022-12-17 11:40:19] [SEVERE ] removing player 0 token from slot 7
[2022-12-17 11:40:19] [SEVERE ] Key 90 was pressed by player 0
[2022-12-17 11:40:19] [SEVERE ] removing player 0 token from slot 8
