[2022-12-17 15:35:27] [INFO   ] cannot read configuration file config.properties trying from resources.
[2022-12-17 15:35:27] [INFO   ] configuration file was loaded from resources directory.
[2022-12-17 15:35:27] [INFO   ] Thread dealer starting.
[2022-12-17 15:35:27] [INFO   ] Thread Thread-1starting.
[2022-12-17 15:35:27] [INFO   ] Thread Thread-2starting.
[2022-12-17 15:35:27] [SEVERE ] placing card 61 in slot 0
[2022-12-17 15:35:28] [SEVERE ] placing card 71 in slot 1
[2022-12-17 15:35:28] [SEVERE ] placing card 36 in slot 2
[2022-12-17 15:35:28] [SEVERE ] placing card 66 in slot 3
[2022-12-17 15:35:28] [SEVERE ] placing card 74 in slot 4
[2022-12-17 15:35:28] [SEVERE ] placing card 8 in slot 5
[2022-12-17 15:35:28] [SEVERE ] placing card 6 in slot 6
[2022-12-17 15:35:28] [SEVERE ] placing card 77 in slot 7
[2022-12-17 15:35:28] [SEVERE ] placing card 57 in slot 8
[2022-12-17 15:35:28] [SEVERE ] placing card 42 in slot 9
[2022-12-17 15:35:29] [SEVERE ] placing card 17 in slot 10
[2022-12-17 15:35:29] [SEVERE ] placing card 80 in slot 11
[2022-12-17 15:36:10] [SEVERE ] Key 81 was pressed by player 0
[2022-12-17 15:36:10] [SEVERE ] player 0 placing token on slot 0
[2022-12-17 15:36:11] [SEVERE ] Key 65 was pressed by player 0
[2022-12-17 15:36:11] [SEVERE ] player 0 placing token on slot 4
[2022-12-17 15:36:13] [SEVERE ] Key 82 was pressed by player 0
[2022-12-17 15:36:13] [SEVERE ] player 0 placing token on slot 3
[2022-12-17 15:36:13] [SEVERE ] setting player 0 score to 1
[2022-12-17 15:36:13] [SEVERE ] setting player 0 freeze to 1000
[2022-12-17 15:36:13] [SEVERE ] setting player 0 freeze to 0
[2022-12-17 15:36:13] [SEVERE ] removing player 0 token from slot 0
[2022-12-17 15:36:13] [SEVERE ] removing card from slot 0
[2022-12-17 15:36:13] [SEVERE ] removing player 0 token from slot 4
[2022-12-17 15:36:13] [SEVERE ] removing card from slot 4
[2022-12-17 15:36:13] [SEVERE ] removing player 0 token from slot 3
[2022-12-17 15:36:14] [SEVERE ] removing card from slot 3
[2022-12-17 15:36:14] [SEVERE ] placing card 1 in slot 0
[2022-12-17 15:36:14] [SEVERE ] placing card 22 in slot 3
[2022-12-17 15:36:14] [SEVERE ] placing card 50 in slot 4
[2022-12-17 15:36:16] [SEVERE ] Key 81 was pressed by player 0
[2022-12-17 15:36:16] [SEVERE ] player 0 placing token on slot 0
[2022-12-17 15:36:16] [SEVERE ] Key 82 was pressed by player 0
[2022-12-17 15:36:16] [SEVERE ] player 0 placing token on slot 3
[2022-12-17 15:36:18] [SEVERE ] Key 82 was pressed by player 0
[2022-12-17 15:36:18] [SEVERE ] removing player 0 token from slot 3
[2022-12-17 15:36:19] [SEVERE ] Key 68 was pressed by player 0
[2022-12-17 15:36:19] [SEVERE ] player 0 placing token on slot 6
[2022-12-17 15:36:23] [SEVERE ] Key 68 was pressed by player 0
[2022-12-17 15:36:23] [SEVERE ] removing player 0 token from slot 6
[2022-12-17 15:36:23] [SEVERE ] Key 81 was pressed by player 0
[2022-12-17 15:36:23] [SEVERE ] removing player 0 token from slot 0
[2022-12-17 15:36:24] [SEVERE ] Key 81 was pressed by player 0
[2022-12-17 15:36:24] [SEVERE ] player 0 placing token on slot 0
[2022-12-17 15:36:26] [SEVERE ] Key 65 was pressed by player 0
[2022-12-17 15:36:26] [SEVERE ] player 0 placing token on slot 4
[2022-12-17 15:36:28] [SEVERE ] Key 65 was pressed by player 0
[2022-12-17 15:36:28] [SEVERE ] removing player 0 token from slot 4
[2022-12-17 15:36:29] [SEVERE ] Key 88 was pressed by player 0
[2022-12-17 15:36:29] [SEVERE ] player 0 placing token on slot 9
[2022-12-17 15:36:29] [SEVERE ] removing all tokens
[2022-12-17 15:36:29] [SEVERE ] removing tokens from slot 0
[2022-12-17 15:36:29] [SEVERE ] removing tokens from slot 1
[2022-12-17 15:36:29] [SEVERE ] removing tokens from slot 2
[2022-12-17 15:36:29] [SEVERE ] removing tokens from slot 3
[2022-12-17 15:36:29] [SEVERE ] removing tokens from slot 4
[2022-12-17 15:36:29] [SEVERE ] removing tokens from slot 5
[2022-12-17 15:36:29] [SEVERE ] removing tokens from slot 6
[2022-12-17 15:36:29] [SEVERE ] removing tokens from slot 7
[2022-12-17 15:36:29] [SEVERE ] removing tokens from slot 8
[2022-12-17 15:36:29] [SEVERE ] removing tokens from slot 9
[2022-12-17 15:36:29] [SEVERE ] removing tokens from slot 10
[2022-12-17 15:36:29] [SEVERE ] removing tokens from slot 11
[2022-12-17 15:36:29] [SEVERE ] removing card from slot 0
[2022-12-17 15:36:29] [SEVERE ] removing card from slot 1
[2022-12-17 15:36:29] [SEVERE ] removing card from slot 2
[2022-12-17 15:36:30] [SEVERE ] removing card from slot 3
[2022-12-17 15:36:30] [SEVERE ] removing card from slot 4
[2022-12-17 15:36:30] [SEVERE ] removing card from slot 5
[2022-12-17 15:36:30] [SEVERE ] removing card from slot 6
[2022-12-17 15:36:30] [SEVERE ] removing card from slot 7
[2022-12-17 15:36:30] [SEVERE ] removing card from slot 8
[2022-12-17 15:36:30] [SEVERE ] Key 88 was pressed by player 0
[2022-12-17 15:36:30] [SEVERE ] removing card from slot 9
[2022-12-17 15:36:30] [SEVERE ] removing card from slot 10
[2022-12-17 15:36:30] [SEVERE ] removing card from slot 11
[2022-12-17 15:36:30] [SEVERE ] Key 70 was pressed by player 0
[2022-12-17 15:36:30] [SEVERE ] placing card 11 in slot 0
[2022-12-17 15:36:31] [SEVERE ] placing card 3 in slot 1
[2022-12-17 15:36:31] [SEVERE ] placing card 35 in slot 2
[2022-12-17 15:36:31] [SEVERE ] placing card 50 in slot 3
[2022-12-17 15:36:31] [SEVERE ] placing card 47 in slot 4
[2022-12-17 15:36:31] [SEVERE ] placing card 8 in slot 5
[2022-12-17 15:36:31] [SEVERE ] placing card 68 in slot 6
[2022-12-17 15:36:31] [SEVERE ] placing card 0 in slot 7
[2022-12-17 15:36:31] [SEVERE ] placing card 69 in slot 8
[2022-12-17 15:36:31] [SEVERE ] placing card 14 in slot 9
[2022-12-17 15:36:32] [SEVERE ] placing card 39 in slot 10
[2022-12-17 15:36:32] [SEVERE ] placing card 24 in slot 11
[2022-12-17 15:36:32] [SEVERE ] player 0 placing token on slot 7
[2022-12-17 15:36:32] [SEVERE ] Key 70 was pressed by player 0
[2022-12-17 15:36:32] [SEVERE ] removing player 0 token from slot 7
[2022-12-17 15:36:32] [SEVERE ] Key 68 was pressed by player 0
[2022-12-17 15:36:32] [SEVERE ] player 0 placing token on slot 6
[2022-12-17 15:36:35] [SEVERE ] Key 68 was pressed by player 0
[2022-12-17 15:36:35] [SEVERE ] removing player 0 token from slot 6
