[2022-12-17 11:27:13] [INFO   ] cannot read configuration file config.properties trying from resources.
[2022-12-17 11:27:13] [INFO   ] configuration file was loaded from resources directory.
[2022-12-17 11:27:14] [INFO   ] Thread dealer starting.
[2022-12-17 11:27:14] [INFO   ] Thread Thread-1starting.
[2022-12-17 11:27:14] [INFO   ] Thread Thread-2starting.
[2022-12-17 11:27:15] [SEVERE ] placing card 64 in slot 0
[2022-12-17 11:27:15] [SEVERE ] placing card 43 in slot 1
[2022-12-17 11:27:15] [SEVERE ] placing card 12 in slot 2
[2022-12-17 11:27:15] [SEVERE ] placing card 26 in slot 3
[2022-12-17 11:27:15] [SEVERE ] placing card 47 in slot 4
[2022-12-17 11:27:15] [SEVERE ] placing card 18 in slot 5
[2022-12-17 11:27:15] [SEVERE ] placing card 27 in slot 6
[2022-12-17 11:27:15] [SEVERE ] placing card 36 in slot 7
[2022-12-17 11:27:15] [SEVERE ] placing card 4 in slot 8
[2022-12-17 11:27:16] [SEVERE ] placing card 3 in slot 9
[2022-12-17 11:27:16] [SEVERE ] placing card 49 in slot 10
[2022-12-17 11:27:16] [SEVERE ] placing card 78 in slot 11
[2022-12-17 11:27:18] [SEVERE ] Key 81 was pressed by player 0
[2022-12-17 11:27:18] [SEVERE ] player 0 placing token on slot 0
[2022-12-17 11:27:18] [SEVERE ] Key 87 was pressed by player 0
[2022-12-17 11:27:18] [SEVERE ] player 0 placing token on slot 1
[2022-12-17 11:27:18] [SEVERE ] Key 69 was pressed by player 0
[2022-12-17 11:27:18] [SEVERE ] player 0 placing token on slot 2
[2022-12-17 11:27:18] [SEVERE ] setting player 0 freeze to 3000
[2022-12-17 11:27:19] [SEVERE ] setting player 0 freeze to 2000
[2022-12-17 11:27:19] [SEVERE ] Key 69 was pressed by player 0
[2022-12-17 11:27:19] [SEVERE ] Key 87 was pressed by player 0
[2022-12-17 11:27:20] [SEVERE ] setting player 0 freeze to 1000
[2022-12-17 11:27:21] [SEVERE ] setting player 0 freeze to 0
[2022-12-17 11:27:21] [SEVERE ] Key 69 was pressed by player 0
[2022-12-17 11:27:21] [SEVERE ] removing player 0 token from slot 2
[2022-12-17 11:27:21] [SEVERE ] Key 87 was pressed by player 0
[2022-12-17 11:27:21] [SEVERE ] removing player 0 token from slot 1
[2022-12-17 11:27:21] [SEVERE ] Key 81 was pressed by player 0
[2022-12-17 11:27:21] [SEVERE ] removing player 0 token from slot 0
[2022-12-17 11:27:24] [SEVERE ] Key 65 was pressed by player 0
[2022-12-17 11:27:24] [SEVERE ] player 0 placing token on slot 4
[2022-12-17 11:27:25] [SEVERE ] Key 65 was pressed by player 0
[2022-12-17 11:27:25] [SEVERE ] removing player 0 token from slot 4
[2022-12-17 11:27:28] [SEVERE ] Key 83 was pressed by player 0
[2022-12-17 11:27:28] [SEVERE ] player 0 placing token on slot 5
[2022-12-17 11:27:31] [SEVERE ] Key 83 was pressed by player 0
[2022-12-17 11:27:31] [SEVERE ] removing player 0 token from slot 5
[2022-12-17 11:27:34] [SEVERE ] Key 68 was pressed by player 0
[2022-12-17 11:27:34] [SEVERE ] player 0 placing token on slot 6
[2022-12-17 11:27:35] [SEVERE ] Key 68 was pressed by player 0
[2022-12-17 11:27:35] [SEVERE ] removing player 0 token from slot 6
[2022-12-17 11:27:36] [SEVERE ] Key 82 was pressed by player 0
[2022-12-17 11:27:36] [SEVERE ] player 0 placing token on slot 3
[2022-12-17 11:27:38] [SEVERE ] Key 69 was pressed by player 0
[2022-12-17 11:27:38] [SEVERE ] player 0 placing token on slot 2
[2022-12-17 11:27:39] [SEVERE ] Key 69 was pressed by player 0
[2022-12-17 11:27:39] [SEVERE ] removing player 0 token from slot 2
[2022-12-17 11:27:41] [SEVERE ] Key 69 was pressed by player 0
[2022-12-17 11:27:41] [SEVERE ] player 0 placing token on slot 2
[2022-12-17 11:27:41] [SEVERE ] Key 69 was pressed by player 0
[2022-12-17 11:27:41] [SEVERE ] removing player 0 token from slot 2
[2022-12-17 11:27:42] [SEVERE ] Key 82 was pressed by player 0
[2022-12-17 11:27:42] [SEVERE ] removing player 0 token from slot 3
[2022-12-17 11:27:52] [SEVERE ] Key 69 was pressed by player 0
[2022-12-17 11:27:52] [SEVERE ] player 0 placing token on slot 2
[2022-12-17 11:27:52] [SEVERE ] Key 82 was pressed by player 0
[2022-12-17 11:27:52] [SEVERE ] player 0 placing token on slot 3
[2022-12-17 11:27:52] [SEVERE ] Key 69 was pressed by player 0
[2022-12-17 11:27:52] [SEVERE ] removing player 0 token from slot 2
[2022-12-17 11:27:53] [SEVERE ] Key 69 was pressed by player 0
[2022-12-17 11:27:53] [SEVERE ] player 0 placing token on slot 2
[2022-12-17 11:27:54] [SEVERE ] Key 82 was pressed by player 0
[2022-12-17 11:27:54] [SEVERE ] removing player 0 token from slot 3
[2022-12-17 11:27:54] [SEVERE ] Key 69 was pressed by player 0
[2022-12-17 11:27:54] [SEVERE ] removing player 0 token from slot 2
[2022-12-17 11:27:54] [SEVERE ] Key 82 was pressed by player 0
[2022-12-17 11:27:54] [SEVERE ] player 0 placing token on slot 3
[2022-12-17 11:27:55] [SEVERE ] Key 69 was pressed by player 0
[2022-12-17 11:27:55] [SEVERE ] player 0 placing token on slot 2
[2022-12-17 11:27:55] [SEVERE ] Key 87 was pressed by player 0
[2022-12-17 11:27:55] [SEVERE ] player 0 placing token on slot 1
[2022-12-17 11:27:55] [SEVERE ] setting player 0 freeze to 3000
[2022-12-17 11:27:56] [SEVERE ] setting player 0 freeze to 2000
[2022-12-17 11:27:56] [SEVERE ] Key 83 was pressed by player 0
[2022-12-17 11:27:57] [SEVERE ] Key 83 was pressed by player 0
[2022-12-17 11:27:57] [SEVERE ] setting player 0 freeze to 1000
[2022-12-17 11:27:57] [SEVERE ] Key 83 was pressed by player 0
[2022-12-17 11:27:58] [SEVERE ] Key 83 was pressed by player 0
[2022-12-17 11:27:58] [SEVERE ] setting player 0 freeze to 0
[2022-12-17 11:27:58] [SEVERE ] Key 83 was pressed by player 0
[2022-12-17 11:27:59] [SEVERE ] Key 83 was pressed by player 0
[2022-12-17 11:28:00] [SEVERE ] Key 83 was pressed by player 0
[2022-12-17 11:28:00] [SEVERE ] Key 87 was pressed by player 0
[2022-12-17 11:28:00] [SEVERE ] removing player 0 token from slot 1
[2022-12-17 11:28:01] [SEVERE ] Key 83 was pressed by player 0
[2022-12-17 11:28:01] [SEVERE ] player 0 placing token on slot 5
[2022-12-17 11:28:01] [SEVERE ] setting player 0 freeze to 3000
[2022-12-17 11:28:01] [SEVERE ] setting player 0 freeze to 2000
[2022-12-17 11:28:02] [SEVERE ] setting player 0 freeze to 1000
[2022-12-17 11:28:02] [SEVERE ] Key 83 was pressed by player 0
[2022-12-17 11:28:03] [SEVERE ] setting player 0 freeze to 0
[2022-12-17 11:28:03] [SEVERE ] Key 83 was pressed by player 0
[2022-12-17 11:28:03] [SEVERE ] removing player 0 token from slot 5
[2022-12-17 11:28:04] [SEVERE ] Key 69 was pressed by player 0
[2022-12-17 11:28:04] [SEVERE ] removing player 0 token from slot 2
[2022-12-17 11:28:04] [SEVERE ] Key 82 was pressed by player 0
[2022-12-17 11:28:04] [SEVERE ] removing player 0 token from slot 3
[2022-12-17 11:28:08] [SEVERE ] Key 68 was pressed by player 0
[2022-12-17 11:28:08] [SEVERE ] player 0 placing token on slot 6
[2022-12-17 11:28:11] [SEVERE ] Key 83 was pressed by player 0
[2022-12-17 11:28:11] [SEVERE ] player 0 placing token on slot 5
[2022-12-17 11:28:12] [SEVERE ] Key 65 was pressed by player 0
[2022-12-17 11:28:12] [SEVERE ] player 0 placing token on slot 4
[2022-12-17 11:28:12] [SEVERE ] setting player 0 freeze to 3000
[2022-12-17 11:28:13] [SEVERE ] setting player 0 freeze to 2000
[2022-12-17 11:28:14] [SEVERE ] setting player 0 freeze to 1000
[2022-12-17 11:28:14] [SEVERE ] Key 65 was pressed by player 0
[2022-12-17 11:28:15] [SEVERE ] setting player 0 freeze to 0
[2022-12-17 11:28:15] [SEVERE ] Key 65 was pressed by player 0
[2022-12-17 11:28:15] [SEVERE ] removing player 0 token from slot 4
[2022-12-17 11:28:16] [SEVERE ] Key 81 was pressed by player 0
[2022-12-17 11:28:16] [SEVERE ] player 0 placing token on slot 0
[2022-12-17 11:28:16] [SEVERE ] setting player 0 freeze to 3000
[2022-12-17 11:28:16] [SEVERE ] setting player 0 freeze to 2000
[2022-12-17 11:28:16] [SEVERE ] removing all tokens
[2022-12-17 11:28:16] [SEVERE ] removing tokens from slot 0
[2022-12-17 11:28:16] [SEVERE ] removing tokens from slot 1
[2022-12-17 11:28:16] [SEVERE ] removing tokens from slot 2
[2022-12-17 11:28:16] [SEVERE ] removing tokens from slot 3
[2022-12-17 11:28:16] [SEVERE ] removing tokens from slot 4
[2022-12-17 11:28:16] [SEVERE ] removing tokens from slot 5
[2022-12-17 11:28:16] [SEVERE ] removing tokens from slot 6
[2022-12-17 11:28:16] [SEVERE ] removing tokens from slot 7
[2022-12-17 11:28:16] [SEVERE ] removing tokens from slot 8
[2022-12-17 11:28:16] [SEVERE ] removing tokens from slot 9
[2022-12-17 11:28:16] [SEVERE ] removing tokens from slot 10
[2022-12-17 11:28:16] [SEVERE ] removing tokens from slot 11
[2022-12-17 11:28:16] [SEVERE ] removing card from slot 0
[2022-12-17 11:28:16] [SEVERE ] removing card from slot 1
[2022-12-17 11:28:16] [SEVERE ] removing card from slot 2
[2022-12-17 11:28:16] [SEVERE ] removing card from slot 3
[2022-12-17 11:28:16] [SEVERE ] removing card from slot 4
[2022-12-17 11:28:17] [SEVERE ] removing card from slot 5
[2022-12-17 11:28:17] [SEVERE ] removing card from slot 6
[2022-12-17 11:28:17] [SEVERE ] removing card from slot 7
[2022-12-17 11:28:17] [SEVERE ] removing card from slot 8
[2022-12-17 11:28:17] [SEVERE ] removing card from slot 9
[2022-12-17 11:28:17] [SEVERE ] removing card from slot 10
[2022-12-17 11:28:17] [SEVERE ] removing card from slot 11
[2022-12-17 11:28:17] [SEVERE ] placing card 60 in slot 0
[2022-12-17 11:28:17] [SEVERE ] placing card 75 in slot 1
[2022-12-17 11:28:17] [SEVERE ] placing card 7 in slot 2
[2022-12-17 11:28:18] [SEVERE ] placing card 10 in slot 3
[2022-12-17 11:28:18] [SEVERE ] placing card 29 in slot 4
[2022-12-17 11:28:18] [SEVERE ] placing card 9 in slot 5
[2022-12-17 11:28:18] [SEVERE ] placing card 73 in slot 6
[2022-12-17 11:28:18] [SEVERE ] placing card 37 in slot 7
[2022-12-17 11:28:18] [SEVERE ] placing card 41 in slot 8
[2022-12-17 11:28:18] [SEVERE ] placing card 8 in slot 9
[2022-12-17 11:28:18] [SEVERE ] placing card 39 in slot 10
[2022-12-17 11:28:18] [SEVERE ] placing card 4 in slot 11
[2022-12-17 11:28:19] [SEVERE ] setting player 0 freeze to 1000
[2022-12-17 11:28:20] [SEVERE ] setting player 0 freeze to 0
[2022-12-17 11:28:23] [SEVERE ] Key 81 was pressed by player 0
[2022-12-17 11:28:23] [SEVERE ] player 0 placing token on slot 0
[2022-12-17 11:28:24] [SEVERE ] Key 81 was pressed by player 0
[2022-12-17 11:28:24] [SEVERE ] removing player 0 token from slot 0
[2022-12-17 11:28:26] [SEVERE ] Key 69 was pressed by player 0
[2022-12-17 11:28:26] [SEVERE ] player 0 placing token on slot 2
[2022-12-17 11:28:28] [SEVERE ] Key 87 was pressed by player 0
[2022-12-17 11:28:28] [SEVERE ] player 0 placing token on slot 1
[2022-12-17 11:28:29] [SEVERE ] Key 87 was pressed by player 0
[2022-12-17 11:28:29] [SEVERE ] removing player 0 token from slot 1
[2022-12-17 11:28:29] [SEVERE ] Key 69 was pressed by player 0
[2022-12-17 11:28:29] [SEVERE ] removing player 0 token from slot 2
[2022-12-17 11:28:33] [SEVERE ] Key 87 was pressed by player 0
[2022-12-17 11:28:33] [SEVERE ] player 0 placing token on slot 1
[2022-12-17 11:28:35] [SEVERE ] Key 68 was pressed by player 0
[2022-12-17 11:28:35] [SEVERE ] player 0 placing token on slot 6
[2022-12-17 11:28:36] [SEVERE ] Key 68 was pressed by player 0
[2022-12-17 11:28:36] [SEVERE ] removing player 0 token from slot 6
[2022-12-17 11:28:36] [SEVERE ] Key 70 was pressed by player 0
[2022-12-17 11:28:36] [SEVERE ] player 0 placing token on slot 7
[2022-12-17 11:28:38] [SEVERE ] Key 83 was pressed by player 0
[2022-12-17 11:28:38] [SEVERE ] player 0 placing token on slot 5
[2022-12-17 11:28:38] [SEVERE ] setting player 0 freeze to 3000
[2022-12-17 11:28:38] [SEVERE ] setting player 0 freeze to 2000
[2022-12-17 11:28:39] [SEVERE ] setting player 0 freeze to 1000
[2022-12-17 11:28:40] [SEVERE ] setting player 0 freeze to 0
[2022-12-17 11:28:41] [SEVERE ] Key 83 was pressed by player 0
[2022-12-17 11:28:41] [SEVERE ] removing player 0 token from slot 5
[2022-12-17 11:28:41] [SEVERE ] Key 90 was pressed by player 0
[2022-12-17 11:28:41] [SEVERE ] player 0 placing token on slot 8
[2022-12-17 11:28:41] [SEVERE ] setting player 0 freeze to 3000
[2022-12-17 11:28:41] [SEVERE ] setting player 0 freeze to 2000
[2022-12-17 11:28:42] [SEVERE ] setting player 0 freeze to 1000
[2022-12-17 11:28:43] [SEVERE ] setting player 0 freeze to 0
[2022-12-17 11:28:44] [SEVERE ] Key 90 was pressed by player 0
[2022-12-17 11:28:44] [SEVERE ] removing player 0 token from slot 8
[2022-12-17 11:28:44] [SEVERE ] Key 88 was pressed by player 0
[2022-12-17 11:28:44] [SEVERE ] player 0 placing token on slot 9
[2022-12-17 11:28:44] [SEVERE ] setting player 0 score to 1
[2022-12-17 11:28:44] [SEVERE ] setting player 0 freeze to 1000
[2022-12-17 11:28:44] [SEVERE ] setting player 0 freeze to 0
[2022-12-17 11:28:44] [INFO   ] Thread main terminated.
