[2022-12-15 08:17:21] [INFO   ] cannot read configuration file config.properties trying from resources.
[2022-12-15 08:17:21] [INFO   ] configuration file was loaded from resources directory.
[2022-12-15 08:17:22] [INFO   ] Thread dealer starting.
[2022-12-15 08:17:22] [SEVERE ] placing card 48 in slot 0
[2022-12-15 08:17:22] [SEVERE ] placing card 14 in slot 1
[2022-12-15 08:17:23] [SEVERE ] placing card 54 in slot 2
[2022-12-15 08:17:23] [SEVERE ] placing card 3 in slot 3
[2022-12-15 08:17:23] [SEVERE ] placing card 40 in slot 4
[2022-12-15 08:17:23] [SEVERE ] placing card 13 in slot 5
[2022-12-15 08:17:23] [SEVERE ] placing card 38 in slot 6
[2022-12-15 08:17:23] [SEVERE ] placing card 33 in slot 7
[2022-12-15 08:17:23] [SEVERE ] placing card 15 in slot 8
[2022-12-15 08:17:23] [SEVERE ] placing card 30 in slot 9
[2022-12-15 08:17:23] [SEVERE ] placing card 64 in slot 10
[2022-12-15 08:17:23] [SEVERE ] placing card 28 in slot 11
[2022-12-15 08:17:23] [SEVERE ] removing card from slot 0
[2022-12-15 08:17:23] [SEVERE ] removing card from slot 1
[2022-12-15 08:17:23] [SEVERE ] removing card from slot 2
[2022-12-15 08:17:24] [SEVERE ] placing card 65 in slot 0
[2022-12-15 08:17:24] [SEVERE ] placing card 2 in slot 1
[2022-12-15 08:17:24] [SEVERE ] placing card 34 in slot 2
[2022-12-15 08:17:24] [SEVERE ] removing card from slot 0
[2022-12-15 08:17:24] [SEVERE ] removing card from slot 1
[2022-12-15 08:17:24] [SEVERE ] removing card from slot 2
[2022-12-15 08:17:24] [SEVERE ] placing card 51 in slot 0
[2022-12-15 08:17:24] [SEVERE ] placing card 57 in slot 1
[2022-12-15 08:17:24] [SEVERE ] placing card 76 in slot 2
[2022-12-15 08:17:24] [SEVERE ] removing card from slot 0
[2022-12-15 08:17:24] [SEVERE ] removing card from slot 1
[2022-12-15 08:17:24] [SEVERE ] removing card from slot 2
[2022-12-15 08:17:24] [SEVERE ] placing card 65 in slot 0
[2022-12-15 08:17:24] [SEVERE ] placing card 70 in slot 1
[2022-12-15 08:17:24] [SEVERE ] placing card 68 in slot 2
[2022-12-15 08:17:24] [SEVERE ] removing card from slot 0
[2022-12-15 08:17:24] [SEVERE ] removing card from slot 1
[2022-12-15 08:17:24] [SEVERE ] removing card from slot 2
[2022-12-15 08:17:25] [SEVERE ] placing card 16 in slot 0
[2022-12-15 08:17:25] [SEVERE ] placing card 5 in slot 1
[2022-12-15 08:17:25] [SEVERE ] placing card 75 in slot 2
[2022-12-15 08:17:25] [SEVERE ] removing card from slot 0
[2022-12-15 08:17:25] [SEVERE ] removing card from slot 1
[2022-12-15 08:17:25] [SEVERE ] removing card from slot 2
[2022-12-15 08:17:25] [SEVERE ] placing card 78 in slot 0
[2022-12-15 08:17:25] [SEVERE ] placing card 67 in slot 1
[2022-12-15 08:17:25] [SEVERE ] placing card 62 in slot 2
[2022-12-15 08:17:25] [SEVERE ] removing card from slot 0
[2022-12-15 08:17:25] [SEVERE ] removing card from slot 1
[2022-12-15 08:17:25] [SEVERE ] removing card from slot 2
[2022-12-15 08:17:25] [SEVERE ] placing card 19 in slot 0
[2022-12-15 08:17:25] [SEVERE ] placing card 44 in slot 1
[2022-12-15 08:17:25] [SEVERE ] placing card 49 in slot 2
[2022-12-15 08:17:25] [SEVERE ] removing card from slot 0
[2022-12-15 08:17:25] [SEVERE ] removing card from slot 1
[2022-12-15 08:17:25] [SEVERE ] removing card from slot 2
[2022-12-15 08:17:26] [SEVERE ] placing card 18 in slot 0
[2022-12-15 08:17:26] [SEVERE ] placing card 39 in slot 1
[2022-12-15 08:17:26] [SEVERE ] placing card 57 in slot 2
[2022-12-15 08:17:26] [SEVERE ] removing card from slot 0
[2022-12-15 08:17:26] [SEVERE ] removing card from slot 1
[2022-12-15 08:17:26] [SEVERE ] removing card from slot 2
[2022-12-15 08:17:26] [SEVERE ] placing card 16 in slot 0
[2022-12-15 08:17:26] [SEVERE ] placing card 5 in slot 1
[2022-12-15 08:17:26] [SEVERE ] placing card 52 in slot 2
[2022-12-15 08:17:26] [SEVERE ] removing card from slot 0
[2022-12-15 08:17:26] [SEVERE ] removing card from slot 1
[2022-12-15 08:17:26] [SEVERE ] removing card from slot 2
[2022-12-15 08:17:26] [SEVERE ] placing card 16 in slot 0
[2022-12-15 08:17:26] [SEVERE ] placing card 12 in slot 1
[2022-12-15 08:17:26] [SEVERE ] placing card 42 in slot 2
[2022-12-15 08:17:26] [SEVERE ] removing card from slot 0
[2022-12-15 08:17:26] [SEVERE ] removing card from slot 1
[2022-12-15 08:17:26] [SEVERE ] removing card from slot 2
[2022-12-15 08:17:26] [SEVERE ] placing card 17 in slot 0
[2022-12-15 08:17:27] [SEVERE ] placing card 26 in slot 1
[2022-12-15 08:17:27] [SEVERE ] placing card 61 in slot 2
[2022-12-15 08:17:27] [SEVERE ] removing card from slot 0
[2022-12-15 08:17:27] [SEVERE ] removing card from slot 1
[2022-12-15 08:17:27] [SEVERE ] removing card from slot 2
[2022-12-15 08:17:27] [SEVERE ] placing card 25 in slot 0
[2022-12-15 08:17:27] [SEVERE ] placing card 35 in slot 1
[2022-12-15 08:17:27] [SEVERE ] placing card 56 in slot 2
[2022-12-15 08:17:27] [SEVERE ] removing card from slot 0
[2022-12-15 08:17:27] [SEVERE ] removing card from slot 1
[2022-12-15 08:17:27] [SEVERE ] removing card from slot 2
[2022-12-15 08:17:27] [SEVERE ] placing card 48 in slot 0
[2022-12-15 08:17:27] [SEVERE ] placing card 78 in slot 1
[2022-12-15 08:17:27] [SEVERE ] placing card 71 in slot 2
[2022-12-15 08:17:27] [SEVERE ] removing card from slot 0
[2022-12-15 08:17:27] [SEVERE ] removing card from slot 1
[2022-12-15 08:17:27] [SEVERE ] removing card from slot 2
[2022-12-15 08:17:27] [SEVERE ] placing card 70 in slot 0
[2022-12-15 08:17:28] [SEVERE ] placing card 6 in slot 1
[2022-12-15 08:17:28] [SEVERE ] Exit button pressed
[2022-12-15 08:17:28] [SEVERE ] placing card 4 in slot 2
[2022-12-15 08:17:28] [SEVERE ] removing card from slot 0
[2022-12-15 08:17:28] [SEVERE ] removing card from slot 1
[2022-12-15 08:17:28] [SEVERE ] removing card from slot 2
[2022-12-15 08:17:28] [SEVERE ] placing card 18 in slot 0
[2022-12-15 08:17:28] [SEVERE ] placing card 26 in slot 1
[2022-12-15 08:17:28] [SEVERE ] placing card 16 in slot 2
[2022-12-15 08:17:28] [SEVERE ] removing card from slot 0
[2022-12-15 08:17:28] [SEVERE ] removing card from slot 1
[2022-12-15 08:17:28] [SEVERE ] removing card from slot 2
[2022-12-15 08:17:28] [SEVERE ] placing card 7 in slot 0
[2022-12-15 08:17:28] [SEVERE ] placing card 61 in slot 1
[2022-12-15 08:17:28] [SEVERE ] placing card 8 in slot 2
[2022-12-15 08:17:28] [SEVERE ] removing card from slot 0
[2022-12-15 08:17:28] [SEVERE ] removing card from slot 1
[2022-12-15 08:17:28] [SEVERE ] removing card from slot 2
[2022-12-15 08:17:28] [SEVERE ] placing card 59 in slot 0
[2022-12-15 08:17:28] [SEVERE ] placing card 46 in slot 1
[2022-12-15 08:17:29] [SEVERE ] placing card 9 in slot 2
[2022-12-15 08:17:29] [SEVERE ] removing card from slot 0
[2022-12-15 08:17:29] [SEVERE ] removing card from slot 1
[2022-12-15 08:17:29] [SEVERE ] removing card from slot 2
[2022-12-15 08:17:29] [SEVERE ] placing card 10 in slot 0
[2022-12-15 08:17:29] [SEVERE ] placing card 72 in slot 1
[2022-12-15 08:17:29] [SEVERE ] placing card 22 in slot 2
[2022-12-15 08:17:29] [SEVERE ] removing card from slot 0
[2022-12-15 08:17:29] [SEVERE ] removing card from slot 1
[2022-12-15 08:17:29] [SEVERE ] removing card from slot 2
[2022-12-15 08:17:29] [SEVERE ] placing card 66 in slot 0
[2022-12-15 08:17:29] [SEVERE ] placing card 60 in slot 1
[2022-12-15 08:17:29] [SEVERE ] placing card 76 in slot 2
[2022-12-15 08:17:29] [SEVERE ] removing card from slot 0
[2022-12-15 08:17:29] [SEVERE ] removing card from slot 1
[2022-12-15 08:17:29] [SEVERE ] removing card from slot 2
[2022-12-15 08:17:29] [SEVERE ] placing card 60 in slot 0
[2022-12-15 08:17:29] [SEVERE ] placing card 66 in slot 1
[2022-12-15 08:17:30] [SEVERE ] placing card 52 in slot 2
[2022-12-15 08:17:30] [SEVERE ] removing card from slot 0
[2022-12-15 08:17:30] [SEVERE ] removing card from slot 1
[2022-12-15 08:17:30] [SEVERE ] removing card from slot 2
[2022-12-15 08:17:30] [SEVERE ] placing card 19 in slot 0
[2022-12-15 08:17:30] [SEVERE ] placing card 50 in slot 1
[2022-12-15 08:17:30] [SEVERE ] placing card 66 in slot 2
[2022-12-15 08:17:30] [SEVERE ] removing card from slot 0
[2022-12-15 08:17:30] [SEVERE ] removing card from slot 1
[2022-12-15 08:17:30] [SEVERE ] removing card from slot 2
[2022-12-15 08:17:30] [SEVERE ] placing card 52 in slot 0
[2022-12-15 08:17:30] [SEVERE ] placing card 8 in slot 1
[2022-12-15 08:17:30] [SEVERE ] placing card 44 in slot 2
[2022-12-15 08:17:30] [SEVERE ] removing card from slot 0
[2022-12-15 08:17:30] [SEVERE ] removing card from slot 1
[2022-12-15 08:17:30] [SEVERE ] removing card from slot 2
[2022-12-15 08:17:30] [SEVERE ] placing card 22 in slot 0
[2022-12-15 08:17:30] [SEVERE ] placing card 8 in slot 1
[2022-12-15 08:17:30] [SEVERE ] placing card 45 in slot 2
[2022-12-15 08:17:30] [SEVERE ] removing card from slot 0
[2022-12-15 08:17:30] [SEVERE ] removing card from slot 1
[2022-12-15 08:17:30] [SEVERE ] removing card from slot 2
[2022-12-15 08:17:31] [SEVERE ] placing card 43 in slot 0
[2022-12-15 08:17:31] [SEVERE ] placing card 78 in slot 1
[2022-12-15 08:17:31] [SEVERE ] placing card 80 in slot 2
[2022-12-15 08:17:31] [SEVERE ] removing card from slot 0
[2022-12-15 08:17:31] [SEVERE ] removing card from slot 1
[2022-12-15 08:17:31] [SEVERE ] removing card from slot 2
[2022-12-15 08:17:31] [SEVERE ] placing card 23 in slot 0
[2022-12-15 08:17:31] [SEVERE ] placing card 6 in slot 1
[2022-12-15 08:17:31] [SEVERE ] placing card 9 in slot 2
[2022-12-15 08:17:31] [SEVERE ] removing card from slot 0
[2022-12-15 08:17:31] [SEVERE ] removing card from slot 1
[2022-12-15 08:17:31] [SEVERE ] removing card from slot 2
[2022-12-15 08:17:31] [SEVERE ] placing card 50 in slot 0
[2022-12-15 08:17:31] [SEVERE ] placing card 2 in slot 1
[2022-12-15 08:17:31] [SEVERE ] placing card 1 in slot 2
[2022-12-15 08:17:31] [SEVERE ] removing card from slot 0
[2022-12-15 08:17:31] [SEVERE ] removing card from slot 1
[2022-12-15 08:17:31] [SEVERE ] removing card from slot 2
[2022-12-15 08:17:32] [SEVERE ] placing card 14 in slot 0
[2022-12-15 08:17:32] [SEVERE ] placing card 29 in slot 1
[2022-12-15 08:17:32] [SEVERE ] placing card 52 in slot 2
[2022-12-15 08:17:32] [SEVERE ] removing card from slot 0
[2022-12-15 08:17:32] [SEVERE ] removing card from slot 1
[2022-12-15 08:17:32] [SEVERE ] removing card from slot 2
[2022-12-15 08:17:32] [SEVERE ] placing card 2 in slot 0
[2022-12-15 08:17:32] [SEVERE ] placing card 9 in slot 1
[2022-12-15 08:17:32] [SEVERE ] placing card 31 in slot 2
[2022-12-15 08:17:32] [SEVERE ] removing card from slot 0
[2022-12-15 08:17:32] [SEVERE ] removing card from slot 1
[2022-12-15 08:17:32] [SEVERE ] removing card from slot 2
[2022-12-15 08:17:32] [SEVERE ] placing card 34 in slot 0
[2022-12-15 08:17:32] [SEVERE ] placing card 45 in slot 1
[2022-12-15 08:17:32] [SEVERE ] placing card 49 in slot 2
[2022-12-15 08:17:32] [SEVERE ] removing card from slot 0
[2022-12-15 08:17:32] [SEVERE ] removing card from slot 1
[2022-12-15 08:17:32] [SEVERE ] removing card from slot 2
[2022-12-15 08:17:32] [SEVERE ] placing card 4 in slot 0
[2022-12-15 08:17:33] [SEVERE ] placing card 5 in slot 1
[2022-12-15 08:17:33] [SEVERE ] placing card 12 in slot 2
[2022-12-15 08:17:33] [SEVERE ] removing card from slot 0
[2022-12-15 08:17:33] [SEVERE ] removing card from slot 1
[2022-12-15 08:17:33] [SEVERE ] removing card from slot 2
[2022-12-15 08:17:33] [SEVERE ] placing card 35 in slot 0
[2022-12-15 08:17:33] [SEVERE ] placing card 11 in slot 1
[2022-12-15 08:17:33] [SEVERE ] placing card 34 in slot 2
[2022-12-15 08:17:33] [SEVERE ] removing card from slot 0
[2022-12-15 08:17:33] [SEVERE ] removing card from slot 1
[2022-12-15 08:17:33] [SEVERE ] removing card from slot 2
[2022-12-15 08:17:33] [SEVERE ] placing card 63 in slot 0
[2022-12-15 08:17:33] [SEVERE ] placing card 74 in slot 1
[2022-12-15 08:17:33] [SEVERE ] placing card 37 in slot 2
[2022-12-15 08:17:33] [SEVERE ] removing card from slot 0
[2022-12-15 08:17:33] [SEVERE ] removing card from slot 1
[2022-12-15 08:17:33] [SEVERE ] removing card from slot 2
[2022-12-15 08:17:33] [SEVERE ] placing card 5 in slot 0
[2022-12-15 08:17:34] [SEVERE ] placing card 69 in slot 1
[2022-12-15 08:17:34] [SEVERE ] placing card 18 in slot 2
[2022-12-15 08:17:34] [SEVERE ] removing card from slot 0
[2022-12-15 08:17:34] [SEVERE ] removing card from slot 1
[2022-12-15 08:17:34] [SEVERE ] removing card from slot 2
[2022-12-15 08:17:34] [SEVERE ] placing card 18 in slot 0
[2022-12-15 08:17:34] [SEVERE ] placing card 2 in slot 1
[2022-12-15 08:17:34] [SEVERE ] placing card 77 in slot 2
[2022-12-15 08:17:34] [SEVERE ] removing card from slot 0
[2022-12-15 08:17:34] [SEVERE ] removing card from slot 1
[2022-12-15 08:17:34] [SEVERE ] removing card from slot 2
[2022-12-15 08:17:34] [SEVERE ] placing card 36 in slot 0
[2022-12-15 08:17:34] [SEVERE ] placing card 2 in slot 1
[2022-12-15 08:17:34] [SEVERE ] placing card 20 in slot 2
[2022-12-15 08:17:34] [SEVERE ] removing card from slot 0
[2022-12-15 08:17:34] [SEVERE ] removing card from slot 1
[2022-12-15 08:17:34] [SEVERE ] removing card from slot 2
[2022-12-15 08:17:34] [SEVERE ] placing card 77 in slot 0
[2022-12-15 08:17:34] [SEVERE ] placing card 23 in slot 1
[2022-12-15 08:17:35] [SEVERE ] placing card 71 in slot 2
[2022-12-15 08:17:35] [SEVERE ] removing card from slot 0
[2022-12-15 08:17:35] [SEVERE ] removing card from slot 1
[2022-12-15 08:17:35] [SEVERE ] removing card from slot 2
[2022-12-15 08:17:35] [SEVERE ] placing card 20 in slot 0
[2022-12-15 08:17:35] [SEVERE ] placing card 22 in slot 1
[2022-12-15 08:17:35] [SEVERE ] placing card 45 in slot 2
[2022-12-15 08:17:35] [SEVERE ] removing card from slot 0
[2022-12-15 08:17:35] [SEVERE ] removing card from slot 1
[2022-12-15 08:17:35] [SEVERE ] removing card from slot 2
[2022-12-15 08:17:35] [SEVERE ] placing card 54 in slot 0
[2022-12-15 08:17:35] [SEVERE ] placing card 59 in slot 1
[2022-12-15 08:17:35] [SEVERE ] placing card 42 in slot 2
[2022-12-15 08:17:35] [SEVERE ] removing card from slot 0
[2022-12-15 08:17:35] [SEVERE ] removing card from slot 1
[2022-12-15 08:17:35] [SEVERE ] removing card from slot 2
[2022-12-15 08:17:35] [SEVERE ] placing card 39 in slot 0
[2022-12-15 08:17:35] [SEVERE ] placing card 14 in slot 1
[2022-12-15 08:17:35] [SEVERE ] placing card 63 in slot 2
[2022-12-15 08:17:35] [SEVERE ] removing card from slot 0
[2022-12-15 08:17:35] [SEVERE ] removing card from slot 1
[2022-12-15 08:17:35] [SEVERE ] removing card from slot 2
[2022-12-15 08:17:36] [SEVERE ] placing card 68 in slot 0
[2022-12-15 08:17:36] [SEVERE ] placing card 27 in slot 1
[2022-12-15 08:17:36] [SEVERE ] placing card 19 in slot 2
[2022-12-15 08:17:36] [SEVERE ] removing card from slot 0
[2022-12-15 08:17:36] [SEVERE ] removing card from slot 1
[2022-12-15 08:17:36] [SEVERE ] removing card from slot 2
[2022-12-15 08:17:36] [SEVERE ] placing card 49 in slot 0
[2022-12-15 08:17:36] [SEVERE ] placing card 24 in slot 1
[2022-12-15 08:17:36] [SEVERE ] placing card 66 in slot 2
[2022-12-15 08:17:36] [SEVERE ] removing card from slot 0
[2022-12-15 08:17:36] [SEVERE ] removing card from slot 1
[2022-12-15 08:17:36] [SEVERE ] removing card from slot 2
[2022-12-15 08:17:36] [SEVERE ] placing card 26 in slot 0
[2022-12-15 08:17:36] [SEVERE ] placing card 79 in slot 1
[2022-12-15 08:17:36] [SEVERE ] placing card 7 in slot 2
[2022-12-15 08:17:36] [SEVERE ] removing card from slot 0
[2022-12-15 08:17:36] [SEVERE ] removing card from slot 1
[2022-12-15 08:17:36] [SEVERE ] removing card from slot 2
[2022-12-15 08:17:37] [SEVERE ] placing card 62 in slot 0
[2022-12-15 08:17:37] [SEVERE ] placing card 19 in slot 1
[2022-12-15 08:17:37] [SEVERE ] placing card 52 in slot 2
[2022-12-15 08:17:37] [SEVERE ] removing card from slot 0
[2022-12-15 08:17:37] [SEVERE ] removing card from slot 1
[2022-12-15 08:17:37] [SEVERE ] removing card from slot 2
[2022-12-15 08:17:37] [SEVERE ] placing card 29 in slot 0
[2022-12-15 08:17:37] [SEVERE ] placing card 74 in slot 1
[2022-12-15 08:17:37] [SEVERE ] placing card 48 in slot 2
[2022-12-15 08:17:37] [SEVERE ] removing card from slot 0
[2022-12-15 08:17:37] [SEVERE ] removing card from slot 1
[2022-12-15 08:17:37] [SEVERE ] removing card from slot 2
[2022-12-15 08:17:37] [SEVERE ] placing card 70 in slot 0
[2022-12-15 08:17:37] [SEVERE ] placing card 46 in slot 1
[2022-12-15 08:17:37] [SEVERE ] placing card 4 in slot 2
[2022-12-15 08:17:37] [SEVERE ] removing card from slot 0
[2022-12-15 08:17:37] [SEVERE ] removing card from slot 1
[2022-12-15 08:17:37] [SEVERE ] removing card from slot 2
[2022-12-15 08:17:37] [SEVERE ] placing card 31 in slot 0
[2022-12-15 08:17:38] [SEVERE ] placing card 37 in slot 1
[2022-12-15 08:17:38] [SEVERE ] placing card 17 in slot 2
[2022-12-15 08:17:38] [SEVERE ] removing card from slot 0
[2022-12-15 08:17:38] [SEVERE ] removing card from slot 1
[2022-12-15 08:17:38] [SEVERE ] removing card from slot 2
[2022-12-15 08:17:38] [SEVERE ] placing card 32 in slot 0
[2022-12-15 08:17:38] [SEVERE ] placing card 23 in slot 1
[2022-12-15 08:17:38] [SEVERE ] placing card 29 in slot 2
[2022-12-15 08:17:38] [SEVERE ] removing card from slot 0
[2022-12-15 08:17:38] [SEVERE ] removing card from slot 1
[2022-12-15 08:17:38] [SEVERE ] removing card from slot 2
[2022-12-15 08:17:38] [SEVERE ] placing card 66 in slot 0
[2022-12-15 08:17:38] [SEVERE ] placing card 14 in slot 1
[2022-12-15 08:17:38] [SEVERE ] placing card 75 in slot 2
[2022-12-15 08:17:38] [SEVERE ] removing card from slot 0
[2022-12-15 08:17:38] [SEVERE ] removing card from slot 1
[2022-12-15 08:17:38] [SEVERE ] removing card from slot 2
[2022-12-15 08:17:38] [SEVERE ] placing card 0 in slot 0
[2022-12-15 08:17:39] [SEVERE ] placing card 41 in slot 1
[2022-12-15 08:17:39] [SEVERE ] placing card 25 in slot 2
[2022-12-15 08:17:39] [SEVERE ] removing card from slot 0
[2022-12-15 08:17:39] [SEVERE ] removing card from slot 1
[2022-12-15 08:17:39] [SEVERE ] removing card from slot 2
[2022-12-15 08:17:39] [SEVERE ] placing card 8 in slot 0
[2022-12-15 08:17:39] [SEVERE ] placing card 48 in slot 1
[2022-12-15 08:17:39] [SEVERE ] placing card 25 in slot 2
[2022-12-15 08:17:39] [SEVERE ] removing card from slot 0
[2022-12-15 08:17:39] [SEVERE ] removing card from slot 1
[2022-12-15 08:17:39] [SEVERE ] removing card from slot 2
[2022-12-15 08:17:39] [SEVERE ] placing card 25 in slot 0
[2022-12-15 08:17:39] [SEVERE ] placing card 18 in slot 1
[2022-12-15 08:17:39] [SEVERE ] placing card 53 in slot 2
[2022-12-15 08:17:39] [SEVERE ] removing card from slot 0
[2022-12-15 08:17:39] [SEVERE ] removing card from slot 1
[2022-12-15 08:17:39] [SEVERE ] removing card from slot 2
[2022-12-15 08:17:39] [SEVERE ] placing card 55 in slot 0
[2022-12-15 08:17:39] [SEVERE ] placing card 66 in slot 1
[2022-12-15 08:17:40] [SEVERE ] placing card 11 in slot 2
[2022-12-15 08:17:40] [SEVERE ] removing card from slot 0
[2022-12-15 08:17:40] [SEVERE ] removing card from slot 1
[2022-12-15 08:17:40] [SEVERE ] removing card from slot 2
[2022-12-15 08:17:40] [SEVERE ] placing card 29 in slot 0
[2022-12-15 08:17:40] [SEVERE ] placing card 48 in slot 1
[2022-12-15 08:17:40] [SEVERE ] placing card 32 in slot 2
[2022-12-15 08:17:40] [SEVERE ] removing card from slot 0
[2022-12-15 08:17:40] [SEVERE ] removing card from slot 1
[2022-12-15 08:17:40] [SEVERE ] removing card from slot 2
[2022-12-15 08:17:40] [SEVERE ] placing card 37 in slot 0
[2022-12-15 08:17:40] [SEVERE ] placing card 31 in slot 1
[2022-12-15 08:17:40] [SEVERE ] placing card 75 in slot 2
[2022-12-15 08:17:40] [SEVERE ] removing card from slot 0
[2022-12-15 08:17:40] [SEVERE ] removing card from slot 1
[2022-12-15 08:17:40] [SEVERE ] removing card from slot 2
[2022-12-15 08:17:40] [SEVERE ] placing card 79 in slot 0
[2022-12-15 08:17:40] [SEVERE ] placing card 0 in slot 1
[2022-12-15 08:17:41] [SEVERE ] placing card 37 in slot 2
[2022-12-15 08:17:41] [SEVERE ] removing card from slot 0
[2022-12-15 08:17:41] [SEVERE ] removing card from slot 1
[2022-12-15 08:17:41] [SEVERE ] removing card from slot 2
[2022-12-15 08:17:41] [SEVERE ] placing card 61 in slot 0
[2022-12-15 08:17:41] [SEVERE ] placing card 80 in slot 1
[2022-12-15 08:17:41] [SEVERE ] placing card 49 in slot 2
[2022-12-15 08:17:41] [SEVERE ] removing card from slot 0
[2022-12-15 08:17:41] [SEVERE ] removing card from slot 1
[2022-12-15 08:17:41] [SEVERE ] removing card from slot 2
[2022-12-15 08:17:41] [SEVERE ] placing card 58 in slot 0
[2022-12-15 08:17:41] [SEVERE ] placing card 20 in slot 1
[2022-12-15 08:17:41] [SEVERE ] placing card 14 in slot 2
[2022-12-15 08:17:41] [SEVERE ] removing card from slot 0
[2022-12-15 08:17:41] [SEVERE ] removing card from slot 1
[2022-12-15 08:17:41] [SEVERE ] removing card from slot 2
[2022-12-15 08:17:41] [SEVERE ] placing card 76 in slot 0
[2022-12-15 08:17:41] [SEVERE ] placing card 45 in slot 1
[2022-12-15 08:17:41] [SEVERE ] placing card 20 in slot 2
[2022-12-15 08:17:41] [SEVERE ] removing card from slot 0
[2022-12-15 08:17:41] [SEVERE ] removing card from slot 1
[2022-12-15 08:17:41] [SEVERE ] removing card from slot 2
[2022-12-15 08:17:42] [SEVERE ] placing card 70 in slot 0
[2022-12-15 08:17:42] [SEVERE ] placing card 72 in slot 1
