[2022-12-14 08:09:05] [INFO   ] cannot read configuration file config.properties trying from resources.
[2022-12-14 08:09:05] [INFO   ] configuration file was loaded from resources directory.
[2022-12-14 08:09:06] [INFO   ] Thread dealer starting.
[2022-12-14 08:09:06] [SEVERE ] placing card 12 in slot 0
[2022-12-14 08:09:07] [SEVERE ] placing card 60 in slot 1
[2022-12-14 08:09:07] [SEVERE ] placing card 59 in slot 2
[2022-12-14 08:09:07] [SEVERE ] placing card 49 in slot 3
[2022-12-14 08:09:07] [SEVERE ] placing card 21 in slot 4
[2022-12-14 08:09:07] [SEVERE ] placing card 19 in slot 5
[2022-12-14 08:09:07] [SEVERE ] placing card 70 in slot 6
[2022-12-14 08:09:07] [SEVERE ] placing card 9 in slot 7
[2022-12-14 08:09:07] [SEVERE ] placing card 53 in slot 8
[2022-12-14 08:09:07] [SEVERE ] placing card 22 in slot 9
[2022-12-14 08:09:07] [SEVERE ] placing card 17 in slot 10
[2022-12-14 08:09:08] [SEVERE ] placing card 24 in slot 11
[2022-12-14 08:09:08] [SEVERE ] removing card from slot 0
[2022-12-14 08:09:08] [SEVERE ] removing card from slot 1
[2022-12-14 08:09:08] [SEVERE ] removing card from slot 2
[2022-12-14 08:09:08] [SEVERE ] removing card from slot 3
[2022-12-14 08:09:08] [SEVERE ] removing card from slot 4
[2022-12-14 08:09:08] [SEVERE ] removing card from slot 5
[2022-12-14 08:09:08] [SEVERE ] removing card from slot 6
[2022-12-14 08:09:08] [SEVERE ] removing card from slot 7
[2022-12-14 08:09:08] [SEVERE ] removing card from slot 8
[2022-12-14 08:09:08] [SEVERE ] removing card from slot 9
[2022-12-14 08:09:08] [SEVERE ] removing card from slot 10
[2022-12-14 08:09:08] [SEVERE ] removing card from slot 11
[2022-12-14 08:09:08] [SEVERE ] announcing winners: [0, 0]
[2022-12-14 08:09:08] [INFO   ] Thread dealer terminated.
[2022-12-14 08:09:08] [INFO   ] Thread main terminated.
