[2022-12-17 15:25:58] [INFO   ] cannot read configuration file config.properties trying from resources.
[2022-12-17 15:25:58] [INFO   ] configuration file was loaded from resources directory.
[2022-12-17 15:25:59] [INFO   ] Thread dealer starting.
[2022-12-17 15:25:59] [INFO   ] Thread Thread-2starting.
[2022-12-17 15:25:59] [INFO   ] Thread Thread-1starting.
[2022-12-17 15:25:59] [SEVERE ] placing card 79 in slot 0
[2022-12-17 15:25:59] [SEVERE ] placing card 41 in slot 1
[2022-12-17 15:25:59] [SEVERE ] placing card 19 in slot 2
[2022-12-17 15:25:59] [SEVERE ] placing card 66 in slot 3
[2022-12-17 15:26:00] [SEVERE ] placing card 0 in slot 4
[2022-12-17 15:26:00] [SEVERE ] placing card 18 in slot 5
[2022-12-17 15:26:00] [SEVERE ] placing card 53 in slot 6
[2022-12-17 15:26:00] [SEVERE ] placing card 80 in slot 7
[2022-12-17 15:26:00] [SEVERE ] placing card 25 in slot 8
[2022-12-17 15:26:00] [SEVERE ] placing card 40 in slot 9
[2022-12-17 15:26:00] [SEVERE ] placing card 78 in slot 10
[2022-12-17 15:26:00] [SEVERE ] placing card 73 in slot 11
[2022-12-17 15:26:11] [SEVERE ] Key 90 was pressed by player 0
[2022-12-17 15:26:11] [SEVERE ] player 0 placing token on slot 8
[2022-12-17 15:26:12] [SEVERE ] Key 68 was pressed by player 0
[2022-12-17 15:26:12] [SEVERE ] player 0 placing token on slot 6
[2022-12-17 15:26:13] [SEVERE ] Key 67 was pressed by player 0
[2022-12-17 15:26:13] [SEVERE ] player 0 placing token on slot 10
[2022-12-17 15:26:13] [SEVERE ] setting player 0 score to 1
[2022-12-17 15:26:13] [SEVERE ] setting player 0 freeze to 1000
[2022-12-17 15:26:13] [SEVERE ] setting player 0 freeze to 0
[2022-12-17 15:26:13] [SEVERE ] removing player 0 token from slot 8
[2022-12-17 15:26:13] [SEVERE ] removing card from slot 8
[2022-12-17 15:26:13] [SEVERE ] removing player 0 token from slot 6
[2022-12-17 15:26:13] [SEVERE ] removing card from slot 6
[2022-12-17 15:26:13] [SEVERE ] removing player 0 token from slot 10
[2022-12-17 15:26:13] [SEVERE ] removing card from slot 10
[2022-12-17 15:26:13] [SEVERE ] placing card 6 in slot 6
[2022-12-17 15:26:14] [SEVERE ] placing card 24 in slot 8
[2022-12-17 15:26:14] [SEVERE ] placing card 34 in slot 10
[2022-12-17 15:26:16] [SEVERE ] Key 81 was pressed by player 0
[2022-12-17 15:26:16] [SEVERE ] player 0 placing token on slot 0
[2022-12-17 15:26:16] [SEVERE ] Key 69 was pressed by player 0
[2022-12-17 15:26:16] [SEVERE ] player 0 placing token on slot 2
[2022-12-17 15:26:17] [SEVERE ] Key 87 was pressed by player 0
[2022-12-17 15:26:17] [SEVERE ] player 0 placing token on slot 1
[2022-12-17 15:26:17] [SEVERE ] setting player 0 freeze to 3000
[2022-12-17 15:26:17] [SEVERE ] setting player 0 freeze to 2000
[2022-12-17 15:26:18] [SEVERE ] setting player 0 freeze to 1000
[2022-12-17 15:26:18] [SEVERE ] Key 68 was pressed by player 0
[2022-12-17 15:26:18] [SEVERE ] setting player 0 freeze to 0
[2022-12-17 15:26:20] [SEVERE ] Key 81 was pressed by player 0
[2022-12-17 15:26:20] [SEVERE ] removing player 0 token from slot 0
[2022-12-17 15:26:20] [SEVERE ] Key 69 was pressed by player 0
[2022-12-17 15:26:20] [SEVERE ] removing player 0 token from slot 2
[2022-12-17 15:26:20] [SEVERE ] Key 87 was pressed by player 0
[2022-12-17 15:26:20] [SEVERE ] removing player 0 token from slot 1
[2022-12-17 15:26:23] [SEVERE ] Key 69 was pressed by player 0
[2022-12-17 15:26:23] [SEVERE ] player 0 placing token on slot 2
[2022-12-17 15:26:25] [SEVERE ] Key 69 was pressed by player 0
[2022-12-17 15:26:25] [SEVERE ] removing player 0 token from slot 2
[2022-12-17 15:26:26] [SEVERE ] Key 87 was pressed by player 0
[2022-12-17 15:26:26] [SEVERE ] player 0 placing token on slot 1
[2022-12-17 15:26:26] [SEVERE ] Key 87 was pressed by player 0
[2022-12-17 15:26:26] [SEVERE ] removing player 0 token from slot 1
[2022-12-17 15:26:27] [SEVERE ] Key 83 was pressed by player 0
[2022-12-17 15:26:27] [SEVERE ] player 0 placing token on slot 5
[2022-12-17 15:26:29] [SEVERE ] Key 69 was pressed by player 0
[2022-12-17 15:26:29] [SEVERE ] player 0 placing token on slot 2
[2022-12-17 15:26:31] [SEVERE ] Key 69 was pressed by player 0
[2022-12-17 15:26:31] [SEVERE ] removing player 0 token from slot 2
[2022-12-17 15:26:31] [SEVERE ] Key 68 was pressed by player 0
[2022-12-17 15:26:31] [SEVERE ] player 0 placing token on slot 6
[2022-12-17 15:26:33] [SEVERE ] Key 68 was pressed by player 0
[2022-12-17 15:26:33] [SEVERE ] removing player 0 token from slot 6
[2022-12-17 15:26:33] [SEVERE ] Key 83 was pressed by player 0
[2022-12-17 15:26:33] [SEVERE ] removing player 0 token from slot 5
[2022-12-17 15:26:34] [SEVERE ] Key 83 was pressed by player 0
[2022-12-17 15:26:34] [SEVERE ] player 0 placing token on slot 5
[2022-12-17 15:26:35] [SEVERE ] Key 87 was pressed by player 0
[2022-12-17 15:26:35] [SEVERE ] player 0 placing token on slot 1
[2022-12-17 15:26:38] [SEVERE ] Key 83 was pressed by player 0
[2022-12-17 15:26:38] [SEVERE ] removing player 0 token from slot 5
[2022-12-17 15:26:39] [SEVERE ] Key 68 was pressed by player 0
[2022-12-17 15:26:39] [SEVERE ] player 0 placing token on slot 6
[2022-12-17 15:26:41] [SEVERE ] Key 67 was pressed by player 0
[2022-12-17 15:26:41] [SEVERE ] player 0 placing token on slot 10
[2022-12-17 15:26:41] [SEVERE ] setting player 0 freeze to 3000
[2022-12-17 15:26:41] [SEVERE ] setting player 0 freeze to 2000
[2022-12-17 15:26:41] [SEVERE ] setting player 0 freeze to 1000
[2022-12-17 15:26:42] [SEVERE ] setting player 0 freeze to 0
[2022-12-17 15:26:43] [SEVERE ] Key 67 was pressed by player 0
[2022-12-17 15:26:43] [SEVERE ] removing player 0 token from slot 10
[2022-12-17 15:26:43] [SEVERE ] Key 86 was pressed by player 0
[2022-12-17 15:26:43] [SEVERE ] player 0 placing token on slot 11
[2022-12-17 15:26:43] [SEVERE ] setting player 0 score to 2
[2022-12-17 15:26:43] [SEVERE ] setting player 0 freeze to 1000
[2022-12-17 15:26:43] [SEVERE ] setting player 0 freeze to 0
[2022-12-17 15:26:43] [SEVERE ] removing player 0 token from slot 1
[2022-12-17 15:26:44] [SEVERE ] removing card from slot 1
[2022-12-17 15:26:44] [SEVERE ] removing player 0 token from slot 6
[2022-12-17 15:26:44] [SEVERE ] removing card from slot 6
[2022-12-17 15:26:44] [SEVERE ] removing player 0 token from slot 11
[2022-12-17 15:26:44] [SEVERE ] removing card from slot 11
[2022-12-17 15:26:44] [SEVERE ] placing card 27 in slot 1
[2022-12-17 15:26:44] [SEVERE ] placing card 14 in slot 6
[2022-12-17 15:26:44] [SEVERE ] placing card 20 in slot 11
[2022-12-17 15:26:55] [SEVERE ] Key 65 was pressed by player 0
[2022-12-17 15:26:55] [SEVERE ] player 0 placing token on slot 4
[2022-12-17 15:26:56] [SEVERE ] Key 68 was pressed by player 0
[2022-12-17 15:26:56] [SEVERE ] player 0 placing token on slot 6
[2022-12-17 15:26:58] [SEVERE ] Key 65 was pressed by player 0
[2022-12-17 15:26:58] [SEVERE ] removing player 0 token from slot 4
[2022-12-17 15:27:00] [SEVERE ] Key 68 was pressed by player 0
[2022-12-17 15:27:00] [SEVERE ] removing player 0 token from slot 6
[2022-12-17 15:27:01] [SEVERE ] removing all tokens
[2022-12-17 15:27:01] [SEVERE ] removing tokens from slot 0
[2022-12-17 15:27:01] [SEVERE ] removing tokens from slot 1
[2022-12-17 15:27:01] [SEVERE ] removing tokens from slot 2
[2022-12-17 15:27:01] [SEVERE ] removing tokens from slot 3
[2022-12-17 15:27:01] [SEVERE ] removing tokens from slot 4
[2022-12-17 15:27:01] [SEVERE ] removing tokens from slot 5
[2022-12-17 15:27:01] [SEVERE ] removing tokens from slot 6
[2022-12-17 15:27:01] [SEVERE ] removing tokens from slot 7
[2022-12-17 15:27:01] [SEVERE ] removing tokens from slot 8
[2022-12-17 15:27:01] [SEVERE ] removing tokens from slot 9
[2022-12-17 15:27:01] [SEVERE ] removing tokens from slot 10
[2022-12-17 15:27:01] [SEVERE ] removing tokens from slot 11
[2022-12-17 15:27:01] [SEVERE ] Key 68 was pressed by player 0
[2022-12-17 15:27:01] [SEVERE ] player 0 placing token on slot 6
[2022-12-17 15:27:01] [SEVERE ] removing card from slot 0
[2022-12-17 15:27:01] [SEVERE ] removing card from slot 1
[2022-12-17 15:27:02] [SEVERE ] removing card from slot 2
[2022-12-17 15:27:02] [SEVERE ] removing card from slot 3
[2022-12-17 15:27:02] [SEVERE ] removing card from slot 4
[2022-12-17 15:27:02] [SEVERE ] removing card from slot 5
[2022-12-17 15:27:02] [SEVERE ] removing card from slot 6
[2022-12-17 15:27:02] [SEVERE ] removing card from slot 7
[2022-12-17 15:27:02] [SEVERE ] removing card from slot 8
[2022-12-17 15:27:02] [SEVERE ] removing card from slot 9
[2022-12-17 15:27:02] [SEVERE ] removing card from slot 10
[2022-12-17 15:27:02] [SEVERE ] removing card from slot 11
[2022-12-17 15:27:03] [SEVERE ] placing card 2 in slot 0
[2022-12-17 15:27:03] [SEVERE ] placing card 74 in slot 1
[2022-12-17 15:27:03] [SEVERE ] placing card 14 in slot 2
[2022-12-17 15:27:03] [SEVERE ] placing card 67 in slot 3
[2022-12-17 15:27:03] [SEVERE ] placing card 28 in slot 4
[2022-12-17 15:27:03] [SEVERE ] placing card 63 in slot 5
[2022-12-17 15:27:03] [SEVERE ] placing card 47 in slot 6
[2022-12-17 15:27:03] [SEVERE ] placing card 77 in slot 7
[2022-12-17 15:27:03] [SEVERE ] placing card 76 in slot 8
[2022-12-17 15:27:04] [SEVERE ] placing card 27 in slot 9
[2022-12-17 15:27:04] [SEVERE ] placing card 46 in slot 10
[2022-12-17 15:27:04] [SEVERE ] placing card 23 in slot 11
[2022-12-17 15:27:04] [SEVERE ] Key 68 was pressed by player 0
[2022-12-17 15:27:04] [SEVERE ] removing player 0 token from slot 6
[2022-12-17 15:27:05] [SEVERE ] Key 68 was pressed by player 0
[2022-12-17 15:27:05] [SEVERE ] player 0 placing token on slot 6
