[2022-12-14 12:42:28] [INFO   ] cannot read configuration file config.properties trying from resources.
[2022-12-14 12:42:28] [INFO   ] configuration file was loaded from resources directory.
[2022-12-14 12:42:29] [INFO   ] Thread dealer starting.
[2022-12-14 12:42:30] [SEVERE ] placing card 42 in slot 0
[2022-12-14 12:42:30] [SEVERE ] placing card 53 in slot 1
[2022-12-14 12:42:31] [SEVERE ] placing card 45 in slot 2
[2022-12-14 12:42:31] [SEVERE ] placing card 50 in slot 3
[2022-12-14 12:42:31] [SEVERE ] placing card 6 in slot 4
[2022-12-14 12:42:31] [SEVERE ] placing card 22 in slot 5
[2022-12-14 12:42:31] [SEVERE ] placing card 27 in slot 6
[2022-12-14 12:42:31] [SEVERE ] placing card 10 in slot 7
[2022-12-14 12:42:31] [SEVERE ] placing card 49 in slot 8
[2022-12-14 12:42:31] [SEVERE ] placing card 74 in slot 9
[2022-12-14 12:42:31] [SEVERE ] placing card 3 in slot 10
[2022-12-14 12:42:32] [SEVERE ] placing card 60 in slot 11
[2022-12-14 12:42:32] [SEVERE ] removing card from slot 0
[2022-12-14 12:42:32] [SEVERE ] removing card from slot 1
[2022-12-14 12:42:32] [SEVERE ] removing card from slot 2
[2022-12-14 12:42:32] [SEVERE ] removing card from slot 3
[2022-12-14 12:42:32] [SEVERE ] removing card from slot 4
[2022-12-14 12:42:32] [SEVERE ] removing card from slot 5
[2022-12-14 12:42:32] [SEVERE ] removing card from slot 6
[2022-12-14 12:42:32] [SEVERE ] removing card from slot 7
[2022-12-14 12:42:32] [SEVERE ] removing card from slot 8
[2022-12-14 12:42:32] [SEVERE ] removing card from slot 9
[2022-12-14 12:42:32] [SEVERE ] removing card from slot 10
[2022-12-14 12:42:32] [SEVERE ] removing card from slot 11
[2022-12-14 12:42:38] [SEVERE ] announcing winners: [0]
