[16:48:37.872] [INFO   ] thread main starting.
[16:48:37.888] [SEVERE ] cannot read configuration file config.properties trying from resources.
[16:48:37.890] [SEVERE ] configuration file was loaded from resources directory.
[16:48:39.356] [INFO   ] thread dealer starting.
[16:48:39.358] [INFO   ] Thread dealer starting.
[16:48:39.360] [INFO   ] Thread Thread-0starting.
[16:48:39.360] [INFO   ] Thread Thread-1starting.
[16:48:39.503] [SEVERE ] placing card 58 in slot 0
[16:48:39.610] [SEVERE ] placing card 6 in slot 1
[16:48:39.716] [SEVERE ] placing card 10 in slot 2
[16:48:39.821] [SEVERE ] placing card 70 in slot 3
[16:48:39.927] [SEVERE ] placing card 67 in slot 4
[16:48:40.034] [SEVERE ] placing card 31 in slot 5
[16:48:40.141] [SEVERE ] placing card 23 in slot 6
[16:48:40.247] [SEVERE ] placing card 57 in slot 7
[16:48:40.352] [SEVERE ] placing card 8 in slot 8
[16:48:40.458] [SEVERE ] placing card 32 in slot 9
[16:48:40.564] [SEVERE ] placing card 53 in slot 10
[16:48:40.667] [SEVERE ] placing card 68 in slot 11
[16:48:40.667] [SEVERE ] updating countdown to 60000
[16:48:41.630] [SEVERE ] updating countdown to 59037
[16:48:42.586] [SEVERE ] updating countdown to 58081
[16:48:43.542] [SEVERE ] updating countdown to 57125
[16:48:44.497] [SEVERE ] updating countdown to 56170
[16:48:45.454] [SEVERE ] updating countdown to 55213
[16:48:46.411] [SEVERE ] updating countdown to 54256
[16:48:47.368] [SEVERE ] updating countdown to 53299
[16:48:48.324] [SEVERE ] updating countdown to 52343
[16:48:49.280] [SEVERE ] updating countdown to 51388
[16:48:50.236] [SEVERE ] updating countdown to 50431
[16:48:51.194] [SEVERE ] updating countdown to 49473
[16:48:52.150] [SEVERE ] updating countdown to 48517
[16:48:53.103] [SEVERE ] updating countdown to 47564
[16:48:54.058] [SEVERE ] updating countdown to 46609
[16:48:55.013] [SEVERE ] updating countdown to 45654
[16:48:55.970] [SEVERE ] updating countdown to 44697
[16:48:56.926] [SEVERE ] updating countdown to 43742
[16:48:57.881] [SEVERE ] updating countdown to 42786
[16:48:58.837] [SEVERE ] updating countdown to 41830
[16:48:59.793] [SEVERE ] updating countdown to 40874
[16:49:00.749] [SEVERE ] updating countdown to 39918
[16:49:01.702] [SEVERE ] updating countdown to 38965
[16:49:02.659] [SEVERE ] updating countdown to 38009
[16:49:03.614] [SEVERE ] updating countdown to 37053
[16:49:04.570] [SEVERE ] updating countdown to 36097
[16:49:05.526] [SEVERE ] updating countdown to 35141
[16:49:06.482] [SEVERE ] updating countdown to 34185
[16:49:07.436] [SEVERE ] updating countdown to 33231
[16:49:08.392] [SEVERE ] updating countdown to 32275
[16:49:09.348] [SEVERE ] updating countdown to 31319
[16:49:10.305] [SEVERE ] updating countdown to 30362
[16:49:11.260] [SEVERE ] updating countdown to 29407
[16:49:12.218] [SEVERE ] updating countdown to 28449
[16:49:13.176] [SEVERE ] updating countdown to 27491
[16:49:14.132] [SEVERE ] updating countdown to 26535
[16:49:15.088] [SEVERE ] updating countdown to 25579
[16:49:16.045] [SEVERE ] updating countdown to 24622
[16:49:17.000] [SEVERE ] updating countdown to 23667
[16:49:17.956] [SEVERE ] updating countdown to 22711
[16:49:18.912] [SEVERE ] updating countdown to 21755
[16:49:19.869] [SEVERE ] updating countdown to 20798
[16:49:20.778] [SEVERE ] key 75 was pressed by player 2
[16:49:20.778] [SEVERE ] player 2 placing token on slot 5
[16:49:20.825] [SEVERE ] updating countdown to 19842
[16:49:21.771] [SEVERE ] key 75 was pressed by player 2
[16:49:21.771] [SEVERE ] removing player 2 token from slot 5
[16:49:21.781] [SEVERE ] updating countdown to 18886
[16:49:22.394] [SEVERE ] key 76 was pressed by player 2
[16:49:22.395] [SEVERE ] player 2 placing token on slot 6
[16:49:22.736] [SEVERE ] updating countdown to 17931
[16:49:23.353] [SEVERE ] key 77 was pressed by player 2
[16:49:23.353] [SEVERE ] player 2 placing token on slot 8
[16:49:23.693] [SEVERE ] updating countdown to 16974
[16:49:24.600] [SEVERE ] key 77 was pressed by player 2
[16:49:24.601] [SEVERE ] removing player 2 token from slot 8
[16:49:24.649] [SEVERE ] updating countdown to 16018
[16:49:25.082] [SEVERE ] key 44 was pressed by player 2
[16:49:25.083] [SEVERE ] player 2 placing token on slot 9
[16:49:25.605] [SEVERE ] updating countdown to 15063
[16:49:25.905] [SEVERE ] key 46 was pressed by player 2
[16:49:25.905] [SEVERE ] player 2 placing token on slot 10
[16:49:26.560] [SEVERE ] updating countdown to 14107
[16:49:27.517] [SEVERE ] updating countdown to 13150
[16:49:28.473] [SEVERE ] updating countdown to 12194
[16:49:29.429] [SEVERE ] updating countdown to 11238
[16:49:30.385] [SEVERE ] updating countdown to 10282
[16:49:31.342] [SEVERE ] updating countdown to 9326
[16:49:32.298] [SEVERE ] updating countdown to 8369
[16:49:33.250] [SEVERE ] updating countdown to 7417
[16:49:34.206] [SEVERE ] updating countdown to 6461
[16:49:35.160] [SEVERE ] updating countdown to 5507
[16:49:36.116] [SEVERE ] updating countdown to 4551
[16:49:37.071] [SEVERE ] updating countdown to 3596
[16:49:38.029] [SEVERE ] updating countdown to 2638
[16:49:38.985] [SEVERE ] updating countdown to 1682
[16:49:39.941] [SEVERE ] updating countdown to 726
[16:49:40.896] [SEVERE ] updating countdown to -229
[16:49:40.896] [SEVERE ] updating countdown to 60000
[16:49:40.897] [SEVERE ] removing all tokens
[16:49:41.005] [SEVERE ] removing card from slot 0
[16:49:41.112] [SEVERE ] removing card from slot 1
[16:49:41.217] [SEVERE ] removing card from slot 2
[16:49:41.322] [SEVERE ] removing card from slot 3
[16:49:41.428] [SEVERE ] removing card from slot 4
[16:49:41.533] [SEVERE ] removing card from slot 5
[16:49:41.639] [SEVERE ] removing card from slot 6
[16:49:41.744] [SEVERE ] removing card from slot 7
[16:49:41.850] [SEVERE ] removing card from slot 8
[16:49:41.956] [SEVERE ] removing card from slot 9
[16:49:42.062] [SEVERE ] removing card from slot 10
[16:49:42.166] [SEVERE ] removing card from slot 11
[16:49:42.272] [SEVERE ] placing card 11 in slot 0
[16:49:42.378] [SEVERE ] placing card 20 in slot 1
[16:49:42.483] [SEVERE ] placing card 31 in slot 2
[16:49:42.589] [SEVERE ] placing card 72 in slot 3
[16:49:42.694] [SEVERE ] placing card 5 in slot 4
[16:49:42.799] [SEVERE ] placing card 25 in slot 5
[16:49:42.904] [SEVERE ] placing card 60 in slot 6
[16:49:43.005] [SEVERE ] placing card 6 in slot 7
[16:49:43.111] [SEVERE ] placing card 36 in slot 8
[16:49:43.216] [SEVERE ] placing card 9 in slot 9
[16:49:43.321] [SEVERE ] placing card 59 in slot 10
[16:49:43.427] [SEVERE ] placing card 3 in slot 11
[16:49:43.427] [SEVERE ] updating countdown to 60000
[16:49:44.383] [SEVERE ] updating countdown to 59044
[16:49:45.339] [SEVERE ] updating countdown to 58088
[16:49:46.294] [SEVERE ] updating countdown to 57133
[16:49:47.250] [SEVERE ] updating countdown to 56177
[16:49:48.202] [SEVERE ] updating countdown to 55225
[16:49:49.158] [SEVERE ] updating countdown to 54269
[16:49:50.114] [SEVERE ] updating countdown to 53313
[16:49:51.069] [SEVERE ] updating countdown to 52358
[16:49:52.025] [SEVERE ] updating countdown to 51402
[16:49:52.980] [SEVERE ] updating countdown to 50447
[16:49:53.936] [SEVERE ] updating countdown to 49491
[16:49:54.891] [SEVERE ] updating countdown to 48536
[16:49:55.848] [SEVERE ] updating countdown to 47579
[16:49:56.804] [SEVERE ] updating countdown to 46623
[16:49:57.756] [SEVERE ] updating countdown to 45671
[16:49:58.711] [SEVERE ] updating countdown to 44716
[16:49:59.667] [SEVERE ] updating countdown to 43760
[16:50:00.623] [SEVERE ] updating countdown to 42804
[16:50:01.579] [SEVERE ] updating countdown to 41848
[16:50:02.535] [SEVERE ] updating countdown to 40892
[16:50:03.491] [SEVERE ] updating countdown to 39936
[16:50:04.446] [SEVERE ] updating countdown to 38981
[16:50:05.400] [SEVERE ] updating countdown to 38027
[16:50:06.358] [SEVERE ] updating countdown to 37069
[16:50:07.314] [SEVERE ] updating countdown to 36113
[16:50:08.267] [SEVERE ] updating countdown to 35160
[16:50:09.222] [SEVERE ] updating countdown to 34205
[16:50:10.179] [SEVERE ] updating countdown to 33248
[16:50:11.135] [SEVERE ] updating countdown to 32292
[16:50:12.090] [SEVERE ] updating countdown to 31337
[16:50:13.046] [SEVERE ] updating countdown to 30381
[16:50:14.000] [SEVERE ] updating countdown to 29427
[16:50:14.957] [SEVERE ] updating countdown to 28470
[16:50:15.912] [SEVERE ] updating countdown to 27515
[16:50:16.866] [SEVERE ] updating countdown to 26561
[16:50:17.822] [SEVERE ] updating countdown to 25605
[16:50:18.774] [SEVERE ] updating countdown to 24653
[16:50:19.729] [SEVERE ] updating countdown to 23698
[16:50:20.684] [SEVERE ] updating countdown to 22743
[16:50:21.640] [SEVERE ] updating countdown to 21788
[16:50:22.595] [SEVERE ] updating countdown to 20832
[16:50:23.550] [SEVERE ] updating countdown to 19877
[16:50:24.507] [SEVERE ] updating countdown to 18920
[16:50:25.463] [SEVERE ] updating countdown to 17964
