[2022-12-15 08:38:28] [INFO   ] cannot read configuration file config.properties trying from resources.
[2022-12-15 08:38:28] [INFO   ] configuration file was loaded from resources directory.
[2022-12-15 08:38:29] [INFO   ] Thread dealer starting.
[2022-12-15 08:38:29] [SEVERE ] placing card 40 in slot 0
[2022-12-15 08:38:30] [SEVERE ] placing card 68 in slot 1
[2022-12-15 08:38:30] [SEVERE ] placing card 66 in slot 2
[2022-12-15 08:38:30] [SEVERE ] placing card 57 in slot 3
[2022-12-15 08:38:30] [SEVERE ] placing card 4 in slot 4
[2022-12-15 08:38:30] [SEVERE ] placing card 39 in slot 5
[2022-12-15 08:38:30] [SEVERE ] placing card 6 in slot 6
[2022-12-15 08:38:30] [SEVERE ] placing card 10 in slot 7
[2022-12-15 08:38:30] [SEVERE ] placing card 37 in slot 8
[2022-12-15 08:38:30] [SEVERE ] placing card 42 in slot 9
[2022-12-15 08:38:31] [SEVERE ] placing card 58 in slot 10
[2022-12-15 08:38:31] [SEVERE ] placing card 78 in slot 11
[2022-12-15 08:38:31] [SEVERE ] removing card from slot 0
[2022-12-15 08:38:31] [SEVERE ] removing card from slot 1
[2022-12-15 08:38:31] [SEVERE ] removing card from slot 2
[2022-12-15 08:38:31] [SEVERE ] placing card 2 in slot 0
[2022-12-15 08:38:31] [SEVERE ] placing card 56 in slot 1
[2022-12-15 08:38:31] [SEVERE ] placing card 9 in slot 2
[2022-12-15 08:38:31] [SEVERE ] removing card from slot 0
[2022-12-15 08:38:31] [SEVERE ] removing card from slot 1
[2022-12-15 08:38:31] [SEVERE ] removing card from slot 2
[2022-12-15 08:38:31] [SEVERE ] placing card 74 in slot 0
[2022-12-15 08:38:31] [SEVERE ] Key 85 was pressed by player 1
[2022-12-15 08:38:31] [SEVERE ] player 1 placing token on slot 0
[2022-12-15 08:38:31] [SEVERE ] placing card 33 in slot 1
[2022-12-15 08:38:31] [SEVERE ] placing card 52 in slot 2
[2022-12-15 08:38:31] [SEVERE ] removing card from slot 0
[2022-12-15 08:38:31] [SEVERE ] removing card from slot 1
[2022-12-15 08:38:31] [SEVERE ] removing card from slot 2
[2022-12-15 08:38:31] [SEVERE ] placing card 43 in slot 0
[2022-12-15 08:38:31] [SEVERE ] placing card 40 in slot 1
[2022-12-15 08:38:32] [SEVERE ] placing card 11 in slot 2
[2022-12-15 08:38:32] [SEVERE ] removing card from slot 0
[2022-12-15 08:38:32] [SEVERE ] removing card from slot 1
[2022-12-15 08:38:32] [SEVERE ] removing card from slot 2
[2022-12-15 08:38:32] [SEVERE ] placing card 75 in slot 0
[2022-12-15 08:38:32] [SEVERE ] placing card 52 in slot 1
[2022-12-15 08:38:32] [SEVERE ] placing card 79 in slot 2
[2022-12-15 08:38:32] [SEVERE ] removing card from slot 0
[2022-12-15 08:38:32] [SEVERE ] removing card from slot 1
[2022-12-15 08:38:32] [SEVERE ] removing card from slot 2
[2022-12-15 08:38:32] [SEVERE ] placing card 14 in slot 0
[2022-12-15 08:38:32] [SEVERE ] placing card 45 in slot 1
[2022-12-15 08:38:32] [SEVERE ] placing card 2 in slot 2
[2022-12-15 08:38:32] [SEVERE ] removing card from slot 0
[2022-12-15 08:38:32] [SEVERE ] removing card from slot 1
[2022-12-15 08:38:32] [SEVERE ] removing card from slot 2
[2022-12-15 08:38:32] [SEVERE ] placing card 68 in slot 0
[2022-12-15 08:38:32] [SEVERE ] placing card 12 in slot 1
[2022-12-15 08:38:33] [SEVERE ] placing card 22 in slot 2
[2022-12-15 08:38:33] [SEVERE ] removing card from slot 0
[2022-12-15 08:38:33] [SEVERE ] removing card from slot 1
[2022-12-15 08:38:33] [SEVERE ] removing card from slot 2
[2022-12-15 08:38:33] [SEVERE ] placing card 52 in slot 0
[2022-12-15 08:38:33] [SEVERE ] placing card 2 in slot 1
[2022-12-15 08:38:33] [SEVERE ] placing card 25 in slot 2
[2022-12-15 08:38:33] [SEVERE ] removing card from slot 0
[2022-12-15 08:38:33] [SEVERE ] removing card from slot 1
[2022-12-15 08:38:33] [SEVERE ] removing card from slot 2
[2022-12-15 08:38:33] [SEVERE ] placing card 27 in slot 0
[2022-12-15 08:38:33] [SEVERE ] placing card 7 in slot 1
[2022-12-15 08:38:33] [SEVERE ] placing card 69 in slot 2
[2022-12-15 08:38:33] [SEVERE ] removing card from slot 0
[2022-12-15 08:38:33] [SEVERE ] removing card from slot 1
[2022-12-15 08:38:33] [SEVERE ] removing card from slot 2
[2022-12-15 08:38:33] [SEVERE ] placing card 36 in slot 0
[2022-12-15 08:38:33] [SEVERE ] placing card 38 in slot 1
[2022-12-15 08:38:34] [SEVERE ] placing card 67 in slot 2
[2022-12-15 08:38:34] [SEVERE ] removing card from slot 0
[2022-12-15 08:38:34] [SEVERE ] removing card from slot 1
[2022-12-15 08:38:34] [SEVERE ] removing card from slot 2
[2022-12-15 08:38:34] [SEVERE ] placing card 53 in slot 0
[2022-12-15 08:38:34] [SEVERE ] Key 85 was pressed by player 1
[2022-12-15 08:38:34] [SEVERE ] removing player 1 token from slot 0
[2022-12-15 08:38:34] [SEVERE ] placing card 41 in slot 1
[2022-12-15 08:38:34] [SEVERE ] placing card 55 in slot 2
[2022-12-15 08:38:34] [SEVERE ] removing card from slot 0
[2022-12-15 08:38:34] [SEVERE ] removing card from slot 1
[2022-12-15 08:38:34] [SEVERE ] removing card from slot 2
[2022-12-15 08:38:34] [SEVERE ] placing card 60 in slot 0
[2022-12-15 08:38:34] [SEVERE ] placing card 23 in slot 1
[2022-12-15 08:38:34] [SEVERE ] placing card 56 in slot 2
[2022-12-15 08:38:34] [SEVERE ] removing card from slot 0
[2022-12-15 08:38:34] [SEVERE ] removing card from slot 1
[2022-12-15 08:38:34] [SEVERE ] removing card from slot 2
[2022-12-15 08:38:34] [SEVERE ] placing card 64 in slot 0
[2022-12-15 08:38:34] [SEVERE ] placing card 50 in slot 1
[2022-12-15 08:38:34] [SEVERE ] placing card 66 in slot 2
[2022-12-15 08:38:34] [SEVERE ] removing card from slot 0
[2022-12-15 08:38:34] [SEVERE ] removing card from slot 1
[2022-12-15 08:38:34] [SEVERE ] removing card from slot 2
[2022-12-15 08:38:35] [SEVERE ] Key 85 was pressed by player 1
[2022-12-15 08:38:35] [SEVERE ] placing card 48 in slot 0
[2022-12-15 08:38:35] [SEVERE ] placing card 66 in slot 1
[2022-12-15 08:38:35] [SEVERE ] Key 85 was pressed by player 1
[2022-12-15 08:38:35] [SEVERE ] player 1 placing token on slot 0
[2022-12-15 08:38:35] [SEVERE ] placing card 5 in slot 2
[2022-12-15 08:38:35] [SEVERE ] removing card from slot 0
[2022-12-15 08:38:35] [SEVERE ] removing card from slot 1
[2022-12-15 08:38:35] [SEVERE ] removing card from slot 2
[2022-12-15 08:38:35] [SEVERE ] placing card 23 in slot 0
[2022-12-15 08:38:35] [SEVERE ] placing card 65 in slot 1
[2022-12-15 08:38:35] [SEVERE ] placing card 22 in slot 2
[2022-12-15 08:38:35] [SEVERE ] removing card from slot 0
[2022-12-15 08:38:35] [SEVERE ] removing card from slot 1
[2022-12-15 08:38:35] [SEVERE ] removing card from slot 2
[2022-12-15 08:38:35] [SEVERE ] placing card 64 in slot 0
[2022-12-15 08:38:35] [SEVERE ] placing card 74 in slot 1
[2022-12-15 08:38:35] [SEVERE ] placing card 31 in slot 2
[2022-12-15 08:38:35] [SEVERE ] removing card from slot 0
[2022-12-15 08:38:35] [SEVERE ] removing card from slot 1
[2022-12-15 08:38:35] [SEVERE ] removing card from slot 2
[2022-12-15 08:38:36] [SEVERE ] placing card 19 in slot 0
[2022-12-15 08:38:36] [SEVERE ] placing card 60 in slot 1
[2022-12-15 08:38:36] [SEVERE ] Key 85 was pressed by player 1
[2022-12-15 08:38:36] [SEVERE ] removing player 1 token from slot 0
[2022-12-15 08:38:36] [SEVERE ] placing card 74 in slot 2
[2022-12-15 08:38:36] [SEVERE ] removing card from slot 0
[2022-12-15 08:38:36] [SEVERE ] removing card from slot 1
[2022-12-15 08:38:36] [SEVERE ] removing card from slot 2
[2022-12-15 08:38:36] [SEVERE ] placing card 69 in slot 0
[2022-12-15 08:38:36] [SEVERE ] placing card 46 in slot 1
[2022-12-15 08:38:36] [SEVERE ] placing card 23 in slot 2
[2022-12-15 08:38:36] [SEVERE ] removing card from slot 0
[2022-12-15 08:38:36] [SEVERE ] removing card from slot 1
[2022-12-15 08:38:36] [SEVERE ] removing card from slot 2
[2022-12-15 08:38:36] [SEVERE ] placing card 35 in slot 0
[2022-12-15 08:38:36] [SEVERE ] placing card 14 in slot 1
[2022-12-15 08:38:36] [SEVERE ] placing card 1 in slot 2
[2022-12-15 08:38:36] [SEVERE ] removing card from slot 0
[2022-12-15 08:38:36] [SEVERE ] removing card from slot 1
[2022-12-15 08:38:36] [SEVERE ] removing card from slot 2
[2022-12-15 08:38:36] [SEVERE ] placing card 55 in slot 0
[2022-12-15 08:38:37] [SEVERE ] placing card 27 in slot 1
[2022-12-15 08:38:37] [SEVERE ] placing card 62 in slot 2
[2022-12-15 08:38:37] [SEVERE ] removing card from slot 0
[2022-12-15 08:38:37] [SEVERE ] removing card from slot 1
[2022-12-15 08:38:37] [SEVERE ] removing card from slot 2
[2022-12-15 08:38:37] [SEVERE ] placing card 53 in slot 0
[2022-12-15 08:38:37] [SEVERE ] placing card 41 in slot 1
[2022-12-15 08:38:37] [SEVERE ] placing card 64 in slot 2
[2022-12-15 08:38:37] [SEVERE ] removing card from slot 0
[2022-12-15 08:38:37] [SEVERE ] removing card from slot 1
[2022-12-15 08:38:37] [SEVERE ] removing card from slot 2
[2022-12-15 08:38:37] [SEVERE ] placing card 21 in slot 0
[2022-12-15 08:38:37] [SEVERE ] Key 73 was pressed by player 1
[2022-12-15 08:38:37] [SEVERE ] placing card 46 in slot 1
[2022-12-15 08:38:37] [SEVERE ] placing card 22 in slot 2
[2022-12-15 08:38:37] [SEVERE ] removing card from slot 0
[2022-12-15 08:38:37] [SEVERE ] removing card from slot 1
[2022-12-15 08:38:37] [SEVERE ] removing card from slot 2
[2022-12-15 08:38:37] [SEVERE ] placing card 64 in slot 0
[2022-12-15 08:38:38] [SEVERE ] placing card 12 in slot 1
[2022-12-15 08:38:38] [SEVERE ] placing card 41 in slot 2
[2022-12-15 08:38:38] [SEVERE ] removing card from slot 0
[2022-12-15 08:38:38] [SEVERE ] removing card from slot 1
[2022-12-15 08:38:38] [SEVERE ] removing card from slot 2
[2022-12-15 08:38:38] [SEVERE ] placing card 18 in slot 0
[2022-12-15 08:38:38] [SEVERE ] placing card 15 in slot 1
[2022-12-15 08:38:38] [SEVERE ] placing card 43 in slot 2
[2022-12-15 08:38:38] [SEVERE ] removing card from slot 0
[2022-12-15 08:38:38] [SEVERE ] removing card from slot 1
[2022-12-15 08:38:38] [SEVERE ] removing card from slot 2
[2022-12-15 08:38:38] [SEVERE ] placing card 25 in slot 0
[2022-12-15 08:38:38] [SEVERE ] placing card 54 in slot 1
[2022-12-15 08:38:38] [SEVERE ] placing card 32 in slot 2
[2022-12-15 08:38:38] [SEVERE ] removing card from slot 0
[2022-12-15 08:38:38] [SEVERE ] removing card from slot 1
[2022-12-15 08:38:38] [SEVERE ] removing card from slot 2
[2022-12-15 08:38:38] [SEVERE ] placing card 43 in slot 0
[2022-12-15 08:38:38] [SEVERE ] placing card 54 in slot 1
[2022-12-15 08:38:39] [SEVERE ] placing card 36 in slot 2
[2022-12-15 08:38:39] [SEVERE ] removing card from slot 0
[2022-12-15 08:38:39] [SEVERE ] removing card from slot 1
[2022-12-15 08:38:39] [SEVERE ] removing card from slot 2
[2022-12-15 08:38:39] [SEVERE ] placing card 7 in slot 0
[2022-12-15 08:38:39] [SEVERE ] Key 73 was pressed by player 1
[2022-12-15 08:38:39] [SEVERE ] placing card 50 in slot 1
[2022-12-15 08:38:39] [SEVERE ] placing card 51 in slot 2
[2022-12-15 08:38:39] [SEVERE ] removing card from slot 0
[2022-12-15 08:38:39] [SEVERE ] removing card from slot 1
[2022-12-15 08:38:39] [SEVERE ] removing card from slot 2
[2022-12-15 08:38:39] [SEVERE ] placing card 51 in slot 0
[2022-12-15 08:38:39] [SEVERE ] placing card 33 in slot 1
[2022-12-15 08:38:39] [SEVERE ] placing card 60 in slot 2
[2022-12-15 08:38:39] [SEVERE ] removing card from slot 0
[2022-12-15 08:38:39] [SEVERE ] removing card from slot 1
[2022-12-15 08:38:39] [SEVERE ] removing card from slot 2
[2022-12-15 08:38:39] [SEVERE ] placing card 0 in slot 0
[2022-12-15 08:38:39] [SEVERE ] placing card 35 in slot 1
[2022-12-15 08:38:40] [SEVERE ] placing card 64 in slot 2
[2022-12-15 08:38:40] [SEVERE ] removing card from slot 0
[2022-12-15 08:38:40] [SEVERE ] removing card from slot 1
[2022-12-15 08:38:40] [SEVERE ] removing card from slot 2
[2022-12-15 08:38:40] [SEVERE ] placing card 50 in slot 0
[2022-12-15 08:38:40] [SEVERE ] placing card 40 in slot 1
[2022-12-15 08:38:40] [SEVERE ] placing card 45 in slot 2
[2022-12-15 08:38:40] [SEVERE ] removing card from slot 0
[2022-12-15 08:38:40] [SEVERE ] removing card from slot 1
[2022-12-15 08:38:40] [SEVERE ] removing card from slot 2
[2022-12-15 08:38:40] [SEVERE ] placing card 71 in slot 0
[2022-12-15 08:38:40] [SEVERE ] placing card 72 in slot 1
[2022-12-15 08:38:40] [SEVERE ] placing card 47 in slot 2
[2022-12-15 08:38:40] [SEVERE ] removing card from slot 0
[2022-12-15 08:38:40] [SEVERE ] removing card from slot 1
[2022-12-15 08:38:40] [SEVERE ] removing card from slot 2
[2022-12-15 08:38:40] [SEVERE ] placing card 46 in slot 0
[2022-12-15 08:38:40] [SEVERE ] placing card 3 in slot 1
[2022-12-15 08:38:41] [SEVERE ] placing card 68 in slot 2
[2022-12-15 08:38:41] [SEVERE ] removing card from slot 0
[2022-12-15 08:38:41] [SEVERE ] removing card from slot 1
[2022-12-15 08:38:41] [SEVERE ] removing card from slot 2
[2022-12-15 08:38:41] [SEVERE ] placing card 59 in slot 0
[2022-12-15 08:38:41] [SEVERE ] placing card 70 in slot 1
[2022-12-15 08:38:41] [SEVERE ] placing card 61 in slot 2
[2022-12-15 08:38:41] [SEVERE ] removing card from slot 0
[2022-12-15 08:38:41] [SEVERE ] removing card from slot 1
[2022-12-15 08:38:41] [SEVERE ] removing card from slot 2
[2022-12-15 08:38:41] [SEVERE ] placing card 40 in slot 0
[2022-12-15 08:38:41] [SEVERE ] placing card 46 in slot 1
[2022-12-15 08:38:41] [SEVERE ] placing card 43 in slot 2
[2022-12-15 08:38:41] [SEVERE ] removing card from slot 0
[2022-12-15 08:38:41] [SEVERE ] removing card from slot 1
[2022-12-15 08:38:41] [SEVERE ] removing card from slot 2
[2022-12-15 08:38:41] [SEVERE ] placing card 79 in slot 0
[2022-12-15 08:38:41] [SEVERE ] placing card 29 in slot 1
[2022-12-15 08:38:41] [SEVERE ] Key 85 was pressed by player 1
[2022-12-15 08:38:41] [SEVERE ] player 1 placing token on slot 0
[2022-12-15 08:38:41] [SEVERE ] placing card 62 in slot 2
[2022-12-15 08:38:41] [SEVERE ] removing card from slot 0
[2022-12-15 08:38:41] [SEVERE ] removing card from slot 1
[2022-12-15 08:38:41] [SEVERE ] removing card from slot 2
[2022-12-15 08:38:42] [SEVERE ] placing card 63 in slot 0
[2022-12-15 08:38:42] [SEVERE ] placing card 41 in slot 1
[2022-12-15 08:38:42] [SEVERE ] placing card 7 in slot 2
[2022-12-15 08:38:42] [SEVERE ] removing card from slot 0
[2022-12-15 08:38:42] [SEVERE ] removing card from slot 1
[2022-12-15 08:38:42] [SEVERE ] removing card from slot 2
[2022-12-15 08:38:42] [SEVERE ] placing card 38 in slot 0
[2022-12-15 08:38:42] [SEVERE ] placing card 46 in slot 1
[2022-12-15 08:38:42] [SEVERE ] placing card 66 in slot 2
[2022-12-15 08:38:42] [SEVERE ] removing card from slot 0
[2022-12-15 08:38:42] [SEVERE ] removing card from slot 1
[2022-12-15 08:38:42] [SEVERE ] removing card from slot 2
[2022-12-15 08:38:42] [SEVERE ] placing card 30 in slot 0
[2022-12-15 08:38:42] [SEVERE ] placing card 55 in slot 1
[2022-12-15 08:38:42] [SEVERE ] placing card 77 in slot 2
[2022-12-15 08:38:42] [SEVERE ] removing card from slot 0
[2022-12-15 08:38:42] [SEVERE ] removing card from slot 1
[2022-12-15 08:38:42] [SEVERE ] removing card from slot 2
[2022-12-15 08:38:43] [SEVERE ] placing card 77 in slot 0
[2022-12-15 08:38:43] [SEVERE ] placing card 17 in slot 1
[2022-12-15 08:38:43] [SEVERE ] Key 73 was pressed by player 1
[2022-12-15 08:38:43] [SEVERE ] player 1 placing token on slot 1
[2022-12-15 08:38:43] [SEVERE ] placing card 25 in slot 2
[2022-12-15 08:38:43] [SEVERE ] removing card from slot 0
[2022-12-15 08:38:43] [SEVERE ] removing card from slot 1
[2022-12-15 08:38:43] [SEVERE ] removing card from slot 2
[2022-12-15 08:38:43] [SEVERE ] placing card 8 in slot 0
[2022-12-15 08:38:43] [SEVERE ] placing card 43 in slot 1
[2022-12-15 08:38:43] [SEVERE ] placing card 68 in slot 2
[2022-12-15 08:38:43] [SEVERE ] removing card from slot 0
[2022-12-15 08:38:43] [SEVERE ] removing card from slot 1
[2022-12-15 08:38:43] [SEVERE ] removing card from slot 2
[2022-12-15 08:38:43] [SEVERE ] placing card 41 in slot 0
[2022-12-15 08:38:43] [SEVERE ] placing card 9 in slot 1
[2022-12-15 08:38:43] [SEVERE ] placing card 63 in slot 2
[2022-12-15 08:38:43] [SEVERE ] removing card from slot 0
[2022-12-15 08:38:43] [SEVERE ] removing card from slot 1
[2022-12-15 08:38:43] [SEVERE ] removing card from slot 2
[2022-12-15 08:38:43] [SEVERE ] placing card 36 in slot 0
[2022-12-15 08:38:44] [SEVERE ] placing card 26 in slot 1
[2022-12-15 08:38:44] [SEVERE ] placing card 68 in slot 2
[2022-12-15 08:38:44] [SEVERE ] removing card from slot 0
[2022-12-15 08:38:44] [SEVERE ] removing card from slot 1
[2022-12-15 08:38:44] [SEVERE ] removing card from slot 2
[2022-12-15 08:38:44] [SEVERE ] placing card 18 in slot 0
[2022-12-15 08:38:44] [SEVERE ] placing card 75 in slot 1
[2022-12-15 08:38:44] [SEVERE ] placing card 67 in slot 2
[2022-12-15 08:38:44] [SEVERE ] removing card from slot 0
[2022-12-15 08:38:44] [SEVERE ] removing card from slot 1
[2022-12-15 08:38:44] [SEVERE ] removing card from slot 2
[2022-12-15 08:38:44] [SEVERE ] placing card 73 in slot 0
[2022-12-15 08:38:44] [SEVERE ] placing card 15 in slot 1
[2022-12-15 08:38:44] [SEVERE ] placing card 34 in slot 2
[2022-12-15 08:38:44] [SEVERE ] removing card from slot 0
[2022-12-15 08:38:44] [SEVERE ] removing card from slot 1
[2022-12-15 08:38:44] [SEVERE ] removing card from slot 2
[2022-12-15 08:38:44] [SEVERE ] placing card 14 in slot 0
[2022-12-15 08:38:45] [SEVERE ] placing card 72 in slot 1
[2022-12-15 08:38:45] [SEVERE ] placing card 49 in slot 2
[2022-12-15 08:38:45] [SEVERE ] removing card from slot 0
[2022-12-15 08:38:45] [SEVERE ] removing card from slot 1
[2022-12-15 08:38:45] [SEVERE ] removing card from slot 2
[2022-12-15 08:38:45] [SEVERE ] placing card 38 in slot 0
[2022-12-15 08:38:45] [SEVERE ] placing card 79 in slot 1
[2022-12-15 08:38:45] [SEVERE ] placing card 76 in slot 2
[2022-12-15 08:38:45] [SEVERE ] removing card from slot 0
[2022-12-15 08:38:45] [SEVERE ] removing card from slot 1
[2022-12-15 08:38:45] [SEVERE ] removing card from slot 2
[2022-12-15 08:38:45] [SEVERE ] placing card 22 in slot 0
[2022-12-15 08:38:45] [SEVERE ] Key 85 was pressed by player 1
[2022-12-15 08:38:45] [SEVERE ] removing player 1 token from slot 0
[2022-12-15 08:38:45] [SEVERE ] placing card 38 in slot 1
[2022-12-15 08:38:45] [SEVERE ] placing card 68 in slot 2
[2022-12-15 08:38:45] [SEVERE ] removing card from slot 0
[2022-12-15 08:38:45] [SEVERE ] removing card from slot 1
[2022-12-15 08:38:45] [SEVERE ] removing card from slot 2
[2022-12-15 08:38:45] [SEVERE ] placing card 19 in slot 0
[2022-12-15 08:38:45] [SEVERE ] placing card 50 in slot 1
[2022-12-15 08:38:46] [SEVERE ] placing card 67 in slot 2
[2022-12-15 08:38:46] [SEVERE ] removing card from slot 0
[2022-12-15 08:38:46] [SEVERE ] removing card from slot 1
[2022-12-15 08:38:46] [SEVERE ] removing card from slot 2
[2022-12-15 08:38:46] [SEVERE ] placing card 72 in slot 0
[2022-12-15 08:38:46] [SEVERE ] placing card 61 in slot 1
[2022-12-15 08:38:46] [SEVERE ] placing card 26 in slot 2
[2022-12-15 08:38:46] [SEVERE ] removing card from slot 0
[2022-12-15 08:38:46] [SEVERE ] removing card from slot 1
[2022-12-15 08:38:46] [SEVERE ] removing card from slot 2
[2022-12-15 08:38:46] [SEVERE ] Key 73 was pressed by player 1
[2022-12-15 08:38:46] [SEVERE ] placing card 26 in slot 0
[2022-12-15 08:38:46] [SEVERE ] placing card 47 in slot 1
[2022-12-15 08:38:46] [SEVERE ] placing card 30 in slot 2
[2022-12-15 08:38:46] [SEVERE ] removing card from slot 0
[2022-12-15 08:38:46] [SEVERE ] removing card from slot 1
[2022-12-15 08:38:46] [SEVERE ] removing card from slot 2
[2022-12-15 08:38:46] [SEVERE ] placing card 64 in slot 0
[2022-12-15 08:38:46] [SEVERE ] placing card 26 in slot 1
[2022-12-15 08:38:47] [SEVERE ] placing card 34 in slot 2
[2022-12-15 08:38:47] [SEVERE ] removing card from slot 0
[2022-12-15 08:38:47] [SEVERE ] removing card from slot 1
[2022-12-15 08:38:47] [SEVERE ] removing card from slot 2
[2022-12-15 08:38:47] [SEVERE ] placing card 74 in slot 0
[2022-12-15 08:38:47] [SEVERE ] placing card 33 in slot 1
[2022-12-15 08:38:47] [SEVERE ] placing card 70 in slot 2
[2022-12-15 08:38:47] [SEVERE ] removing card from slot 0
[2022-12-15 08:38:47] [SEVERE ] removing card from slot 1
[2022-12-15 08:38:47] [SEVERE ] removing card from slot 2
[2022-12-15 08:38:47] [SEVERE ] placing card 76 in slot 0
[2022-12-15 08:38:47] [SEVERE ] placing card 63 in slot 1
[2022-12-15 08:38:47] [SEVERE ] placing card 65 in slot 2
[2022-12-15 08:38:47] [SEVERE ] removing card from slot 0
[2022-12-15 08:38:47] [SEVERE ] removing card from slot 1
[2022-12-15 08:38:47] [SEVERE ] removing card from slot 2
[2022-12-15 08:38:47] [SEVERE ] placing card 70 in slot 0
[2022-12-15 08:38:47] [SEVERE ] placing card 60 in slot 1
[2022-12-15 08:38:47] [SEVERE ] placing card 32 in slot 2
[2022-12-15 08:38:47] [SEVERE ] removing card from slot 0
[2022-12-15 08:38:47] [SEVERE ] removing card from slot 1
[2022-12-15 08:38:47] [SEVERE ] removing card from slot 2
[2022-12-15 08:38:48] [SEVERE ] Key 73 was pressed by player 1
[2022-12-15 08:38:48] [SEVERE ] placing card 13 in slot 0
[2022-12-15 08:38:48] [SEVERE ] placing card 34 in slot 1
[2022-12-15 08:38:48] [SEVERE ] placing card 70 in slot 2
[2022-12-15 08:38:48] [SEVERE ] removing card from slot 0
[2022-12-15 08:38:48] [SEVERE ] removing card from slot 1
[2022-12-15 08:38:48] [SEVERE ] removing card from slot 2
[2022-12-15 08:38:48] [SEVERE ] placing card 15 in slot 0
[2022-12-15 08:38:48] [SEVERE ] placing card 74 in slot 1
[2022-12-15 08:38:48] [SEVERE ] placing card 2 in slot 2
[2022-12-15 08:38:48] [SEVERE ] removing card from slot 0
[2022-12-15 08:38:48] [SEVERE ] removing card from slot 1
[2022-12-15 08:38:48] [SEVERE ] removing card from slot 2
[2022-12-15 08:38:48] [SEVERE ] placing card 32 in slot 0
[2022-12-15 08:38:48] [SEVERE ] placing card 40 in slot 1
[2022-12-15 08:38:48] [SEVERE ] placing card 52 in slot 2
[2022-12-15 08:38:48] [SEVERE ] removing card from slot 0
[2022-12-15 08:38:48] [SEVERE ] removing card from slot 1
[2022-12-15 08:38:48] [SEVERE ] removing card from slot 2
[2022-12-15 08:38:48] [SEVERE ] Key 73 was pressed by player 1
[2022-12-15 08:38:49] [SEVERE ] placing card 9 in slot 0
[2022-12-15 08:38:49] [SEVERE ] placing card 62 in slot 1
[2022-12-15 08:38:49] [SEVERE ] placing card 47 in slot 2
[2022-12-15 08:38:49] [SEVERE ] removing card from slot 0
[2022-12-15 08:38:49] [SEVERE ] removing card from slot 1
[2022-12-15 08:38:49] [SEVERE ] removing card from slot 2
[2022-12-15 08:38:49] [SEVERE ] placing card 15 in slot 0
[2022-12-15 08:38:49] [SEVERE ] placing card 55 in slot 1
[2022-12-15 08:38:49] [SEVERE ] placing card 30 in slot 2
[2022-12-15 08:38:49] [SEVERE ] removing card from slot 0
[2022-12-15 08:38:49] [SEVERE ] removing card from slot 1
[2022-12-15 08:38:49] [SEVERE ] removing card from slot 2
[2022-12-15 08:38:49] [SEVERE ] placing card 21 in slot 0
[2022-12-15 08:38:49] [SEVERE ] placing card 33 in slot 1
[2022-12-15 08:38:49] [SEVERE ] Key 73 was pressed by player 1
[2022-12-15 08:38:49] [SEVERE ] removing player 1 token from slot 1
[2022-12-15 08:38:49] [SEVERE ] placing card 50 in slot 2
[2022-12-15 08:38:49] [SEVERE ] removing card from slot 0
[2022-12-15 08:38:49] [SEVERE ] removing card from slot 1
[2022-12-15 08:38:49] [SEVERE ] removing card from slot 2
[2022-12-15 08:38:49] [SEVERE ] placing card 20 in slot 0
[2022-12-15 08:38:50] [SEVERE ] placing card 68 in slot 1
[2022-12-15 08:38:50] [SEVERE ] placing card 25 in slot 2
[2022-12-15 08:38:50] [SEVERE ] removing card from slot 0
[2022-12-15 08:38:50] [SEVERE ] removing card from slot 1
[2022-12-15 08:38:50] [SEVERE ] removing card from slot 2
[2022-12-15 08:38:50] [SEVERE ] placing card 51 in slot 0
[2022-12-15 08:38:50] [SEVERE ] placing card 72 in slot 1
[2022-12-15 08:38:50] [SEVERE ] placing card 25 in slot 2
[2022-12-15 08:38:50] [SEVERE ] removing card from slot 0
[2022-12-15 08:38:50] [SEVERE ] removing card from slot 1
[2022-12-15 08:38:50] [SEVERE ] removing card from slot 2
[2022-12-15 08:38:50] [SEVERE ] placing card 44 in slot 0
[2022-12-15 08:38:50] [SEVERE ] placing card 25 in slot 1
[2022-12-15 08:38:50] [SEVERE ] placing card 74 in slot 2
[2022-12-15 08:38:50] [SEVERE ] removing card from slot 0
[2022-12-15 08:38:50] [SEVERE ] removing card from slot 1
[2022-12-15 08:38:50] [SEVERE ] removing card from slot 2
[2022-12-15 08:38:50] [SEVERE ] placing card 30 in slot 0
[2022-12-15 08:38:51] [SEVERE ] placing card 66 in slot 1
[2022-12-15 08:38:51] [SEVERE ] Key 73 was pressed by player 1
[2022-12-15 08:38:51] [SEVERE ] player 1 placing token on slot 1
[2022-12-15 08:38:51] [SEVERE ] placing card 63 in slot 2
[2022-12-15 08:38:51] [SEVERE ] removing card from slot 0
[2022-12-15 08:38:51] [SEVERE ] removing card from slot 1
[2022-12-15 08:38:51] [SEVERE ] removing card from slot 2
[2022-12-15 08:38:51] [SEVERE ] placing card 22 in slot 0
[2022-12-15 08:38:51] [SEVERE ] placing card 69 in slot 1
[2022-12-15 08:38:51] [SEVERE ] placing card 45 in slot 2
[2022-12-15 08:38:51] [SEVERE ] removing card from slot 0
[2022-12-15 08:38:51] [SEVERE ] removing card from slot 1
[2022-12-15 08:38:51] [SEVERE ] removing card from slot 2
[2022-12-15 08:38:51] [SEVERE ] placing card 50 in slot 0
[2022-12-15 08:38:51] [SEVERE ] placing card 41 in slot 1
[2022-12-15 08:38:51] [SEVERE ] placing card 49 in slot 2
[2022-12-15 08:38:51] [SEVERE ] removing card from slot 0
[2022-12-15 08:38:51] [SEVERE ] removing card from slot 1
[2022-12-15 08:38:51] [SEVERE ] removing card from slot 2
[2022-12-15 08:38:51] [SEVERE ] placing card 56 in slot 0
[2022-12-15 08:38:51] [SEVERE ] placing card 20 in slot 1
[2022-12-15 08:38:52] [SEVERE ] placing card 1 in slot 2
[2022-12-15 08:38:52] [SEVERE ] removing card from slot 0
[2022-12-15 08:38:52] [SEVERE ] removing card from slot 1
[2022-12-15 08:38:52] [SEVERE ] removing card from slot 2
[2022-12-15 08:38:52] [SEVERE ] placing card 3 in slot 0
[2022-12-15 08:38:52] [SEVERE ] placing card 48 in slot 1
[2022-12-15 08:38:52] [SEVERE ] placing card 71 in slot 2
[2022-12-15 08:38:52] [SEVERE ] removing card from slot 0
[2022-12-15 08:38:52] [SEVERE ] removing card from slot 1
[2022-12-15 08:38:52] [SEVERE ] removing card from slot 2
[2022-12-15 08:38:52] [SEVERE ] placing card 38 in slot 0
[2022-12-15 08:38:52] [SEVERE ] Key 73 was pressed by player 1
[2022-12-15 08:38:52] [SEVERE ] placing card 20 in slot 1
[2022-12-15 08:38:52] [SEVERE ] placing card 15 in slot 2
[2022-12-15 08:38:52] [SEVERE ] removing card from slot 0
[2022-12-15 08:38:52] [SEVERE ] removing card from slot 1
[2022-12-15 08:38:52] [SEVERE ] removing card from slot 2
[2022-12-15 08:38:52] [SEVERE ] placing card 21 in slot 0
[2022-12-15 08:38:52] [SEVERE ] placing card 38 in slot 1
[2022-12-15 08:38:52] [SEVERE ] placing card 65 in slot 2
[2022-12-15 08:38:52] [SEVERE ] removing card from slot 0
[2022-12-15 08:38:52] [SEVERE ] removing card from slot 1
[2022-12-15 08:38:52] [SEVERE ] removing card from slot 2
[2022-12-15 08:38:53] [SEVERE ] placing card 66 in slot 0
[2022-12-15 08:38:53] [SEVERE ] placing card 45 in slot 1
[2022-12-15 08:38:53] [SEVERE ] placing card 0 in slot 2
[2022-12-15 08:38:53] [SEVERE ] removing card from slot 0
[2022-12-15 08:38:53] [SEVERE ] removing card from slot 1
[2022-12-15 08:38:53] [SEVERE ] removing card from slot 2
[2022-12-15 08:38:53] [SEVERE ] placing card 21 in slot 0
[2022-12-15 08:38:53] [SEVERE ] placing card 23 in slot 1
[2022-12-15 08:38:53] [SEVERE ] placing card 69 in slot 2
[2022-12-15 08:38:53] [SEVERE ] removing card from slot 0
[2022-12-15 08:38:53] [SEVERE ] removing card from slot 1
[2022-12-15 08:38:53] [SEVERE ] removing card from slot 2
[2022-12-15 08:38:53] [SEVERE ] placing card 62 in slot 0
[2022-12-15 08:38:53] [SEVERE ] placing card 59 in slot 1
[2022-12-15 08:38:53] [SEVERE ] placing card 54 in slot 2
[2022-12-15 08:38:53] [SEVERE ] removing card from slot 0
[2022-12-15 08:38:53] [SEVERE ] removing card from slot 1
[2022-12-15 08:38:53] [SEVERE ] removing card from slot 2
[2022-12-15 08:38:54] [SEVERE ] placing card 59 in slot 0
[2022-12-15 08:38:54] [SEVERE ] placing card 64 in slot 1
[2022-12-15 08:38:54] [SEVERE ] placing card 17 in slot 2
[2022-12-15 08:38:54] [SEVERE ] removing card from slot 0
[2022-12-15 08:38:54] [SEVERE ] removing card from slot 1
[2022-12-15 08:38:54] [SEVERE ] removing card from slot 2
[2022-12-15 08:38:54] [SEVERE ] placing card 30 in slot 0
[2022-12-15 08:38:54] [SEVERE ] placing card 70 in slot 1
[2022-12-15 08:38:54] [SEVERE ] placing card 73 in slot 2
[2022-12-15 08:38:54] [SEVERE ] removing card from slot 0
[2022-12-15 08:38:54] [SEVERE ] removing card from slot 1
[2022-12-15 08:38:54] [SEVERE ] removing card from slot 2
[2022-12-15 08:38:54] [SEVERE ] placing card 73 in slot 0
[2022-12-15 08:38:54] [SEVERE ] placing card 61 in slot 1
[2022-12-15 08:38:54] [SEVERE ] placing card 54 in slot 2
[2022-12-15 08:38:54] [SEVERE ] removing card from slot 0
[2022-12-15 08:38:54] [SEVERE ] removing card from slot 1
[2022-12-15 08:38:54] [SEVERE ] removing card from slot 2
[2022-12-15 08:38:54] [SEVERE ] placing card 54 in slot 0
[2022-12-15 08:38:55] [SEVERE ] placing card 55 in slot 1
[2022-12-15 08:38:55] [SEVERE ] placing card 68 in slot 2
[2022-12-15 08:38:55] [SEVERE ] removing card from slot 0
[2022-12-15 08:38:55] [SEVERE ] removing card from slot 1
[2022-12-15 08:38:55] [SEVERE ] removing card from slot 2
[2022-12-15 08:38:55] [SEVERE ] placing card 47 in slot 0
[2022-12-15 08:38:55] [SEVERE ] Key 73 was pressed by player 1
[2022-12-15 08:38:55] [SEVERE ] placing card 24 in slot 1
[2022-12-15 08:38:55] [SEVERE ] placing card 63 in slot 2
[2022-12-15 08:38:55] [SEVERE ] removing card from slot 0
[2022-12-15 08:38:55] [SEVERE ] removing card from slot 1
[2022-12-15 08:38:55] [SEVERE ] removing card from slot 2
[2022-12-15 08:38:55] [SEVERE ] placing card 72 in slot 0
[2022-12-15 08:38:55] [SEVERE ] placing card 16 in slot 1
[2022-12-15 08:38:55] [SEVERE ] placing card 24 in slot 2
[2022-12-15 08:38:55] [SEVERE ] removing card from slot 0
[2022-12-15 08:38:55] [SEVERE ] removing card from slot 1
[2022-12-15 08:38:55] [SEVERE ] removing card from slot 2
[2022-12-15 08:38:55] [SEVERE ] placing card 60 in slot 0
[2022-12-15 08:38:56] [SEVERE ] placing card 33 in slot 1
[2022-12-15 08:38:56] [SEVERE ] placing card 1 in slot 2
[2022-12-15 08:38:56] [SEVERE ] removing card from slot 0
[2022-12-15 08:38:56] [SEVERE ] removing card from slot 1
[2022-12-15 08:38:56] [SEVERE ] removing card from slot 2
[2022-12-15 08:38:56] [SEVERE ] placing card 76 in slot 0
[2022-12-15 08:38:56] [SEVERE ] placing card 79 in slot 1
[2022-12-15 08:38:56] [SEVERE ] placing card 26 in slot 2
[2022-12-15 08:38:56] [SEVERE ] removing card from slot 0
[2022-12-15 08:38:56] [SEVERE ] removing card from slot 1
[2022-12-15 08:38:56] [SEVERE ] removing card from slot 2
[2022-12-15 08:38:56] [SEVERE ] placing card 69 in slot 0
[2022-12-15 08:38:56] [SEVERE ] placing card 67 in slot 1
[2022-12-15 08:38:56] [SEVERE ] placing card 59 in slot 2
[2022-12-15 08:38:56] [SEVERE ] removing card from slot 0
[2022-12-15 08:38:56] [SEVERE ] removing card from slot 1
[2022-12-15 08:38:56] [SEVERE ] removing card from slot 2
[2022-12-15 08:38:56] [SEVERE ] Key 79 was pressed by player 1
[2022-12-15 08:38:56] [SEVERE ] placing card 75 in slot 0
[2022-12-15 08:38:56] [SEVERE ] placing card 66 in slot 1
[2022-12-15 08:38:57] [SEVERE ] placing card 44 in slot 2
[2022-12-15 08:38:57] [SEVERE ] removing card from slot 0
[2022-12-15 08:38:57] [SEVERE ] removing card from slot 1
[2022-12-15 08:38:57] [SEVERE ] removing card from slot 2
[2022-12-15 08:38:57] [SEVERE ] placing card 65 in slot 0
[2022-12-15 08:38:57] [SEVERE ] placing card 19 in slot 1
[2022-12-15 08:38:57] [SEVERE ] placing card 16 in slot 2
[2022-12-15 08:38:57] [SEVERE ] removing card from slot 0
[2022-12-15 08:38:57] [SEVERE ] removing card from slot 1
[2022-12-15 08:38:57] [SEVERE ] removing card from slot 2
[2022-12-15 08:38:57] [SEVERE ] placing card 69 in slot 0
[2022-12-15 08:38:57] [SEVERE ] placing card 44 in slot 1
[2022-12-15 08:38:57] [SEVERE ] Key 80 was pressed by player 1
[2022-12-15 08:38:57] [SEVERE ] player 1 placing token on slot 3
[2022-12-15 08:38:57] [SEVERE ] placing card 22 in slot 2
[2022-12-15 08:38:57] [SEVERE ] removing card from slot 0
[2022-12-15 08:38:57] [SEVERE ] removing card from slot 1
[2022-12-15 08:38:57] [SEVERE ] removing card from slot 2
[2022-12-15 08:38:57] [SEVERE ] placing card 44 in slot 0
[2022-12-15 08:38:57] [SEVERE ] placing card 31 in slot 1
[2022-12-15 08:38:58] [SEVERE ] placing card 13 in slot 2
[2022-12-15 08:38:58] [SEVERE ] removing card from slot 0
[2022-12-15 08:38:58] [SEVERE ] removing card from slot 1
[2022-12-15 08:38:58] [SEVERE ] removing card from slot 2
[2022-12-15 08:38:58] [SEVERE ] placing card 76 in slot 0
[2022-12-15 08:38:58] [SEVERE ] placing card 64 in slot 1
[2022-12-15 08:38:58] [SEVERE ] placing card 72 in slot 2
[2022-12-15 08:38:58] [SEVERE ] removing card from slot 0
[2022-12-15 08:38:58] [SEVERE ] removing card from slot 1
[2022-12-15 08:38:58] [SEVERE ] removing card from slot 2
[2022-12-15 08:38:58] [SEVERE ] placing card 41 in slot 0
[2022-12-15 08:38:58] [SEVERE ] placing card 63 in slot 1
[2022-12-15 08:38:58] [SEVERE ] placing card 21 in slot 2
[2022-12-15 08:38:58] [SEVERE ] removing card from slot 0
[2022-12-15 08:38:58] [SEVERE ] removing card from slot 1
[2022-12-15 08:38:58] [SEVERE ] removing card from slot 2
[2022-12-15 08:38:58] [SEVERE ] placing card 1 in slot 0
[2022-12-15 08:38:58] [SEVERE ] Key 80 was pressed by player 1
[2022-12-15 08:38:58] [SEVERE ] removing player 1 token from slot 3
[2022-12-15 08:38:58] [SEVERE ] placing card 23 in slot 1
[2022-12-15 08:38:58] [SEVERE ] placing card 71 in slot 2
[2022-12-15 08:38:58] [SEVERE ] removing card from slot 0
[2022-12-15 08:38:58] [SEVERE ] removing card from slot 1
[2022-12-15 08:38:58] [SEVERE ] removing card from slot 2
[2022-12-15 08:38:59] [SEVERE ] placing card 50 in slot 0
[2022-12-15 08:38:59] [SEVERE ] placing card 56 in slot 1
[2022-12-15 08:38:59] [SEVERE ] placing card 66 in slot 2
[2022-12-15 08:38:59] [SEVERE ] removing card from slot 0
[2022-12-15 08:38:59] [SEVERE ] removing card from slot 1
[2022-12-15 08:38:59] [SEVERE ] removing card from slot 2
[2022-12-15 08:38:59] [SEVERE ] placing card 41 in slot 0
[2022-12-15 08:38:59] [SEVERE ] placing card 32 in slot 1
[2022-12-15 08:38:59] [SEVERE ] Key 73 was pressed by player 1
[2022-12-15 08:38:59] [SEVERE ] removing player 1 token from slot 1
[2022-12-15 08:38:59] [SEVERE ] placing card 45 in slot 2
[2022-12-15 08:38:59] [SEVERE ] removing card from slot 0
[2022-12-15 08:38:59] [SEVERE ] removing card from slot 1
[2022-12-15 08:38:59] [SEVERE ] removing card from slot 2
[2022-12-15 08:38:59] [SEVERE ] placing card 18 in slot 0
[2022-12-15 08:38:59] [SEVERE ] placing card 25 in slot 1
[2022-12-15 08:38:59] [SEVERE ] placing card 54 in slot 2
[2022-12-15 08:38:59] [SEVERE ] removing card from slot 0
[2022-12-15 08:38:59] [SEVERE ] removing card from slot 1
[2022-12-15 08:38:59] [SEVERE ] removing card from slot 2
[2022-12-15 08:39:00] [SEVERE ] placing card 49 in slot 0
[2022-12-15 08:39:00] [SEVERE ] placing card 54 in slot 1
[2022-12-15 08:39:00] [SEVERE ] Key 80 was pressed by player 1
[2022-12-15 08:39:00] [SEVERE ] player 1 placing token on slot 3
[2022-12-15 08:39:00] [SEVERE ] placing card 45 in slot 2
[2022-12-15 08:39:00] [SEVERE ] removing card from slot 0
[2022-12-15 08:39:00] [SEVERE ] removing card from slot 1
[2022-12-15 08:39:00] [SEVERE ] removing card from slot 2
[2022-12-15 08:39:00] [SEVERE ] placing card 62 in slot 0
[2022-12-15 08:39:00] [SEVERE ] placing card 34 in slot 1
[2022-12-15 08:39:00] [SEVERE ] placing card 23 in slot 2
[2022-12-15 08:39:00] [SEVERE ] removing card from slot 0
[2022-12-15 08:39:00] [SEVERE ] removing card from slot 1
[2022-12-15 08:39:00] [SEVERE ] removing card from slot 2
[2022-12-15 08:39:00] [SEVERE ] placing card 69 in slot 0
[2022-12-15 08:39:00] [SEVERE ] placing card 21 in slot 1
[2022-12-15 08:39:00] [SEVERE ] Key 73 was pressed by player 1
[2022-12-15 08:39:00] [SEVERE ] player 1 placing token on slot 1
[2022-12-15 08:39:00] [SEVERE ] placing card 65 in slot 2
[2022-12-15 08:39:00] [SEVERE ] removing card from slot 0
[2022-12-15 08:39:00] [SEVERE ] removing card from slot 1
[2022-12-15 08:39:00] [SEVERE ] removing card from slot 2
[2022-12-15 08:39:00] [SEVERE ] placing card 7 in slot 0
[2022-12-15 08:39:01] [SEVERE ] placing card 20 in slot 1
[2022-12-15 08:39:01] [SEVERE ] placing card 55 in slot 2
[2022-12-15 08:39:01] [SEVERE ] removing card from slot 0
[2022-12-15 08:39:01] [SEVERE ] removing card from slot 1
[2022-12-15 08:39:01] [SEVERE ] removing card from slot 2
[2022-12-15 08:39:01] [SEVERE ] Key 80 was pressed by player 1
[2022-12-15 08:39:01] [SEVERE ] removing player 1 token from slot 3
[2022-12-15 08:39:01] [SEVERE ] placing card 70 in slot 0
[2022-12-15 08:39:01] [SEVERE ] placing card 18 in slot 1
[2022-12-15 08:39:01] [SEVERE ] placing card 8 in slot 2
[2022-12-15 08:39:01] [SEVERE ] removing card from slot 0
[2022-12-15 08:39:01] [SEVERE ] removing card from slot 1
[2022-12-15 08:39:01] [SEVERE ] removing card from slot 2
[2022-12-15 08:39:01] [SEVERE ] placing card 14 in slot 0
[2022-12-15 08:39:01] [SEVERE ] Key 73 was pressed by player 1
[2022-12-15 08:39:01] [SEVERE ] placing card 74 in slot 1
[2022-12-15 08:39:01] [SEVERE ] placing card 22 in slot 2
[2022-12-15 08:39:01] [SEVERE ] removing card from slot 0
[2022-12-15 08:39:01] [SEVERE ] removing card from slot 1
[2022-12-15 08:39:01] [SEVERE ] removing card from slot 2
[2022-12-15 08:39:01] [SEVERE ] placing card 22 in slot 0
[2022-12-15 08:39:01] [SEVERE ] placing card 74 in slot 1
[2022-12-15 08:39:02] [SEVERE ] Key 80 was pressed by player 1
[2022-12-15 08:39:02] [SEVERE ] player 1 placing token on slot 3
[2022-12-15 08:39:02] [SEVERE ] placing card 35 in slot 2
[2022-12-15 08:39:02] [SEVERE ] removing card from slot 0
[2022-12-15 08:39:02] [SEVERE ] removing card from slot 1
[2022-12-15 08:39:02] [SEVERE ] removing card from slot 2
[2022-12-15 08:39:02] [SEVERE ] placing card 47 in slot 0
[2022-12-15 08:39:02] [SEVERE ] placing card 40 in slot 1
[2022-12-15 08:39:02] [SEVERE ] placing card 80 in slot 2
[2022-12-15 08:39:02] [SEVERE ] removing card from slot 0
[2022-12-15 08:39:02] [SEVERE ] removing card from slot 1
[2022-12-15 08:39:02] [SEVERE ] removing card from slot 2
[2022-12-15 08:39:02] [SEVERE ] placing card 56 in slot 0
[2022-12-15 08:39:02] [SEVERE ] placing card 17 in slot 1
[2022-12-15 08:39:02] [SEVERE ] placing card 67 in slot 2
[2022-12-15 08:39:02] [SEVERE ] removing card from slot 0
[2022-12-15 08:39:02] [SEVERE ] removing card from slot 1
[2022-12-15 08:39:02] [SEVERE ] removing card from slot 2
[2022-12-15 08:39:02] [SEVERE ] placing card 68 in slot 0
[2022-12-15 08:39:02] [SEVERE ] placing card 41 in slot 1
[2022-12-15 08:39:03] [SEVERE ] placing card 43 in slot 2
[2022-12-15 08:39:03] [SEVERE ] removing card from slot 0
[2022-12-15 08:39:03] [SEVERE ] removing card from slot 1
[2022-12-15 08:39:03] [SEVERE ] removing card from slot 2
[2022-12-15 08:39:03] [SEVERE ] placing card 46 in slot 0
[2022-12-15 08:39:03] [SEVERE ] placing card 66 in slot 1
[2022-12-15 08:39:03] [SEVERE ] placing card 13 in slot 2
[2022-12-15 08:39:03] [SEVERE ] removing card from slot 0
[2022-12-15 08:39:03] [SEVERE ] removing card from slot 1
[2022-12-15 08:39:03] [SEVERE ] removing card from slot 2
[2022-12-15 08:39:03] [SEVERE ] Key 59 was pressed by player 1
[2022-12-15 08:39:03] [SEVERE ] player 1 placing token on slot 7
[2022-12-15 08:39:03] [SEVERE ] placing card 31 in slot 0
[2022-12-15 08:39:03] [SEVERE ] placing card 20 in slot 1
[2022-12-15 08:39:03] [SEVERE ] placing card 43 in slot 2
[2022-12-15 08:39:03] [SEVERE ] removing card from slot 0
[2022-12-15 08:39:03] [SEVERE ] removing card from slot 1
[2022-12-15 08:39:03] [SEVERE ] removing card from slot 2
[2022-12-15 08:39:03] [SEVERE ] placing card 33 in slot 0
[2022-12-15 08:39:03] [SEVERE ] placing card 11 in slot 1
[2022-12-15 08:39:03] [SEVERE ] placing card 25 in slot 2
[2022-12-15 08:39:03] [SEVERE ] removing card from slot 0
[2022-12-15 08:39:03] [SEVERE ] removing card from slot 1
[2022-12-15 08:39:03] [SEVERE ] removing card from slot 2
[2022-12-15 08:39:04] [SEVERE ] placing card 21 in slot 0
[2022-12-15 08:39:04] [SEVERE ] placing card 54 in slot 1
[2022-12-15 08:39:04] [SEVERE ] placing card 55 in slot 2
[2022-12-15 08:39:04] [SEVERE ] removing card from slot 0
[2022-12-15 08:39:04] [SEVERE ] removing card from slot 1
[2022-12-15 08:39:04] [SEVERE ] removing card from slot 2
[2022-12-15 08:39:04] [SEVERE ] placing card 48 in slot 0
[2022-12-15 08:39:04] [SEVERE ] Key 46 was pressed by player 1
[2022-12-15 08:39:04] [SEVERE ] placing card 18 in slot 1
[2022-12-15 08:39:04] [SEVERE ] placing card 7 in slot 2
[2022-12-15 08:39:04] [SEVERE ] removing card from slot 0
[2022-12-15 08:39:04] [SEVERE ] removing card from slot 1
[2022-12-15 08:39:04] [SEVERE ] removing card from slot 2
[2022-12-15 08:39:04] [SEVERE ] placing card 49 in slot 0
[2022-12-15 08:39:04] [SEVERE ] placing card 45 in slot 1
[2022-12-15 08:39:04] [SEVERE ] placing card 43 in slot 2
[2022-12-15 08:39:04] [SEVERE ] removing card from slot 0
[2022-12-15 08:39:04] [SEVERE ] removing card from slot 1
[2022-12-15 08:39:04] [SEVERE ] removing card from slot 2
[2022-12-15 08:39:05] [SEVERE ] placing card 27 in slot 0
[2022-12-15 08:39:05] [SEVERE ] placing card 73 in slot 1
[2022-12-15 08:39:05] [SEVERE ] placing card 8 in slot 2
[2022-12-15 08:39:05] [SEVERE ] removing card from slot 0
[2022-12-15 08:39:05] [SEVERE ] removing card from slot 1
[2022-12-15 08:39:05] [SEVERE ] removing card from slot 2
[2022-12-15 08:39:05] [SEVERE ] placing card 75 in slot 0
[2022-12-15 08:39:05] [SEVERE ] placing card 20 in slot 1
[2022-12-15 08:39:05] [SEVERE ] placing card 64 in slot 2
[2022-12-15 08:39:05] [SEVERE ] removing card from slot 0
[2022-12-15 08:39:05] [SEVERE ] removing card from slot 1
[2022-12-15 08:39:05] [SEVERE ] removing card from slot 2
[2022-12-15 08:39:05] [SEVERE ] placing card 11 in slot 0
[2022-12-15 08:39:05] [SEVERE ] placing card 15 in slot 1
[2022-12-15 08:39:05] [SEVERE ] placing card 16 in slot 2
[2022-12-15 08:39:05] [SEVERE ] removing card from slot 0
[2022-12-15 08:39:05] [SEVERE ] removing card from slot 1
[2022-12-15 08:39:05] [SEVERE ] removing card from slot 2
[2022-12-15 08:39:05] [SEVERE ] placing card 1 in slot 0
[2022-12-15 08:39:06] [SEVERE ] placing card 60 in slot 1
[2022-12-15 08:39:06] [SEVERE ] placing card 38 in slot 2
[2022-12-15 08:39:06] [SEVERE ] removing card from slot 0
[2022-12-15 08:39:06] [SEVERE ] removing card from slot 1
[2022-12-15 08:39:06] [SEVERE ] removing card from slot 2
[2022-12-15 08:39:06] [SEVERE ] Key 46 was pressed by player 1
[2022-12-15 08:39:06] [SEVERE ] placing card 26 in slot 0
[2022-12-15 08:39:06] [SEVERE ] placing card 49 in slot 1
[2022-12-15 08:39:06] [SEVERE ] placing card 18 in slot 2
[2022-12-15 08:39:06] [SEVERE ] removing card from slot 0
[2022-12-15 08:39:06] [SEVERE ] removing card from slot 1
[2022-12-15 08:39:06] [SEVERE ] removing card from slot 2
[2022-12-15 08:39:06] [SEVERE ] Key 46 was pressed by player 1
[2022-12-15 08:39:06] [SEVERE ] placing card 11 in slot 0
[2022-12-15 08:39:06] [SEVERE ] placing card 40 in slot 1
[2022-12-15 08:39:06] [SEVERE ] placing card 15 in slot 2
[2022-12-15 08:39:06] [SEVERE ] removing card from slot 0
[2022-12-15 08:39:06] [SEVERE ] removing card from slot 1
[2022-12-15 08:39:06] [SEVERE ] removing card from slot 2
[2022-12-15 08:39:06] [SEVERE ] placing card 12 in slot 0
[2022-12-15 08:39:06] [SEVERE ] placing card 52 in slot 1
[2022-12-15 08:39:07] [SEVERE ] Key 76 was pressed by player 1
[2022-12-15 08:39:07] [SEVERE ] placing card 67 in slot 2
[2022-12-15 08:39:07] [SEVERE ] removing card from slot 0
[2022-12-15 08:39:07] [SEVERE ] removing card from slot 1
[2022-12-15 08:39:07] [SEVERE ] removing card from slot 2
[2022-12-15 08:39:07] [SEVERE ] placing card 79 in slot 0
[2022-12-15 08:39:07] [SEVERE ] placing card 3 in slot 1
[2022-12-15 08:39:07] [SEVERE ] placing card 13 in slot 2
[2022-12-15 08:39:07] [SEVERE ] removing card from slot 0
[2022-12-15 08:39:07] [SEVERE ] removing card from slot 1
[2022-12-15 08:39:07] [SEVERE ] removing card from slot 2
[2022-12-15 08:39:07] [SEVERE ] placing card 0 in slot 0
[2022-12-15 08:39:07] [SEVERE ] placing card 72 in slot 1
[2022-12-15 08:39:07] [SEVERE ] placing card 8 in slot 2
[2022-12-15 08:39:07] [SEVERE ] removing card from slot 0
[2022-12-15 08:39:07] [SEVERE ] removing card from slot 1
[2022-12-15 08:39:07] [SEVERE ] removing card from slot 2
[2022-12-15 08:39:07] [SEVERE ] placing card 20 in slot 0
[2022-12-15 08:39:07] [SEVERE ] placing card 44 in slot 1
[2022-12-15 08:39:08] [SEVERE ] placing card 8 in slot 2
[2022-12-15 08:39:08] [SEVERE ] removing card from slot 0
[2022-12-15 08:39:08] [SEVERE ] removing card from slot 1
[2022-12-15 08:39:08] [SEVERE ] removing card from slot 2
[2022-12-15 08:39:08] [SEVERE ] placing card 55 in slot 0
[2022-12-15 08:39:08] [SEVERE ] placing card 24 in slot 1
[2022-12-15 08:39:08] [SEVERE ] placing card 13 in slot 2
[2022-12-15 08:39:08] [SEVERE ] removing card from slot 0
[2022-12-15 08:39:08] [SEVERE ] removing card from slot 1
[2022-12-15 08:39:08] [SEVERE ] removing card from slot 2
[2022-12-15 08:39:08] [SEVERE ] placing card 61 in slot 0
[2022-12-15 08:39:08] [SEVERE ] Key 76 was pressed by player 1
[2022-12-15 08:39:08] [SEVERE ] placing card 45 in slot 1
[2022-12-15 08:39:08] [SEVERE ] placing card 47 in slot 2
[2022-12-15 08:39:08] [SEVERE ] removing card from slot 0
[2022-12-15 08:39:08] [SEVERE ] removing card from slot 1
[2022-12-15 08:39:08] [SEVERE ] removing card from slot 2
[2022-12-15 08:39:08] [SEVERE ] placing card 52 in slot 0
[2022-12-15 08:39:08] [SEVERE ] placing card 1 in slot 1
[2022-12-15 08:39:08] [SEVERE ] placing card 29 in slot 2
[2022-12-15 08:39:08] [SEVERE ] removing card from slot 0
[2022-12-15 08:39:08] [SEVERE ] removing card from slot 1
[2022-12-15 08:39:08] [SEVERE ] removing card from slot 2
[2022-12-15 08:39:09] [SEVERE ] placing card 32 in slot 0
[2022-12-15 08:39:09] [SEVERE ] placing card 47 in slot 1
[2022-12-15 08:39:09] [SEVERE ] placing card 31 in slot 2
[2022-12-15 08:39:09] [SEVERE ] removing card from slot 0
[2022-12-15 08:39:09] [SEVERE ] removing card from slot 1
[2022-12-15 08:39:09] [SEVERE ] removing card from slot 2
[2022-12-15 08:39:09] [SEVERE ] placing card 62 in slot 0
[2022-12-15 08:39:09] [SEVERE ] placing card 77 in slot 1
[2022-12-15 08:39:09] [SEVERE ] placing card 63 in slot 2
[2022-12-15 08:39:09] [SEVERE ] removing card from slot 0
[2022-12-15 08:39:09] [SEVERE ] removing card from slot 1
[2022-12-15 08:39:09] [SEVERE ] removing card from slot 2
[2022-12-15 08:39:09] [SEVERE ] placing card 40 in slot 0
[2022-12-15 08:39:09] [SEVERE ] placing card 47 in slot 1
[2022-12-15 08:39:09] [SEVERE ] placing card 73 in slot 2
[2022-12-15 08:39:09] [SEVERE ] removing card from slot 0
[2022-12-15 08:39:09] [SEVERE ] removing card from slot 1
[2022-12-15 08:39:09] [SEVERE ] removing card from slot 2
[2022-12-15 08:39:10] [SEVERE ] placing card 68 in slot 0
[2022-12-15 08:39:10] [SEVERE ] placing card 69 in slot 1
[2022-12-15 08:39:10] [SEVERE ] placing card 44 in slot 2
[2022-12-15 08:39:10] [SEVERE ] removing card from slot 0
[2022-12-15 08:39:10] [SEVERE ] removing card from slot 1
[2022-12-15 08:39:10] [SEVERE ] removing card from slot 2
[2022-12-15 08:39:10] [SEVERE ] placing card 47 in slot 0
[2022-12-15 08:39:10] [SEVERE ] placing card 35 in slot 1
[2022-12-15 08:39:10] [SEVERE ] placing card 50 in slot 2
[2022-12-15 08:39:10] [SEVERE ] removing card from slot 0
[2022-12-15 08:39:10] [SEVERE ] removing card from slot 1
[2022-12-15 08:39:10] [SEVERE ] removing card from slot 2
[2022-12-15 08:39:10] [SEVERE ] Key 76 was pressed by player 1
[2022-12-15 08:39:10] [SEVERE ] placing card 59 in slot 0
[2022-12-15 08:39:10] [SEVERE ] placing card 71 in slot 1
[2022-12-15 08:39:10] [SEVERE ] placing card 43 in slot 2
[2022-12-15 08:39:10] [SEVERE ] removing card from slot 0
[2022-12-15 08:39:10] [SEVERE ] removing card from slot 1
[2022-12-15 08:39:10] [SEVERE ] removing card from slot 2
[2022-12-15 08:39:10] [SEVERE ] placing card 67 in slot 0
[2022-12-15 08:39:11] [SEVERE ] placing card 18 in slot 1
[2022-12-15 08:39:11] [SEVERE ] placing card 40 in slot 2
[2022-12-15 08:39:11] [SEVERE ] removing card from slot 0
[2022-12-15 08:39:11] [SEVERE ] removing card from slot 1
[2022-12-15 08:39:11] [SEVERE ] removing card from slot 2
[2022-12-15 08:39:11] [SEVERE ] placing card 11 in slot 0
[2022-12-15 08:39:11] [SEVERE ] placing card 0 in slot 1
[2022-12-15 08:39:11] [SEVERE ] placing card 67 in slot 2
[2022-12-15 08:39:11] [SEVERE ] removing card from slot 0
[2022-12-15 08:39:11] [SEVERE ] removing card from slot 1
[2022-12-15 08:39:11] [SEVERE ] removing card from slot 2
[2022-12-15 08:39:11] [SEVERE ] placing card 11 in slot 0
[2022-12-15 08:39:11] [SEVERE ] placing card 7 in slot 1
[2022-12-15 08:39:11] [SEVERE ] placing card 34 in slot 2
[2022-12-15 08:39:11] [SEVERE ] removing card from slot 0
[2022-12-15 08:39:11] [SEVERE ] removing card from slot 1
[2022-12-15 08:39:11] [SEVERE ] removing card from slot 2
[2022-12-15 08:39:11] [SEVERE ] placing card 29 in slot 0
[2022-12-15 08:39:12] [SEVERE ] placing card 9 in slot 1
[2022-12-15 08:39:12] [SEVERE ] placing card 40 in slot 2
[2022-12-15 08:39:12] [SEVERE ] removing card from slot 0
[2022-12-15 08:39:12] [SEVERE ] removing card from slot 1
[2022-12-15 08:39:12] [SEVERE ] removing card from slot 2
[2022-12-15 08:39:12] [SEVERE ] placing card 3 in slot 0
[2022-12-15 08:39:12] [SEVERE ] placing card 7 in slot 1
[2022-12-15 08:39:12] [SEVERE ] placing card 30 in slot 2
[2022-12-15 08:39:12] [SEVERE ] removing card from slot 0
[2022-12-15 08:39:12] [SEVERE ] removing card from slot 1
[2022-12-15 08:39:12] [SEVERE ] removing card from slot 2
[2022-12-15 08:39:12] [SEVERE ] Key 76 was pressed by player 1
[2022-12-15 08:39:12] [SEVERE ] placing card 40 in slot 0
[2022-12-15 08:39:12] [SEVERE ] placing card 68 in slot 1
[2022-12-15 08:39:12] [SEVERE ] placing card 46 in slot 2
[2022-12-15 08:39:12] [SEVERE ] removing card from slot 0
[2022-12-15 08:39:12] [SEVERE ] removing card from slot 1
[2022-12-15 08:39:12] [SEVERE ] removing card from slot 2
[2022-12-15 08:39:12] [SEVERE ] placing card 53 in slot 0
[2022-12-15 08:39:12] [SEVERE ] placing card 19 in slot 1
[2022-12-15 08:39:13] [SEVERE ] placing card 43 in slot 2
[2022-12-15 08:39:13] [SEVERE ] removing card from slot 0
[2022-12-15 08:39:13] [SEVERE ] removing card from slot 1
[2022-12-15 08:39:13] [SEVERE ] removing card from slot 2
[2022-12-15 08:39:13] [SEVERE ] placing card 34 in slot 0
[2022-12-15 08:39:13] [SEVERE ] Key 76 was pressed by player 1
[2022-12-15 08:39:13] [SEVERE ] placing card 15 in slot 1
[2022-12-15 08:39:13] [SEVERE ] placing card 53 in slot 2
[2022-12-15 08:39:13] [SEVERE ] removing card from slot 0
[2022-12-15 08:39:13] [SEVERE ] removing card from slot 1
[2022-12-15 08:39:13] [SEVERE ] removing card from slot 2
[2022-12-15 08:39:13] [SEVERE ] Key 76 was pressed by player 1
[2022-12-15 08:39:13] [SEVERE ] placing card 28 in slot 0
[2022-12-15 08:39:13] [SEVERE ] placing card 46 in slot 1
[2022-12-15 08:39:13] [SEVERE ] Key 76 was pressed by player 1
[2022-12-15 08:39:13] [SEVERE ] placing card 72 in slot 2
[2022-12-15 08:39:13] [SEVERE ] removing card from slot 0
[2022-12-15 08:39:13] [SEVERE ] removing card from slot 1
[2022-12-15 08:39:13] [SEVERE ] removing card from slot 2
[2022-12-15 08:39:13] [SEVERE ] placing card 52 in slot 0
[2022-12-15 08:39:13] [SEVERE ] Key 76 was pressed by player 1
[2022-12-15 08:39:13] [SEVERE ] placing card 14 in slot 1
[2022-12-15 08:39:13] [SEVERE ] placing card 51 in slot 2
[2022-12-15 08:39:13] [SEVERE ] removing card from slot 0
[2022-12-15 08:39:13] [SEVERE ] removing card from slot 1
[2022-12-15 08:39:13] [SEVERE ] removing card from slot 2
[2022-12-15 08:39:14] [SEVERE ] Key 76 was pressed by player 1
[2022-12-15 08:39:14] [SEVERE ] placing card 19 in slot 0
[2022-12-15 08:39:14] [SEVERE ] placing card 72 in slot 1
[2022-12-15 08:39:14] [SEVERE ] placing card 35 in slot 2
[2022-12-15 08:39:14] [SEVERE ] removing card from slot 0
[2022-12-15 08:39:14] [SEVERE ] removing card from slot 1
[2022-12-15 08:39:14] [SEVERE ] removing card from slot 2
[2022-12-15 08:39:14] [SEVERE ] placing card 18 in slot 0
[2022-12-15 08:39:14] [SEVERE ] placing card 53 in slot 1
[2022-12-15 08:39:14] [SEVERE ] placing card 49 in slot 2
[2022-12-15 08:39:14] [SEVERE ] removing card from slot 0
[2022-12-15 08:39:14] [SEVERE ] removing card from slot 1
[2022-12-15 08:39:14] [SEVERE ] removing card from slot 2
[2022-12-15 08:39:14] [SEVERE ] Key 79 was pressed by player 1
[2022-12-15 08:39:14] [SEVERE ] placing card 15 in slot 0
[2022-12-15 08:39:14] [SEVERE ] placing card 16 in slot 1
[2022-12-15 08:39:14] [SEVERE ] placing card 20 in slot 2
[2022-12-15 08:39:14] [SEVERE ] removing card from slot 0
[2022-12-15 08:39:14] [SEVERE ] removing card from slot 1
[2022-12-15 08:39:14] [SEVERE ] removing card from slot 2
[2022-12-15 08:39:15] [SEVERE ] placing card 13 in slot 0
[2022-12-15 08:39:15] [SEVERE ] placing card 54 in slot 1
[2022-12-15 08:39:15] [SEVERE ] placing card 63 in slot 2
[2022-12-15 08:39:15] [SEVERE ] removing card from slot 0
[2022-12-15 08:39:15] [SEVERE ] removing card from slot 1
[2022-12-15 08:39:15] [SEVERE ] removing card from slot 2
[2022-12-15 08:39:15] [SEVERE ] placing card 21 in slot 0
[2022-12-15 08:39:15] [SEVERE ] Key 75 was pressed by player 1
[2022-12-15 08:39:15] [SEVERE ] placing card 9 in slot 1
[2022-12-15 08:39:15] [SEVERE ] placing card 31 in slot 2
[2022-12-15 08:39:15] [SEVERE ] removing card from slot 0
[2022-12-15 08:39:15] [SEVERE ] removing card from slot 1
[2022-12-15 08:39:15] [SEVERE ] removing card from slot 2
[2022-12-15 08:39:15] [SEVERE ] placing card 48 in slot 0
[2022-12-15 08:39:15] [SEVERE ] placing card 68 in slot 1
[2022-12-15 08:39:15] [SEVERE ] placing card 33 in slot 2
[2022-12-15 08:39:15] [SEVERE ] removing card from slot 0
[2022-12-15 08:39:15] [SEVERE ] removing card from slot 1
[2022-12-15 08:39:15] [SEVERE ] removing card from slot 2
[2022-12-15 08:39:15] [SEVERE ] placing card 68 in slot 0
[2022-12-15 08:39:16] [SEVERE ] placing card 25 in slot 1
[2022-12-15 08:39:16] [SEVERE ] placing card 70 in slot 2
[2022-12-15 08:39:16] [SEVERE ] removing card from slot 0
[2022-12-15 08:39:16] [SEVERE ] removing card from slot 1
[2022-12-15 08:39:16] [SEVERE ] removing card from slot 2
[2022-12-15 08:39:16] [SEVERE ] placing card 80 in slot 0
[2022-12-15 08:39:16] [SEVERE ] placing card 17 in slot 1
[2022-12-15 08:39:16] [SEVERE ] placing card 46 in slot 2
[2022-12-15 08:39:16] [SEVERE ] removing card from slot 0
[2022-12-15 08:39:16] [SEVERE ] removing card from slot 1
[2022-12-15 08:39:16] [SEVERE ] removing card from slot 2
[2022-12-15 08:39:16] [SEVERE ] placing card 41 in slot 0
[2022-12-15 08:39:16] [SEVERE ] placing card 54 in slot 1
[2022-12-15 08:39:16] [SEVERE ] placing card 35 in slot 2
[2022-12-15 08:39:16] [SEVERE ] removing card from slot 0
[2022-12-15 08:39:16] [SEVERE ] removing card from slot 1
[2022-12-15 08:39:16] [SEVERE ] removing card from slot 2
[2022-12-15 08:39:16] [SEVERE ] placing card 66 in slot 0
[2022-12-15 08:39:17] [SEVERE ] placing card 65 in slot 1
[2022-12-15 08:39:17] [SEVERE ] placing card 32 in slot 2
[2022-12-15 08:39:17] [SEVERE ] removing card from slot 0
[2022-12-15 08:39:17] [SEVERE ] removing card from slot 1
[2022-12-15 08:39:17] [SEVERE ] removing card from slot 2
[2022-12-15 08:39:17] [SEVERE ] placing card 70 in slot 0
[2022-12-15 08:39:17] [SEVERE ] placing card 31 in slot 1
[2022-12-15 08:39:17] [SEVERE ] placing card 74 in slot 2
[2022-12-15 08:39:17] [SEVERE ] removing card from slot 0
[2022-12-15 08:39:17] [SEVERE ] removing card from slot 1
[2022-12-15 08:39:17] [SEVERE ] removing card from slot 2
[2022-12-15 08:39:17] [SEVERE ] placing card 30 in slot 0
[2022-12-15 08:39:17] [SEVERE ] placing card 40 in slot 1
[2022-12-15 08:39:17] [SEVERE ] placing card 35 in slot 2
[2022-12-15 08:39:17] [SEVERE ] removing card from slot 0
[2022-12-15 08:39:17] [SEVERE ] removing card from slot 1
[2022-12-15 08:39:17] [SEVERE ] removing card from slot 2
[2022-12-15 08:39:17] [SEVERE ] placing card 60 in slot 0
[2022-12-15 08:39:17] [SEVERE ] placing card 44 in slot 1
[2022-12-15 08:39:18] [SEVERE ] placing card 61 in slot 2
[2022-12-15 08:39:18] [SEVERE ] removing card from slot 0
[2022-12-15 08:39:18] [SEVERE ] removing card from slot 1
[2022-12-15 08:39:18] [SEVERE ] removing card from slot 2
[2022-12-15 08:39:18] [SEVERE ] placing card 73 in slot 0
[2022-12-15 08:39:18] [SEVERE ] placing card 24 in slot 1
[2022-12-15 08:39:18] [SEVERE ] placing card 68 in slot 2
[2022-12-15 08:39:18] [SEVERE ] removing card from slot 0
[2022-12-15 08:39:18] [SEVERE ] removing card from slot 1
[2022-12-15 08:39:18] [SEVERE ] removing card from slot 2
[2022-12-15 08:39:18] [SEVERE ] placing card 15 in slot 0
[2022-12-15 08:39:18] [SEVERE ] placing card 21 in slot 1
[2022-12-15 08:39:18] [SEVERE ] placing card 13 in slot 2
[2022-12-15 08:39:18] [SEVERE ] removing card from slot 0
[2022-12-15 08:39:18] [SEVERE ] removing card from slot 1
[2022-12-15 08:39:18] [SEVERE ] removing card from slot 2
[2022-12-15 08:39:18] [SEVERE ] placing card 8 in slot 0
[2022-12-15 08:39:18] [SEVERE ] placing card 71 in slot 1
[2022-12-15 08:39:18] [SEVERE ] placing card 49 in slot 2
[2022-12-15 08:39:18] [SEVERE ] removing card from slot 0
[2022-12-15 08:39:18] [SEVERE ] removing card from slot 1
[2022-12-15 08:39:18] [SEVERE ] removing card from slot 2
[2022-12-15 08:39:19] [SEVERE ] placing card 25 in slot 0
[2022-12-15 08:39:19] [SEVERE ] placing card 48 in slot 1
[2022-12-15 08:39:19] [SEVERE ] placing card 33 in slot 2
[2022-12-15 08:39:19] [SEVERE ] removing card from slot 0
[2022-12-15 08:39:19] [SEVERE ] removing card from slot 1
[2022-12-15 08:39:19] [SEVERE ] removing card from slot 2
[2022-12-15 08:39:19] [SEVERE ] placing card 21 in slot 0
[2022-12-15 08:39:19] [SEVERE ] placing card 34 in slot 1
[2022-12-15 08:39:19] [SEVERE ] placing card 31 in slot 2
[2022-12-15 08:39:19] [SEVERE ] removing card from slot 0
[2022-12-15 08:39:19] [SEVERE ] removing card from slot 1
[2022-12-15 08:39:19] [SEVERE ] removing card from slot 2
[2022-12-15 08:39:19] [SEVERE ] placing card 36 in slot 0
[2022-12-15 08:39:19] [SEVERE ] placing card 40 in slot 1
[2022-12-15 08:39:19] [SEVERE ] placing card 28 in slot 2
[2022-12-15 08:39:19] [SEVERE ] removing card from slot 0
[2022-12-15 08:39:19] [SEVERE ] removing card from slot 1
[2022-12-15 08:39:19] [SEVERE ] removing card from slot 2
