[2022-12-17 12:49:33] [INFO   ] cannot read configuration file config.properties trying from resources.
[2022-12-17 12:49:33] [INFO   ] configuration file was loaded from resources directory.
[2022-12-17 12:49:34] [INFO   ] Thread dealer starting.
[2022-12-17 12:49:34] [INFO   ] Thread Thread-1starting.
[2022-12-17 12:49:34] [INFO   ] Thread Thread-2starting.
[2022-12-17 12:49:34] [SEVERE ] placing card 43 in slot 0
[2022-12-17 12:49:35] [SEVERE ] placing card 15 in slot 1
[2022-12-17 12:49:35] [SEVERE ] placing card 28 in slot 2
[2022-12-17 12:49:35] [SEVERE ] placing card 76 in slot 3
[2022-12-17 12:49:35] [SEVERE ] placing card 75 in slot 4
[2022-12-17 12:49:35] [SEVERE ] placing card 26 in slot 5
[2022-12-17 12:49:35] [SEVERE ] placing card 2 in slot 6
[2022-12-17 12:49:35] [SEVERE ] placing card 37 in slot 7
[2022-12-17 12:49:35] [SEVERE ] placing card 58 in slot 8
[2022-12-17 12:49:35] [SEVERE ] placing card 51 in slot 9
[2022-12-17 12:49:35] [SEVERE ] placing card 31 in slot 10
[2022-12-17 12:49:36] [SEVERE ] placing card 1 in slot 11
[2022-12-17 12:49:40] [SEVERE ] Key 81 was pressed by player 0
[2022-12-17 12:49:43] [SEVERE ] player 0 placing token on slot 0
[2022-12-17 12:49:45] [SEVERE ] Key 87 was pressed by player 0
[2022-12-17 12:49:47] [SEVERE ] player 0 placing token on slot 1
[2022-12-17 12:49:48] [SEVERE ] Key 69 was pressed by player 0
[2022-12-17 12:49:50] [SEVERE ] player 0 placing token on slot 2
[2022-12-17 12:50:13] [SEVERE ] setting player 0 freeze to 3000
[2022-12-17 12:50:13] [SEVERE ] setting player 0 freeze to 2000
[2022-12-17 12:50:14] [SEVERE ] setting player 0 freeze to 1000
[2022-12-17 12:50:15] [SEVERE ] setting player 0 freeze to 0
[2022-12-17 12:50:17] [SEVERE ] Key 69 was pressed by player 0
[2022-12-17 12:50:18] [SEVERE ] removing player 0 token from slot 2
[2022-12-17 12:50:18] [SEVERE ] Key 87 was pressed by player 0
[2022-12-17 12:50:18] [SEVERE ] removing player 0 token from slot 1
[2022-12-17 12:50:19] [SEVERE ] Key 81 was pressed by player 0
[2022-12-17 12:50:19] [SEVERE ] removing player 0 token from slot 0
[2022-12-17 12:50:22] [SEVERE ] Key 85 was pressed by player 1
[2022-12-17 12:50:26] [SEVERE ] player 1 placing token on slot 0
[2022-12-17 12:50:31] [SEVERE ] Key 73 was pressed by player 1
