[2022-12-14 14:54:28] [INFO   ] cannot read configuration file config.properties trying from resources.
[2022-12-14 14:54:28] [INFO   ] configuration file was loaded from resources directory.
[2022-12-14 14:54:29] [INFO   ] Thread dealer starting.
[2022-12-14 14:54:36] [SEVERE ] placing card 19 in slot 0
[2022-12-14 14:54:36] [SEVERE ] placing card 2 in slot 1
[2022-12-14 14:54:36] [SEVERE ] placing card 79 in slot 2
[2022-12-14 14:54:36] [SEVERE ] placing card 7 in slot 3
[2022-12-14 14:54:36] [SEVERE ] placing card 71 in slot 4
[2022-12-14 14:54:36] [SEVERE ] placing card 61 in slot 5
[2022-12-14 14:54:36] [SEVERE ] placing card 1 in slot 6
[2022-12-14 14:54:36] [SEVERE ] placing card 72 in slot 7
[2022-12-14 14:54:36] [SEVERE ] placing card 64 in slot 8
[2022-12-14 14:54:37] [SEVERE ] placing card 31 in slot 9
[2022-12-14 14:54:37] [SEVERE ] placing card 47 in slot 10
[2022-12-14 14:54:37] [SEVERE ] placing card 32 in slot 11
[2022-12-14 14:54:41] [SEVERE ] Key 87 was pressed by player 0
[2022-12-14 14:54:44] [SEVERE ] player 0 placing token on slot 1
[2022-12-14 14:54:51] [SEVERE ] Key 87 was pressed by player 0
[2022-12-14 14:55:10] [SEVERE ] Key 87 was pressed by player 0
[2022-12-14 14:55:32] [SEVERE ] player 0 placing token on slot 1
