[2022-12-14 12:39:33] [INFO   ] cannot read configuration file config.properties trying from resources.
[2022-12-14 12:39:33] [INFO   ] configuration file was loaded from resources directory.
[2022-12-14 12:39:34] [INFO   ] Thread dealer starting.
[2022-12-14 12:39:41] [SEVERE ] placing card 18 in slot 0
[2022-12-14 12:39:41] [SEVERE ] placing card 66 in slot 1
[2022-12-14 12:39:41] [SEVERE ] placing card 24 in slot 2
[2022-12-14 12:39:41] [SEVERE ] placing card 53 in slot 3
[2022-12-14 12:39:41] [SEVERE ] placing card 80 in slot 4
[2022-12-14 12:39:41] [SEVERE ] placing card 20 in slot 5
[2022-12-14 12:39:41] [SEVERE ] placing card 19 in slot 6
[2022-12-14 12:39:41] [SEVERE ] placing card 60 in slot 7
[2022-12-14 12:39:41] [SEVERE ] placing card 25 in slot 8
[2022-12-14 12:39:42] [SEVERE ] placing card 9 in slot 9
[2022-12-14 12:39:42] [SEVERE ] placing card 29 in slot 10
[2022-12-14 12:39:42] [SEVERE ] placing card 43 in slot 11
[2022-12-14 12:39:43] [SEVERE ] removing card from slot 0
[2022-12-14 12:39:43] [SEVERE ] removing card from slot 1
[2022-12-14 12:39:43] [SEVERE ] removing card from slot 2
[2022-12-14 12:39:43] [SEVERE ] removing card from slot 3
[2022-12-14 12:39:43] [SEVERE ] removing card from slot 4
[2022-12-14 12:39:43] [SEVERE ] removing card from slot 5
[2022-12-14 12:39:43] [SEVERE ] removing card from slot 6
[2022-12-14 12:39:43] [SEVERE ] removing card from slot 7
[2022-12-14 12:39:43] [SEVERE ] removing card from slot 8
[2022-12-14 12:39:43] [SEVERE ] removing card from slot 9
[2022-12-14 12:39:43] [SEVERE ] removing card from slot 10
[2022-12-14 12:39:43] [SEVERE ] removing card from slot 11
[2022-12-14 12:39:44] [SEVERE ] announcing winners: [0]
[2022-12-14 12:39:45] [SEVERE ] announcing winners: [0]
[2022-12-14 12:39:46] [INFO   ] Thread dealer terminated.
[2022-12-14 12:39:46] [INFO   ] Thread main terminated.
