[2022-12-13 15:33:08] [INFO   ] cannot read configuration file config.properties trying from resources.
[2022-12-13 15:33:08] [INFO   ] configuration file was loaded from resources directory.
[2022-12-13 15:33:08] [INFO   ] Thread dealer starting.
[2022-12-13 15:33:08] [SEVERE ] placing card 4 in slot 0
[2022-12-13 15:33:09] [SEVERE ] placing card 53 in slot 1
[2022-12-13 15:33:09] [SEVERE ] placing card 2 in slot 2
[2022-12-13 15:33:09] [SEVERE ] placing card 52 in slot 3
[2022-12-13 15:33:09] [SEVERE ] placing card 16 in slot 4
[2022-12-13 15:33:09] [SEVERE ] placing card 42 in slot 5
[2022-12-13 15:33:09] [SEVERE ] placing card 44 in slot 6
[2022-12-13 15:33:09] [SEVERE ] placing card 77 in slot 7
[2022-12-13 15:33:09] [SEVERE ] placing card 7 in slot 8
[2022-12-13 15:33:09] [SEVERE ] placing card 79 in slot 9
[2022-12-13 15:33:10] [SEVERE ] placing card 5 in slot 10
[2022-12-13 15:33:10] [SEVERE ] placing card 26 in slot 11
[2022-12-13 15:33:10] [SEVERE ] removing card from slot 0
[2022-12-13 15:33:10] [SEVERE ] removing card from slot 1
[2022-12-13 15:33:10] [SEVERE ] removing card from slot 2
[2022-12-13 15:33:10] [SEVERE ] placing card 8 in slot 0
[2022-12-13 15:33:10] [SEVERE ] placing card 56 in slot 1
[2022-12-13 15:33:10] [SEVERE ] placing card 48 in slot 2
[2022-12-13 15:33:10] [SEVERE ] removing card from slot 0
[2022-12-13 15:33:10] [SEVERE ] removing card from slot 1
[2022-12-13 15:33:10] [SEVERE ] removing card from slot 2
[2022-12-13 15:33:10] [SEVERE ] placing card 41 in slot 0
[2022-12-13 15:33:10] [SEVERE ] placing card 74 in slot 1
[2022-12-13 15:33:10] [SEVERE ] placing card 57 in slot 2
[2022-12-13 15:33:10] [SEVERE ] removing card from slot 0
[2022-12-13 15:33:10] [SEVERE ] removing card from slot 1
[2022-12-13 15:33:10] [SEVERE ] removing card from slot 2
[2022-12-13 15:33:10] [SEVERE ] placing card 64 in slot 0
[2022-12-13 15:33:11] [SEVERE ] placing card 73 in slot 1
[2022-12-13 15:33:11] [SEVERE ] placing card 63 in slot 2
[2022-12-13 15:33:11] [SEVERE ] removing card from slot 0
[2022-12-13 15:33:11] [SEVERE ] removing card from slot 1
[2022-12-13 15:33:11] [SEVERE ] removing card from slot 2
[2022-12-13 15:33:11] [SEVERE ] placing card 58 in slot 0
[2022-12-13 15:33:11] [SEVERE ] placing card 39 in slot 1
[2022-12-13 15:33:11] [SEVERE ] placing card 24 in slot 2
[2022-12-13 15:33:11] [SEVERE ] removing card from slot 0
[2022-12-13 15:33:11] [SEVERE ] removing card from slot 1
[2022-12-13 15:33:11] [SEVERE ] removing card from slot 2
[2022-12-13 15:33:11] [SEVERE ] placing card 3 in slot 0
[2022-12-13 15:33:11] [SEVERE ] placing card 61 in slot 1
[2022-12-13 15:33:11] [SEVERE ] placing card 51 in slot 2
[2022-12-13 15:33:11] [SEVERE ] removing card from slot 0
[2022-12-13 15:33:11] [SEVERE ] removing card from slot 1
[2022-12-13 15:33:11] [SEVERE ] removing card from slot 2
[2022-12-13 15:33:11] [SEVERE ] placing card 67 in slot 0
[2022-12-13 15:33:12] [SEVERE ] placing card 22 in slot 1
[2022-12-13 15:33:12] [SEVERE ] placing card 0 in slot 2
[2022-12-13 15:33:12] [SEVERE ] removing card from slot 0
[2022-12-13 15:33:12] [SEVERE ] removing card from slot 1
[2022-12-13 15:33:12] [SEVERE ] removing card from slot 2
[2022-12-13 15:33:12] [SEVERE ] placing card 12 in slot 0
[2022-12-13 15:33:12] [SEVERE ] placing card 6 in slot 1
[2022-12-13 15:33:12] [SEVERE ] placing card 35 in slot 2
[2022-12-13 15:33:12] [SEVERE ] removing card from slot 0
[2022-12-13 15:33:12] [SEVERE ] removing card from slot 1
[2022-12-13 15:33:12] [SEVERE ] removing card from slot 2
[2022-12-13 15:33:12] [SEVERE ] placing card 47 in slot 0
[2022-12-13 15:33:12] [SEVERE ] placing card 31 in slot 1
[2022-12-13 15:33:12] [SEVERE ] placing card 76 in slot 2
[2022-12-13 15:33:12] [SEVERE ] removing card from slot 0
[2022-12-13 15:33:12] [SEVERE ] removing card from slot 1
[2022-12-13 15:33:12] [SEVERE ] removing card from slot 2
[2022-12-13 15:33:12] [SEVERE ] placing card 20 in slot 0
[2022-12-13 15:33:12] [SEVERE ] placing card 74 in slot 1
[2022-12-13 15:33:13] [SEVERE ] placing card 30 in slot 2
[2022-12-13 15:33:13] [SEVERE ] removing card from slot 0
[2022-12-13 15:33:13] [SEVERE ] removing card from slot 1
[2022-12-13 15:33:13] [SEVERE ] removing card from slot 2
[2022-12-13 15:33:13] [SEVERE ] placing card 65 in slot 0
[2022-12-13 15:33:13] [SEVERE ] placing card 47 in slot 1
[2022-12-13 15:33:13] [SEVERE ] placing card 75 in slot 2
[2022-12-13 15:33:13] [SEVERE ] removing card from slot 0
[2022-12-13 15:33:13] [SEVERE ] removing card from slot 1
[2022-12-13 15:33:13] [SEVERE ] removing card from slot 2
[2022-12-13 15:33:13] [SEVERE ] placing card 17 in slot 0
[2022-12-13 15:33:13] [SEVERE ] placing card 29 in slot 1
[2022-12-13 15:33:13] [SEVERE ] placing card 36 in slot 2
[2022-12-13 15:33:13] [SEVERE ] removing card from slot 0
[2022-12-13 15:33:13] [SEVERE ] removing card from slot 1
[2022-12-13 15:33:13] [SEVERE ] removing card from slot 2
[2022-12-13 15:33:13] [SEVERE ] placing card 58 in slot 0
[2022-12-13 15:33:13] [SEVERE ] placing card 20 in slot 1
[2022-12-13 15:33:14] [SEVERE ] placing card 33 in slot 2
[2022-12-13 15:33:14] [SEVERE ] removing card from slot 0
[2022-12-13 15:33:14] [SEVERE ] removing card from slot 1
[2022-12-13 15:33:14] [SEVERE ] removing card from slot 2
[2022-12-13 15:33:14] [SEVERE ] placing card 50 in slot 0
[2022-12-13 15:33:14] [SEVERE ] placing card 68 in slot 1
[2022-12-13 15:33:14] [SEVERE ] placing card 47 in slot 2
[2022-12-13 15:33:14] [SEVERE ] removing card from slot 0
[2022-12-13 15:33:14] [SEVERE ] removing card from slot 1
[2022-12-13 15:33:14] [SEVERE ] removing card from slot 2
[2022-12-13 15:33:14] [SEVERE ] placing card 11 in slot 0
[2022-12-13 15:33:14] [SEVERE ] placing card 62 in slot 1
[2022-12-13 15:33:14] [SEVERE ] placing card 14 in slot 2
[2022-12-13 15:33:14] [SEVERE ] removing card from slot 0
[2022-12-13 15:33:14] [SEVERE ] removing card from slot 1
[2022-12-13 15:33:14] [SEVERE ] removing card from slot 2
[2022-12-13 15:33:14] [SEVERE ] placing card 69 in slot 0
[2022-12-13 15:33:14] [SEVERE ] placing card 12 in slot 1
[2022-12-13 15:33:14] [SEVERE ] Exit button pressed
[2022-12-13 15:33:15] [SEVERE ] placing card 66 in slot 2
[2022-12-13 15:33:15] [SEVERE ] removing card from slot 0
[2022-12-13 15:33:15] [SEVERE ] removing card from slot 1
[2022-12-13 15:33:15] [SEVERE ] removing card from slot 2
[2022-12-13 15:33:15] [SEVERE ] placing card 15 in slot 0
[2022-12-13 15:33:15] [SEVERE ] placing card 30 in slot 1
[2022-12-13 15:33:15] [SEVERE ] placing card 27 in slot 2
[2022-12-13 15:33:15] [SEVERE ] removing card from slot 0
[2022-12-13 15:33:15] [SEVERE ] removing card from slot 1
[2022-12-13 15:33:15] [SEVERE ] removing card from slot 2
[2022-12-13 15:33:15] [SEVERE ] placing card 54 in slot 0
[2022-12-13 15:33:15] [SEVERE ] placing card 49 in slot 1
[2022-12-13 15:33:15] [SEVERE ] placing card 23 in slot 2
[2022-12-13 15:33:15] [SEVERE ] removing card from slot 0
[2022-12-13 15:33:15] [SEVERE ] removing card from slot 1
[2022-12-13 15:33:15] [SEVERE ] removing card from slot 2
[2022-12-13 15:33:15] [SEVERE ] placing card 4 in slot 0
[2022-12-13 15:33:15] [SEVERE ] placing card 0 in slot 1
[2022-12-13 15:33:15] [SEVERE ] placing card 8 in slot 2
[2022-12-13 15:33:15] [SEVERE ] removing card from slot 0
[2022-12-13 15:33:15] [SEVERE ] removing card from slot 1
[2022-12-13 15:33:15] [SEVERE ] removing card from slot 2
[2022-12-13 15:33:16] [SEVERE ] placing card 9 in slot 0
[2022-12-13 15:33:16] [SEVERE ] placing card 47 in slot 1
[2022-12-13 15:33:16] [SEVERE ] placing card 76 in slot 2
[2022-12-13 15:33:16] [SEVERE ] removing card from slot 0
[2022-12-13 15:33:16] [SEVERE ] removing card from slot 1
[2022-12-13 15:33:16] [SEVERE ] removing card from slot 2
[2022-12-13 15:33:16] [SEVERE ] placing card 35 in slot 0
[2022-12-13 15:33:16] [SEVERE ] placing card 11 in slot 1
[2022-12-13 15:33:16] [SEVERE ] placing card 15 in slot 2
[2022-12-13 15:33:16] [SEVERE ] removing card from slot 0
[2022-12-13 15:33:16] [SEVERE ] removing card from slot 1
[2022-12-13 15:33:16] [SEVERE ] removing card from slot 2
[2022-12-13 15:33:16] [SEVERE ] placing card 27 in slot 0
[2022-12-13 15:33:16] [SEVERE ] placing card 59 in slot 1
[2022-12-13 15:33:16] [SEVERE ] placing card 62 in slot 2
[2022-12-13 15:33:16] [SEVERE ] removing card from slot 0
[2022-12-13 15:33:16] [SEVERE ] removing card from slot 1
[2022-12-13 15:33:16] [SEVERE ] removing card from slot 2
[2022-12-13 15:33:17] [SEVERE ] placing card 17 in slot 0
[2022-12-13 15:33:17] [SEVERE ] placing card 53 in slot 1
[2022-12-13 15:33:17] [SEVERE ] placing card 67 in slot 2
[2022-12-13 15:33:17] [SEVERE ] removing card from slot 0
[2022-12-13 15:33:17] [SEVERE ] removing card from slot 1
[2022-12-13 15:33:17] [SEVERE ] removing card from slot 2
[2022-12-13 15:33:17] [SEVERE ] placing card 48 in slot 0
[2022-12-13 15:33:17] [SEVERE ] placing card 59 in slot 1
[2022-12-13 15:33:17] [SEVERE ] placing card 6 in slot 2
[2022-12-13 15:33:17] [SEVERE ] removing card from slot 0
[2022-12-13 15:33:17] [SEVERE ] removing card from slot 1
[2022-12-13 15:33:17] [SEVERE ] removing card from slot 2
[2022-12-13 15:33:17] [SEVERE ] placing card 50 in slot 0
