[2022-12-14 12:39:49] [INFO   ] cannot read configuration file config.properties trying from resources.
[2022-12-14 12:39:49] [INFO   ] configuration file was loaded from resources directory.
[2022-12-14 12:39:50] [INFO   ] Thread dealer starting.
[2022-12-14 12:40:00] [SEVERE ] placing card 69 in slot 0
[2022-12-14 12:40:00] [SEVERE ] placing card 34 in slot 1
[2022-12-14 12:40:01] [SEVERE ] placing card 65 in slot 2
[2022-12-14 12:40:01] [SEVERE ] placing card 51 in slot 3
[2022-12-14 12:40:01] [SEVERE ] placing card 16 in slot 4
[2022-12-14 12:40:01] [SEVERE ] placing card 35 in slot 5
[2022-12-14 12:40:01] [SEVERE ] placing card 8 in slot 6
[2022-12-14 12:40:01] [SEVERE ] placing card 0 in slot 7
[2022-12-14 12:40:01] [SEVERE ] placing card 7 in slot 8
[2022-12-14 12:40:01] [SEVERE ] placing card 9 in slot 9
[2022-12-14 12:40:01] [SEVERE ] placing card 27 in slot 10
[2022-12-14 12:40:01] [SEVERE ] placing card 62 in slot 11
[2022-12-14 12:40:01] [SEVERE ] removing card from slot 0
[2022-12-14 12:40:01] [SEVERE ] removing card from slot 1
[2022-12-14 12:40:01] [SEVERE ] removing card from slot 2
[2022-12-14 12:40:01] [SEVERE ] removing card from slot 3
[2022-12-14 12:40:01] [SEVERE ] removing card from slot 4
[2022-12-14 12:40:01] [SEVERE ] removing card from slot 5
[2022-12-14 12:40:01] [SEVERE ] removing card from slot 6
[2022-12-14 12:40:01] [SEVERE ] removing card from slot 7
[2022-12-14 12:40:01] [SEVERE ] removing card from slot 8
[2022-12-14 12:40:01] [SEVERE ] removing card from slot 9
[2022-12-14 12:40:01] [SEVERE ] removing card from slot 10
[2022-12-14 12:40:01] [SEVERE ] removing card from slot 11
[2022-12-14 12:40:01] [SEVERE ] announcing winners: [0]
[2022-12-14 12:40:01] [SEVERE ] announcing winners: [0]
