[2022-12-15 19:16:47] [INFO   ] cannot read configuration file config.properties trying from resources.
[2022-12-15 19:16:47] [INFO   ] configuration file was loaded from resources directory.
[2022-12-15 19:16:48] [INFO   ] Thread dealer starting.
[2022-12-15 19:16:48] [SEVERE ] placing card 77 in slot 0
[2022-12-15 19:16:48] [SEVERE ] placing card 31 in slot 1
[2022-12-15 19:16:48] [SEVERE ] placing card 15 in slot 2
[2022-12-15 19:16:48] [SEVERE ] placing card 50 in slot 3
[2022-12-15 19:16:48] [SEVERE ] placing card 2 in slot 4
[2022-12-15 19:16:48] [SEVERE ] placing card 60 in slot 5
[2022-12-15 19:16:49] [SEVERE ] placing card 63 in slot 6
[2022-12-15 19:16:49] [SEVERE ] placing card 80 in slot 7
[2022-12-15 19:16:49] [SEVERE ] placing card 8 in slot 8
[2022-12-15 19:16:49] [SEVERE ] placing card 18 in slot 9
[2022-12-15 19:16:49] [SEVERE ] placing card 22 in slot 10
[2022-12-15 19:16:49] [SEVERE ] placing card 67 in slot 11
[2022-12-15 19:16:53] [SEVERE ] Key 87 was pressed by player 0
[2022-12-15 19:16:56] [SEVERE ] player 0 placing token on slot 1
[2022-12-15 19:17:06] [SEVERE ] Key 87 was pressed by player 0
[2022-12-15 19:17:14] [SEVERE ] removing player 0 token from slot 1
[2022-12-15 19:17:18] [SEVERE ] Key 87 was pressed by player 0
[2022-12-15 19:17:19] [SEVERE ] player 0 placing token on slot 1
[2022-12-15 19:17:46] [SEVERE ] removing card from slot 0
