[2022-12-17 10:19:00] [INFO   ] cannot read configuration file config.properties trying from resources.
[2022-12-17 10:19:00] [INFO   ] configuration file was loaded from resources directory.
[2022-12-17 10:19:01] [INFO   ] Thread dealer starting.
[2022-12-17 10:19:01] [INFO   ] Thread Thread-1starting.
[2022-12-17 10:19:01] [INFO   ] Thread Thread-2starting.
[2022-12-17 10:19:01] [SEVERE ] placing card 56 in slot 0
[2022-12-17 10:19:01] [SEVERE ] placing card 46 in slot 1
[2022-12-17 10:19:01] [SEVERE ] placing card 4 in slot 2
[2022-12-17 10:19:01] [SEVERE ] placing card 50 in slot 3
[2022-12-17 10:19:02] [SEVERE ] placing card 6 in slot 4
[2022-12-17 10:19:02] [SEVERE ] placing card 15 in slot 5
[2022-12-17 10:19:02] [SEVERE ] placing card 55 in slot 6
[2022-12-17 10:19:02] [SEVERE ] placing card 47 in slot 7
[2022-12-17 10:19:02] [SEVERE ] placing card 44 in slot 8
[2022-12-17 10:19:02] [SEVERE ] placing card 80 in slot 9
[2022-12-17 10:19:02] [SEVERE ] placing card 1 in slot 10
[2022-12-17 10:19:02] [SEVERE ] placing card 0 in slot 11
[2022-12-17 10:19:11] [SEVERE ] Key 83 was pressed by player 0
[2022-12-17 10:19:11] [SEVERE ] player 0 placing token on slot 5
[2022-12-17 10:19:11] [SEVERE ] Key 68 was pressed by player 0
[2022-12-17 10:19:11] [SEVERE ] player 0 placing token on slot 6
[2022-12-17 10:19:11] [SEVERE ] Key 70 was pressed by player 0
[2022-12-17 10:19:11] [SEVERE ] player 0 placing token on slot 7
[2022-12-17 10:19:11] [SEVERE ] setting player 0 freeze to 3000
[2022-12-17 10:19:12] [SEVERE ] setting player 0 freeze to 2000
[2022-12-17 10:19:13] [SEVERE ] setting player 0 freeze to 1000
[2022-12-17 10:19:14] [SEVERE ] setting player 0 freeze to 0
[2022-12-17 10:19:15] [SEVERE ] Key 70 was pressed by player 0
[2022-12-17 10:19:15] [SEVERE ] removing player 0 token from slot 7
[2022-12-17 10:19:15] [SEVERE ] Key 82 was pressed by player 0
[2022-12-17 10:19:15] [SEVERE ] player 0 placing token on slot 3
[2022-12-17 10:19:15] [SEVERE ] setting player 0 freeze to 3000
[2022-12-17 10:19:16] [SEVERE ] setting player 0 freeze to 2000
[2022-12-17 10:19:17] [SEVERE ] setting player 0 freeze to 1000
[2022-12-17 10:19:17] [SEVERE ] Key 82 was pressed by player 0
[2022-12-17 10:19:17] [SEVERE ] Key 68 was pressed by player 0
[2022-12-17 10:19:18] [SEVERE ] setting player 0 freeze to 0
[2022-12-17 10:19:18] [SEVERE ] Key 82 was pressed by player 0
[2022-12-17 10:19:18] [SEVERE ] removing player 0 token from slot 3
[2022-12-17 10:19:19] [SEVERE ] Key 68 was pressed by player 0
[2022-12-17 10:19:19] [SEVERE ] removing player 0 token from slot 6
[2022-12-17 10:19:19] [SEVERE ] Key 83 was pressed by player 0
[2022-12-17 10:19:19] [SEVERE ] removing player 0 token from slot 5
[2022-12-17 10:19:21] [SEVERE ] Key 65 was pressed by player 0
[2022-12-17 10:19:21] [SEVERE ] player 0 placing token on slot 4
[2022-12-17 10:19:21] [SEVERE ] Key 83 was pressed by player 0
[2022-12-17 10:19:21] [SEVERE ] player 0 placing token on slot 5
[2022-12-17 10:19:21] [SEVERE ] Key 68 was pressed by player 0
[2022-12-17 10:19:21] [SEVERE ] player 0 placing token on slot 6
[2022-12-17 10:19:21] [SEVERE ] setting player 0 freeze to 3000
[2022-12-17 10:19:21] [SEVERE ] setting player 0 freeze to 2000
[2022-12-17 10:19:22] [SEVERE ] setting player 0 freeze to 1000
[2022-12-17 10:19:23] [SEVERE ] setting player 0 freeze to 0
[2022-12-17 10:19:37] [SEVERE ] Key 82 was pressed by player 0
[2022-12-17 10:19:37] [SEVERE ] setting player 0 freeze to 3000
[2022-12-17 10:19:38] [SEVERE ] setting player 0 freeze to 2000
[2022-12-17 10:19:39] [SEVERE ] setting player 0 freeze to 1000
[2022-12-17 10:19:40] [SEVERE ] setting player 0 freeze to 0
[2022-12-17 10:19:40] [SEVERE ] Key 82 was pressed by player 0
[2022-12-17 10:19:40] [SEVERE ] setting player 0 freeze to 3000
[2022-12-17 10:19:40] [SEVERE ] setting player 0 freeze to 2000
[2022-12-17 10:19:41] [SEVERE ] setting player 0 freeze to 1000
[2022-12-17 10:19:42] [SEVERE ] setting player 0 freeze to 0
[2022-12-17 10:20:02] [SEVERE ] removing all tokens
[2022-12-17 10:20:02] [SEVERE ] removing tokens from slot 0
[2022-12-17 10:20:02] [SEVERE ] removing tokens from slot 1
[2022-12-17 10:20:02] [SEVERE ] removing tokens from slot 2
[2022-12-17 10:20:02] [SEVERE ] removing tokens from slot 3
[2022-12-17 10:20:02] [SEVERE ] removing tokens from slot 4
[2022-12-17 10:20:02] [SEVERE ] removing tokens from slot 5
[2022-12-17 10:20:02] [SEVERE ] removing tokens from slot 6
[2022-12-17 10:20:02] [SEVERE ] removing tokens from slot 7
[2022-12-17 10:20:02] [SEVERE ] removing tokens from slot 8
[2022-12-17 10:20:02] [SEVERE ] removing tokens from slot 9
[2022-12-17 10:20:02] [SEVERE ] removing tokens from slot 10
[2022-12-17 10:20:02] [SEVERE ] removing tokens from slot 11
[2022-12-17 10:20:03] [SEVERE ] removing card from slot 0
[2022-12-17 10:20:03] [SEVERE ] removing card from slot 1
[2022-12-17 10:20:03] [SEVERE ] removing card from slot 2
[2022-12-17 10:20:03] [SEVERE ] removing card from slot 3
[2022-12-17 10:20:03] [SEVERE ] removing card from slot 4
[2022-12-17 10:20:03] [SEVERE ] removing card from slot 5
[2022-12-17 10:20:03] [SEVERE ] removing card from slot 6
[2022-12-17 10:20:03] [SEVERE ] removing card from slot 7
[2022-12-17 10:20:03] [SEVERE ] removing card from slot 8
[2022-12-17 10:20:03] [SEVERE ] removing card from slot 9
[2022-12-17 10:20:04] [SEVERE ] removing card from slot 10
[2022-12-17 10:20:04] [SEVERE ] removing card from slot 11
[2022-12-17 10:20:04] [SEVERE ] placing card 55 in slot 0
[2022-12-17 10:20:04] [SEVERE ] placing card 64 in slot 1
[2022-12-17 10:20:04] [SEVERE ] placing card 20 in slot 2
[2022-12-17 10:20:04] [SEVERE ] placing card 68 in slot 3
[2022-12-17 10:20:04] [SEVERE ] placing card 59 in slot 4
[2022-12-17 10:20:04] [SEVERE ] placing card 26 in slot 5
[2022-12-17 10:20:04] [SEVERE ] placing card 12 in slot 6
[2022-12-17 10:20:04] [SEVERE ] placing card 43 in slot 7
[2022-12-17 10:20:05] [SEVERE ] placing card 30 in slot 8
[2022-12-17 10:20:05] [SEVERE ] placing card 38 in slot 9
[2022-12-17 10:20:05] [SEVERE ] placing card 8 in slot 10
[2022-12-17 10:20:05] [SEVERE ] placing card 1 in slot 11
