[2022-12-17 12:45:18] [INFO   ] cannot read configuration file config.properties trying from resources.
[2022-12-17 12:45:18] [INFO   ] configuration file was loaded from resources directory.
[2022-12-17 12:45:19] [INFO   ] Thread dealer starting.
[2022-12-17 12:45:19] [INFO   ] Thread Thread-1starting.
[2022-12-17 12:45:19] [INFO   ] Thread Thread-2starting.
[2022-12-17 12:45:19] [SEVERE ] placing card 13 in slot 0
[2022-12-17 12:45:19] [SEVERE ] placing card 79 in slot 1
[2022-12-17 12:45:19] [SEVERE ] placing card 9 in slot 2
[2022-12-17 12:45:20] [SEVERE ] placing card 12 in slot 3
[2022-12-17 12:45:20] [SEVERE ] placing card 70 in slot 4
[2022-12-17 12:45:20] [SEVERE ] placing card 47 in slot 5
[2022-12-17 12:45:20] [SEVERE ] placing card 18 in slot 6
[2022-12-17 12:45:20] [SEVERE ] placing card 73 in slot 7
[2022-12-17 12:45:20] [SEVERE ] placing card 23 in slot 8
[2022-12-17 12:45:20] [SEVERE ] placing card 61 in slot 9
[2022-12-17 12:45:20] [SEVERE ] placing card 77 in slot 10
[2022-12-17 12:45:20] [SEVERE ] placing card 54 in slot 11
[2022-12-17 12:45:41] [SEVERE ] Key 81 was pressed by player 0
[2022-12-17 12:45:44] [SEVERE ] player 0 placing token on slot 0
[2022-12-17 12:45:44] [SEVERE ] Key 87 was pressed by player 0
[2022-12-17 12:45:45] [SEVERE ] player 0 placing token on slot 1
[2022-12-17 12:45:50] [SEVERE ] Key 83 was pressed by player 0
[2022-12-17 12:45:52] [SEVERE ] player 0 placing token on slot 5
[2022-12-17 12:45:55] [SEVERE ] setting player 0 freeze to 3000
[2022-12-17 12:45:55] [SEVERE ] setting player 0 freeze to 2000
[2022-12-17 12:45:56] [SEVERE ] setting player 0 freeze to 1000
