[2022-12-17 12:38:55] [INFO   ] cannot read configuration file config.properties trying from resources.
[2022-12-17 12:38:55] [INFO   ] configuration file was loaded from resources directory.
[2022-12-17 12:38:56] [INFO   ] Thread dealer starting.
[2022-12-17 12:38:56] [INFO   ] Thread Thread-1starting.
[2022-12-17 12:38:56] [INFO   ] Thread Thread-2starting.
[2022-12-17 12:38:56] [SEVERE ] placing card 63 in slot 0
[2022-12-17 12:38:56] [SEVERE ] placing card 47 in slot 1
[2022-12-17 12:38:56] [SEVERE ] placing card 65 in slot 2
[2022-12-17 12:38:56] [SEVERE ] placing card 0 in slot 3
[2022-12-17 12:38:56] [SEVERE ] placing card 18 in slot 4
[2022-12-17 12:38:56] [SEVERE ] placing card 11 in slot 5
[2022-12-17 12:38:56] [SEVERE ] placing card 31 in slot 6
[2022-12-17 12:38:56] [SEVERE ] placing card 54 in slot 7
[2022-12-17 12:38:57] [SEVERE ] placing card 27 in slot 8
[2022-12-17 12:38:57] [SEVERE ] placing card 5 in slot 9
[2022-12-17 12:38:57] [SEVERE ] placing card 36 in slot 10
[2022-12-17 12:38:57] [SEVERE ] placing card 77 in slot 11
[2022-12-17 12:39:13] [SEVERE ] Key 69 was pressed by player 0
[2022-12-17 12:39:13] [SEVERE ] player 0 placing token on slot 2
[2022-12-17 12:39:13] [SEVERE ] Key 69 was pressed by player 0
[2022-12-17 12:39:13] [SEVERE ] removing player 0 token from slot 2
[2022-12-17 12:39:13] [SEVERE ] Key 82 was pressed by player 0
[2022-12-17 12:39:13] [SEVERE ] player 0 placing token on slot 3
[2022-12-17 12:39:14] [SEVERE ] Key 65 was pressed by player 0
[2022-12-17 12:39:14] [SEVERE ] player 0 placing token on slot 4
[2022-12-17 12:39:15] [SEVERE ] Key 65 was pressed by player 0
[2022-12-17 12:39:15] [SEVERE ] removing player 0 token from slot 4
[2022-12-17 12:39:16] [SEVERE ] Key 90 was pressed by player 0
[2022-12-17 12:39:16] [SEVERE ] player 0 placing token on slot 8
[2022-12-17 12:39:21] [SEVERE ] Key 69 was pressed by player 0
[2022-12-17 12:39:21] [SEVERE ] player 0 placing token on slot 2
[2022-12-17 12:39:28] [SEVERE ] setting player 0 freeze to 3000
[2022-12-17 12:39:41] [SEVERE ] Key 85 was pressed by player 1
[2022-12-17 12:39:41] [SEVERE ] player 1 placing token on slot 0
[2022-12-17 12:39:42] [SEVERE ] Key 85 was pressed by player 1
[2022-12-17 12:39:42] [SEVERE ] removing player 1 token from slot 0
[2022-12-17 12:39:43] [SEVERE ] Key 80 was pressed by player 1
[2022-12-17 12:39:43] [SEVERE ] player 1 placing token on slot 3
[2022-12-17 12:39:45] [SEVERE ] Key 59 was pressed by player 1
[2022-12-17 12:39:45] [SEVERE ] player 1 placing token on slot 7
[2022-12-17 12:39:47] [SEVERE ] Key 59 was pressed by player 1
[2022-12-17 12:39:47] [SEVERE ] removing player 1 token from slot 7
[2022-12-17 12:39:48] [SEVERE ] Key 90 was pressed by player 0
[2022-12-17 12:39:51] [SEVERE ] Key 77 was pressed by player 1
[2022-12-17 12:39:51] [SEVERE ] player 1 placing token on slot 8
[2022-12-17 12:39:58] [SEVERE ] removing all tokens
[2022-12-17 12:39:58] [SEVERE ] removing tokens from slot 0
[2022-12-17 12:39:58] [SEVERE ] removing tokens from slot 1
[2022-12-17 12:39:58] [SEVERE ] removing tokens from slot 2
[2022-12-17 12:39:58] [SEVERE ] removing tokens from slot 3
[2022-12-17 12:39:58] [SEVERE ] removing tokens from slot 4
[2022-12-17 12:39:58] [SEVERE ] removing tokens from slot 5
[2022-12-17 12:39:58] [SEVERE ] removing tokens from slot 6
[2022-12-17 12:39:58] [SEVERE ] removing tokens from slot 7
[2022-12-17 12:39:58] [SEVERE ] removing tokens from slot 8
[2022-12-17 12:39:58] [SEVERE ] removing tokens from slot 9
[2022-12-17 12:39:58] [SEVERE ] removing tokens from slot 10
[2022-12-17 12:39:58] [SEVERE ] removing tokens from slot 11
[2022-12-17 12:39:58] [SEVERE ] removing card from slot 0
[2022-12-17 12:39:58] [SEVERE ] removing card from slot 1
[2022-12-17 12:39:58] [SEVERE ] removing card from slot 2
[2022-12-17 12:39:58] [SEVERE ] removing card from slot 3
[2022-12-17 12:39:58] [SEVERE ] removing card from slot 4
[2022-12-17 12:39:59] [SEVERE ] removing card from slot 5
[2022-12-17 12:39:59] [SEVERE ] removing card from slot 6
[2022-12-17 12:39:59] [SEVERE ] removing card from slot 7
[2022-12-17 12:39:59] [SEVERE ] removing card from slot 8
[2022-12-17 12:39:59] [SEVERE ] removing card from slot 9
[2022-12-17 12:39:59] [SEVERE ] removing card from slot 10
[2022-12-17 12:39:59] [SEVERE ] removing card from slot 11
[2022-12-17 12:39:59] [SEVERE ] placing card 62 in slot 0
[2022-12-17 12:39:59] [SEVERE ] placing card 25 in slot 1
[2022-12-17 12:39:59] [SEVERE ] placing card 36 in slot 2
[2022-12-17 12:40:00] [SEVERE ] placing card 16 in slot 3
[2022-12-17 12:40:00] [SEVERE ] placing card 48 in slot 4
[2022-12-17 12:40:00] [SEVERE ] placing card 35 in slot 5
[2022-12-17 12:40:00] [SEVERE ] placing card 42 in slot 6
[2022-12-17 12:40:00] [SEVERE ] placing card 10 in slot 7
[2022-12-17 12:40:00] [SEVERE ] placing card 72 in slot 8
[2022-12-17 12:40:00] [SEVERE ] placing card 80 in slot 9
[2022-12-17 12:40:00] [SEVERE ] placing card 66 in slot 10
[2022-12-17 12:40:00] [SEVERE ] placing card 4 in slot 11
[2022-12-17 12:40:01] [SEVERE ] setting player 0 freeze to 2000
[2022-12-17 12:40:04] [SEVERE ] setting player 0 freeze to 1000
