[2022-12-13 13:50:24] [INFO   ] cannot read configuration file config.properties trying from resources.
[2022-12-13 13:50:24] [INFO   ] configuration file was loaded from resources directory.
[2022-12-13 13:50:25] [INFO   ] Thread dealer starting.
[2022-12-13 13:51:07] [SEVERE ] placing card 22 in slot 0
[2022-12-13 13:51:07] [SEVERE ] placing card 15 in slot 1
[2022-12-13 13:51:07] [SEVERE ] placing card 16 in slot 2
[2022-12-13 13:51:07] [SEVERE ] placing card 60 in slot 3
[2022-12-13 13:51:07] [SEVERE ] placing card 0 in slot 4
[2022-12-13 13:51:07] [SEVERE ] placing card 20 in slot 5
[2022-12-13 13:51:08] [SEVERE ] placing card 37 in slot 6
[2022-12-13 13:51:08] [SEVERE ] placing card 71 in slot 7
[2022-12-13 13:51:08] [SEVERE ] placing card 11 in slot 8
[2022-12-13 13:51:08] [SEVERE ] placing card 67 in slot 9
[2022-12-13 13:51:08] [SEVERE ] placing card 48 in slot 10
[2022-12-13 13:51:08] [SEVERE ] placing card 24 in slot 11
[2022-12-13 13:51:12] [SEVERE ] removing card from slot 0
[2022-12-13 13:51:12] [SEVERE ] removing card from slot 1
[2022-12-13 13:51:12] [SEVERE ] removing card from slot 2
[2022-12-13 13:51:12] [SEVERE ] removing card from slot 3
[2022-12-13 13:51:12] [SEVERE ] removing card from slot 4
[2022-12-13 13:51:12] [SEVERE ] removing card from slot 5
[2022-12-13 13:51:12] [SEVERE ] removing card from slot 6
[2022-12-13 13:51:12] [SEVERE ] removing card from slot 7
[2022-12-13 13:51:12] [SEVERE ] removing card from slot 8
[2022-12-13 13:51:12] [SEVERE ] removing card from slot 9
[2022-12-13 13:51:12] [SEVERE ] removing card from slot 10
[2022-12-13 13:51:12] [SEVERE ] removing card from slot 11
[2022-12-13 15:02:50] [SEVERE ] placing card 76 in slot 0
[2022-12-13 15:02:51] [SEVERE ] placing card 6 in slot 1
[2022-12-13 15:02:51] [SEVERE ] placing card 66 in slot 2
[2022-12-13 15:02:51] [SEVERE ] placing card 63 in slot 3
[2022-12-13 15:02:51] [SEVERE ] placing card 7 in slot 4
[2022-12-13 15:02:51] [SEVERE ] placing card 1 in slot 5
[2022-12-13 15:02:51] [SEVERE ] placing card 65 in slot 6
[2022-12-13 15:02:51] [SEVERE ] placing card 10 in slot 7
[2022-12-13 15:02:51] [SEVERE ] placing card 13 in slot 8
[2022-12-13 15:02:51] [SEVERE ] placing card 51 in slot 9
[2022-12-13 15:02:52] [SEVERE ] placing card 32 in slot 10
[2022-12-13 15:02:52] [SEVERE ] placing card 35 in slot 11
[2022-12-13 15:02:57] [SEVERE ] removing card from slot 0
[2022-12-13 15:02:57] [SEVERE ] removing card from slot 1
[2022-12-13 15:02:57] [SEVERE ] removing card from slot 2
[2022-12-13 15:02:57] [SEVERE ] removing card from slot 3
[2022-12-13 15:02:57] [SEVERE ] removing card from slot 4
[2022-12-13 15:02:57] [SEVERE ] removing card from slot 5
[2022-12-13 15:02:57] [SEVERE ] removing card from slot 6
[2022-12-13 15:02:57] [SEVERE ] removing card from slot 7
[2022-12-13 15:02:57] [SEVERE ] removing card from slot 8
[2022-12-13 15:02:57] [SEVERE ] removing card from slot 9
[2022-12-13 15:02:57] [SEVERE ] removing card from slot 10
[2022-12-13 15:02:57] [SEVERE ] removing card from slot 11
[2022-12-13 15:03:01] [SEVERE ] placing card 16 in slot 0
[2022-12-13 15:03:01] [SEVERE ] placing card 80 in slot 1
[2022-12-13 15:03:01] [SEVERE ] placing card 11 in slot 2
[2022-12-13 15:03:01] [SEVERE ] placing card 21 in slot 3
[2022-12-13 15:03:01] [SEVERE ] placing card 43 in slot 4
[2022-12-13 15:03:01] [SEVERE ] placing card 57 in slot 5
[2022-12-13 15:03:02] [SEVERE ] placing card 30 in slot 6
[2022-12-13 15:03:02] [SEVERE ] placing card 19 in slot 7
[2022-12-13 15:03:02] [SEVERE ] placing card 55 in slot 8
[2022-12-13 15:03:02] [SEVERE ] placing card 36 in slot 9
[2022-12-13 15:03:02] [SEVERE ] placing card 67 in slot 10
[2022-12-13 15:03:02] [SEVERE ] placing card 18 in slot 11
