[2022-12-13 15:30:13] [INFO   ] cannot read configuration file config.properties trying from resources.
[2022-12-13 15:30:13] [INFO   ] configuration file was loaded from resources directory.
[2022-12-13 15:30:14] [INFO   ] Thread dealer starting.
[2022-12-13 15:30:32] [SEVERE ] placing card 24 in slot 0
[2022-12-13 15:30:32] [SEVERE ] placing card 63 in slot 1
[2022-12-13 15:30:32] [SEVERE ] placing card 3 in slot 2
[2022-12-13 15:30:33] [SEVERE ] placing card 78 in slot 3
[2022-12-13 15:30:33] [SEVERE ] placing card 39 in slot 4
[2022-12-13 15:30:33] [SEVERE ] placing card 27 in slot 5
[2022-12-13 15:30:33] [SEVERE ] placing card 13 in slot 6
[2022-12-13 15:30:33] [SEVERE ] placing card 50 in slot 7
[2022-12-13 15:30:33] [SEVERE ] placing card 66 in slot 8
[2022-12-13 15:30:33] [SEVERE ] placing card 7 in slot 9
[2022-12-13 15:30:33] [SEVERE ] placing card 52 in slot 10
[2022-12-13 15:30:34] [SEVERE ] placing card 65 in slot 11
[2022-12-13 15:31:02] [SEVERE ] removing card from slot 0
[2022-12-13 15:31:04] [SEVERE ] removing card from slot 1
[2022-12-13 15:31:06] [SEVERE ] removing card from slot 2
[2022-12-13 15:31:10] [SEVERE ] placing card 76 in slot 0
[2022-12-13 15:31:10] [SEVERE ] placing card 16 in slot 1
[2022-12-13 15:31:10] [SEVERE ] placing card 69 in slot 2
