[16:26:28.406] [INFO   ] thread main starting.
[16:26:28.423] [SEVERE ] cannot read configuration file config.properties trying from resources.
[16:26:28.426] [SEVERE ] configuration file was loaded from resources directory.
[16:26:29.946] [INFO   ] thread dealer starting.
[16:26:29.949] [INFO   ] Thread dealer starting.
[16:26:29.950] [INFO   ] Thread Thread-0starting.
[16:26:29.950] [INFO   ] Thread Thread-1starting.
[16:26:30.087] [SEVERE ] placing card 80 in slot 0
[16:26:30.194] [SEVERE ] placing card 37 in slot 1
[16:26:30.299] [SEVERE ] placing card 30 in slot 2
[16:26:30.405] [SEVERE ] placing card 3 in slot 3
[16:26:30.507] [SEVERE ] placing card 26 in slot 4
[16:26:30.614] [SEVERE ] placing card 44 in slot 5
[16:26:30.719] [SEVERE ] placing card 22 in slot 6
[16:26:30.825] [SEVERE ] placing card 5 in slot 7
[16:26:30.931] [SEVERE ] placing card 60 in slot 8
[16:26:31.037] [SEVERE ] placing card 74 in slot 9
[16:26:31.143] [SEVERE ] placing card 47 in slot 10
[16:26:31.249] [SEVERE ] placing card 11 in slot 11
[16:26:31.250] [SEVERE ] updating countdown to 60000
[16:26:32.211] [SEVERE ] updating countdown to 59039
[16:26:33.167] [SEVERE ] updating countdown to 58083
[16:26:34.118] [SEVERE ] updating countdown to 57132
[16:26:35.074] [SEVERE ] updating countdown to 56176
[16:26:35.850] [SEVERE ] key 77 was pressed by player 2
[16:26:35.850] [SEVERE ] player 2 placing token on slot 8
[16:26:36.030] [SEVERE ] updating countdown to 55220
[16:26:36.373] [SEVERE ] key 44 was pressed by player 2
[16:26:36.373] [SEVERE ] player 2 placing token on slot 9
[16:26:36.882] [SEVERE ] key 46 was pressed by player 2
[16:26:36.883] [SEVERE ] player 2 placing token on slot 10
[16:26:36.987] [SEVERE ] updating countdown to 54263
[16:26:37.946] [SEVERE ] updating countdown to 53304
[16:26:38.902] [SEVERE ] updating countdown to 52348
[16:26:39.860] [SEVERE ] updating countdown to 51390
[16:26:40.816] [SEVERE ] updating countdown to 50434
[16:26:41.773] [SEVERE ] updating countdown to 49477
[16:26:42.728] [SEVERE ] updating countdown to 48522
[16:26:43.683] [SEVERE ] updating countdown to 47567
[16:26:44.641] [SEVERE ] updating countdown to 46609
[16:26:45.598] [SEVERE ] updating countdown to 45652
[16:26:45.702] [SEVERE ] exit button pressed
[16:26:45.703] [INFO   ] Thread Thread-0 terminated.
[16:26:45.704] [INFO   ] Thread Thread-1 terminated.
[16:26:45.704] [SEVERE ] thanks for playing... it was fun!
[16:26:45.704] [INFO   ] thread main terminated.
