[2022-12-17 13:32:17] [INFO   ] cannot read configuration file config.properties trying from resources.
[2022-12-17 13:32:17] [INFO   ] configuration file was loaded from resources directory.
[2022-12-17 13:32:18] [INFO   ] Thread dealer starting.
[2022-12-17 13:32:18] [INFO   ] Thread Thread-1starting.
[2022-12-17 13:32:18] [INFO   ] Thread Thread-2starting.
[2022-12-17 13:32:18] [SEVERE ] placing card 51 in slot 0
[2022-12-17 13:32:18] [SEVERE ] placing card 72 in slot 1
[2022-12-17 13:32:18] [SEVERE ] placing card 56 in slot 2
[2022-12-17 13:32:18] [SEVERE ] placing card 43 in slot 3
[2022-12-17 13:32:18] [SEVERE ] placing card 20 in slot 4
[2022-12-17 13:32:18] [SEVERE ] placing card 2 in slot 5
[2022-12-17 13:32:18] [SEVERE ] placing card 63 in slot 6
[2022-12-17 13:32:19] [SEVERE ] placing card 75 in slot 7
[2022-12-17 13:32:19] [SEVERE ] placing card 76 in slot 8
[2022-12-17 13:32:19] [SEVERE ] placing card 21 in slot 9
[2022-12-17 13:32:19] [SEVERE ] placing card 28 in slot 10
[2022-12-17 13:32:19] [SEVERE ] placing card 50 in slot 11
[2022-12-17 13:32:22] [SEVERE ] Exit button pressed
[2022-12-17 13:32:42] [INFO   ] Thread Thread-1 terminated.
[2022-12-17 13:32:55] [INFO   ] Thread Thread-2 terminated.
[2022-12-17 13:32:58] [SEVERE ] removing all tokens
[2022-12-17 13:32:58] [SEVERE ] removing tokens from slot 0
[2022-12-17 13:32:58] [SEVERE ] removing tokens from slot 1
[2022-12-17 13:32:58] [SEVERE ] removing tokens from slot 2
[2022-12-17 13:32:58] [SEVERE ] removing tokens from slot 3
[2022-12-17 13:32:58] [SEVERE ] removing tokens from slot 4
[2022-12-17 13:32:58] [SEVERE ] removing tokens from slot 5
[2022-12-17 13:32:58] [SEVERE ] removing tokens from slot 6
[2022-12-17 13:32:58] [SEVERE ] removing tokens from slot 7
[2022-12-17 13:32:58] [SEVERE ] removing tokens from slot 8
[2022-12-17 13:32:58] [SEVERE ] removing tokens from slot 9
[2022-12-17 13:32:58] [SEVERE ] removing tokens from slot 10
[2022-12-17 13:32:58] [SEVERE ] removing tokens from slot 11
[2022-12-17 13:32:58] [SEVERE ] removing card from slot 0
[2022-12-17 13:32:58] [SEVERE ] removing card from slot 1
[2022-12-17 13:32:58] [SEVERE ] removing card from slot 2
[2022-12-17 13:32:59] [SEVERE ] removing card from slot 3
[2022-12-17 13:32:59] [SEVERE ] removing card from slot 4
[2022-12-17 13:32:59] [SEVERE ] removing card from slot 5
[2022-12-17 13:32:59] [SEVERE ] removing card from slot 6
[2022-12-17 13:32:59] [SEVERE ] removing card from slot 7
[2022-12-17 13:32:59] [SEVERE ] removing card from slot 8
[2022-12-17 13:32:59] [SEVERE ] removing card from slot 9
[2022-12-17 13:32:59] [SEVERE ] removing card from slot 10
[2022-12-17 13:32:59] [SEVERE ] removing card from slot 11
[2022-12-17 13:32:59] [SEVERE ] announcing winners: [0, 1]
[2022-12-17 13:32:59] [INFO   ] Thread dealer terminated.
[2022-12-17 13:32:59] [INFO   ] Thread main terminated.
