[2022-12-17 09:58:44] [INFO   ] cannot read configuration file config.properties trying from resources.
[2022-12-17 09:58:44] [INFO   ] configuration file was loaded from resources directory.
[2022-12-17 09:58:45] [INFO   ] Thread dealer starting.
[2022-12-17 09:58:45] [INFO   ] Thread Thread-1starting.
[2022-12-17 09:58:45] [INFO   ] Thread Thread-2starting.
[2022-12-17 09:58:45] [SEVERE ] placing card 41 in slot 0
[2022-12-17 09:58:46] [SEVERE ] placing card 19 in slot 1
[2022-12-17 09:58:46] [SEVERE ] placing card 39 in slot 2
[2022-12-17 09:58:46] [SEVERE ] placing card 3 in slot 3
[2022-12-17 09:58:46] [SEVERE ] placing card 25 in slot 4
[2022-12-17 09:58:46] [SEVERE ] placing card 72 in slot 5
[2022-12-17 09:58:46] [SEVERE ] placing card 12 in slot 6
[2022-12-17 09:58:46] [SEVERE ] placing card 1 in slot 7
[2022-12-17 09:58:46] [SEVERE ] placing card 64 in slot 8
[2022-12-17 09:58:46] [SEVERE ] placing card 77 in slot 9
[2022-12-17 09:58:46] [SEVERE ] placing card 65 in slot 10
[2022-12-17 09:58:47] [SEVERE ] placing card 22 in slot 11
[2022-12-17 09:58:49] [SEVERE ] Key 65 was pressed by player 0
[2022-12-17 09:58:49] [SEVERE ] player 0 placing token on slot 4
[2022-12-17 09:58:49] [SEVERE ] Key 83 was pressed by player 0
[2022-12-17 09:58:49] [SEVERE ] player 0 placing token on slot 5
[2022-12-17 09:58:49] [SEVERE ] Key 68 was pressed by player 0
[2022-12-17 09:58:49] [SEVERE ] player 0 placing token on slot 6
[2022-12-17 09:58:49] [SEVERE ] setting player 0 freeze to 3000
[2022-12-17 09:58:49] [SEVERE ] setting player 0 freeze to 2000
[2022-12-17 09:58:50] [SEVERE ] Key 68 was pressed by player 0
[2022-12-17 09:58:50] [SEVERE ] removing player 0 token from slot 6
[2022-12-17 09:58:50] [SEVERE ] Key 68 was pressed by player 0
[2022-12-17 09:58:50] [SEVERE ] player 0 placing token on slot 6
[2022-12-17 09:58:50] [SEVERE ] setting player 0 freeze to 3000
[2022-12-17 09:58:50] [SEVERE ] setting player 0 freeze to 4000
[2022-12-17 09:58:50] [SEVERE ] Key 68 was pressed by player 0
[2022-12-17 09:58:50] [SEVERE ] removing player 0 token from slot 6
[2022-12-17 09:58:51] [SEVERE ] Key 68 was pressed by player 0
[2022-12-17 09:58:51] [SEVERE ] player 0 placing token on slot 6
[2022-12-17 09:58:51] [SEVERE ] setting player 0 freeze to 3000
[2022-12-17 09:58:51] [SEVERE ] Key 68 was pressed by player 0
[2022-12-17 09:58:51] [SEVERE ] removing player 0 token from slot 6
[2022-12-17 09:58:51] [SEVERE ] Key 68 was pressed by player 0
[2022-12-17 09:58:51] [SEVERE ] player 0 placing token on slot 6
[2022-12-17 09:58:51] [SEVERE ] setting player 0 freeze to 3000
[2022-12-17 09:58:51] [SEVERE ] Key 68 was pressed by player 0
[2022-12-17 09:58:51] [SEVERE ] removing player 0 token from slot 6
[2022-12-17 09:58:51] [SEVERE ] setting player 0 freeze to 9000
[2022-12-17 09:58:52] [SEVERE ] Key 68 was pressed by player 0
[2022-12-17 09:58:52] [SEVERE ] player 0 placing token on slot 6
[2022-12-17 09:58:52] [SEVERE ] setting player 0 freeze to 3000
[2022-12-17 09:58:52] [SEVERE ] Key 68 was pressed by player 0
[2022-12-17 09:58:52] [SEVERE ] removing player 0 token from slot 6
[2022-12-17 09:58:52] [SEVERE ] Key 68 was pressed by player 0
[2022-12-17 09:58:52] [SEVERE ] player 0 placing token on slot 6
[2022-12-17 09:58:52] [SEVERE ] setting player 0 freeze to 3000
[2022-12-17 09:58:52] [SEVERE ] Key 68 was pressed by player 0
[2022-12-17 09:58:52] [SEVERE ] removing player 0 token from slot 6
[2022-12-17 09:58:52] [SEVERE ] setting player 0 freeze to 14000
[2022-12-17 09:58:53] [SEVERE ] Key 68 was pressed by player 0
[2022-12-17 09:58:53] [SEVERE ] player 0 placing token on slot 6
[2022-12-17 09:58:53] [SEVERE ] setting player 0 freeze to 3000
[2022-12-17 09:58:53] [SEVERE ] Key 68 was pressed by player 0
[2022-12-17 09:58:53] [SEVERE ] removing player 0 token from slot 6
[2022-12-17 09:58:53] [SEVERE ] Key 68 was pressed by player 0
[2022-12-17 09:58:53] [SEVERE ] player 0 placing token on slot 6
[2022-12-17 09:58:53] [SEVERE ] setting player 0 freeze to 3000
[2022-12-17 09:58:53] [SEVERE ] Key 68 was pressed by player 0
[2022-12-17 09:58:53] [SEVERE ] removing player 0 token from slot 6
[2022-12-17 09:58:53] [SEVERE ] setting player 0 freeze to 19000
[2022-12-17 09:58:54] [SEVERE ] Key 68 was pressed by player 0
[2022-12-17 09:58:54] [SEVERE ] player 0 placing token on slot 6
[2022-12-17 09:58:54] [SEVERE ] setting player 0 freeze to 3000
[2022-12-17 09:58:54] [SEVERE ] Key 68 was pressed by player 0
[2022-12-17 09:58:54] [SEVERE ] removing player 0 token from slot 6
[2022-12-17 09:58:54] [SEVERE ] Key 68 was pressed by player 0
[2022-12-17 09:58:54] [SEVERE ] player 0 placing token on slot 6
[2022-12-17 09:58:54] [SEVERE ] setting player 0 freeze to 3000
[2022-12-17 09:58:54] [SEVERE ] setting player 0 freeze to 24000
[2022-12-17 09:58:54] [SEVERE ] Key 68 was pressed by player 0
[2022-12-17 09:58:54] [SEVERE ] removing player 0 token from slot 6
[2022-12-17 09:58:55] [SEVERE ] Key 68 was pressed by player 0
[2022-12-17 09:58:55] [SEVERE ] player 0 placing token on slot 6
[2022-12-17 09:58:55] [SEVERE ] setting player 0 freeze to 3000
[2022-12-17 09:58:55] [SEVERE ] Key 68 was pressed by player 0
[2022-12-17 09:58:55] [SEVERE ] removing player 0 token from slot 6
[2022-12-17 09:58:55] [SEVERE ] Key 68 was pressed by player 0
[2022-12-17 09:58:55] [SEVERE ] player 0 placing token on slot 6
[2022-12-17 09:58:55] [SEVERE ] setting player 0 freeze to 3000
[2022-12-17 09:58:55] [SEVERE ] setting player 0 freeze to 29000
[2022-12-17 09:58:55] [SEVERE ] Key 68 was pressed by player 0
[2022-12-17 09:58:55] [SEVERE ] removing player 0 token from slot 6
[2022-12-17 09:58:56] [SEVERE ] Key 68 was pressed by player 0
[2022-12-17 09:58:56] [SEVERE ] player 0 placing token on slot 6
[2022-12-17 09:58:56] [SEVERE ] setting player 0 freeze to 3000
[2022-12-17 09:58:56] [SEVERE ] setting player 0 freeze to 31000
[2022-12-17 09:58:57] [SEVERE ] setting player 0 freeze to 30000
[2022-12-17 09:58:58] [SEVERE ] setting player 0 freeze to 29000
[2022-12-17 09:58:59] [SEVERE ] setting player 0 freeze to 28000
[2022-12-17 09:59:00] [SEVERE ] setting player 0 freeze to 27000
[2022-12-17 09:59:01] [SEVERE ] setting player 0 freeze to 26000
[2022-12-17 09:59:02] [SEVERE ] setting player 0 freeze to 25000
[2022-12-17 09:59:03] [SEVERE ] setting player 0 freeze to 24000
[2022-12-17 09:59:04] [SEVERE ] setting player 0 freeze to 23000
[2022-12-17 09:59:05] [SEVERE ] setting player 0 freeze to 22000
[2022-12-17 09:59:06] [SEVERE ] setting player 0 freeze to 21000
[2022-12-17 09:59:07] [SEVERE ] setting player 0 freeze to 20000
[2022-12-17 09:59:08] [SEVERE ] setting player 0 freeze to 19000
[2022-12-17 09:59:09] [SEVERE ] setting player 0 freeze to 18000
[2022-12-17 09:59:09] [SEVERE ] setting player 0 freeze to 17000
[2022-12-17 09:59:10] [SEVERE ] setting player 0 freeze to 16000
[2022-12-17 09:59:11] [SEVERE ] setting player 0 freeze to 15000
[2022-12-17 09:59:12] [SEVERE ] setting player 0 freeze to 14000
[2022-12-17 09:59:13] [SEVERE ] setting player 0 freeze to 13000
[2022-12-17 09:59:14] [SEVERE ] setting player 0 freeze to 12000
[2022-12-17 09:59:15] [SEVERE ] setting player 0 freeze to 11000
[2022-12-17 09:59:16] [SEVERE ] setting player 0 freeze to 10000
[2022-12-17 09:59:17] [SEVERE ] setting player 0 freeze to 9000
[2022-12-17 09:59:18] [SEVERE ] setting player 0 freeze to 8000
[2022-12-17 09:59:19] [SEVERE ] setting player 0 freeze to 7000
[2022-12-17 09:59:20] [SEVERE ] setting player 0 freeze to 6000
[2022-12-17 09:59:21] [SEVERE ] setting player 0 freeze to 5000
[2022-12-17 09:59:22] [SEVERE ] setting player 0 freeze to 4000
[2022-12-17 09:59:23] [SEVERE ] setting player 0 freeze to 3000
[2022-12-17 09:59:24] [SEVERE ] setting player 0 freeze to 2000
[2022-12-17 09:59:25] [SEVERE ] setting player 0 freeze to 1000
[2022-12-17 09:59:26] [SEVERE ] setting player 0 freeze to 0
[2022-12-17 09:59:27] [SEVERE ] Key 87 was pressed by player 0
[2022-12-17 09:59:27] [SEVERE ] setting player 0 freeze to 3000
[2022-12-17 09:59:27] [SEVERE ] Key 69 was pressed by player 0
[2022-12-17 09:59:27] [SEVERE ] setting player 0 freeze to 3000
[2022-12-17 09:59:27] [SEVERE ] Key 82 was pressed by player 0
[2022-12-17 09:59:27] [SEVERE ] setting player 0 freeze to 3000
[2022-12-17 09:59:28] [SEVERE ] setting player 0 freeze to 8000
[2022-12-17 09:59:29] [SEVERE ] setting player 0 freeze to 7000
[2022-12-17 09:59:30] [SEVERE ] setting player 0 freeze to 6000
[2022-12-17 09:59:30] [SEVERE ] Exit button pressed
[2022-12-17 09:59:30] [SEVERE ] setting player 0 freeze to 5000
[2022-12-17 09:59:31] [SEVERE ] setting player 0 freeze to 4000
[2022-12-17 09:59:32] [SEVERE ] setting player 0 freeze to 3000
[2022-12-17 09:59:33] [SEVERE ] setting player 0 freeze to 2000
