[2022-12-17 14:23:45] [INFO   ] cannot read configuration file config.properties trying from resources.
[2022-12-17 14:23:45] [INFO   ] configuration file was loaded from resources directory.
[2022-12-17 14:23:46] [INFO   ] Thread dealer starting.
[2022-12-17 14:23:46] [INFO   ] Thread Thread-1starting.
[2022-12-17 14:23:46] [INFO   ] Thread Thread-2starting.
[2022-12-17 14:23:46] [SEVERE ] placing card 33 in slot 0
[2022-12-17 14:23:46] [SEVERE ] placing card 67 in slot 1
[2022-12-17 14:23:46] [SEVERE ] placing card 52 in slot 2
[2022-12-17 14:23:46] [SEVERE ] placing card 34 in slot 3
[2022-12-17 14:23:46] [SEVERE ] placing card 21 in slot 4
[2022-12-17 14:23:46] [SEVERE ] placing card 55 in slot 5
[2022-12-17 14:23:47] [SEVERE ] placing card 38 in slot 6
[2022-12-17 14:23:47] [SEVERE ] placing card 14 in slot 7
[2022-12-17 14:23:47] [SEVERE ] placing card 29 in slot 8
[2022-12-17 14:23:47] [SEVERE ] placing card 10 in slot 9
[2022-12-17 14:23:47] [SEVERE ] placing card 57 in slot 10
[2022-12-17 14:23:47] [SEVERE ] placing card 45 in slot 11
[2022-12-17 14:23:52] [SEVERE ] Key 81 was pressed by player 0
[2022-12-17 14:23:52] [SEVERE ] player 0 placing token on slot 0
[2022-12-17 14:23:52] [SEVERE ] Key 87 was pressed by player 0
[2022-12-17 14:23:52] [SEVERE ] player 0 placing token on slot 1
[2022-12-17 14:23:52] [SEVERE ] Key 69 was pressed by player 0
[2022-12-17 14:23:52] [SEVERE ] player 0 placing token on slot 2
[2022-12-17 14:23:52] [SEVERE ] setting player 0 freeze to 3000
[2022-12-17 14:23:52] [SEVERE ] setting player 0 freeze to 2000
[2022-12-17 14:23:53] [SEVERE ] setting player 0 freeze to 1000
[2022-12-17 14:23:54] [SEVERE ] setting player 0 freeze to 0
[2022-12-17 14:23:54] [SEVERE ] Key 69 was pressed by player 0
[2022-12-17 14:23:54] [SEVERE ] removing player 0 token from slot 2
[2022-12-17 14:23:54] [SEVERE ] Key 87 was pressed by player 0
[2022-12-17 14:23:54] [SEVERE ] removing player 0 token from slot 1
[2022-12-17 14:23:55] [SEVERE ] Key 81 was pressed by player 0
[2022-12-17 14:23:55] [SEVERE ] removing player 0 token from slot 0
[2022-12-17 14:24:10] [SEVERE ] Key 82 was pressed by player 0
[2022-12-17 14:24:10] [SEVERE ] player 0 placing token on slot 3
[2022-12-17 14:24:11] [SEVERE ] Key 70 was pressed by player 0
[2022-12-17 14:24:11] [SEVERE ] player 0 placing token on slot 7
[2022-12-17 14:24:11] [SEVERE ] Key 67 was pressed by player 0
[2022-12-17 14:24:11] [SEVERE ] player 0 placing token on slot 10
[2022-12-17 14:24:11] [SEVERE ] setting player 0 freeze to 3000
[2022-12-17 14:24:11] [SEVERE ] setting player 0 freeze to 2000
[2022-12-17 14:24:12] [SEVERE ] setting player 0 freeze to 1000
[2022-12-17 14:24:13] [SEVERE ] setting player 0 freeze to 0
[2022-12-17 14:24:13] [SEVERE ] Key 67 was pressed by player 0
[2022-12-17 14:24:13] [SEVERE ] removing player 0 token from slot 10
[2022-12-17 14:24:14] [SEVERE ] Key 86 was pressed by player 0
[2022-12-17 14:24:14] [SEVERE ] player 0 placing token on slot 11
[2022-12-17 14:24:14] [SEVERE ] setting player 0 freeze to 3000
[2022-12-17 14:24:14] [SEVERE ] setting player 0 freeze to 2000
[2022-12-17 14:24:15] [SEVERE ] setting player 0 freeze to 1000
[2022-12-17 14:24:16] [SEVERE ] setting player 0 freeze to 0
[2022-12-17 14:24:21] [SEVERE ] Key 86 was pressed by player 0
[2022-12-17 14:24:21] [SEVERE ] removing player 0 token from slot 11
[2022-12-17 14:24:28] [SEVERE ] Key 70 was pressed by player 0
[2022-12-17 14:24:28] [SEVERE ] removing player 0 token from slot 7
[2022-12-17 14:24:28] [SEVERE ] Key 82 was pressed by player 0
[2022-12-17 14:24:28] [SEVERE ] removing player 0 token from slot 3
[2022-12-17 14:24:32] [SEVERE ] Key 69 was pressed by player 0
[2022-12-17 14:24:32] [SEVERE ] player 0 placing token on slot 2
[2022-12-17 14:24:32] [SEVERE ] Key 69 was pressed by player 0
[2022-12-17 14:24:32] [SEVERE ] removing player 0 token from slot 2
[2022-12-17 14:24:33] [SEVERE ] Key 69 was pressed by player 0
[2022-12-17 14:24:33] [SEVERE ] player 0 placing token on slot 2
[2022-12-17 14:24:34] [SEVERE ] Key 70 was pressed by player 0
[2022-12-17 14:24:34] [SEVERE ] player 0 placing token on slot 7
[2022-12-17 14:24:36] [SEVERE ] Key 70 was pressed by player 0
[2022-12-17 14:24:36] [SEVERE ] removing player 0 token from slot 7
[2022-12-17 14:24:36] [SEVERE ] Key 69 was pressed by player 0
[2022-12-17 14:24:36] [SEVERE ] removing player 0 token from slot 2
[2022-12-17 14:24:46] [SEVERE ] Key 81 was pressed by player 0
[2022-12-17 14:24:46] [SEVERE ] player 0 placing token on slot 0
[2022-12-17 14:24:46] [SEVERE ] Key 87 was pressed by player 0
[2022-12-17 14:24:46] [SEVERE ] player 0 placing token on slot 1
[2022-12-17 14:24:46] [SEVERE ] Key 69 was pressed by player 0
[2022-12-17 14:24:46] [SEVERE ] player 0 placing token on slot 2
[2022-12-17 14:24:46] [SEVERE ] setting player 0 freeze to 3000
[2022-12-17 14:24:46] [SEVERE ] setting player 0 freeze to 2000
[2022-12-17 14:24:47] [SEVERE ] setting player 0 freeze to 1000
[2022-12-17 14:24:47] [SEVERE ] removing all tokens
[2022-12-17 14:24:47] [SEVERE ] removing tokens from slot 0
[2022-12-17 14:24:47] [SEVERE ] removing tokens from slot 1
[2022-12-17 14:24:47] [SEVERE ] removing tokens from slot 2
[2022-12-17 14:24:47] [SEVERE ] removing tokens from slot 3
[2022-12-17 14:24:47] [SEVERE ] removing tokens from slot 4
[2022-12-17 14:24:47] [SEVERE ] removing tokens from slot 5
[2022-12-17 14:24:47] [SEVERE ] removing tokens from slot 6
[2022-12-17 14:24:47] [SEVERE ] removing tokens from slot 7
[2022-12-17 14:24:47] [SEVERE ] removing tokens from slot 8
[2022-12-17 14:24:47] [SEVERE ] removing tokens from slot 9
[2022-12-17 14:24:47] [SEVERE ] removing tokens from slot 10
[2022-12-17 14:24:47] [SEVERE ] removing tokens from slot 11
[2022-12-17 14:24:47] [SEVERE ] removing card from slot 0
[2022-12-17 14:24:48] [SEVERE ] removing card from slot 1
[2022-12-17 14:24:48] [SEVERE ] removing card from slot 2
[2022-12-17 14:24:48] [SEVERE ] removing card from slot 3
[2022-12-17 14:24:48] [SEVERE ] removing card from slot 4
[2022-12-17 14:24:48] [SEVERE ] removing card from slot 5
[2022-12-17 14:24:48] [SEVERE ] removing card from slot 6
[2022-12-17 14:24:48] [SEVERE ] removing card from slot 7
[2022-12-17 14:24:48] [SEVERE ] removing card from slot 8
[2022-12-17 14:24:48] [SEVERE ] removing card from slot 9
[2022-12-17 14:24:49] [SEVERE ] removing card from slot 10
[2022-12-17 14:24:49] [SEVERE ] removing card from slot 11
[2022-12-17 14:24:49] [SEVERE ] placing card 25 in slot 0
[2022-12-17 14:24:49] [SEVERE ] placing card 68 in slot 1
[2022-12-17 14:24:49] [SEVERE ] placing card 8 in slot 2
[2022-12-17 14:24:49] [SEVERE ] placing card 1 in slot 3
[2022-12-17 14:24:49] [SEVERE ] placing card 70 in slot 4
[2022-12-17 14:24:49] [SEVERE ] placing card 79 in slot 5
[2022-12-17 14:24:49] [SEVERE ] placing card 67 in slot 6
[2022-12-17 14:24:49] [SEVERE ] placing card 43 in slot 7
[2022-12-17 14:24:50] [SEVERE ] placing card 42 in slot 8
[2022-12-17 14:24:50] [SEVERE ] placing card 72 in slot 9
[2022-12-17 14:24:50] [SEVERE ] placing card 27 in slot 10
[2022-12-17 14:24:50] [SEVERE ] placing card 56 in slot 11
[2022-12-17 14:24:51] [SEVERE ] setting player 0 freeze to 0
[2022-12-17 14:25:01] [SEVERE ] Key 82 was pressed by player 0
[2022-12-17 14:25:01] [SEVERE ] player 0 placing token on slot 3
[2022-12-17 14:25:03] [SEVERE ] Key 67 was pressed by player 0
[2022-12-17 14:25:03] [SEVERE ] player 0 placing token on slot 10
[2022-12-17 14:25:04] [SEVERE ] Key 86 was pressed by player 0
[2022-12-17 14:25:04] [SEVERE ] player 0 placing token on slot 11
[2022-12-17 14:25:04] [SEVERE ] setting player 0 score to 1
[2022-12-17 14:25:04] [SEVERE ] setting player 0 freeze to 1000
[2022-12-17 14:25:04] [SEVERE ] setting player 0 freeze to 0
[2022-12-17 14:25:04] [SEVERE ] removing player 0 token from slot 3
[2022-12-17 14:25:04] [SEVERE ] removing card from slot 3
[2022-12-17 14:25:04] [SEVERE ] removing player 0 token from slot 10
[2022-12-17 14:25:04] [SEVERE ] removing card from slot 10
[2022-12-17 14:25:04] [SEVERE ] removing player 0 token from slot 11
[2022-12-17 14:25:04] [SEVERE ] removing card from slot 11
[2022-12-17 14:25:05] [SEVERE ] placing card 65 in slot 3
[2022-12-17 14:25:05] [SEVERE ] placing card 7 in slot 10
[2022-12-17 14:25:05] [SEVERE ] placing card 53 in slot 11
