[2022-12-17 12:35:19] [INFO   ] cannot read configuration file config.properties trying from resources.
[2022-12-17 12:35:19] [INFO   ] configuration file was loaded from resources directory.
[2022-12-17 12:35:20] [INFO   ] Thread dealer starting.
[2022-12-17 12:35:20] [INFO   ] Thread Thread-1starting.
[2022-12-17 12:35:20] [INFO   ] Thread Thread-2starting.
[2022-12-17 12:35:20] [SEVERE ] placing card 68 in slot 0
[2022-12-17 12:35:20] [SEVERE ] placing card 38 in slot 1
[2022-12-17 12:35:21] [SEVERE ] placing card 59 in slot 2
[2022-12-17 12:35:21] [SEVERE ] placing card 72 in slot 3
[2022-12-17 12:35:21] [SEVERE ] placing card 31 in slot 4
[2022-12-17 12:35:21] [SEVERE ] placing card 30 in slot 5
[2022-12-17 12:35:21] [SEVERE ] placing card 27 in slot 6
[2022-12-17 12:35:21] [SEVERE ] placing card 24 in slot 7
[2022-12-17 12:35:21] [SEVERE ] placing card 44 in slot 8
[2022-12-17 12:35:21] [SEVERE ] placing card 42 in slot 9
[2022-12-17 12:35:21] [SEVERE ] placing card 7 in slot 10
[2022-12-17 12:35:21] [SEVERE ] placing card 79 in slot 11
[2022-12-17 12:35:52] [SEVERE ] Key 70 was pressed by player 0
[2022-12-17 12:35:52] [SEVERE ] player 0 placing token on slot 7
[2022-12-17 12:35:54] [SEVERE ] Key 68 was pressed by player 0
[2022-12-17 12:35:54] [SEVERE ] player 0 placing token on slot 6
[2022-12-17 12:35:56] [SEVERE ] Key 68 was pressed by player 0
[2022-12-17 12:35:56] [SEVERE ] removing player 0 token from slot 6
[2022-12-17 12:36:02] [SEVERE ] Key 87 was pressed by player 0
[2022-12-17 12:36:02] [SEVERE ] player 0 placing token on slot 1
[2022-12-17 12:36:09] [SEVERE ] Key 70 was pressed by player 0
[2022-12-17 12:36:09] [SEVERE ] removing player 0 token from slot 7
[2022-12-17 12:36:09] [SEVERE ] Key 67 was pressed by player 0
[2022-12-17 12:36:09] [SEVERE ] player 0 placing token on slot 10
[2022-12-17 12:36:13] [SEVERE ] Key 87 was pressed by player 0
[2022-12-17 12:36:13] [SEVERE ] removing player 0 token from slot 1
[2022-12-17 12:36:14] [SEVERE ] Key 83 was pressed by player 0
[2022-12-17 12:36:14] [SEVERE ] player 0 placing token on slot 5
[2022-12-17 12:36:17] [SEVERE ] Key 79 was pressed by player 1
[2022-12-17 12:36:17] [SEVERE ] player 1 placing token on slot 2
[2022-12-17 12:36:18] [SEVERE ] Key 79 was pressed by player 1
[2022-12-17 12:36:18] [SEVERE ] removing player 1 token from slot 2
[2022-12-17 12:36:18] [SEVERE ] Key 80 was pressed by player 1
[2022-12-17 12:36:18] [SEVERE ] player 1 placing token on slot 3
[2022-12-17 12:36:22] [SEVERE ] removing all tokens
[2022-12-17 12:36:22] [SEVERE ] removing tokens from slot 0
[2022-12-17 12:36:22] [SEVERE ] removing tokens from slot 1
[2022-12-17 12:36:22] [SEVERE ] removing tokens from slot 2
[2022-12-17 12:36:22] [SEVERE ] removing tokens from slot 3
[2022-12-17 12:36:22] [SEVERE ] removing tokens from slot 4
[2022-12-17 12:36:22] [SEVERE ] removing tokens from slot 5
[2022-12-17 12:36:22] [SEVERE ] removing tokens from slot 6
[2022-12-17 12:36:22] [SEVERE ] removing tokens from slot 7
[2022-12-17 12:36:22] [SEVERE ] removing tokens from slot 8
[2022-12-17 12:36:22] [SEVERE ] removing tokens from slot 9
[2022-12-17 12:36:22] [SEVERE ] removing tokens from slot 10
[2022-12-17 12:36:22] [SEVERE ] removing tokens from slot 11
[2022-12-17 12:36:22] [SEVERE ] removing card from slot 0
[2022-12-17 12:36:22] [SEVERE ] removing card from slot 1
[2022-12-17 12:36:22] [SEVERE ] removing card from slot 2
[2022-12-17 12:36:22] [SEVERE ] removing card from slot 3
[2022-12-17 12:36:22] [SEVERE ] removing card from slot 4
[2022-12-17 12:36:22] [SEVERE ] removing card from slot 5
[2022-12-17 12:36:22] [SEVERE ] removing card from slot 6
[2022-12-17 12:36:22] [SEVERE ] removing card from slot 7
[2022-12-17 12:36:23] [SEVERE ] removing card from slot 8
[2022-12-17 12:36:23] [SEVERE ] removing card from slot 9
[2022-12-17 12:36:23] [SEVERE ] removing card from slot 10
[2022-12-17 12:36:23] [SEVERE ] removing card from slot 11
[2022-12-17 12:36:23] [SEVERE ] placing card 66 in slot 0
[2022-12-17 12:36:23] [SEVERE ] placing card 4 in slot 1
[2022-12-17 12:36:23] [SEVERE ] placing card 74 in slot 2
[2022-12-17 12:36:23] [SEVERE ] placing card 7 in slot 3
[2022-12-17 12:36:23] [SEVERE ] placing card 18 in slot 4
[2022-12-17 12:36:24] [SEVERE ] placing card 3 in slot 5
[2022-12-17 12:36:24] [SEVERE ] placing card 20 in slot 6
[2022-12-17 12:36:24] [SEVERE ] placing card 42 in slot 7
[2022-12-17 12:36:24] [SEVERE ] placing card 64 in slot 8
[2022-12-17 12:36:24] [SEVERE ] placing card 75 in slot 9
[2022-12-17 12:36:24] [SEVERE ] placing card 31 in slot 10
[2022-12-17 12:36:24] [SEVERE ] placing card 32 in slot 11
[2022-12-17 12:36:33] [SEVERE ] Key 81 was pressed by player 0
[2022-12-17 12:36:33] [SEVERE ] player 0 placing token on slot 0
[2022-12-17 12:36:35] [SEVERE ] Key 81 was pressed by player 0
[2022-12-17 12:36:35] [SEVERE ] removing player 0 token from slot 0
[2022-12-17 12:37:20] [SEVERE ] Key 87 was pressed by player 0
[2022-12-17 12:37:20] [SEVERE ] player 0 placing token on slot 1
[2022-12-17 12:37:20] [SEVERE ] Key 69 was pressed by player 0
[2022-12-17 12:37:20] [SEVERE ] player 0 placing token on slot 2
[2022-12-17 12:37:20] [SEVERE ] Key 74 was pressed by player 1
[2022-12-17 12:37:20] [SEVERE ] player 1 placing token on slot 4
[2022-12-17 12:37:20] [SEVERE ] Key 68 was pressed by player 0
[2022-12-17 12:37:20] [SEVERE ] player 0 placing token on slot 6
[2022-12-17 12:37:20] [SEVERE ] setting player 0 freeze to 3000
[2022-12-17 12:37:20] [SEVERE ] setting player 0 freeze to 2000
[2022-12-17 12:37:21] [SEVERE ] Key 83 was pressed by player 0
[2022-12-17 12:37:21] [SEVERE ] Key 67 was pressed by player 0
[2022-12-17 12:37:21] [SEVERE ] Key 67 was pressed by player 0
[2022-12-17 12:37:21] [SEVERE ] Key 68 was pressed by player 0
[2022-12-17 12:37:21] [SEVERE ] setting player 0 freeze to 1000
[2022-12-17 12:37:22] [SEVERE ] Key 82 was pressed by player 0
[2022-12-17 12:37:22] [SEVERE ] Key 79 was pressed by player 1
[2022-12-17 12:37:22] [SEVERE ] player 1 placing token on slot 2
[2022-12-17 12:37:22] [SEVERE ] Key 73 was pressed by player 1
[2022-12-17 12:37:22] [SEVERE ] player 1 placing token on slot 1
[2022-12-17 12:37:22] [SEVERE ] setting player 1 freeze to 3000
[2022-12-17 12:37:22] [SEVERE ] setting player 0 freeze to 0
[2022-12-17 12:37:22] [SEVERE ] setting player 1 freeze to 2000
[2022-12-17 12:37:23] [SEVERE ] setting player 1 freeze to 1000
[2022-12-17 12:37:24] [SEVERE ] setting player 1 freeze to 0
[2022-12-17 12:37:24] [SEVERE ] removing all tokens
[2022-12-17 12:37:24] [SEVERE ] removing tokens from slot 0
[2022-12-17 12:37:24] [SEVERE ] removing tokens from slot 1
[2022-12-17 12:37:24] [SEVERE ] removing tokens from slot 2
[2022-12-17 12:37:24] [SEVERE ] removing tokens from slot 3
[2022-12-17 12:37:24] [SEVERE ] removing tokens from slot 4
[2022-12-17 12:37:24] [SEVERE ] removing tokens from slot 5
[2022-12-17 12:37:24] [SEVERE ] removing tokens from slot 6
[2022-12-17 12:37:24] [SEVERE ] removing tokens from slot 7
[2022-12-17 12:37:24] [SEVERE ] removing tokens from slot 8
[2022-12-17 12:37:24] [SEVERE ] removing tokens from slot 9
[2022-12-17 12:37:24] [SEVERE ] removing tokens from slot 10
[2022-12-17 12:37:24] [SEVERE ] removing tokens from slot 11
[2022-12-17 12:37:24] [SEVERE ] removing card from slot 0
[2022-12-17 12:37:25] [SEVERE ] removing card from slot 1
[2022-12-17 12:37:25] [SEVERE ] removing card from slot 2
[2022-12-17 12:37:25] [SEVERE ] removing card from slot 3
[2022-12-17 12:37:25] [SEVERE ] removing card from slot 4
[2022-12-17 12:37:25] [SEVERE ] removing card from slot 5
[2022-12-17 12:37:25] [SEVERE ] removing card from slot 6
[2022-12-17 12:37:25] [SEVERE ] removing card from slot 7
[2022-12-17 12:37:25] [SEVERE ] removing card from slot 8
[2022-12-17 12:37:25] [SEVERE ] removing card from slot 9
[2022-12-17 12:37:25] [SEVERE ] removing card from slot 10
[2022-12-17 12:37:26] [SEVERE ] removing card from slot 11
[2022-12-17 12:37:26] [SEVERE ] placing card 33 in slot 0
[2022-12-17 12:37:26] [SEVERE ] placing card 38 in slot 1
[2022-12-17 12:37:26] [SEVERE ] placing card 47 in slot 2
[2022-12-17 12:37:26] [SEVERE ] placing card 75 in slot 3
[2022-12-17 12:37:26] [SEVERE ] placing card 67 in slot 4
[2022-12-17 12:37:26] [SEVERE ] placing card 41 in slot 5
[2022-12-17 12:37:26] [SEVERE ] placing card 80 in slot 6
[2022-12-17 12:37:26] [SEVERE ] placing card 6 in slot 7
[2022-12-17 12:37:27] [SEVERE ] placing card 66 in slot 8
[2022-12-17 12:37:27] [SEVERE ] placing card 37 in slot 9
[2022-12-17 12:37:27] [SEVERE ] placing card 69 in slot 10
[2022-12-17 12:37:27] [SEVERE ] placing card 0 in slot 11
[2022-12-17 12:38:04] [SEVERE ] Key 81 was pressed by player 0
[2022-12-17 12:38:04] [SEVERE ] player 0 placing token on slot 0
[2022-12-17 12:38:08] [SEVERE ] Key 81 was pressed by player 0
[2022-12-17 12:38:08] [SEVERE ] removing player 0 token from slot 0
[2022-12-17 12:38:09] [SEVERE ] Key 70 was pressed by player 0
[2022-12-17 12:38:09] [SEVERE ] player 0 placing token on slot 7
[2022-12-17 12:38:11] [SEVERE ] Key 76 was pressed by player 1
[2022-12-17 12:38:11] [SEVERE ] player 1 placing token on slot 6
[2022-12-17 12:38:11] [SEVERE ] Key 75 was pressed by player 1
[2022-12-17 12:38:11] [SEVERE ] player 1 placing token on slot 5
[2022-12-17 12:38:12] [SEVERE ] Key 75 was pressed by player 1
[2022-12-17 12:38:12] [SEVERE ] removing player 1 token from slot 5
[2022-12-17 12:38:12] [SEVERE ] Key 76 was pressed by player 1
[2022-12-17 12:38:12] [SEVERE ] removing player 1 token from slot 6
[2022-12-17 12:38:13] [SEVERE ] Key 59 was pressed by player 1
[2022-12-17 12:38:13] [SEVERE ] player 1 placing token on slot 7
[2022-12-17 12:38:16] [SEVERE ] Key 69 was pressed by player 0
[2022-12-17 12:38:16] [SEVERE ] player 0 placing token on slot 2
[2022-12-17 12:38:18] [SEVERE ] Key 73 was pressed by player 1
[2022-12-17 12:38:18] [SEVERE ] player 1 placing token on slot 1
[2022-12-17 12:38:18] [SEVERE ] Key 73 was pressed by player 1
[2022-12-17 12:38:18] [SEVERE ] removing player 1 token from slot 1
[2022-12-17 12:38:19] [SEVERE ] Key 79 was pressed by player 1
[2022-12-17 12:38:19] [SEVERE ] player 1 placing token on slot 2
[2022-12-17 12:38:21] [SEVERE ] Key 77 was pressed by player 1
[2022-12-17 12:38:21] [SEVERE ] player 1 placing token on slot 8
[2022-12-17 12:38:21] [SEVERE ] setting player 1 freeze to 3000
[2022-12-17 12:38:21] [SEVERE ] setting player 1 freeze to 2000
[2022-12-17 12:38:22] [SEVERE ] setting player 1 freeze to 1000
[2022-12-17 12:38:23] [SEVERE ] setting player 1 freeze to 0
[2022-12-17 12:38:24] [SEVERE ] Key 46 was pressed by player 1
[2022-12-17 12:38:24] [SEVERE ] Key 77 was pressed by player 1
[2022-12-17 12:38:24] [SEVERE ] removing player 1 token from slot 8
[2022-12-17 12:38:25] [SEVERE ] Key 67 was pressed by player 0
[2022-12-17 12:38:25] [SEVERE ] player 0 placing token on slot 10
[2022-12-17 12:38:25] [SEVERE ] setting player 0 freeze to 3000
[2022-12-17 12:38:25] [SEVERE ] Key 46 was pressed by player 1
[2022-12-17 12:38:25] [SEVERE ] player 1 placing token on slot 10
[2022-12-17 12:38:25] [SEVERE ] setting player 1 freeze to 3000
[2022-12-17 12:38:26] [SEVERE ] setting player 0 freeze to 2000
[2022-12-17 12:38:26] [SEVERE ] setting player 1 freeze to 2000
[2022-12-17 12:38:27] [SEVERE ] setting player 0 freeze to 1000
[2022-12-17 12:38:27] [SEVERE ] setting player 1 freeze to 1000
[2022-12-17 12:38:27] [SEVERE ] removing all tokens
[2022-12-17 12:38:27] [SEVERE ] removing tokens from slot 0
[2022-12-17 12:38:27] [SEVERE ] removing tokens from slot 1
[2022-12-17 12:38:27] [SEVERE ] removing tokens from slot 2
[2022-12-17 12:38:27] [SEVERE ] removing tokens from slot 3
[2022-12-17 12:38:27] [SEVERE ] removing tokens from slot 4
[2022-12-17 12:38:27] [SEVERE ] removing tokens from slot 5
[2022-12-17 12:38:27] [SEVERE ] removing tokens from slot 6
[2022-12-17 12:38:27] [SEVERE ] removing tokens from slot 7
[2022-12-17 12:38:27] [SEVERE ] removing tokens from slot 8
[2022-12-17 12:38:27] [SEVERE ] removing tokens from slot 9
[2022-12-17 12:38:27] [SEVERE ] removing tokens from slot 10
[2022-12-17 12:38:27] [SEVERE ] removing tokens from slot 11
[2022-12-17 12:38:27] [SEVERE ] removing card from slot 0
[2022-12-17 12:38:27] [SEVERE ] removing card from slot 1
[2022-12-17 12:38:27] [SEVERE ] removing card from slot 2
[2022-12-17 12:38:27] [SEVERE ] removing card from slot 3
[2022-12-17 12:38:27] [SEVERE ] removing card from slot 4
[2022-12-17 12:38:28] [SEVERE ] removing card from slot 5
[2022-12-17 12:38:28] [SEVERE ] removing card from slot 6
[2022-12-17 12:38:28] [SEVERE ] removing card from slot 7
[2022-12-17 12:38:28] [SEVERE ] removing card from slot 8
[2022-12-17 12:38:28] [SEVERE ] removing card from slot 9
[2022-12-17 12:38:28] [SEVERE ] removing card from slot 10
[2022-12-17 12:38:28] [SEVERE ] removing card from slot 11
[2022-12-17 12:38:28] [SEVERE ] placing card 55 in slot 0
[2022-12-17 12:38:28] [SEVERE ] placing card 17 in slot 1
[2022-12-17 12:38:29] [SEVERE ] placing card 59 in slot 2
[2022-12-17 12:38:29] [SEVERE ] placing card 72 in slot 3
[2022-12-17 12:38:29] [SEVERE ] placing card 30 in slot 4
[2022-12-17 12:38:29] [SEVERE ] placing card 31 in slot 5
[2022-12-17 12:38:29] [SEVERE ] placing card 28 in slot 6
[2022-12-17 12:38:29] [SEVERE ] placing card 42 in slot 7
[2022-12-17 12:38:29] [SEVERE ] placing card 67 in slot 8
[2022-12-17 12:38:29] [SEVERE ] placing card 24 in slot 9
[2022-12-17 12:38:29] [SEVERE ] placing card 41 in slot 10
[2022-12-17 12:38:29] [SEVERE ] placing card 15 in slot 11
[2022-12-17 12:38:30] [SEVERE ] setting player 0 freeze to 0
[2022-12-17 12:38:30] [SEVERE ] setting player 1 freeze to 0
