[2022-12-17 09:43:31] [INFO   ] cannot read configuration file config.properties trying from resources.
[2022-12-17 09:43:31] [INFO   ] configuration file was loaded from resources directory.
[2022-12-17 09:43:32] [INFO   ] Thread dealer starting.
[2022-12-17 09:43:32] [INFO   ] Thread Thread-1starting.
[2022-12-17 09:43:32] [INFO   ] Thread Thread-2starting.
[2022-12-17 09:43:32] [SEVERE ] placing card 29 in slot 0
[2022-12-17 09:43:32] [SEVERE ] placing card 5 in slot 1
[2022-12-17 09:43:32] [SEVERE ] placing card 48 in slot 2
[2022-12-17 09:43:32] [SEVERE ] placing card 11 in slot 3
[2022-12-17 09:43:32] [SEVERE ] placing card 13 in slot 4
[2022-12-17 09:43:33] [SEVERE ] placing card 51 in slot 5
[2022-12-17 09:43:33] [SEVERE ] placing card 37 in slot 6
[2022-12-17 09:43:33] [SEVERE ] placing card 76 in slot 7
[2022-12-17 09:43:33] [SEVERE ] placing card 35 in slot 8
[2022-12-17 09:43:33] [SEVERE ] placing card 21 in slot 9
[2022-12-17 09:43:33] [SEVERE ] placing card 9 in slot 10
[2022-12-17 09:43:33] [SEVERE ] placing card 78 in slot 11
[2022-12-17 09:43:34] [SEVERE ] Key 65 was pressed by player 0
[2022-12-17 09:43:34] [SEVERE ] player 0 placing token on slot 4
[2022-12-17 09:43:35] [SEVERE ] Key 83 was pressed by player 0
[2022-12-17 09:43:35] [SEVERE ] player 0 placing token on slot 5
[2022-12-17 09:43:35] [SEVERE ] Key 68 was pressed by player 0
[2022-12-17 09:43:35] [SEVERE ] player 0 placing token on slot 6
[2022-12-17 09:43:36] [SEVERE ] setting player 0 freeze to 3000
[2022-12-17 09:43:36] [SEVERE ] setting player 0 freeze to 2000
[2022-12-17 09:43:37] [SEVERE ] setting player 0 freeze to 1000
[2022-12-17 09:43:37] [SEVERE ] Key 88 was pressed by player 0
[2022-12-17 09:43:38] [SEVERE ] setting player 0 freeze to 3000
[2022-12-17 09:43:38] [SEVERE ] setting player 0 freeze to 3000
[2022-12-17 09:43:38] [SEVERE ] Key 88 was pressed by player 0
[2022-12-17 09:43:39] [SEVERE ] setting player 0 freeze to 3000
[2022-12-17 09:43:39] [SEVERE ] setting player 0 freeze to 5000
[2022-12-17 09:43:39] [SEVERE ] Key 88 was pressed by player 0
[2022-12-17 09:43:40] [SEVERE ] setting player 0 freeze to 3000
[2022-12-17 09:43:40] [SEVERE ] Key 88 was pressed by player 0
[2022-12-17 09:43:40] [SEVERE ] setting player 0 freeze to 7000
[2022-12-17 09:43:41] [SEVERE ] setting player 0 freeze to 3000
[2022-12-17 09:43:41] [SEVERE ] setting player 0 freeze to 9000
[2022-12-17 09:43:41] [SEVERE ] Key 88 was pressed by player 0
[2022-12-17 09:43:42] [SEVERE ] setting player 0 freeze to 3000
[2022-12-17 09:43:42] [SEVERE ] setting player 0 freeze to 11000
[2022-12-17 09:43:42] [SEVERE ] Key 88 was pressed by player 0
[2022-12-17 09:43:43] [SEVERE ] setting player 0 freeze to 3000
[2022-12-17 09:43:43] [SEVERE ] Key 88 was pressed by player 0
[2022-12-17 09:43:43] [SEVERE ] setting player 0 freeze to 13000
[2022-12-17 09:43:44] [SEVERE ] setting player 0 freeze to 3000
[2022-12-17 09:43:44] [SEVERE ] setting player 0 freeze to 15000
[2022-12-17 09:43:44] [SEVERE ] Key 88 was pressed by player 0
[2022-12-17 09:43:45] [SEVERE ] setting player 0 freeze to 3000
[2022-12-17 09:43:45] [SEVERE ] setting player 0 freeze to 17000
[2022-12-17 09:43:45] [SEVERE ] Key 88 was pressed by player 0
[2022-12-17 09:43:46] [SEVERE ] setting player 0 freeze to 3000
[2022-12-17 09:43:46] [SEVERE ] setting player 0 freeze to 19000
[2022-12-17 09:43:46] [SEVERE ] Key 88 was pressed by player 0
[2022-12-17 09:43:47] [SEVERE ] setting player 0 freeze to 3000
[2022-12-17 09:43:47] [SEVERE ] setting player 0 freeze to 21000
[2022-12-17 09:43:47] [SEVERE ] Key 88 was pressed by player 0
[2022-12-17 09:43:48] [SEVERE ] setting player 0 freeze to 3000
[2022-12-17 09:43:48] [SEVERE ] setting player 0 freeze to 23000
[2022-12-17 09:43:48] [SEVERE ] Key 88 was pressed by player 0
[2022-12-17 09:43:49] [SEVERE ] setting player 0 freeze to 3000
[2022-12-17 09:43:49] [SEVERE ] setting player 0 freeze to 25000
[2022-12-17 09:43:49] [SEVERE ] Key 88 was pressed by player 0
[2022-12-17 09:43:50] [SEVERE ] setting player 0 freeze to 3000
[2022-12-17 09:43:50] [SEVERE ] setting player 0 freeze to 27000
[2022-12-17 09:43:50] [SEVERE ] Key 88 was pressed by player 0
[2022-12-17 09:43:51] [SEVERE ] setting player 0 freeze to 3000
[2022-12-17 09:43:51] [SEVERE ] setting player 0 freeze to 29000
[2022-12-17 09:43:51] [SEVERE ] Key 88 was pressed by player 0
[2022-12-17 09:43:52] [SEVERE ] setting player 0 freeze to 3000
[2022-12-17 09:43:52] [SEVERE ] setting player 0 freeze to 31000
[2022-12-17 09:43:52] [SEVERE ] Key 88 was pressed by player 0
[2022-12-17 09:43:53] [SEVERE ] setting player 0 freeze to 3000
[2022-12-17 09:43:53] [SEVERE ] setting player 0 freeze to 33000
[2022-12-17 09:43:53] [SEVERE ] Key 88 was pressed by player 0
[2022-12-17 09:43:54] [SEVERE ] setting player 0 freeze to 3000
[2022-12-17 09:43:54] [SEVERE ] setting player 0 freeze to 35000
[2022-12-17 09:43:54] [SEVERE ] Key 88 was pressed by player 0
[2022-12-17 09:43:55] [SEVERE ] setting player 0 freeze to 3000
[2022-12-17 09:43:55] [SEVERE ] setting player 0 freeze to 37000
[2022-12-17 09:43:55] [SEVERE ] Key 88 was pressed by player 0
[2022-12-17 09:43:56] [SEVERE ] setting player 0 freeze to 3000
[2022-12-17 09:43:56] [SEVERE ] setting player 0 freeze to 39000
[2022-12-17 09:43:56] [SEVERE ] Key 88 was pressed by player 0
[2022-12-17 09:43:58] [SEVERE ] setting player 0 freeze to 3000
[2022-12-17 09:43:58] [SEVERE ] setting player 0 freeze to 41000
[2022-12-17 09:43:58] [SEVERE ] Key 88 was pressed by player 0
[2022-12-17 09:43:59] [SEVERE ] setting player 0 freeze to 3000
[2022-12-17 09:43:59] [SEVERE ] setting player 0 freeze to 43000
[2022-12-17 09:43:59] [SEVERE ] Key 88 was pressed by player 0
[2022-12-17 09:44:00] [SEVERE ] setting player 0 freeze to 3000
[2022-12-17 09:44:00] [SEVERE ] setting player 0 freeze to 45000
[2022-12-17 09:44:00] [SEVERE ] Key 88 was pressed by player 0
[2022-12-17 09:44:01] [SEVERE ] setting player 0 freeze to 3000
[2022-12-17 09:44:01] [SEVERE ] setting player 0 freeze to 47000
[2022-12-17 09:44:01] [SEVERE ] Key 88 was pressed by player 0
[2022-12-17 09:44:02] [SEVERE ] setting player 0 freeze to 3000
[2022-12-17 09:44:02] [SEVERE ] setting player 0 freeze to 49000
[2022-12-17 09:44:02] [SEVERE ] Key 88 was pressed by player 0
[2022-12-17 09:44:03] [SEVERE ] setting player 0 freeze to 3000
[2022-12-17 09:44:03] [SEVERE ] Key 88 was pressed by player 0
[2022-12-17 09:44:04] [SEVERE ] setting player 0 freeze to 3000
[2022-12-17 09:44:04] [SEVERE ] setting player 0 freeze to 54000
[2022-12-17 09:44:04] [SEVERE ] Key 88 was pressed by player 0
[2022-12-17 09:44:05] [SEVERE ] setting player 0 freeze to 3000
[2022-12-17 09:44:05] [SEVERE ] Key 88 was pressed by player 0
[2022-12-17 09:44:06] [SEVERE ] setting player 0 freeze to 3000
[2022-12-17 09:44:06] [SEVERE ] setting player 0 freeze to 59000
[2022-12-17 09:44:06] [SEVERE ] Exit button pressed
[2022-12-17 09:44:07] [SEVERE ] setting player 0 freeze to 58000
[2022-12-17 09:44:07] [SEVERE ] setting player 0 freeze to 57000
[2022-12-17 09:44:08] [SEVERE ] setting player 0 freeze to 56000
[2022-12-17 09:44:09] [SEVERE ] setting player 0 freeze to 55000
[2022-12-17 09:44:10] [SEVERE ] setting player 0 freeze to 54000
[2022-12-17 09:44:11] [SEVERE ] setting player 0 freeze to 53000
[2022-12-17 09:44:12] [SEVERE ] setting player 0 freeze to 52000
[2022-12-17 09:44:13] [SEVERE ] setting player 0 freeze to 51000
[2022-12-17 09:44:14] [SEVERE ] setting player 0 freeze to 50000
[2022-12-17 09:44:15] [SEVERE ] setting player 0 freeze to 49000
[2022-12-17 09:44:16] [SEVERE ] setting player 0 freeze to 48000
[2022-12-17 09:44:17] [SEVERE ] setting player 0 freeze to 47000
