[2022-12-17 13:19:42] [INFO   ] cannot read configuration file config.properties trying from resources.
[2022-12-17 13:19:42] [INFO   ] configuration file was loaded from resources directory.
[2022-12-17 13:19:43] [INFO   ] Thread dealer starting.
[2022-12-17 13:19:43] [INFO   ] Thread Thread-1starting.
[2022-12-17 13:19:43] [INFO   ] Thread Thread-2starting.
[2022-12-17 13:19:43] [SEVERE ] placing card 23 in slot 0
[2022-12-17 13:19:43] [SEVERE ] placing card 75 in slot 1
[2022-12-17 13:19:44] [SEVERE ] placing card 14 in slot 2
[2022-12-17 13:19:44] [SEVERE ] placing card 2 in slot 3
[2022-12-17 13:19:44] [SEVERE ] placing card 12 in slot 4
[2022-12-17 13:19:44] [SEVERE ] placing card 53 in slot 5
[2022-12-17 13:19:44] [SEVERE ] placing card 56 in slot 6
[2022-12-17 13:19:44] [SEVERE ] placing card 59 in slot 7
[2022-12-17 13:19:44] [SEVERE ] placing card 37 in slot 8
[2022-12-17 13:19:44] [SEVERE ] placing card 22 in slot 9
[2022-12-17 13:19:44] [SEVERE ] placing card 0 in slot 10
[2022-12-17 13:19:44] [SEVERE ] placing card 76 in slot 11
[2022-12-17 13:19:46] [SEVERE ] Exit button pressed
[2022-12-17 13:20:45] [SEVERE ] removing all tokens
[2022-12-17 13:20:45] [SEVERE ] removing tokens from slot 0
[2022-12-17 13:20:45] [SEVERE ] removing tokens from slot 1
[2022-12-17 13:20:45] [SEVERE ] removing tokens from slot 2
[2022-12-17 13:20:45] [SEVERE ] removing tokens from slot 3
[2022-12-17 13:20:45] [SEVERE ] removing tokens from slot 4
[2022-12-17 13:20:45] [SEVERE ] removing tokens from slot 5
[2022-12-17 13:20:45] [SEVERE ] removing tokens from slot 6
[2022-12-17 13:20:45] [SEVERE ] removing tokens from slot 7
[2022-12-17 13:20:45] [SEVERE ] removing tokens from slot 8
[2022-12-17 13:20:45] [SEVERE ] removing tokens from slot 9
[2022-12-17 13:20:45] [SEVERE ] removing tokens from slot 10
[2022-12-17 13:20:45] [SEVERE ] removing tokens from slot 11
[2022-12-17 13:20:45] [SEVERE ] removing card from slot 0
[2022-12-17 13:20:45] [SEVERE ] removing card from slot 1
[2022-12-17 13:20:45] [SEVERE ] removing card from slot 2
[2022-12-17 13:20:45] [SEVERE ] removing card from slot 3
[2022-12-17 13:20:45] [SEVERE ] removing card from slot 4
[2022-12-17 13:20:45] [SEVERE ] removing card from slot 5
[2022-12-17 13:20:45] [SEVERE ] removing card from slot 6
[2022-12-17 13:20:45] [SEVERE ] removing card from slot 7
[2022-12-17 13:20:46] [SEVERE ] removing card from slot 8
[2022-12-17 13:20:46] [SEVERE ] removing card from slot 9
[2022-12-17 13:20:46] [SEVERE ] removing card from slot 10
[2022-12-17 13:20:46] [SEVERE ] removing card from slot 11
[2022-12-17 13:20:46] [SEVERE ] placing card 32 in slot 0
[2022-12-17 13:20:46] [SEVERE ] placing card 20 in slot 1
[2022-12-17 13:20:46] [SEVERE ] placing card 79 in slot 2
[2022-12-17 13:20:46] [SEVERE ] placing card 33 in slot 3
[2022-12-17 13:20:46] [SEVERE ] placing card 52 in slot 4
[2022-12-17 13:20:46] [SEVERE ] placing card 22 in slot 5
[2022-12-17 13:20:47] [SEVERE ] placing card 55 in slot 6
[2022-12-17 13:20:47] [SEVERE ] placing card 29 in slot 7
[2022-12-17 13:20:47] [SEVERE ] placing card 49 in slot 8
[2022-12-17 13:20:47] [SEVERE ] placing card 41 in slot 9
[2022-12-17 13:20:47] [SEVERE ] placing card 28 in slot 10
[2022-12-17 13:20:47] [SEVERE ] placing card 77 in slot 11
[2022-12-17 13:21:47] [SEVERE ] removing all tokens
[2022-12-17 13:21:47] [SEVERE ] removing tokens from slot 0
[2022-12-17 13:21:47] [SEVERE ] removing tokens from slot 1
[2022-12-17 13:21:47] [SEVERE ] removing tokens from slot 2
[2022-12-17 13:21:47] [SEVERE ] removing tokens from slot 3
[2022-12-17 13:21:47] [SEVERE ] removing tokens from slot 4
[2022-12-17 13:21:47] [SEVERE ] removing tokens from slot 5
[2022-12-17 13:21:47] [SEVERE ] removing tokens from slot 6
[2022-12-17 13:21:47] [SEVERE ] removing tokens from slot 7
[2022-12-17 13:21:47] [SEVERE ] removing tokens from slot 8
[2022-12-17 13:21:47] [SEVERE ] removing tokens from slot 9
[2022-12-17 13:21:47] [SEVERE ] removing tokens from slot 10
[2022-12-17 13:21:47] [SEVERE ] removing tokens from slot 11
[2022-12-17 13:21:47] [SEVERE ] removing card from slot 0
[2022-12-17 13:21:47] [SEVERE ] removing card from slot 1
[2022-12-17 13:21:47] [SEVERE ] removing card from slot 2
[2022-12-17 13:21:48] [SEVERE ] removing card from slot 3
[2022-12-17 13:21:48] [SEVERE ] removing card from slot 4
[2022-12-17 13:21:48] [SEVERE ] removing card from slot 5
[2022-12-17 13:21:48] [SEVERE ] removing card from slot 6
[2022-12-17 13:21:48] [SEVERE ] removing card from slot 7
[2022-12-17 13:21:48] [SEVERE ] removing card from slot 8
[2022-12-17 13:21:48] [SEVERE ] removing card from slot 9
[2022-12-17 13:21:48] [SEVERE ] removing card from slot 10
[2022-12-17 13:21:48] [SEVERE ] removing card from slot 11
[2022-12-17 13:21:49] [SEVERE ] placing card 61 in slot 0
[2022-12-17 13:21:49] [SEVERE ] placing card 9 in slot 1
[2022-12-17 13:21:49] [SEVERE ] placing card 39 in slot 2
[2022-12-17 13:21:49] [SEVERE ] placing card 42 in slot 3
[2022-12-17 13:21:49] [SEVERE ] placing card 66 in slot 4
[2022-12-17 13:21:49] [SEVERE ] placing card 15 in slot 5
[2022-12-17 13:21:49] [SEVERE ] placing card 53 in slot 6
[2022-12-17 13:21:49] [SEVERE ] placing card 38 in slot 7
[2022-12-17 13:21:49] [SEVERE ] placing card 34 in slot 8
[2022-12-17 13:21:49] [SEVERE ] placing card 32 in slot 9
[2022-12-17 13:21:50] [SEVERE ] placing card 78 in slot 10
[2022-12-17 13:21:50] [SEVERE ] placing card 60 in slot 11
