[2022-12-15 18:04:51] [INFO   ] cannot read configuration file config.properties trying from resources.
[2022-12-15 18:04:51] [INFO   ] configuration file was loaded from resources directory.
[2022-12-15 18:04:52] [INFO   ] Thread dealer starting.
[2022-12-15 18:04:52] [SEVERE ] placing card 44 in slot 0
[2022-12-15 18:04:52] [SEVERE ] placing card 36 in slot 1
[2022-12-15 18:04:52] [SEVERE ] placing card 48 in slot 2
[2022-12-15 18:04:52] [SEVERE ] placing card 9 in slot 3
[2022-12-15 18:04:52] [SEVERE ] placing card 61 in slot 4
[2022-12-15 18:04:52] [SEVERE ] placing card 54 in slot 5
[2022-12-15 18:04:53] [SEVERE ] placing card 62 in slot 6
[2022-12-15 18:04:53] [SEVERE ] placing card 77 in slot 7
[2022-12-15 18:04:53] [SEVERE ] placing card 55 in slot 8
[2022-12-15 18:04:53] [SEVERE ] placing card 29 in slot 9
[2022-12-15 18:04:53] [SEVERE ] placing card 78 in slot 10
[2022-12-15 18:04:53] [SEVERE ] placing card 50 in slot 11
[2022-12-15 18:04:58] [SEVERE ] Key 87 was pressed by player 0
[2022-12-15 18:05:02] [SEVERE ] player 0 placing token on slot 1
[2022-12-15 18:05:08] [SEVERE ] removing card from slot 0
[2022-12-15 18:05:16] [SEVERE ] removing card from slot 1
[2022-12-15 18:05:48] [SEVERE ] removing player 0 token from slot 1
[2022-12-15 18:06:04] [SEVERE ] removing card from slot 2
[2022-12-15 18:06:10] [SEVERE ] removing card from slot 3
[2022-12-15 18:06:10] [SEVERE ] removing card from slot 4
[2022-12-15 18:06:10] [SEVERE ] removing card from slot 5
[2022-12-15 18:06:11] [SEVERE ] removing card from slot 6
[2022-12-15 18:06:11] [SEVERE ] removing card from slot 7
[2022-12-15 18:06:11] [SEVERE ] removing card from slot 8
[2022-12-15 18:06:11] [SEVERE ] removing card from slot 9
[2022-12-15 18:06:11] [SEVERE ] removing card from slot 10
[2022-12-15 18:06:11] [SEVERE ] removing card from slot 11
[2022-12-15 18:06:15] [SEVERE ] announcing winners: [0, 1]
