[2022-12-17 13:11:15] [INFO   ] cannot read configuration file config.properties trying from resources.
[2022-12-17 13:11:15] [INFO   ] configuration file was loaded from resources directory.
[2022-12-17 13:11:16] [INFO   ] Thread dealer starting.
[2022-12-17 13:11:16] [INFO   ] Thread Thread-1starting.
[2022-12-17 13:11:16] [INFO   ] Thread Thread-2starting.
[2022-12-17 13:11:16] [SEVERE ] placing card 52 in slot 0
[2022-12-17 13:11:16] [SEVERE ] placing card 62 in slot 1
[2022-12-17 13:11:16] [SEVERE ] placing card 46 in slot 2
[2022-12-17 13:11:16] [SEVERE ] placing card 43 in slot 3
[2022-12-17 13:11:16] [SEVERE ] placing card 76 in slot 4
[2022-12-17 13:11:17] [SEVERE ] placing card 54 in slot 5
[2022-12-17 13:11:17] [SEVERE ] placing card 33 in slot 6
[2022-12-17 13:11:17] [SEVERE ] placing card 2 in slot 7
[2022-12-17 13:11:17] [SEVERE ] placing card 47 in slot 8
[2022-12-17 13:11:17] [SEVERE ] placing card 78 in slot 9
[2022-12-17 13:11:17] [SEVERE ] placing card 10 in slot 10
[2022-12-17 13:11:17] [SEVERE ] placing card 8 in slot 11
[2022-12-17 13:12:17] [SEVERE ] removing all tokens
[2022-12-17 13:12:17] [SEVERE ] removing tokens from slot 0
[2022-12-17 13:12:17] [SEVERE ] removing tokens from slot 1
[2022-12-17 13:12:17] [SEVERE ] removing tokens from slot 2
[2022-12-17 13:12:17] [SEVERE ] removing tokens from slot 3
[2022-12-17 13:12:17] [SEVERE ] removing tokens from slot 4
[2022-12-17 13:12:17] [SEVERE ] removing tokens from slot 5
[2022-12-17 13:12:17] [SEVERE ] removing tokens from slot 6
[2022-12-17 13:12:17] [SEVERE ] removing tokens from slot 7
[2022-12-17 13:12:17] [SEVERE ] removing tokens from slot 8
[2022-12-17 13:12:17] [SEVERE ] removing tokens from slot 9
[2022-12-17 13:12:17] [SEVERE ] removing tokens from slot 10
[2022-12-17 13:12:17] [SEVERE ] removing tokens from slot 11
[2022-12-17 13:12:17] [SEVERE ] removing card from slot 0
[2022-12-17 13:12:18] [SEVERE ] removing card from slot 1
[2022-12-17 13:12:18] [SEVERE ] removing card from slot 2
[2022-12-17 13:12:18] [SEVERE ] removing card from slot 3
[2022-12-17 13:12:18] [SEVERE ] removing card from slot 4
[2022-12-17 13:12:18] [SEVERE ] removing card from slot 5
[2022-12-17 13:12:18] [SEVERE ] removing card from slot 6
[2022-12-17 13:12:18] [SEVERE ] removing card from slot 7
[2022-12-17 13:12:18] [SEVERE ] removing card from slot 8
[2022-12-17 13:12:18] [SEVERE ] removing card from slot 9
[2022-12-17 13:12:18] [SEVERE ] removing card from slot 10
[2022-12-17 13:12:19] [SEVERE ] removing card from slot 11
[2022-12-17 13:12:19] [SEVERE ] placing card 2 in slot 0
[2022-12-17 13:12:19] [SEVERE ] placing card 64 in slot 1
[2022-12-17 13:12:19] [SEVERE ] placing card 72 in slot 2
[2022-12-17 13:12:19] [SEVERE ] placing card 66 in slot 3
[2022-12-17 13:12:19] [SEVERE ] placing card 38 in slot 4
[2022-12-17 13:12:19] [SEVERE ] placing card 75 in slot 5
[2022-12-17 13:12:19] [SEVERE ] placing card 27 in slot 6
[2022-12-17 13:12:19] [SEVERE ] placing card 1 in slot 7
[2022-12-17 13:12:19] [SEVERE ] placing card 29 in slot 8
[2022-12-17 13:12:20] [SEVERE ] placing card 80 in slot 9
[2022-12-17 13:12:20] [SEVERE ] placing card 40 in slot 10
[2022-12-17 13:12:20] [SEVERE ] placing card 39 in slot 11
[2022-12-17 13:12:22] [SEVERE ] Exit button pressed
[2022-12-17 13:13:20] [SEVERE ] removing all tokens
[2022-12-17 13:13:20] [SEVERE ] removing tokens from slot 0
[2022-12-17 13:13:20] [SEVERE ] removing tokens from slot 1
[2022-12-17 13:13:20] [SEVERE ] removing tokens from slot 2
[2022-12-17 13:13:20] [SEVERE ] removing tokens from slot 3
[2022-12-17 13:13:20] [SEVERE ] removing tokens from slot 4
[2022-12-17 13:13:20] [SEVERE ] removing tokens from slot 5
[2022-12-17 13:13:20] [SEVERE ] removing tokens from slot 6
[2022-12-17 13:13:20] [SEVERE ] removing tokens from slot 7
[2022-12-17 13:13:20] [SEVERE ] removing tokens from slot 8
[2022-12-17 13:13:20] [SEVERE ] removing tokens from slot 9
[2022-12-17 13:13:20] [SEVERE ] removing tokens from slot 10
[2022-12-17 13:13:20] [SEVERE ] removing tokens from slot 11
[2022-12-17 13:13:20] [SEVERE ] removing card from slot 0
[2022-12-17 13:13:20] [SEVERE ] removing card from slot 1
[2022-12-17 13:13:20] [SEVERE ] removing card from slot 2
[2022-12-17 13:13:20] [SEVERE ] removing card from slot 3
[2022-12-17 13:13:20] [SEVERE ] removing card from slot 4
[2022-12-17 13:13:20] [SEVERE ] removing card from slot 5
[2022-12-17 13:13:21] [SEVERE ] removing card from slot 6
[2022-12-17 13:13:21] [SEVERE ] removing card from slot 7
[2022-12-17 13:13:21] [SEVERE ] removing card from slot 8
[2022-12-17 13:13:21] [SEVERE ] removing card from slot 9
[2022-12-17 13:13:21] [SEVERE ] removing card from slot 10
[2022-12-17 13:13:21] [SEVERE ] removing card from slot 11
[2022-12-17 13:13:21] [SEVERE ] placing card 64 in slot 0
[2022-12-17 13:13:21] [SEVERE ] placing card 79 in slot 1
[2022-12-17 13:13:21] [SEVERE ] placing card 68 in slot 2
[2022-12-17 13:13:22] [SEVERE ] placing card 10 in slot 3
[2022-12-17 13:13:22] [SEVERE ] placing card 39 in slot 4
[2022-12-17 13:13:22] [SEVERE ] placing card 54 in slot 5
[2022-12-17 13:13:22] [SEVERE ] placing card 33 in slot 6
[2022-12-17 13:13:22] [SEVERE ] placing card 80 in slot 7
[2022-12-17 13:13:22] [SEVERE ] placing card 40 in slot 8
[2022-12-17 13:13:22] [SEVERE ] placing card 15 in slot 9
[2022-12-17 13:13:22] [SEVERE ] placing card 46 in slot 10
[2022-12-17 13:13:22] [SEVERE ] placing card 4 in slot 11
[2022-12-17 13:14:22] [SEVERE ] removing all tokens
[2022-12-17 13:14:22] [SEVERE ] removing tokens from slot 0
[2022-12-17 13:14:22] [SEVERE ] removing tokens from slot 1
[2022-12-17 13:14:22] [SEVERE ] removing tokens from slot 2
[2022-12-17 13:14:22] [SEVERE ] removing tokens from slot 3
[2022-12-17 13:14:22] [SEVERE ] removing tokens from slot 4
[2022-12-17 13:14:22] [SEVERE ] removing tokens from slot 5
[2022-12-17 13:14:22] [SEVERE ] removing tokens from slot 6
[2022-12-17 13:14:22] [SEVERE ] removing tokens from slot 7
[2022-12-17 13:14:22] [SEVERE ] removing tokens from slot 8
[2022-12-17 13:14:22] [SEVERE ] removing tokens from slot 9
[2022-12-17 13:14:22] [SEVERE ] removing tokens from slot 10
[2022-12-17 13:14:22] [SEVERE ] removing tokens from slot 11
[2022-12-17 13:14:23] [SEVERE ] removing card from slot 0
[2022-12-17 13:14:23] [SEVERE ] removing card from slot 1
[2022-12-17 13:14:23] [SEVERE ] removing card from slot 2
[2022-12-17 13:14:23] [SEVERE ] removing card from slot 3
[2022-12-17 13:14:23] [SEVERE ] removing card from slot 4
[2022-12-17 13:14:23] [SEVERE ] removing card from slot 5
[2022-12-17 13:14:23] [SEVERE ] removing card from slot 6
[2022-12-17 13:14:23] [SEVERE ] removing card from slot 7
[2022-12-17 13:14:23] [SEVERE ] removing card from slot 8
[2022-12-17 13:14:23] [SEVERE ] removing card from slot 9
[2022-12-17 13:14:24] [SEVERE ] removing card from slot 10
[2022-12-17 13:14:24] [SEVERE ] removing card from slot 11
[2022-12-17 13:14:24] [SEVERE ] placing card 1 in slot 0
[2022-12-17 13:14:24] [SEVERE ] placing card 36 in slot 1
[2022-12-17 13:14:24] [SEVERE ] placing card 17 in slot 2
[2022-12-17 13:14:24] [SEVERE ] placing card 7 in slot 3
[2022-12-17 13:14:24] [SEVERE ] placing card 37 in slot 4
[2022-12-17 13:14:24] [SEVERE ] placing card 56 in slot 5
[2022-12-17 13:14:24] [SEVERE ] placing card 32 in slot 6
[2022-12-17 13:14:25] [SEVERE ] placing card 64 in slot 7
[2022-12-17 13:14:25] [SEVERE ] placing card 57 in slot 8
[2022-12-17 13:14:25] [SEVERE ] placing card 19 in slot 9
[2022-12-17 13:14:25] [SEVERE ] placing card 61 in slot 10
[2022-12-17 13:14:25] [SEVERE ] placing card 33 in slot 11
[2022-12-17 13:15:25] [SEVERE ] removing all tokens
[2022-12-17 13:15:25] [SEVERE ] removing tokens from slot 0
[2022-12-17 13:15:25] [SEVERE ] removing tokens from slot 1
[2022-12-17 13:15:25] [SEVERE ] removing tokens from slot 2
[2022-12-17 13:15:25] [SEVERE ] removing tokens from slot 3
[2022-12-17 13:15:25] [SEVERE ] removing tokens from slot 4
[2022-12-17 13:15:25] [SEVERE ] removing tokens from slot 5
[2022-12-17 13:15:25] [SEVERE ] removing tokens from slot 6
[2022-12-17 13:15:25] [SEVERE ] removing tokens from slot 7
[2022-12-17 13:15:25] [SEVERE ] removing tokens from slot 8
[2022-12-17 13:15:25] [SEVERE ] removing tokens from slot 9
[2022-12-17 13:15:25] [SEVERE ] removing tokens from slot 10
[2022-12-17 13:15:25] [SEVERE ] removing tokens from slot 11
[2022-12-17 13:15:25] [SEVERE ] removing card from slot 0
[2022-12-17 13:15:25] [SEVERE ] removing card from slot 1
[2022-12-17 13:15:25] [SEVERE ] removing card from slot 2
[2022-12-17 13:15:25] [SEVERE ] removing card from slot 3
[2022-12-17 13:15:26] [SEVERE ] removing card from slot 4
[2022-12-17 13:15:26] [SEVERE ] removing card from slot 5
[2022-12-17 13:15:26] [SEVERE ] removing card from slot 6
[2022-12-17 13:15:26] [SEVERE ] removing card from slot 7
[2022-12-17 13:15:26] [SEVERE ] removing card from slot 8
[2022-12-17 13:15:26] [SEVERE ] removing card from slot 9
[2022-12-17 13:15:26] [SEVERE ] removing card from slot 10
[2022-12-17 13:15:26] [SEVERE ] removing card from slot 11
[2022-12-17 13:15:26] [SEVERE ] placing card 4 in slot 0
[2022-12-17 13:15:27] [SEVERE ] placing card 1 in slot 1
[2022-12-17 13:15:27] [SEVERE ] placing card 39 in slot 2
[2022-12-17 13:15:27] [SEVERE ] placing card 56 in slot 3
[2022-12-17 13:15:27] [SEVERE ] placing card 42 in slot 4
[2022-12-17 13:15:27] [SEVERE ] placing card 30 in slot 5
[2022-12-17 13:15:27] [SEVERE ] placing card 71 in slot 6
[2022-12-17 13:15:27] [SEVERE ] placing card 20 in slot 7
[2022-12-17 13:15:27] [SEVERE ] placing card 11 in slot 8
[2022-12-17 13:15:27] [SEVERE ] placing card 78 in slot 9
[2022-12-17 13:15:27] [SEVERE ] placing card 43 in slot 10
[2022-12-17 13:15:28] [SEVERE ] placing card 8 in slot 11
[2022-12-17 13:16:28] [SEVERE ] removing all tokens
[2022-12-17 13:16:28] [SEVERE ] removing tokens from slot 0
[2022-12-17 13:16:28] [SEVERE ] removing tokens from slot 1
[2022-12-17 13:16:28] [SEVERE ] removing tokens from slot 2
[2022-12-17 13:16:28] [SEVERE ] removing tokens from slot 3
[2022-12-17 13:16:28] [SEVERE ] removing tokens from slot 4
[2022-12-17 13:16:28] [SEVERE ] removing tokens from slot 5
[2022-12-17 13:16:28] [SEVERE ] removing tokens from slot 6
[2022-12-17 13:16:28] [SEVERE ] removing tokens from slot 7
[2022-12-17 13:16:28] [SEVERE ] removing tokens from slot 8
[2022-12-17 13:16:28] [SEVERE ] removing tokens from slot 9
[2022-12-17 13:16:28] [SEVERE ] removing tokens from slot 10
[2022-12-17 13:16:28] [SEVERE ] removing tokens from slot 11
[2022-12-17 13:16:28] [SEVERE ] removing card from slot 0
[2022-12-17 13:16:28] [SEVERE ] removing card from slot 1
[2022-12-17 13:16:28] [SEVERE ] removing card from slot 2
[2022-12-17 13:16:28] [SEVERE ] removing card from slot 3
[2022-12-17 13:16:28] [SEVERE ] removing card from slot 4
[2022-12-17 13:16:28] [SEVERE ] removing card from slot 5
[2022-12-17 13:16:28] [SEVERE ] removing card from slot 6
[2022-12-17 13:16:28] [SEVERE ] removing card from slot 7
[2022-12-17 13:16:29] [SEVERE ] removing card from slot 8
[2022-12-17 13:16:29] [SEVERE ] removing card from slot 9
[2022-12-17 13:16:29] [SEVERE ] removing card from slot 10
[2022-12-17 13:16:29] [SEVERE ] removing card from slot 11
[2022-12-17 13:16:29] [SEVERE ] placing card 54 in slot 0
[2022-12-17 13:16:29] [SEVERE ] placing card 59 in slot 1
[2022-12-17 13:16:29] [SEVERE ] placing card 9 in slot 2
[2022-12-17 13:16:29] [SEVERE ] placing card 31 in slot 3
[2022-12-17 13:16:29] [SEVERE ] placing card 12 in slot 4
[2022-12-17 13:16:30] [SEVERE ] placing card 2 in slot 5
[2022-12-17 13:16:30] [SEVERE ] placing card 73 in slot 6
[2022-12-17 13:16:30] [SEVERE ] placing card 20 in slot 7
[2022-12-17 13:16:30] [SEVERE ] placing card 36 in slot 8
[2022-12-17 13:16:30] [SEVERE ] placing card 1 in slot 9
[2022-12-17 13:16:30] [SEVERE ] placing card 68 in slot 10
[2022-12-17 13:16:30] [SEVERE ] placing card 48 in slot 11
[2022-12-17 13:17:30] [SEVERE ] removing all tokens
[2022-12-17 13:17:30] [SEVERE ] removing tokens from slot 0
[2022-12-17 13:17:30] [SEVERE ] removing tokens from slot 1
[2022-12-17 13:17:30] [SEVERE ] removing tokens from slot 2
[2022-12-17 13:17:30] [SEVERE ] removing tokens from slot 3
[2022-12-17 13:17:30] [SEVERE ] removing tokens from slot 4
[2022-12-17 13:17:30] [SEVERE ] removing tokens from slot 5
[2022-12-17 13:17:30] [SEVERE ] removing tokens from slot 6
[2022-12-17 13:17:30] [SEVERE ] removing tokens from slot 7
[2022-12-17 13:17:30] [SEVERE ] removing tokens from slot 8
[2022-12-17 13:17:30] [SEVERE ] removing tokens from slot 9
[2022-12-17 13:17:30] [SEVERE ] removing tokens from slot 10
[2022-12-17 13:17:30] [SEVERE ] removing tokens from slot 11
[2022-12-17 13:17:30] [SEVERE ] removing card from slot 0
[2022-12-17 13:17:30] [SEVERE ] removing card from slot 1
[2022-12-17 13:17:31] [SEVERE ] removing card from slot 2
[2022-12-17 13:17:31] [SEVERE ] removing card from slot 3
[2022-12-17 13:17:31] [SEVERE ] removing card from slot 4
[2022-12-17 13:17:31] [SEVERE ] removing card from slot 5
[2022-12-17 13:17:31] [SEVERE ] removing card from slot 6
[2022-12-17 13:17:31] [SEVERE ] removing card from slot 7
[2022-12-17 13:17:31] [SEVERE ] removing card from slot 8
[2022-12-17 13:17:31] [SEVERE ] removing card from slot 9
[2022-12-17 13:17:31] [SEVERE ] removing card from slot 10
[2022-12-17 13:17:31] [SEVERE ] removing card from slot 11
[2022-12-17 13:17:32] [SEVERE ] placing card 47 in slot 0
[2022-12-17 13:17:32] [SEVERE ] placing card 22 in slot 1
[2022-12-17 13:17:32] [SEVERE ] placing card 41 in slot 2
[2022-12-17 13:17:32] [SEVERE ] placing card 66 in slot 3
[2022-12-17 13:17:32] [SEVERE ] placing card 65 in slot 4
[2022-12-17 13:17:32] [SEVERE ] placing card 1 in slot 5
[2022-12-17 13:17:32] [SEVERE ] placing card 30 in slot 6
[2022-12-17 13:17:32] [SEVERE ] placing card 53 in slot 7
[2022-12-17 13:17:32] [SEVERE ] placing card 28 in slot 8
[2022-12-17 13:17:33] [SEVERE ] placing card 2 in slot 9
[2022-12-17 13:17:33] [SEVERE ] placing card 63 in slot 10
[2022-12-17 13:17:33] [SEVERE ] placing card 74 in slot 11
[2022-12-17 13:18:33] [SEVERE ] removing all tokens
[2022-12-17 13:18:33] [SEVERE ] removing tokens from slot 0
[2022-12-17 13:18:33] [SEVERE ] removing tokens from slot 1
[2022-12-17 13:18:33] [SEVERE ] removing tokens from slot 2
[2022-12-17 13:18:33] [SEVERE ] removing tokens from slot 3
[2022-12-17 13:18:33] [SEVERE ] removing tokens from slot 4
[2022-12-17 13:18:33] [SEVERE ] removing tokens from slot 5
[2022-12-17 13:18:33] [SEVERE ] removing tokens from slot 6
[2022-12-17 13:18:33] [SEVERE ] removing tokens from slot 7
[2022-12-17 13:18:33] [SEVERE ] removing tokens from slot 8
[2022-12-17 13:18:33] [SEVERE ] removing tokens from slot 9
[2022-12-17 13:18:33] [SEVERE ] removing tokens from slot 10
[2022-12-17 13:18:33] [SEVERE ] removing tokens from slot 11
[2022-12-17 13:18:33] [SEVERE ] removing card from slot 0
[2022-12-17 13:18:33] [SEVERE ] removing card from slot 1
[2022-12-17 13:18:33] [SEVERE ] removing card from slot 2
[2022-12-17 13:18:33] [SEVERE ] removing card from slot 3
[2022-12-17 13:18:33] [SEVERE ] removing card from slot 4
[2022-12-17 13:18:33] [SEVERE ] removing card from slot 5
[2022-12-17 13:18:34] [SEVERE ] removing card from slot 6
[2022-12-17 13:18:34] [SEVERE ] removing card from slot 7
[2022-12-17 13:18:34] [SEVERE ] removing card from slot 8
[2022-12-17 13:18:34] [SEVERE ] removing card from slot 9
[2022-12-17 13:18:34] [SEVERE ] removing card from slot 10
[2022-12-17 13:18:34] [SEVERE ] removing card from slot 11
[2022-12-17 13:18:34] [SEVERE ] placing card 38 in slot 0
[2022-12-17 13:18:34] [SEVERE ] placing card 20 in slot 1
[2022-12-17 13:18:34] [SEVERE ] placing card 76 in slot 2
[2022-12-17 13:18:34] [SEVERE ] placing card 62 in slot 3
[2022-12-17 13:18:35] [SEVERE ] placing card 51 in slot 4
[2022-12-17 13:18:35] [SEVERE ] placing card 29 in slot 5
[2022-12-17 13:18:35] [SEVERE ] placing card 14 in slot 6
[2022-12-17 13:18:35] [SEVERE ] placing card 73 in slot 7
[2022-12-17 13:18:35] [SEVERE ] placing card 30 in slot 8
[2022-12-17 13:18:35] [SEVERE ] placing card 46 in slot 9
[2022-12-17 13:18:35] [SEVERE ] placing card 23 in slot 10
[2022-12-17 13:18:35] [SEVERE ] placing card 8 in slot 11
[2022-12-17 13:19:35] [SEVERE ] removing all tokens
[2022-12-17 13:19:35] [SEVERE ] removing tokens from slot 0
[2022-12-17 13:19:35] [SEVERE ] removing tokens from slot 1
[2022-12-17 13:19:35] [SEVERE ] removing tokens from slot 2
[2022-12-17 13:19:35] [SEVERE ] removing tokens from slot 3
[2022-12-17 13:19:35] [SEVERE ] removing tokens from slot 4
[2022-12-17 13:19:35] [SEVERE ] removing tokens from slot 5
[2022-12-17 13:19:35] [SEVERE ] removing tokens from slot 6
[2022-12-17 13:19:35] [SEVERE ] removing tokens from slot 7
[2022-12-17 13:19:35] [SEVERE ] removing tokens from slot 8
[2022-12-17 13:19:35] [SEVERE ] removing tokens from slot 9
[2022-12-17 13:19:35] [SEVERE ] removing tokens from slot 10
[2022-12-17 13:19:35] [SEVERE ] removing tokens from slot 11
[2022-12-17 13:19:36] [SEVERE ] removing card from slot 0
[2022-12-17 13:19:36] [SEVERE ] removing card from slot 1
[2022-12-17 13:19:36] [SEVERE ] removing card from slot 2
[2022-12-17 13:19:36] [SEVERE ] removing card from slot 3
[2022-12-17 13:19:36] [SEVERE ] removing card from slot 4
[2022-12-17 13:19:36] [SEVERE ] removing card from slot 5
[2022-12-17 13:19:36] [SEVERE ] removing card from slot 6
[2022-12-17 13:19:36] [SEVERE ] removing card from slot 7
[2022-12-17 13:19:36] [SEVERE ] removing card from slot 8
[2022-12-17 13:19:36] [SEVERE ] removing card from slot 9
[2022-12-17 13:19:37] [SEVERE ] removing card from slot 10
[2022-12-17 13:19:37] [SEVERE ] removing card from slot 11
[2022-12-17 13:19:37] [SEVERE ] placing card 64 in slot 0
[2022-12-17 13:19:37] [SEVERE ] placing card 41 in slot 1
[2022-12-17 13:19:37] [SEVERE ] placing card 59 in slot 2
[2022-12-17 13:19:37] [SEVERE ] placing card 9 in slot 3
[2022-12-17 13:19:37] [SEVERE ] placing card 38 in slot 4
[2022-12-17 13:19:37] [SEVERE ] placing card 13 in slot 5
[2022-12-17 13:19:37] [SEVERE ] placing card 68 in slot 6
[2022-12-17 13:19:38] [SEVERE ] placing card 70 in slot 7
[2022-12-17 13:19:38] [SEVERE ] placing card 80 in slot 8
[2022-12-17 13:19:38] [SEVERE ] placing card 6 in slot 9
[2022-12-17 13:19:38] [SEVERE ] placing card 42 in slot 10
[2022-12-17 13:19:38] [SEVERE ] placing card 1 in slot 11
[2022-12-17 13:20:38] [SEVERE ] removing all tokens
[2022-12-17 13:20:38] [SEVERE ] removing tokens from slot 0
[2022-12-17 13:20:38] [SEVERE ] removing tokens from slot 1
[2022-12-17 13:20:38] [SEVERE ] removing tokens from slot 2
[2022-12-17 13:20:38] [SEVERE ] removing tokens from slot 3
[2022-12-17 13:20:38] [SEVERE ] removing tokens from slot 4
[2022-12-17 13:20:38] [SEVERE ] removing tokens from slot 5
[2022-12-17 13:20:38] [SEVERE ] removing tokens from slot 6
[2022-12-17 13:20:38] [SEVERE ] removing tokens from slot 7
[2022-12-17 13:20:38] [SEVERE ] removing tokens from slot 8
[2022-12-17 13:20:38] [SEVERE ] removing tokens from slot 9
[2022-12-17 13:20:38] [SEVERE ] removing tokens from slot 10
[2022-12-17 13:20:38] [SEVERE ] removing tokens from slot 11
[2022-12-17 13:20:38] [SEVERE ] removing card from slot 0
[2022-12-17 13:20:38] [SEVERE ] removing card from slot 1
[2022-12-17 13:20:38] [SEVERE ] removing card from slot 2
[2022-12-17 13:20:38] [SEVERE ] removing card from slot 3
[2022-12-17 13:20:39] [SEVERE ] removing card from slot 4
[2022-12-17 13:20:39] [SEVERE ] removing card from slot 5
[2022-12-17 13:20:39] [SEVERE ] removing card from slot 6
[2022-12-17 13:20:39] [SEVERE ] removing card from slot 7
[2022-12-17 13:20:39] [SEVERE ] removing card from slot 8
[2022-12-17 13:20:39] [SEVERE ] removing card from slot 9
[2022-12-17 13:20:39] [SEVERE ] removing card from slot 10
[2022-12-17 13:20:39] [SEVERE ] removing card from slot 11
[2022-12-17 13:20:39] [SEVERE ] placing card 65 in slot 0
[2022-12-17 13:20:39] [SEVERE ] placing card 47 in slot 1
[2022-12-17 13:20:40] [SEVERE ] placing card 5 in slot 2
[2022-12-17 13:20:40] [SEVERE ] placing card 54 in slot 3
[2022-12-17 13:20:40] [SEVERE ] placing card 16 in slot 4
[2022-12-17 13:20:40] [SEVERE ] placing card 18 in slot 5
[2022-12-17 13:20:40] [SEVERE ] placing card 25 in slot 6
[2022-12-17 13:20:40] [SEVERE ] placing card 74 in slot 7
[2022-12-17 13:20:40] [SEVERE ] placing card 78 in slot 8
[2022-12-17 13:20:40] [SEVERE ] placing card 69 in slot 9
[2022-12-17 13:20:40] [SEVERE ] placing card 73 in slot 10
[2022-12-17 13:20:41] [SEVERE ] placing card 23 in slot 11
[2022-12-17 13:21:41] [SEVERE ] removing all tokens
[2022-12-17 13:21:41] [SEVERE ] removing tokens from slot 0
[2022-12-17 13:21:41] [SEVERE ] removing tokens from slot 1
[2022-12-17 13:21:41] [SEVERE ] removing tokens from slot 2
[2022-12-17 13:21:41] [SEVERE ] removing tokens from slot 3
[2022-12-17 13:21:41] [SEVERE ] removing tokens from slot 4
[2022-12-17 13:21:41] [SEVERE ] removing tokens from slot 5
[2022-12-17 13:21:41] [SEVERE ] removing tokens from slot 6
[2022-12-17 13:21:41] [SEVERE ] removing tokens from slot 7
[2022-12-17 13:21:41] [SEVERE ] removing tokens from slot 8
[2022-12-17 13:21:41] [SEVERE ] removing tokens from slot 9
[2022-12-17 13:21:41] [SEVERE ] removing tokens from slot 10
[2022-12-17 13:21:41] [SEVERE ] removing tokens from slot 11
[2022-12-17 13:21:41] [SEVERE ] removing card from slot 0
[2022-12-17 13:21:41] [SEVERE ] removing card from slot 1
[2022-12-17 13:21:41] [SEVERE ] removing card from slot 2
[2022-12-17 13:21:41] [SEVERE ] removing card from slot 3
[2022-12-17 13:21:41] [SEVERE ] removing card from slot 4
[2022-12-17 13:21:41] [SEVERE ] removing card from slot 5
[2022-12-17 13:21:41] [SEVERE ] removing card from slot 6
[2022-12-17 13:21:41] [SEVERE ] removing card from slot 7
[2022-12-17 13:21:42] [SEVERE ] removing card from slot 8
[2022-12-17 13:21:42] [SEVERE ] removing card from slot 9
[2022-12-17 13:21:42] [SEVERE ] removing card from slot 10
[2022-12-17 13:21:42] [SEVERE ] removing card from slot 11
[2022-12-17 13:21:42] [SEVERE ] placing card 75 in slot 0
[2022-12-17 13:21:42] [SEVERE ] placing card 71 in slot 1
[2022-12-17 13:21:42] [SEVERE ] placing card 40 in slot 2
[2022-12-17 13:21:42] [SEVERE ] placing card 39 in slot 3
[2022-12-17 13:21:42] [SEVERE ] placing card 41 in slot 4
[2022-12-17 13:21:42] [SEVERE ] placing card 72 in slot 5
[2022-12-17 13:21:43] [SEVERE ] placing card 16 in slot 6
[2022-12-17 13:21:43] [SEVERE ] placing card 67 in slot 7
[2022-12-17 13:21:43] [SEVERE ] placing card 2 in slot 8
[2022-12-17 13:21:43] [SEVERE ] placing card 66 in slot 9
[2022-12-17 13:21:43] [SEVERE ] placing card 60 in slot 10
[2022-12-17 13:21:43] [SEVERE ] placing card 73 in slot 11
[2022-12-17 13:22:43] [SEVERE ] removing all tokens
[2022-12-17 13:22:43] [SEVERE ] removing tokens from slot 0
[2022-12-17 13:22:43] [SEVERE ] removing tokens from slot 1
[2022-12-17 13:22:43] [SEVERE ] removing tokens from slot 2
[2022-12-17 13:22:43] [SEVERE ] removing tokens from slot 3
[2022-12-17 13:22:43] [SEVERE ] removing tokens from slot 4
[2022-12-17 13:22:43] [SEVERE ] removing tokens from slot 5
[2022-12-17 13:22:43] [SEVERE ] removing tokens from slot 6
[2022-12-17 13:22:43] [SEVERE ] removing tokens from slot 7
[2022-12-17 13:22:43] [SEVERE ] removing tokens from slot 8
[2022-12-17 13:22:43] [SEVERE ] removing tokens from slot 9
[2022-12-17 13:22:43] [SEVERE ] removing tokens from slot 10
[2022-12-17 13:22:43] [SEVERE ] removing tokens from slot 11
[2022-12-17 13:22:43] [SEVERE ] removing card from slot 0
[2022-12-17 13:22:43] [SEVERE ] removing card from slot 1
[2022-12-17 13:22:44] [SEVERE ] removing card from slot 2
[2022-12-17 13:22:44] [SEVERE ] removing card from slot 3
[2022-12-17 13:22:44] [SEVERE ] removing card from slot 4
[2022-12-17 13:22:44] [SEVERE ] removing card from slot 5
[2022-12-17 13:22:44] [SEVERE ] removing card from slot 6
[2022-12-17 13:22:44] [SEVERE ] removing card from slot 7
[2022-12-17 13:22:44] [SEVERE ] removing card from slot 8
[2022-12-17 13:22:44] [SEVERE ] removing card from slot 9
[2022-12-17 13:22:44] [SEVERE ] removing card from slot 10
[2022-12-17 13:22:44] [SEVERE ] removing card from slot 11
[2022-12-17 13:22:45] [SEVERE ] placing card 57 in slot 0
[2022-12-17 13:22:45] [SEVERE ] placing card 62 in slot 1
[2022-12-17 13:22:45] [SEVERE ] placing card 20 in slot 2
[2022-12-17 13:22:45] [SEVERE ] placing card 73 in slot 3
[2022-12-17 13:22:45] [SEVERE ] placing card 17 in slot 4
[2022-12-17 13:22:45] [SEVERE ] placing card 59 in slot 5
[2022-12-17 13:22:45] [SEVERE ] placing card 71 in slot 6
[2022-12-17 13:22:45] [SEVERE ] placing card 72 in slot 7
[2022-12-17 13:22:45] [SEVERE ] placing card 2 in slot 8
[2022-12-17 13:22:45] [SEVERE ] placing card 78 in slot 9
[2022-12-17 13:22:46] [SEVERE ] placing card 12 in slot 10
[2022-12-17 13:22:46] [SEVERE ] placing card 28 in slot 11
[2022-12-17 13:23:46] [SEVERE ] removing all tokens
[2022-12-17 13:23:46] [SEVERE ] removing tokens from slot 0
[2022-12-17 13:23:46] [SEVERE ] removing tokens from slot 1
[2022-12-17 13:23:46] [SEVERE ] removing tokens from slot 2
[2022-12-17 13:23:46] [SEVERE ] removing tokens from slot 3
[2022-12-17 13:23:46] [SEVERE ] removing tokens from slot 4
[2022-12-17 13:23:46] [SEVERE ] removing tokens from slot 5
[2022-12-17 13:23:46] [SEVERE ] removing tokens from slot 6
[2022-12-17 13:23:46] [SEVERE ] removing tokens from slot 7
[2022-12-17 13:23:46] [SEVERE ] removing tokens from slot 8
[2022-12-17 13:23:46] [SEVERE ] removing tokens from slot 9
[2022-12-17 13:23:46] [SEVERE ] removing tokens from slot 10
[2022-12-17 13:23:46] [SEVERE ] removing tokens from slot 11
[2022-12-17 13:23:46] [SEVERE ] removing card from slot 0
[2022-12-17 13:23:46] [SEVERE ] removing card from slot 1
[2022-12-17 13:23:46] [SEVERE ] removing card from slot 2
[2022-12-17 13:23:46] [SEVERE ] removing card from slot 3
[2022-12-17 13:23:46] [SEVERE ] removing card from slot 4
[2022-12-17 13:23:46] [SEVERE ] removing card from slot 5
[2022-12-17 13:23:47] [SEVERE ] removing card from slot 6
[2022-12-17 13:23:47] [SEVERE ] removing card from slot 7
[2022-12-17 13:23:47] [SEVERE ] removing card from slot 8
[2022-12-17 13:23:47] [SEVERE ] removing card from slot 9
[2022-12-17 13:23:47] [SEVERE ] removing card from slot 10
[2022-12-17 13:23:47] [SEVERE ] removing card from slot 11
[2022-12-17 13:23:47] [SEVERE ] placing card 23 in slot 0
[2022-12-17 13:23:47] [SEVERE ] placing card 43 in slot 1
[2022-12-17 13:23:47] [SEVERE ] placing card 5 in slot 2
[2022-12-17 13:23:47] [SEVERE ] placing card 22 in slot 3
[2022-12-17 13:23:48] [SEVERE ] placing card 39 in slot 4
[2022-12-17 13:23:48] [SEVERE ] placing card 53 in slot 5
[2022-12-17 13:23:48] [SEVERE ] placing card 52 in slot 6
[2022-12-17 13:23:48] [SEVERE ] placing card 54 in slot 7
[2022-12-17 13:23:48] [SEVERE ] placing card 19 in slot 8
[2022-12-17 13:23:48] [SEVERE ] placing card 44 in slot 9
[2022-12-17 13:23:48] [SEVERE ] placing card 37 in slot 10
[2022-12-17 13:23:48] [SEVERE ] placing card 24 in slot 11
[2022-12-17 13:24:48] [SEVERE ] removing all tokens
[2022-12-17 13:24:48] [SEVERE ] removing tokens from slot 0
[2022-12-17 13:24:48] [SEVERE ] removing tokens from slot 1
[2022-12-17 13:24:48] [SEVERE ] removing tokens from slot 2
[2022-12-17 13:24:48] [SEVERE ] removing tokens from slot 3
[2022-12-17 13:24:48] [SEVERE ] removing tokens from slot 4
[2022-12-17 13:24:48] [SEVERE ] removing tokens from slot 5
[2022-12-17 13:24:48] [SEVERE ] removing tokens from slot 6
[2022-12-17 13:24:48] [SEVERE ] removing tokens from slot 7
[2022-12-17 13:24:48] [SEVERE ] removing tokens from slot 8
[2022-12-17 13:24:48] [SEVERE ] removing tokens from slot 9
[2022-12-17 13:24:48] [SEVERE ] removing tokens from slot 10
[2022-12-17 13:24:48] [SEVERE ] removing tokens from slot 11
[2022-12-17 13:24:48] [SEVERE ] removing card from slot 0
[2022-12-17 13:24:49] [SEVERE ] removing card from slot 1
[2022-12-17 13:24:49] [SEVERE ] removing card from slot 2
[2022-12-17 13:24:49] [SEVERE ] removing card from slot 3
[2022-12-17 13:24:49] [SEVERE ] removing card from slot 4
[2022-12-17 13:24:49] [SEVERE ] removing card from slot 5
[2022-12-17 13:24:49] [SEVERE ] removing card from slot 6
[2022-12-17 13:24:49] [SEVERE ] removing card from slot 7
[2022-12-17 13:24:49] [SEVERE ] removing card from slot 8
[2022-12-17 13:24:49] [SEVERE ] removing card from slot 9
[2022-12-17 13:24:50] [SEVERE ] removing card from slot 10
[2022-12-17 13:24:50] [SEVERE ] removing card from slot 11
[2022-12-17 13:24:50] [SEVERE ] placing card 48 in slot 0
[2022-12-17 13:24:50] [SEVERE ] placing card 10 in slot 1
[2022-12-17 13:24:50] [SEVERE ] placing card 52 in slot 2
[2022-12-17 13:24:50] [SEVERE ] placing card 39 in slot 3
[2022-12-17 13:24:50] [SEVERE ] placing card 8 in slot 4
[2022-12-17 13:24:50] [SEVERE ] placing card 68 in slot 5
[2022-12-17 13:24:50] [SEVERE ] placing card 35 in slot 6
[2022-12-17 13:24:50] [SEVERE ] placing card 1 in slot 7
[2022-12-17 13:24:51] [SEVERE ] placing card 72 in slot 8
[2022-12-17 13:24:51] [SEVERE ] placing card 19 in slot 9
[2022-12-17 13:24:51] [SEVERE ] placing card 9 in slot 10
[2022-12-17 13:24:51] [SEVERE ] placing card 36 in slot 11
[2022-12-17 13:25:51] [SEVERE ] removing all tokens
[2022-12-17 13:25:51] [SEVERE ] removing tokens from slot 0
[2022-12-17 13:25:51] [SEVERE ] removing tokens from slot 1
[2022-12-17 13:25:51] [SEVERE ] removing tokens from slot 2
[2022-12-17 13:25:51] [SEVERE ] removing tokens from slot 3
[2022-12-17 13:25:51] [SEVERE ] removing tokens from slot 4
[2022-12-17 13:25:51] [SEVERE ] removing tokens from slot 5
[2022-12-17 13:25:51] [SEVERE ] removing tokens from slot 6
[2022-12-17 13:25:51] [SEVERE ] removing tokens from slot 7
[2022-12-17 13:25:51] [SEVERE ] removing tokens from slot 8
[2022-12-17 13:25:51] [SEVERE ] removing tokens from slot 9
[2022-12-17 13:25:51] [SEVERE ] removing tokens from slot 10
[2022-12-17 13:25:51] [SEVERE ] removing tokens from slot 11
[2022-12-17 13:25:51] [SEVERE ] removing card from slot 0
[2022-12-17 13:25:51] [SEVERE ] removing card from slot 1
[2022-12-17 13:25:51] [SEVERE ] removing card from slot 2
[2022-12-17 13:25:51] [SEVERE ] removing card from slot 3
[2022-12-17 13:25:51] [SEVERE ] removing card from slot 4
[2022-12-17 13:25:52] [SEVERE ] removing card from slot 5
[2022-12-17 13:25:52] [SEVERE ] removing card from slot 6
[2022-12-17 13:25:52] [SEVERE ] removing card from slot 7
[2022-12-17 13:25:52] [SEVERE ] removing card from slot 8
[2022-12-17 13:25:52] [SEVERE ] removing card from slot 9
[2022-12-17 13:25:52] [SEVERE ] removing card from slot 10
[2022-12-17 13:25:52] [SEVERE ] removing card from slot 11
[2022-12-17 13:25:52] [SEVERE ] placing card 62 in slot 0
[2022-12-17 13:25:52] [SEVERE ] placing card 73 in slot 1
[2022-12-17 13:25:53] [SEVERE ] placing card 74 in slot 2
[2022-12-17 13:25:53] [SEVERE ] placing card 9 in slot 3
[2022-12-17 13:25:53] [SEVERE ] placing card 49 in slot 4
[2022-12-17 13:25:53] [SEVERE ] placing card 70 in slot 5
[2022-12-17 13:25:53] [SEVERE ] placing card 37 in slot 6
[2022-12-17 13:25:53] [SEVERE ] placing card 54 in slot 7
[2022-12-17 13:25:53] [SEVERE ] placing card 0 in slot 8
[2022-12-17 13:25:53] [SEVERE ] placing card 5 in slot 9
[2022-12-17 13:25:53] [SEVERE ] placing card 69 in slot 10
[2022-12-17 13:25:53] [SEVERE ] placing card 44 in slot 11
[2022-12-17 13:26:54] [SEVERE ] removing all tokens
[2022-12-17 13:26:54] [SEVERE ] removing tokens from slot 0
[2022-12-17 13:26:54] [SEVERE ] removing tokens from slot 1
[2022-12-17 13:26:54] [SEVERE ] removing tokens from slot 2
[2022-12-17 13:26:54] [SEVERE ] removing tokens from slot 3
[2022-12-17 13:26:54] [SEVERE ] removing tokens from slot 4
[2022-12-17 13:26:54] [SEVERE ] removing tokens from slot 5
[2022-12-17 13:26:54] [SEVERE ] removing tokens from slot 6
[2022-12-17 13:26:54] [SEVERE ] removing tokens from slot 7
[2022-12-17 13:26:54] [SEVERE ] removing tokens from slot 8
[2022-12-17 13:26:54] [SEVERE ] removing tokens from slot 9
[2022-12-17 13:26:54] [SEVERE ] removing tokens from slot 10
[2022-12-17 13:26:54] [SEVERE ] removing tokens from slot 11
[2022-12-17 13:26:54] [SEVERE ] removing card from slot 0
[2022-12-17 13:26:54] [SEVERE ] removing card from slot 1
[2022-12-17 13:26:54] [SEVERE ] removing card from slot 2
[2022-12-17 13:26:54] [SEVERE ] removing card from slot 3
[2022-12-17 13:26:54] [SEVERE ] removing card from slot 4
[2022-12-17 13:26:54] [SEVERE ] removing card from slot 5
[2022-12-17 13:26:54] [SEVERE ] removing card from slot 6
[2022-12-17 13:26:54] [SEVERE ] removing card from slot 7
[2022-12-17 13:26:54] [SEVERE ] removing card from slot 8
[2022-12-17 13:26:55] [SEVERE ] removing card from slot 9
[2022-12-17 13:26:55] [SEVERE ] removing card from slot 10
[2022-12-17 13:26:55] [SEVERE ] removing card from slot 11
[2022-12-17 13:26:55] [SEVERE ] placing card 6 in slot 0
[2022-12-17 13:26:55] [SEVERE ] placing card 5 in slot 1
[2022-12-17 13:26:55] [SEVERE ] placing card 46 in slot 2
[2022-12-17 13:26:55] [SEVERE ] placing card 53 in slot 3
[2022-12-17 13:26:55] [SEVERE ] placing card 71 in slot 4
[2022-12-17 13:26:55] [SEVERE ] placing card 77 in slot 5
[2022-12-17 13:26:56] [SEVERE ] placing card 56 in slot 6
[2022-12-17 13:26:56] [SEVERE ] placing card 55 in slot 7
[2022-12-17 13:26:56] [SEVERE ] placing card 17 in slot 8
[2022-12-17 13:26:56] [SEVERE ] placing card 80 in slot 9
[2022-12-17 13:26:56] [SEVERE ] placing card 40 in slot 10
[2022-12-17 13:26:56] [SEVERE ] placing card 7 in slot 11
[2022-12-17 13:27:56] [SEVERE ] removing all tokens
[2022-12-17 13:27:56] [SEVERE ] removing tokens from slot 0
[2022-12-17 13:27:56] [SEVERE ] removing tokens from slot 1
[2022-12-17 13:27:56] [SEVERE ] removing tokens from slot 2
[2022-12-17 13:27:56] [SEVERE ] removing tokens from slot 3
[2022-12-17 13:27:56] [SEVERE ] removing tokens from slot 4
[2022-12-17 13:27:56] [SEVERE ] removing tokens from slot 5
[2022-12-17 13:27:56] [SEVERE ] removing tokens from slot 6
[2022-12-17 13:27:56] [SEVERE ] removing tokens from slot 7
[2022-12-17 13:27:56] [SEVERE ] removing tokens from slot 8
[2022-12-17 13:27:56] [SEVERE ] removing tokens from slot 9
[2022-12-17 13:27:56] [SEVERE ] removing tokens from slot 10
[2022-12-17 13:27:56] [SEVERE ] removing tokens from slot 11
[2022-12-17 13:27:56] [SEVERE ] removing card from slot 0
[2022-12-17 13:27:56] [SEVERE ] removing card from slot 1
[2022-12-17 13:27:56] [SEVERE ] removing card from slot 2
[2022-12-17 13:27:57] [SEVERE ] removing card from slot 3
[2022-12-17 13:27:57] [SEVERE ] removing card from slot 4
[2022-12-17 13:27:57] [SEVERE ] removing card from slot 5
[2022-12-17 13:27:57] [SEVERE ] removing card from slot 6
[2022-12-17 13:27:57] [SEVERE ] removing card from slot 7
[2022-12-17 13:27:57] [SEVERE ] removing card from slot 8
[2022-12-17 13:27:57] [SEVERE ] removing card from slot 9
[2022-12-17 13:27:57] [SEVERE ] removing card from slot 10
[2022-12-17 13:27:57] [SEVERE ] removing card from slot 11
[2022-12-17 13:27:57] [SEVERE ] placing card 32 in slot 0
[2022-12-17 13:27:58] [SEVERE ] placing card 59 in slot 1
[2022-12-17 13:27:58] [SEVERE ] placing card 50 in slot 2
[2022-12-17 13:27:58] [SEVERE ] placing card 33 in slot 3
[2022-12-17 13:27:58] [SEVERE ] placing card 70 in slot 4
[2022-12-17 13:27:58] [SEVERE ] placing card 42 in slot 5
[2022-12-17 13:27:58] [SEVERE ] placing card 17 in slot 6
[2022-12-17 13:27:58] [SEVERE ] placing card 24 in slot 7
[2022-12-17 13:27:58] [SEVERE ] placing card 49 in slot 8
[2022-12-17 13:27:58] [SEVERE ] placing card 77 in slot 9
[2022-12-17 13:27:59] [SEVERE ] placing card 30 in slot 10
[2022-12-17 13:27:59] [SEVERE ] placing card 19 in slot 11
[2022-12-17 13:28:59] [SEVERE ] removing all tokens
[2022-12-17 13:28:59] [SEVERE ] removing tokens from slot 0
[2022-12-17 13:28:59] [SEVERE ] removing tokens from slot 1
[2022-12-17 13:28:59] [SEVERE ] removing tokens from slot 2
[2022-12-17 13:28:59] [SEVERE ] removing tokens from slot 3
[2022-12-17 13:28:59] [SEVERE ] removing tokens from slot 4
[2022-12-17 13:28:59] [SEVERE ] removing tokens from slot 5
[2022-12-17 13:28:59] [SEVERE ] removing tokens from slot 6
[2022-12-17 13:28:59] [SEVERE ] removing tokens from slot 7
[2022-12-17 13:28:59] [SEVERE ] removing tokens from slot 8
[2022-12-17 13:28:59] [SEVERE ] removing tokens from slot 9
[2022-12-17 13:28:59] [SEVERE ] removing tokens from slot 10
[2022-12-17 13:28:59] [SEVERE ] removing tokens from slot 11
[2022-12-17 13:28:59] [SEVERE ] removing card from slot 0
[2022-12-17 13:28:59] [SEVERE ] removing card from slot 1
[2022-12-17 13:28:59] [SEVERE ] removing card from slot 2
[2022-12-17 13:28:59] [SEVERE ] removing card from slot 3
[2022-12-17 13:28:59] [SEVERE ] removing card from slot 4
[2022-12-17 13:28:59] [SEVERE ] removing card from slot 5
[2022-12-17 13:28:59] [SEVERE ] removing card from slot 6
[2022-12-17 13:29:00] [SEVERE ] removing card from slot 7
[2022-12-17 13:29:00] [SEVERE ] removing card from slot 8
[2022-12-17 13:29:00] [SEVERE ] removing card from slot 9
[2022-12-17 13:29:00] [SEVERE ] removing card from slot 10
[2022-12-17 13:29:00] [SEVERE ] removing card from slot 11
[2022-12-17 13:29:00] [SEVERE ] placing card 21 in slot 0
[2022-12-17 13:29:00] [SEVERE ] placing card 65 in slot 1
[2022-12-17 13:29:00] [SEVERE ] placing card 52 in slot 2
[2022-12-17 13:29:00] [SEVERE ] placing card 41 in slot 3
[2022-12-17 13:29:00] [SEVERE ] placing card 64 in slot 4
[2022-12-17 13:29:01] [SEVERE ] placing card 31 in slot 5
[2022-12-17 13:29:01] [SEVERE ] placing card 29 in slot 6
[2022-12-17 13:29:01] [SEVERE ] placing card 20 in slot 7
[2022-12-17 13:29:01] [SEVERE ] placing card 38 in slot 8
[2022-12-17 13:29:01] [SEVERE ] placing card 39 in slot 9
[2022-12-17 13:29:01] [SEVERE ] placing card 25 in slot 10
[2022-12-17 13:29:01] [SEVERE ] placing card 43 in slot 11
[2022-12-17 13:30:01] [SEVERE ] removing all tokens
[2022-12-17 13:30:01] [SEVERE ] removing tokens from slot 0
[2022-12-17 13:30:01] [SEVERE ] removing tokens from slot 1
[2022-12-17 13:30:01] [SEVERE ] removing tokens from slot 2
[2022-12-17 13:30:01] [SEVERE ] removing tokens from slot 3
[2022-12-17 13:30:01] [SEVERE ] removing tokens from slot 4
[2022-12-17 13:30:01] [SEVERE ] removing tokens from slot 5
[2022-12-17 13:30:01] [SEVERE ] removing tokens from slot 6
[2022-12-17 13:30:01] [SEVERE ] removing tokens from slot 7
[2022-12-17 13:30:01] [SEVERE ] removing tokens from slot 8
[2022-12-17 13:30:01] [SEVERE ] removing tokens from slot 9
[2022-12-17 13:30:01] [SEVERE ] removing tokens from slot 10
[2022-12-17 13:30:01] [SEVERE ] removing tokens from slot 11
[2022-12-17 13:30:01] [SEVERE ] removing card from slot 0
[2022-12-17 13:30:01] [SEVERE ] removing card from slot 1
[2022-12-17 13:30:02] [SEVERE ] removing card from slot 2
[2022-12-17 13:30:02] [SEVERE ] removing card from slot 3
[2022-12-17 13:30:02] [SEVERE ] removing card from slot 4
[2022-12-17 13:30:02] [SEVERE ] removing card from slot 5
[2022-12-17 13:30:02] [SEVERE ] removing card from slot 6
[2022-12-17 13:30:02] [SEVERE ] removing card from slot 7
[2022-12-17 13:30:02] [SEVERE ] removing card from slot 8
[2022-12-17 13:30:02] [SEVERE ] removing card from slot 9
[2022-12-17 13:30:02] [SEVERE ] removing card from slot 10
[2022-12-17 13:30:03] [SEVERE ] removing card from slot 11
[2022-12-17 13:30:03] [SEVERE ] placing card 44 in slot 0
[2022-12-17 13:30:03] [SEVERE ] placing card 37 in slot 1
[2022-12-17 13:30:03] [SEVERE ] placing card 42 in slot 2
[2022-12-17 13:30:03] [SEVERE ] placing card 51 in slot 3
[2022-12-17 13:30:03] [SEVERE ] placing card 25 in slot 4
[2022-12-17 13:30:03] [SEVERE ] placing card 76 in slot 5
[2022-12-17 13:30:03] [SEVERE ] placing card 16 in slot 6
[2022-12-17 13:30:03] [SEVERE ] placing card 75 in slot 7
[2022-12-17 13:30:03] [SEVERE ] placing card 59 in slot 8
[2022-12-17 13:30:04] [SEVERE ] placing card 3 in slot 9
[2022-12-17 13:30:04] [SEVERE ] placing card 14 in slot 10
[2022-12-17 13:30:04] [SEVERE ] placing card 46 in slot 11
[2022-12-17 13:31:04] [SEVERE ] removing all tokens
[2022-12-17 13:31:04] [SEVERE ] removing tokens from slot 0
[2022-12-17 13:31:04] [SEVERE ] removing tokens from slot 1
[2022-12-17 13:31:04] [SEVERE ] removing tokens from slot 2
[2022-12-17 13:31:04] [SEVERE ] removing tokens from slot 3
[2022-12-17 13:31:04] [SEVERE ] removing tokens from slot 4
[2022-12-17 13:31:04] [SEVERE ] removing tokens from slot 5
[2022-12-17 13:31:04] [SEVERE ] removing tokens from slot 6
[2022-12-17 13:31:04] [SEVERE ] removing tokens from slot 7
[2022-12-17 13:31:04] [SEVERE ] removing tokens from slot 8
[2022-12-17 13:31:04] [SEVERE ] removing tokens from slot 9
[2022-12-17 13:31:04] [SEVERE ] removing tokens from slot 10
[2022-12-17 13:31:04] [SEVERE ] removing tokens from slot 11
[2022-12-17 13:31:04] [SEVERE ] removing card from slot 0
[2022-12-17 13:31:04] [SEVERE ] removing card from slot 1
[2022-12-17 13:31:04] [SEVERE ] removing card from slot 2
[2022-12-17 13:31:04] [SEVERE ] removing card from slot 3
[2022-12-17 13:31:04] [SEVERE ] removing card from slot 4
[2022-12-17 13:31:04] [SEVERE ] removing card from slot 5
[2022-12-17 13:31:05] [SEVERE ] removing card from slot 6
[2022-12-17 13:31:05] [SEVERE ] removing card from slot 7
[2022-12-17 13:31:05] [SEVERE ] removing card from slot 8
[2022-12-17 13:31:05] [SEVERE ] removing card from slot 9
[2022-12-17 13:31:05] [SEVERE ] removing card from slot 10
[2022-12-17 13:31:05] [SEVERE ] removing card from slot 11
[2022-12-17 13:31:05] [SEVERE ] placing card 56 in slot 0
[2022-12-17 13:31:05] [SEVERE ] placing card 33 in slot 1
[2022-12-17 13:31:05] [SEVERE ] placing card 35 in slot 2
[2022-12-17 13:31:05] [SEVERE ] placing card 67 in slot 3
[2022-12-17 13:31:06] [SEVERE ] placing card 78 in slot 4
[2022-12-17 13:31:06] [SEVERE ] placing card 50 in slot 5
[2022-12-17 13:31:06] [SEVERE ] placing card 39 in slot 6
[2022-12-17 13:31:06] [SEVERE ] placing card 11 in slot 7
[2022-12-17 13:31:06] [SEVERE ] placing card 9 in slot 8
[2022-12-17 13:31:06] [SEVERE ] placing card 80 in slot 9
[2022-12-17 13:31:06] [SEVERE ] placing card 47 in slot 10
[2022-12-17 13:31:06] [SEVERE ] placing card 69 in slot 11
[2022-12-17 13:32:06] [SEVERE ] removing all tokens
[2022-12-17 13:32:06] [SEVERE ] removing tokens from slot 0
[2022-12-17 13:32:06] [SEVERE ] removing tokens from slot 1
[2022-12-17 13:32:06] [SEVERE ] removing tokens from slot 2
[2022-12-17 13:32:06] [SEVERE ] removing tokens from slot 3
[2022-12-17 13:32:06] [SEVERE ] removing tokens from slot 4
[2022-12-17 13:32:06] [SEVERE ] removing tokens from slot 5
[2022-12-17 13:32:06] [SEVERE ] removing tokens from slot 6
[2022-12-17 13:32:06] [SEVERE ] removing tokens from slot 7
[2022-12-17 13:32:06] [SEVERE ] removing tokens from slot 8
[2022-12-17 13:32:06] [SEVERE ] removing tokens from slot 9
[2022-12-17 13:32:06] [SEVERE ] removing tokens from slot 10
[2022-12-17 13:32:06] [SEVERE ] removing tokens from slot 11
[2022-12-17 13:32:07] [SEVERE ] removing card from slot 0
[2022-12-17 13:32:07] [SEVERE ] removing card from slot 1
[2022-12-17 13:32:07] [SEVERE ] removing card from slot 2
[2022-12-17 13:32:07] [SEVERE ] removing card from slot 3
[2022-12-17 13:32:07] [SEVERE ] removing card from slot 4
[2022-12-17 13:32:07] [SEVERE ] removing card from slot 5
[2022-12-17 13:32:07] [SEVERE ] removing card from slot 6
[2022-12-17 13:32:07] [SEVERE ] removing card from slot 7
[2022-12-17 13:32:07] [SEVERE ] removing card from slot 8
[2022-12-17 13:32:07] [SEVERE ] removing card from slot 9
[2022-12-17 13:32:08] [SEVERE ] removing card from slot 10
[2022-12-17 13:32:08] [SEVERE ] removing card from slot 11
[2022-12-17 13:32:08] [SEVERE ] placing card 52 in slot 0
[2022-12-17 13:32:08] [SEVERE ] placing card 39 in slot 1
[2022-12-17 13:32:08] [SEVERE ] placing card 37 in slot 2
[2022-12-17 13:32:08] [SEVERE ] placing card 57 in slot 3
[2022-12-17 13:32:08] [SEVERE ] placing card 10 in slot 4
[2022-12-17 13:32:08] [SEVERE ] placing card 55 in slot 5
[2022-12-17 13:32:08] [SEVERE ] placing card 64 in slot 6
[2022-12-17 13:32:09] [SEVERE ] placing card 68 in slot 7
[2022-12-17 13:32:09] [SEVERE ] placing card 29 in slot 8
[2022-12-17 13:32:09] [SEVERE ] placing card 63 in slot 9
[2022-12-17 13:32:09] [SEVERE ] placing card 70 in slot 10
[2022-12-17 13:32:09] [SEVERE ] placing card 16 in slot 11
[2022-12-17 13:33:09] [SEVERE ] removing all tokens
[2022-12-17 13:33:09] [SEVERE ] removing tokens from slot 0
[2022-12-17 13:33:09] [SEVERE ] removing tokens from slot 1
[2022-12-17 13:33:09] [SEVERE ] removing tokens from slot 2
[2022-12-17 13:33:09] [SEVERE ] removing tokens from slot 3
[2022-12-17 13:33:09] [SEVERE ] removing tokens from slot 4
[2022-12-17 13:33:09] [SEVERE ] removing tokens from slot 5
[2022-12-17 13:33:09] [SEVERE ] removing tokens from slot 6
[2022-12-17 13:33:09] [SEVERE ] removing tokens from slot 7
[2022-12-17 13:33:09] [SEVERE ] removing tokens from slot 8
[2022-12-17 13:33:09] [SEVERE ] removing tokens from slot 9
[2022-12-17 13:33:09] [SEVERE ] removing tokens from slot 10
[2022-12-17 13:33:09] [SEVERE ] removing tokens from slot 11
[2022-12-17 13:33:09] [SEVERE ] removing card from slot 0
[2022-12-17 13:33:09] [SEVERE ] removing card from slot 1
[2022-12-17 13:33:09] [SEVERE ] removing card from slot 2
[2022-12-17 13:33:09] [SEVERE ] removing card from slot 3
[2022-12-17 13:33:10] [SEVERE ] removing card from slot 4
[2022-12-17 13:33:10] [SEVERE ] removing card from slot 5
[2022-12-17 13:33:10] [SEVERE ] removing card from slot 6
[2022-12-17 13:33:10] [SEVERE ] removing card from slot 7
[2022-12-17 13:33:10] [SEVERE ] removing card from slot 8
[2022-12-17 13:33:10] [SEVERE ] removing card from slot 9
[2022-12-17 13:33:10] [SEVERE ] removing card from slot 10
[2022-12-17 13:33:10] [SEVERE ] removing card from slot 11
[2022-12-17 13:33:10] [SEVERE ] placing card 33 in slot 0
[2022-12-17 13:33:10] [SEVERE ] placing card 43 in slot 1
[2022-12-17 13:33:11] [SEVERE ] placing card 61 in slot 2
[2022-12-17 13:33:11] [SEVERE ] placing card 59 in slot 3
[2022-12-17 13:33:11] [SEVERE ] placing card 37 in slot 4
[2022-12-17 13:33:11] [SEVERE ] placing card 38 in slot 5
[2022-12-17 13:33:11] [SEVERE ] placing card 15 in slot 6
[2022-12-17 13:33:11] [SEVERE ] placing card 35 in slot 7
[2022-12-17 13:33:11] [SEVERE ] placing card 6 in slot 8
[2022-12-17 13:33:11] [SEVERE ] placing card 69 in slot 9
[2022-12-17 13:33:11] [SEVERE ] placing card 74 in slot 10
[2022-12-17 13:33:11] [SEVERE ] placing card 52 in slot 11
[2022-12-17 13:34:12] [SEVERE ] removing all tokens
[2022-12-17 13:34:12] [SEVERE ] removing tokens from slot 0
[2022-12-17 13:34:12] [SEVERE ] removing tokens from slot 1
[2022-12-17 13:34:12] [SEVERE ] removing tokens from slot 2
[2022-12-17 13:34:12] [SEVERE ] removing tokens from slot 3
[2022-12-17 13:34:12] [SEVERE ] removing tokens from slot 4
[2022-12-17 13:34:12] [SEVERE ] removing tokens from slot 5
[2022-12-17 13:34:12] [SEVERE ] removing tokens from slot 6
[2022-12-17 13:34:12] [SEVERE ] removing tokens from slot 7
[2022-12-17 13:34:12] [SEVERE ] removing tokens from slot 8
[2022-12-17 13:34:12] [SEVERE ] removing tokens from slot 9
[2022-12-17 13:34:12] [SEVERE ] removing tokens from slot 10
[2022-12-17 13:34:12] [SEVERE ] removing tokens from slot 11
[2022-12-17 13:34:12] [SEVERE ] removing card from slot 0
[2022-12-17 13:34:12] [SEVERE ] removing card from slot 1
[2022-12-17 13:34:12] [SEVERE ] removing card from slot 2
[2022-12-17 13:34:12] [SEVERE ] removing card from slot 3
[2022-12-17 13:34:12] [SEVERE ] removing card from slot 4
[2022-12-17 13:34:12] [SEVERE ] removing card from slot 5
[2022-12-17 13:34:12] [SEVERE ] removing card from slot 6
[2022-12-17 13:34:12] [SEVERE ] removing card from slot 7
[2022-12-17 13:34:12] [SEVERE ] removing card from slot 8
[2022-12-17 13:34:13] [SEVERE ] removing card from slot 9
[2022-12-17 13:34:13] [SEVERE ] removing card from slot 10
[2022-12-17 13:34:13] [SEVERE ] removing card from slot 11
[2022-12-17 13:34:13] [SEVERE ] placing card 80 in slot 0
[2022-12-17 13:34:13] [SEVERE ] placing card 31 in slot 1
[2022-12-17 13:34:13] [SEVERE ] placing card 11 in slot 2
[2022-12-17 13:34:13] [SEVERE ] placing card 32 in slot 3
[2022-12-17 13:34:13] [SEVERE ] placing card 61 in slot 4
[2022-12-17 13:34:13] [SEVERE ] placing card 41 in slot 5
[2022-12-17 13:34:14] [SEVERE ] placing card 44 in slot 6
[2022-12-17 13:34:14] [SEVERE ] placing card 37 in slot 7
[2022-12-17 13:34:14] [SEVERE ] placing card 72 in slot 8
[2022-12-17 13:34:14] [SEVERE ] placing card 50 in slot 9
[2022-12-17 13:34:14] [SEVERE ] placing card 78 in slot 10
[2022-12-17 13:34:14] [SEVERE ] placing card 69 in slot 11
[2022-12-17 13:35:14] [SEVERE ] removing all tokens
[2022-12-17 13:35:14] [SEVERE ] removing tokens from slot 0
[2022-12-17 13:35:14] [SEVERE ] removing tokens from slot 1
[2022-12-17 13:35:14] [SEVERE ] removing tokens from slot 2
[2022-12-17 13:35:14] [SEVERE ] removing tokens from slot 3
[2022-12-17 13:35:14] [SEVERE ] removing tokens from slot 4
[2022-12-17 13:35:14] [SEVERE ] removing tokens from slot 5
[2022-12-17 13:35:14] [SEVERE ] removing tokens from slot 6
[2022-12-17 13:35:14] [SEVERE ] removing tokens from slot 7
[2022-12-17 13:35:14] [SEVERE ] removing tokens from slot 8
[2022-12-17 13:35:14] [SEVERE ] removing tokens from slot 9
[2022-12-17 13:35:14] [SEVERE ] removing tokens from slot 10
[2022-12-17 13:35:14] [SEVERE ] removing tokens from slot 11
[2022-12-17 13:35:14] [SEVERE ] removing card from slot 0
[2022-12-17 13:35:14] [SEVERE ] removing card from slot 1
[2022-12-17 13:35:14] [SEVERE ] removing card from slot 2
[2022-12-17 13:35:15] [SEVERE ] removing card from slot 3
[2022-12-17 13:35:15] [SEVERE ] removing card from slot 4
[2022-12-17 13:35:15] [SEVERE ] removing card from slot 5
[2022-12-17 13:35:15] [SEVERE ] removing card from slot 6
[2022-12-17 13:35:15] [SEVERE ] removing card from slot 7
[2022-12-17 13:35:15] [SEVERE ] removing card from slot 8
[2022-12-17 13:35:15] [SEVERE ] removing card from slot 9
[2022-12-17 13:35:15] [SEVERE ] removing card from slot 10
[2022-12-17 13:35:15] [SEVERE ] removing card from slot 11
[2022-12-17 13:35:15] [SEVERE ] placing card 22 in slot 0
[2022-12-17 13:35:16] [SEVERE ] placing card 41 in slot 1
[2022-12-17 13:35:16] [SEVERE ] placing card 9 in slot 2
[2022-12-17 13:35:16] [SEVERE ] placing card 17 in slot 3
[2022-12-17 13:35:16] [SEVERE ] placing card 33 in slot 4
[2022-12-17 13:35:16] [SEVERE ] placing card 21 in slot 5
[2022-12-17 13:35:16] [SEVERE ] placing card 4 in slot 6
[2022-12-17 13:35:16] [SEVERE ] placing card 36 in slot 7
[2022-12-17 13:35:16] [SEVERE ] placing card 75 in slot 8
[2022-12-17 13:35:16] [SEVERE ] placing card 50 in slot 9
[2022-12-17 13:35:17] [SEVERE ] placing card 77 in slot 10
[2022-12-17 13:35:17] [SEVERE ] placing card 80 in slot 11
[2022-12-17 13:36:17] [SEVERE ] removing all tokens
[2022-12-17 13:36:17] [SEVERE ] removing tokens from slot 0
[2022-12-17 13:36:17] [SEVERE ] removing tokens from slot 1
[2022-12-17 13:36:17] [SEVERE ] removing tokens from slot 2
[2022-12-17 13:36:17] [SEVERE ] removing tokens from slot 3
[2022-12-17 13:36:17] [SEVERE ] removing tokens from slot 4
[2022-12-17 13:36:17] [SEVERE ] removing tokens from slot 5
[2022-12-17 13:36:17] [SEVERE ] removing tokens from slot 6
[2022-12-17 13:36:17] [SEVERE ] removing tokens from slot 7
[2022-12-17 13:36:17] [SEVERE ] removing tokens from slot 8
[2022-12-17 13:36:17] [SEVERE ] removing tokens from slot 9
[2022-12-17 13:36:17] [SEVERE ] removing tokens from slot 10
[2022-12-17 13:36:17] [SEVERE ] removing tokens from slot 11
[2022-12-17 13:36:17] [SEVERE ] removing card from slot 0
[2022-12-17 13:36:17] [SEVERE ] removing card from slot 1
[2022-12-17 13:36:17] [SEVERE ] removing card from slot 2
[2022-12-17 13:36:17] [SEVERE ] removing card from slot 3
[2022-12-17 13:36:17] [SEVERE ] removing card from slot 4
[2022-12-17 13:36:17] [SEVERE ] removing card from slot 5
[2022-12-17 13:36:17] [SEVERE ] removing card from slot 6
[2022-12-17 13:36:18] [SEVERE ] removing card from slot 7
[2022-12-17 13:36:18] [SEVERE ] removing card from slot 8
[2022-12-17 13:36:18] [SEVERE ] removing card from slot 9
[2022-12-17 13:36:18] [SEVERE ] removing card from slot 10
[2022-12-17 13:36:18] [SEVERE ] removing card from slot 11
[2022-12-17 13:36:18] [SEVERE ] placing card 55 in slot 0
[2022-12-17 13:36:18] [SEVERE ] placing card 66 in slot 1
[2022-12-17 13:36:18] [SEVERE ] placing card 13 in slot 2
[2022-12-17 13:36:18] [SEVERE ] placing card 10 in slot 3
[2022-12-17 13:36:18] [SEVERE ] placing card 24 in slot 4
[2022-12-17 13:36:19] [SEVERE ] placing card 60 in slot 5
[2022-12-17 13:36:19] [SEVERE ] placing card 26 in slot 6
[2022-12-17 13:36:19] [SEVERE ] placing card 7 in slot 7
[2022-12-17 13:36:19] [SEVERE ] placing card 4 in slot 8
[2022-12-17 13:36:19] [SEVERE ] placing card 20 in slot 9
[2022-12-17 13:36:19] [SEVERE ] placing card 76 in slot 10
[2022-12-17 13:36:19] [SEVERE ] placing card 49 in slot 11
[2022-12-17 13:37:19] [SEVERE ] removing all tokens
[2022-12-17 13:37:19] [SEVERE ] removing tokens from slot 0
[2022-12-17 13:37:19] [SEVERE ] removing tokens from slot 1
[2022-12-17 13:37:19] [SEVERE ] removing tokens from slot 2
[2022-12-17 13:37:19] [SEVERE ] removing tokens from slot 3
[2022-12-17 13:37:19] [SEVERE ] removing tokens from slot 4
[2022-12-17 13:37:19] [SEVERE ] removing tokens from slot 5
[2022-12-17 13:37:19] [SEVERE ] removing tokens from slot 6
[2022-12-17 13:37:19] [SEVERE ] removing tokens from slot 7
[2022-12-17 13:37:19] [SEVERE ] removing tokens from slot 8
[2022-12-17 13:37:19] [SEVERE ] removing tokens from slot 9
[2022-12-17 13:37:19] [SEVERE ] removing tokens from slot 10
[2022-12-17 13:37:19] [SEVERE ] removing tokens from slot 11
[2022-12-17 13:37:19] [SEVERE ] removing card from slot 0
[2022-12-17 13:37:20] [SEVERE ] removing card from slot 1
[2022-12-17 13:37:20] [SEVERE ] removing card from slot 2
[2022-12-17 13:37:20] [SEVERE ] removing card from slot 3
[2022-12-17 13:37:20] [SEVERE ] removing card from slot 4
[2022-12-17 13:37:20] [SEVERE ] removing card from slot 5
[2022-12-17 13:37:20] [SEVERE ] removing card from slot 6
[2022-12-17 13:37:20] [SEVERE ] removing card from slot 7
[2022-12-17 13:37:20] [SEVERE ] removing card from slot 8
[2022-12-17 13:37:20] [SEVERE ] removing card from slot 9
[2022-12-17 13:37:20] [SEVERE ] removing card from slot 10
[2022-12-17 13:37:21] [SEVERE ] removing card from slot 11
[2022-12-17 13:37:21] [SEVERE ] placing card 1 in slot 0
[2022-12-17 13:37:21] [SEVERE ] placing card 2 in slot 1
[2022-12-17 13:37:21] [SEVERE ] placing card 58 in slot 2
[2022-12-17 13:37:21] [SEVERE ] placing card 21 in slot 3
[2022-12-17 13:37:21] [SEVERE ] placing card 36 in slot 4
[2022-12-17 13:37:21] [SEVERE ] placing card 47 in slot 5
[2022-12-17 13:37:21] [SEVERE ] placing card 53 in slot 6
[2022-12-17 13:37:21] [SEVERE ] placing card 75 in slot 7
[2022-12-17 13:37:22] [SEVERE ] placing card 25 in slot 8
[2022-12-17 13:37:22] [SEVERE ] placing card 13 in slot 9
[2022-12-17 13:37:22] [SEVERE ] placing card 0 in slot 10
[2022-12-17 13:37:22] [SEVERE ] placing card 15 in slot 11
[2022-12-17 13:38:22] [SEVERE ] removing all tokens
[2022-12-17 13:38:22] [SEVERE ] removing tokens from slot 0
[2022-12-17 13:38:22] [SEVERE ] removing tokens from slot 1
[2022-12-17 13:38:22] [SEVERE ] removing tokens from slot 2
[2022-12-17 13:38:22] [SEVERE ] removing tokens from slot 3
[2022-12-17 13:38:22] [SEVERE ] removing tokens from slot 4
[2022-12-17 13:38:22] [SEVERE ] removing tokens from slot 5
[2022-12-17 13:38:22] [SEVERE ] removing tokens from slot 6
[2022-12-17 13:38:22] [SEVERE ] removing tokens from slot 7
[2022-12-17 13:38:22] [SEVERE ] removing tokens from slot 8
[2022-12-17 13:38:22] [SEVERE ] removing tokens from slot 9
[2022-12-17 13:38:22] [SEVERE ] removing tokens from slot 10
[2022-12-17 13:38:22] [SEVERE ] removing tokens from slot 11
[2022-12-17 13:38:22] [SEVERE ] removing card from slot 0
[2022-12-17 13:38:22] [SEVERE ] removing card from slot 1
[2022-12-17 13:38:22] [SEVERE ] removing card from slot 2
[2022-12-17 13:38:22] [SEVERE ] removing card from slot 3
[2022-12-17 13:38:22] [SEVERE ] removing card from slot 4
[2022-12-17 13:38:23] [SEVERE ] removing card from slot 5
[2022-12-17 13:38:23] [SEVERE ] removing card from slot 6
[2022-12-17 13:38:23] [SEVERE ] removing card from slot 7
[2022-12-17 13:38:23] [SEVERE ] removing card from slot 8
[2022-12-17 13:38:23] [SEVERE ] removing card from slot 9
[2022-12-17 13:38:23] [SEVERE ] removing card from slot 10
[2022-12-17 13:38:23] [SEVERE ] removing card from slot 11
[2022-12-17 13:38:23] [SEVERE ] placing card 14 in slot 0
[2022-12-17 13:38:23] [SEVERE ] placing card 32 in slot 1
[2022-12-17 13:38:23] [SEVERE ] placing card 10 in slot 2
[2022-12-17 13:38:24] [SEVERE ] placing card 25 in slot 3
[2022-12-17 13:38:24] [SEVERE ] placing card 19 in slot 4
[2022-12-17 13:38:24] [SEVERE ] placing card 77 in slot 5
[2022-12-17 13:38:24] [SEVERE ] placing card 16 in slot 6
[2022-12-17 13:38:24] [SEVERE ] placing card 12 in slot 7
[2022-12-17 13:38:24] [SEVERE ] placing card 8 in slot 8
[2022-12-17 13:38:24] [SEVERE ] placing card 60 in slot 9
[2022-12-17 13:38:24] [SEVERE ] placing card 44 in slot 10
[2022-12-17 13:38:24] [SEVERE ] placing card 34 in slot 11
[2022-12-17 13:39:25] [SEVERE ] removing all tokens
[2022-12-17 13:39:25] [SEVERE ] removing tokens from slot 0
[2022-12-17 13:39:25] [SEVERE ] removing tokens from slot 1
[2022-12-17 13:39:25] [SEVERE ] removing tokens from slot 2
[2022-12-17 13:39:25] [SEVERE ] removing tokens from slot 3
[2022-12-17 13:39:25] [SEVERE ] removing tokens from slot 4
[2022-12-17 13:39:25] [SEVERE ] removing tokens from slot 5
[2022-12-17 13:39:25] [SEVERE ] removing tokens from slot 6
[2022-12-17 13:39:25] [SEVERE ] removing tokens from slot 7
[2022-12-17 13:39:25] [SEVERE ] removing tokens from slot 8
[2022-12-17 13:39:25] [SEVERE ] removing tokens from slot 9
[2022-12-17 13:39:25] [SEVERE ] removing tokens from slot 10
[2022-12-17 13:39:25] [SEVERE ] removing tokens from slot 11
[2022-12-17 13:39:25] [SEVERE ] removing card from slot 0
[2022-12-17 13:39:25] [SEVERE ] removing card from slot 1
[2022-12-17 13:39:25] [SEVERE ] removing card from slot 2
[2022-12-17 13:39:25] [SEVERE ] removing card from slot 3
[2022-12-17 13:39:25] [SEVERE ] removing card from slot 4
[2022-12-17 13:39:25] [SEVERE ] removing card from slot 5
[2022-12-17 13:39:25] [SEVERE ] removing card from slot 6
[2022-12-17 13:39:25] [SEVERE ] removing card from slot 7
[2022-12-17 13:39:25] [SEVERE ] removing card from slot 8
[2022-12-17 13:39:26] [SEVERE ] removing card from slot 9
[2022-12-17 13:39:26] [SEVERE ] removing card from slot 10
[2022-12-17 13:39:26] [SEVERE ] removing card from slot 11
[2022-12-17 13:39:26] [SEVERE ] placing card 10 in slot 0
[2022-12-17 13:39:26] [SEVERE ] placing card 28 in slot 1
[2022-12-17 13:39:26] [SEVERE ] placing card 75 in slot 2
[2022-12-17 13:39:26] [SEVERE ] placing card 36 in slot 3
[2022-12-17 13:39:26] [SEVERE ] placing card 32 in slot 4
[2022-12-17 13:39:26] [SEVERE ] placing card 35 in slot 5
[2022-12-17 13:39:26] [SEVERE ] placing card 12 in slot 6
[2022-12-17 13:39:27] [SEVERE ] placing card 19 in slot 7
[2022-12-17 13:39:27] [SEVERE ] placing card 64 in slot 8
[2022-12-17 13:39:27] [SEVERE ] placing card 56 in slot 9
[2022-12-17 13:39:27] [SEVERE ] placing card 79 in slot 10
[2022-12-17 13:39:27] [SEVERE ] placing card 65 in slot 11
[2022-12-17 13:40:27] [SEVERE ] removing all tokens
[2022-12-17 13:40:27] [SEVERE ] removing tokens from slot 0
[2022-12-17 13:40:27] [SEVERE ] removing tokens from slot 1
[2022-12-17 13:40:27] [SEVERE ] removing tokens from slot 2
[2022-12-17 13:40:27] [SEVERE ] removing tokens from slot 3
[2022-12-17 13:40:27] [SEVERE ] removing tokens from slot 4
[2022-12-17 13:40:27] [SEVERE ] removing tokens from slot 5
[2022-12-17 13:40:27] [SEVERE ] removing tokens from slot 6
[2022-12-17 13:40:27] [SEVERE ] removing tokens from slot 7
[2022-12-17 13:40:27] [SEVERE ] removing tokens from slot 8
[2022-12-17 13:40:27] [SEVERE ] removing tokens from slot 9
[2022-12-17 13:40:27] [SEVERE ] removing tokens from slot 10
[2022-12-17 13:40:27] [SEVERE ] removing tokens from slot 11
[2022-12-17 13:40:27] [SEVERE ] removing card from slot 0
[2022-12-17 13:40:27] [SEVERE ] removing card from slot 1
[2022-12-17 13:40:27] [SEVERE ] removing card from slot 2
[2022-12-17 13:40:28] [SEVERE ] removing card from slot 3
[2022-12-17 13:40:28] [SEVERE ] removing card from slot 4
[2022-12-17 13:40:28] [SEVERE ] removing card from slot 5
[2022-12-17 13:40:28] [SEVERE ] removing card from slot 6
[2022-12-17 13:40:28] [SEVERE ] removing card from slot 7
[2022-12-17 13:40:28] [SEVERE ] removing card from slot 8
[2022-12-17 13:40:28] [SEVERE ] removing card from slot 9
[2022-12-17 13:40:28] [SEVERE ] removing card from slot 10
[2022-12-17 13:40:28] [SEVERE ] removing card from slot 11
[2022-12-17 13:40:28] [SEVERE ] placing card 25 in slot 0
[2022-12-17 13:40:29] [SEVERE ] placing card 20 in slot 1
[2022-12-17 13:40:29] [SEVERE ] placing card 45 in slot 2
[2022-12-17 13:40:29] [SEVERE ] placing card 69 in slot 3
[2022-12-17 13:40:29] [SEVERE ] placing card 72 in slot 4
[2022-12-17 13:40:29] [SEVERE ] placing card 77 in slot 5
[2022-12-17 13:40:29] [SEVERE ] placing card 78 in slot 6
[2022-12-17 13:40:29] [SEVERE ] placing card 1 in slot 7
[2022-12-17 13:40:29] [SEVERE ] placing card 13 in slot 8
[2022-12-17 13:40:29] [SEVERE ] placing card 2 in slot 9
[2022-12-17 13:40:29] [SEVERE ] placing card 46 in slot 10
[2022-12-17 13:40:30] [SEVERE ] placing card 48 in slot 11
[2022-12-17 13:41:30] [SEVERE ] removing all tokens
[2022-12-17 13:41:30] [SEVERE ] removing tokens from slot 0
[2022-12-17 13:41:30] [SEVERE ] removing tokens from slot 1
[2022-12-17 13:41:30] [SEVERE ] removing tokens from slot 2
[2022-12-17 13:41:30] [SEVERE ] removing tokens from slot 3
[2022-12-17 13:41:30] [SEVERE ] removing tokens from slot 4
[2022-12-17 13:41:30] [SEVERE ] removing tokens from slot 5
[2022-12-17 13:41:30] [SEVERE ] removing tokens from slot 6
[2022-12-17 13:41:30] [SEVERE ] removing tokens from slot 7
[2022-12-17 13:41:30] [SEVERE ] removing tokens from slot 8
[2022-12-17 13:41:30] [SEVERE ] removing tokens from slot 9
[2022-12-17 13:41:30] [SEVERE ] removing tokens from slot 10
[2022-12-17 13:41:30] [SEVERE ] removing tokens from slot 11
[2022-12-17 13:41:30] [SEVERE ] removing card from slot 0
[2022-12-17 13:41:30] [SEVERE ] removing card from slot 1
[2022-12-17 13:41:30] [SEVERE ] removing card from slot 2
[2022-12-17 13:41:30] [SEVERE ] removing card from slot 3
[2022-12-17 13:41:30] [SEVERE ] removing card from slot 4
[2022-12-17 13:41:30] [SEVERE ] removing card from slot 5
[2022-12-17 13:41:30] [SEVERE ] removing card from slot 6
[2022-12-17 13:41:31] [SEVERE ] removing card from slot 7
[2022-12-17 13:41:31] [SEVERE ] removing card from slot 8
[2022-12-17 13:41:31] [SEVERE ] removing card from slot 9
[2022-12-17 13:41:31] [SEVERE ] removing card from slot 10
[2022-12-17 13:41:31] [SEVERE ] removing card from slot 11
[2022-12-17 13:41:31] [SEVERE ] placing card 2 in slot 0
[2022-12-17 13:41:31] [SEVERE ] placing card 17 in slot 1
[2022-12-17 13:41:31] [SEVERE ] placing card 44 in slot 2
[2022-12-17 13:41:31] [SEVERE ] placing card 47 in slot 3
[2022-12-17 13:41:31] [SEVERE ] placing card 76 in slot 4
[2022-12-17 13:41:32] [SEVERE ] placing card 69 in slot 5
[2022-12-17 13:41:32] [SEVERE ] placing card 55 in slot 6
[2022-12-17 13:41:32] [SEVERE ] placing card 19 in slot 7
[2022-12-17 13:41:32] [SEVERE ] placing card 43 in slot 8
[2022-12-17 13:41:32] [SEVERE ] placing card 56 in slot 9
[2022-12-17 13:41:32] [SEVERE ] placing card 26 in slot 10
[2022-12-17 13:41:32] [SEVERE ] placing card 32 in slot 11
