[2022-12-17 09:41:01] [INFO   ] cannot read configuration file config.properties trying from resources.
[2022-12-17 09:41:01] [INFO   ] configuration file was loaded from resources directory.
[2022-12-17 09:41:02] [INFO   ] Thread dealer starting.
[2022-12-17 09:41:02] [INFO   ] Thread Thread-1starting.
[2022-12-17 09:41:02] [INFO   ] Thread Thread-2starting.
[2022-12-17 09:41:02] [SEVERE ] placing card 3 in slot 0
[2022-12-17 09:41:03] [SEVERE ] placing card 12 in slot 1
[2022-12-17 09:41:03] [SEVERE ] placing card 0 in slot 2
[2022-12-17 09:41:03] [SEVERE ] placing card 36 in slot 3
[2022-12-17 09:41:03] [SEVERE ] placing card 51 in slot 4
[2022-12-17 09:41:03] [SEVERE ] placing card 49 in slot 5
[2022-12-17 09:41:03] [SEVERE ] placing card 75 in slot 6
[2022-12-17 09:41:03] [SEVERE ] placing card 40 in slot 7
[2022-12-17 09:41:03] [SEVERE ] placing card 10 in slot 8
[2022-12-17 09:41:03] [SEVERE ] placing card 56 in slot 9
[2022-12-17 09:41:04] [SEVERE ] placing card 53 in slot 10
[2022-12-17 09:41:04] [SEVERE ] placing card 20 in slot 11
[2022-12-17 09:41:06] [SEVERE ] Key 65 was pressed by player 0
[2022-12-17 09:41:06] [SEVERE ] player 0 placing token on slot 4
[2022-12-17 09:41:06] [SEVERE ] Key 83 was pressed by player 0
[2022-12-17 09:41:06] [SEVERE ] player 0 placing token on slot 5
[2022-12-17 09:41:06] [SEVERE ] Key 68 was pressed by player 0
[2022-12-17 09:41:06] [SEVERE ] player 0 placing token on slot 6
