[2022-12-17 10:30:37] [INFO   ] cannot read configuration file config.properties trying from resources.
[2022-12-17 10:30:37] [INFO   ] configuration file was loaded from resources directory.
[2022-12-17 10:30:38] [INFO   ] Thread dealer starting.
[2022-12-17 10:30:38] [INFO   ] Thread Thread-1starting.
[2022-12-17 10:30:38] [INFO   ] Thread Thread-2starting.
[2022-12-17 10:30:38] [SEVERE ] placing card 59 in slot 0
[2022-12-17 10:30:39] [SEVERE ] placing card 78 in slot 1
[2022-12-17 10:30:39] [SEVERE ] placing card 43 in slot 2
[2022-12-17 10:30:39] [SEVERE ] placing card 74 in slot 3
[2022-12-17 10:30:39] [SEVERE ] placing card 77 in slot 4
[2022-12-17 10:30:39] [SEVERE ] placing card 20 in slot 5
[2022-12-17 10:30:39] [SEVERE ] placing card 60 in slot 6
[2022-12-17 10:30:39] [SEVERE ] placing card 57 in slot 7
[2022-12-17 10:30:39] [SEVERE ] placing card 9 in slot 8
[2022-12-17 10:30:39] [SEVERE ] placing card 24 in slot 9
[2022-12-17 10:30:39] [SEVERE ] placing card 26 in slot 10
[2022-12-17 10:30:40] [SEVERE ] placing card 55 in slot 11
[2022-12-17 10:30:56] [SEVERE ] Key 81 was pressed by player 0
[2022-12-17 10:30:56] [SEVERE ] player 0 placing token on slot 0
[2022-12-17 10:30:59] [SEVERE ] Key 68 was pressed by player 0
[2022-12-17 10:30:59] [SEVERE ] player 0 placing token on slot 6
[2022-12-17 10:31:02] [SEVERE ] Key 68 was pressed by player 0
[2022-12-17 10:31:02] [SEVERE ] removing player 0 token from slot 6
[2022-12-17 10:31:03] [SEVERE ] Key 67 was pressed by player 0
[2022-12-17 10:31:03] [SEVERE ] player 0 placing token on slot 10
[2022-12-17 10:31:04] [SEVERE ] Key 67 was pressed by player 0
[2022-12-17 10:31:04] [SEVERE ] removing player 0 token from slot 10
[2022-12-17 10:31:04] [SEVERE ] Key 86 was pressed by player 0
[2022-12-17 10:31:04] [SEVERE ] player 0 placing token on slot 11
[2022-12-17 10:31:05] [SEVERE ] Key 68 was pressed by player 0
[2022-12-17 10:31:05] [SEVERE ] player 0 placing token on slot 6
[2022-12-17 10:31:40] [SEVERE ] removing all tokens
[2022-12-17 10:31:40] [SEVERE ] removing tokens from slot 0
[2022-12-17 10:31:40] [SEVERE ] removing tokens from slot 1
[2022-12-17 10:31:40] [SEVERE ] removing tokens from slot 2
[2022-12-17 10:31:40] [SEVERE ] removing tokens from slot 3
[2022-12-17 10:31:40] [SEVERE ] removing tokens from slot 4
[2022-12-17 10:31:40] [SEVERE ] removing tokens from slot 5
[2022-12-17 10:31:40] [SEVERE ] removing tokens from slot 6
[2022-12-17 10:31:40] [SEVERE ] removing tokens from slot 7
[2022-12-17 10:31:40] [SEVERE ] removing tokens from slot 8
[2022-12-17 10:31:40] [SEVERE ] removing tokens from slot 9
[2022-12-17 10:31:40] [SEVERE ] removing tokens from slot 10
[2022-12-17 10:31:40] [SEVERE ] removing tokens from slot 11
[2022-12-17 10:31:40] [SEVERE ] removing card from slot 0
[2022-12-17 10:31:40] [SEVERE ] removing card from slot 1
[2022-12-17 10:31:40] [SEVERE ] removing card from slot 2
[2022-12-17 10:31:40] [SEVERE ] removing card from slot 3
[2022-12-17 10:31:40] [SEVERE ] removing card from slot 4
[2022-12-17 10:31:40] [SEVERE ] removing card from slot 5
[2022-12-17 10:31:40] [SEVERE ] removing card from slot 6
[2022-12-17 10:31:40] [SEVERE ] removing card from slot 7
[2022-12-17 10:31:41] [SEVERE ] removing card from slot 8
[2022-12-17 10:31:41] [SEVERE ] removing card from slot 9
[2022-12-17 10:31:41] [SEVERE ] removing card from slot 10
[2022-12-17 10:31:41] [SEVERE ] removing card from slot 11
[2022-12-17 10:31:41] [SEVERE ] placing card 59 in slot 0
[2022-12-17 10:31:41] [SEVERE ] placing card 25 in slot 1
[2022-12-17 10:31:41] [SEVERE ] placing card 70 in slot 2
[2022-12-17 10:31:41] [SEVERE ] placing card 20 in slot 3
[2022-12-17 10:31:41] [SEVERE ] placing card 33 in slot 4
[2022-12-17 10:31:42] [SEVERE ] placing card 34 in slot 5
[2022-12-17 10:31:42] [SEVERE ] placing card 52 in slot 6
[2022-12-17 10:31:42] [SEVERE ] placing card 68 in slot 7
[2022-12-17 10:31:42] [SEVERE ] placing card 77 in slot 8
[2022-12-17 10:31:42] [SEVERE ] placing card 46 in slot 9
[2022-12-17 10:31:42] [SEVERE ] placing card 61 in slot 10
[2022-12-17 10:31:42] [SEVERE ] placing card 9 in slot 11
