[17:45:43.096] [INFO   ] thread main starting.
[17:45:43.106] [SEVERE ] cannot read configuration file config.properties trying from resources.
[17:45:43.107] [SEVERE ] configuration file was loaded from resources directory.
[17:45:44.256] [INFO   ] thread dealer starting.
[17:45:44.257] [INFO   ] Thread dealer starting.
[17:45:44.257] [INFO   ] Thread Thread-1starting.
[17:45:44.257] [INFO   ] Thread Thread-2starting.
[17:45:44.364] [SEVERE ] placing card 51 in slot 0
[17:45:44.469] [SEVERE ] placing card 61 in slot 1
[17:45:44.573] [SEVERE ] placing card 63 in slot 2
[17:45:44.678] [SEVERE ] placing card 77 in slot 3
[17:45:44.784] [SEVERE ] placing card 48 in slot 4
[17:45:44.889] [SEVERE ] placing card 21 in slot 5
[17:45:44.992] [SEVERE ] placing card 40 in slot 6
[17:45:45.097] [SEVERE ] placing card 44 in slot 7
[17:45:45.203] [SEVERE ] placing card 73 in slot 8
[17:45:45.308] [SEVERE ] placing card 69 in slot 9
[17:45:45.413] [SEVERE ] placing card 27 in slot 10
[17:45:45.519] [SEVERE ] placing card 67 in slot 11
[17:45:45.519] [SEVERE ] updating countdown to 60000
[17:45:46.472] [SEVERE ] updating countdown to 59047
[17:45:47.428] [SEVERE ] updating countdown to 58091
[17:45:48.383] [SEVERE ] updating countdown to 57136
[17:45:49.335] [SEVERE ] updating countdown to 56184
[17:45:50.291] [SEVERE ] updating countdown to 55228
[17:45:51.246] [SEVERE ] updating countdown to 54273
[17:45:52.202] [SEVERE ] updating countdown to 53317
[17:45:53.154] [SEVERE ] updating countdown to 52365
[17:45:54.109] [SEVERE ] updating countdown to 51410
[17:45:55.065] [SEVERE ] updating countdown to 50454
[17:45:56.017] [SEVERE ] updating countdown to 49502
[17:45:56.973] [SEVERE ] updating countdown to 48546
[17:45:57.928] [SEVERE ] updating countdown to 47591
[17:45:58.884] [SEVERE ] updating countdown to 46635
[17:45:59.836] [SEVERE ] updating countdown to 45683
[17:46:00.788] [SEVERE ] exit button pressed
[17:46:00.788] [INFO   ] Thread Thread-1 terminated.
[17:46:00.788] [INFO   ] Thread Thread-2 terminated.
[17:46:00.788] [SEVERE ] thanks for playing... it was fun!
[17:46:00.789] [INFO   ] thread main terminated.
