[2022-12-15 19:27:39] [INFO   ] cannot read configuration file config.properties trying from resources.
[2022-12-15 19:27:39] [INFO   ] configuration file was loaded from resources directory.
[2022-12-15 19:27:40] [INFO   ] Thread dealer starting.
[2022-12-15 19:27:40] [SEVERE ] placing card 64 in slot 0
[2022-12-15 19:27:40] [SEVERE ] placing card 24 in slot 1
[2022-12-15 19:27:40] [SEVERE ] placing card 45 in slot 2
[2022-12-15 19:27:40] [SEVERE ] placing card 79 in slot 3
[2022-12-15 19:27:40] [SEVERE ] placing card 77 in slot 4
[2022-12-15 19:27:40] [SEVERE ] placing card 74 in slot 5
[2022-12-15 19:27:40] [SEVERE ] placing card 2 in slot 6
[2022-12-15 19:27:41] [SEVERE ] placing card 11 in slot 7
[2022-12-15 19:27:41] [SEVERE ] placing card 59 in slot 8
[2022-12-15 19:27:41] [SEVERE ] placing card 80 in slot 9
[2022-12-15 19:27:41] [SEVERE ] placing card 78 in slot 10
[2022-12-15 19:27:41] [SEVERE ] placing card 69 in slot 11
[2022-12-15 19:27:43] [SEVERE ] Key 87 was pressed by player 0
[2022-12-15 19:27:43] [SEVERE ] player 0 placing token on slot 1
[2022-12-15 19:27:44] [SEVERE ] Key 73 was pressed by player 1
[2022-12-15 19:27:44] [SEVERE ] player 1 placing token on slot 1
[2022-12-15 19:28:42] [SEVERE ] removing card from slot 0
[2022-12-15 19:29:39] [SEVERE ] removing player 0 token from slot 1
