[2022-12-13 15:26:56] [INFO   ] cannot read configuration file config.properties trying from resources.
[2022-12-13 15:26:56] [INFO   ] configuration file was loaded from resources directory.
[2022-12-13 15:26:57] [INFO   ] Thread dealer starting.
[2022-12-13 15:26:57] [SEVERE ] placing card 2 in slot 0
[2022-12-13 15:26:57] [SEVERE ] placing card 16 in slot 1
[2022-12-13 15:26:57] [SEVERE ] placing card 59 in slot 2
[2022-12-13 15:26:57] [SEVERE ] placing card 79 in slot 3
[2022-12-13 15:26:58] [SEVERE ] placing card 1 in slot 4
[2022-12-13 15:26:58] [SEVERE ] placing card 18 in slot 5
[2022-12-13 15:26:58] [SEVERE ] placing card 23 in slot 6
[2022-12-13 15:26:58] [SEVERE ] placing card 70 in slot 7
[2022-12-13 15:26:58] [SEVERE ] placing card 38 in slot 8
[2022-12-13 15:26:58] [SEVERE ] placing card 32 in slot 9
[2022-12-13 15:26:58] [SEVERE ] placing card 49 in slot 10
[2022-12-13 15:26:58] [SEVERE ] placing card 76 in slot 11
[2022-12-13 15:26:58] [SEVERE ] removing card from slot 0
[2022-12-13 15:26:58] [SEVERE ] removing card from slot 1
[2022-12-13 15:26:58] [SEVERE ] removing card from slot 2
[2022-12-13 15:26:58] [SEVERE ] placing card 3 in slot 0
[2022-12-13 15:26:59] [SEVERE ] placing card 67 in slot 1
[2022-12-13 15:26:59] [SEVERE ] placing card 71 in slot 2
[2022-12-13 15:26:59] [SEVERE ] removing card from slot 0
[2022-12-13 15:26:59] [SEVERE ] removing card from slot 1
[2022-12-13 15:26:59] [SEVERE ] removing card from slot 2
[2022-12-13 15:26:59] [SEVERE ] placing card 47 in slot 0
[2022-12-13 15:26:59] [SEVERE ] placing card 14 in slot 1
[2022-12-13 15:26:59] [SEVERE ] placing card 59 in slot 2
[2022-12-13 15:26:59] [SEVERE ] removing card from slot 0
[2022-12-13 15:26:59] [SEVERE ] removing card from slot 1
[2022-12-13 15:26:59] [SEVERE ] removing card from slot 2
[2022-12-13 15:26:59] [SEVERE ] placing card 56 in slot 0
[2022-12-13 15:26:59] [SEVERE ] placing card 37 in slot 1
[2022-12-13 15:26:59] [SEVERE ] placing card 16 in slot 2
[2022-12-13 15:26:59] [SEVERE ] removing card from slot 0
[2022-12-13 15:26:59] [SEVERE ] removing card from slot 1
[2022-12-13 15:26:59] [SEVERE ] removing card from slot 2
[2022-12-13 15:26:59] [SEVERE ] placing card 37 in slot 0
[2022-12-13 15:26:59] [SEVERE ] placing card 39 in slot 1
[2022-12-13 15:27:00] [SEVERE ] placing card 67 in slot 2
[2022-12-13 15:27:00] [SEVERE ] removing card from slot 0
[2022-12-13 15:27:00] [SEVERE ] removing card from slot 1
[2022-12-13 15:27:00] [SEVERE ] removing card from slot 2
[2022-12-13 15:27:00] [SEVERE ] placing card 48 in slot 0
[2022-12-13 15:27:00] [SEVERE ] placing card 12 in slot 1
[2022-12-13 15:27:00] [SEVERE ] placing card 24 in slot 2
[2022-12-13 15:27:00] [SEVERE ] removing card from slot 0
[2022-12-13 15:27:00] [SEVERE ] removing card from slot 1
[2022-12-13 15:27:00] [SEVERE ] removing card from slot 2
[2022-12-13 15:27:00] [SEVERE ] placing card 37 in slot 0
[2022-12-13 15:27:00] [SEVERE ] placing card 71 in slot 1
[2022-12-13 15:27:00] [SEVERE ] placing card 58 in slot 2
[2022-12-13 15:27:00] [SEVERE ] removing card from slot 0
[2022-12-13 15:27:00] [SEVERE ] removing card from slot 1
[2022-12-13 15:27:00] [SEVERE ] removing card from slot 2
[2022-12-13 15:27:00] [SEVERE ] placing card 56 in slot 0
[2022-12-13 15:27:00] [SEVERE ] placing card 40 in slot 1
[2022-12-13 15:27:01] [SEVERE ] placing card 48 in slot 2
[2022-12-13 15:27:01] [SEVERE ] removing card from slot 0
[2022-12-13 15:27:01] [SEVERE ] removing card from slot 1
[2022-12-13 15:27:01] [SEVERE ] removing card from slot 2
[2022-12-13 15:27:01] [SEVERE ] placing card 35 in slot 0
[2022-12-13 15:27:01] [SEVERE ] placing card 11 in slot 1
[2022-12-13 15:27:01] [SEVERE ] placing card 77 in slot 2
[2022-12-13 15:27:01] [SEVERE ] removing card from slot 0
[2022-12-13 15:27:01] [SEVERE ] removing card from slot 1
[2022-12-13 15:27:01] [SEVERE ] removing card from slot 2
[2022-12-13 15:27:01] [SEVERE ] placing card 44 in slot 0
[2022-12-13 15:27:01] [SEVERE ] placing card 29 in slot 1
[2022-12-13 15:27:01] [SEVERE ] placing card 13 in slot 2
[2022-12-13 15:27:01] [SEVERE ] removing card from slot 0
[2022-12-13 15:27:01] [SEVERE ] removing card from slot 1
[2022-12-13 15:27:01] [SEVERE ] removing card from slot 2
[2022-12-13 15:27:01] [SEVERE ] placing card 27 in slot 0
[2022-12-13 15:27:01] [SEVERE ] placing card 36 in slot 1
[2022-12-13 15:27:02] [SEVERE ] placing card 63 in slot 2
[2022-12-13 15:27:02] [SEVERE ] removing card from slot 0
[2022-12-13 15:27:02] [SEVERE ] removing card from slot 1
[2022-12-13 15:27:02] [SEVERE ] removing card from slot 2
[2022-12-13 15:27:02] [SEVERE ] placing card 51 in slot 0
[2022-12-13 15:27:02] [SEVERE ] placing card 46 in slot 1
[2022-12-13 15:27:02] [SEVERE ] placing card 36 in slot 2
[2022-12-13 15:27:02] [SEVERE ] removing card from slot 0
[2022-12-13 15:27:02] [SEVERE ] removing card from slot 1
[2022-12-13 15:27:02] [SEVERE ] removing card from slot 2
[2022-12-13 15:27:02] [SEVERE ] Exit button pressed
[2022-12-13 15:27:02] [SEVERE ] placing card 12 in slot 0
[2022-12-13 15:27:02] [SEVERE ] placing card 16 in slot 1
[2022-12-13 15:27:02] [SEVERE ] placing card 36 in slot 2
[2022-12-13 15:27:02] [SEVERE ] removing card from slot 0
[2022-12-13 15:27:02] [SEVERE ] removing card from slot 1
[2022-12-13 15:27:02] [SEVERE ] removing card from slot 2
[2022-12-13 15:27:02] [SEVERE ] placing card 40 in slot 0
[2022-12-13 15:27:02] [SEVERE ] placing card 75 in slot 1
[2022-12-13 15:27:02] [SEVERE ] placing card 71 in slot 2
[2022-12-13 15:27:02] [SEVERE ] removing card from slot 0
[2022-12-13 15:27:02] [SEVERE ] removing card from slot 1
[2022-12-13 15:27:02] [SEVERE ] removing card from slot 2
[2022-12-13 15:27:03] [SEVERE ] placing card 50 in slot 0
[2022-12-13 15:27:03] [SEVERE ] placing card 53 in slot 1
[2022-12-13 15:27:03] [SEVERE ] placing card 14 in slot 2
[2022-12-13 15:27:03] [SEVERE ] removing card from slot 0
[2022-12-13 15:27:03] [SEVERE ] removing card from slot 1
[2022-12-13 15:27:03] [SEVERE ] removing card from slot 2
[2022-12-13 15:27:03] [SEVERE ] placing card 10 in slot 0
[2022-12-13 15:27:03] [SEVERE ] placing card 39 in slot 1
[2022-12-13 15:27:03] [SEVERE ] placing card 16 in slot 2
[2022-12-13 15:27:03] [SEVERE ] removing card from slot 0
[2022-12-13 15:27:03] [SEVERE ] removing card from slot 1
[2022-12-13 15:27:03] [SEVERE ] removing card from slot 2
[2022-12-13 15:27:03] [SEVERE ] placing card 72 in slot 0
[2022-12-13 15:27:03] [SEVERE ] placing card 7 in slot 1
[2022-12-13 15:27:03] [SEVERE ] placing card 20 in slot 2
[2022-12-13 15:27:03] [SEVERE ] removing card from slot 0
[2022-12-13 15:27:03] [SEVERE ] removing card from slot 1
[2022-12-13 15:27:03] [SEVERE ] removing card from slot 2
[2022-12-13 15:27:04] [SEVERE ] placing card 13 in slot 0
[2022-12-13 15:27:04] [SEVERE ] placing card 60 in slot 1
[2022-12-13 15:27:04] [SEVERE ] placing card 80 in slot 2
[2022-12-13 15:27:04] [SEVERE ] removing card from slot 0
[2022-12-13 15:27:04] [SEVERE ] removing card from slot 1
[2022-12-13 15:27:04] [SEVERE ] removing card from slot 2
[2022-12-13 15:27:04] [SEVERE ] placing card 2 in slot 0
[2022-12-13 15:27:04] [SEVERE ] placing card 63 in slot 1
[2022-12-13 15:27:04] [SEVERE ] placing card 65 in slot 2
[2022-12-13 15:27:04] [SEVERE ] removing card from slot 0
[2022-12-13 15:27:04] [SEVERE ] removing card from slot 1
[2022-12-13 15:27:04] [SEVERE ] removing card from slot 2
[2022-12-13 15:27:04] [SEVERE ] placing card 58 in slot 0
[2022-12-13 15:27:04] [SEVERE ] placing card 36 in slot 1
[2022-12-13 15:27:04] [SEVERE ] placing card 13 in slot 2
[2022-12-13 15:27:04] [SEVERE ] removing card from slot 0
[2022-12-13 15:27:04] [SEVERE ] removing card from slot 1
[2022-12-13 15:27:04] [SEVERE ] removing card from slot 2
[2022-12-13 15:27:04] [SEVERE ] placing card 29 in slot 0
[2022-12-13 15:27:05] [SEVERE ] placing card 15 in slot 1
[2022-12-13 15:27:05] [SEVERE ] placing card 5 in slot 2
[2022-12-13 15:27:05] [SEVERE ] removing card from slot 0
[2022-12-13 15:27:05] [SEVERE ] removing card from slot 1
[2022-12-13 15:27:05] [SEVERE ] removing card from slot 2
[2022-12-13 15:27:05] [SEVERE ] placing card 4 in slot 0
[2022-12-13 15:27:05] [SEVERE ] placing card 65 in slot 1
[2022-12-13 15:27:05] [SEVERE ] placing card 22 in slot 2
[2022-12-13 15:27:05] [SEVERE ] removing card from slot 0
[2022-12-13 15:27:05] [SEVERE ] removing card from slot 1
[2022-12-13 15:27:05] [SEVERE ] removing card from slot 2
[2022-12-13 15:27:05] [SEVERE ] placing card 15 in slot 0
[2022-12-13 15:27:05] [SEVERE ] placing card 37 in slot 1
[2022-12-13 15:27:05] [SEVERE ] placing card 56 in slot 2
[2022-12-13 15:27:05] [SEVERE ] removing card from slot 0
[2022-12-13 15:27:05] [SEVERE ] removing card from slot 1
[2022-12-13 15:27:05] [SEVERE ] removing card from slot 2
[2022-12-13 15:27:05] [SEVERE ] placing card 63 in slot 0
