[2022-12-13 15:22:08] [INFO   ] cannot read configuration file config.properties trying from resources.
[2022-12-13 15:22:08] [INFO   ] configuration file was loaded from resources directory.
[2022-12-13 15:22:09] [INFO   ] Thread dealer starting.
[2022-12-13 15:22:15] [SEVERE ] placing card 42 in slot 0
[2022-12-13 15:22:15] [SEVERE ] placing card 33 in slot 1
[2022-12-13 15:22:15] [SEVERE ] placing card 35 in slot 2
[2022-12-13 15:22:15] [SEVERE ] placing card 67 in slot 3
[2022-12-13 15:22:16] [SEVERE ] placing card 38 in slot 4
[2022-12-13 15:22:16] [SEVERE ] placing card 52 in slot 5
[2022-12-13 15:22:16] [SEVERE ] placing card 34 in slot 6
[2022-12-13 15:22:16] [SEVERE ] placing card 36 in slot 7
[2022-12-13 15:22:16] [SEVERE ] placing card 26 in slot 8
[2022-12-13 15:22:16] [SEVERE ] placing card 74 in slot 9
[2022-12-13 15:22:16] [SEVERE ] placing card 61 in slot 10
[2022-12-13 15:22:16] [SEVERE ] placing card 70 in slot 11
[2022-12-13 15:22:22] [SEVERE ] removing card from slot 0
[2022-12-13 15:22:22] [SEVERE ] removing card from slot 1
[2022-12-13 15:22:22] [SEVERE ] removing card from slot 2
[2022-12-13 15:22:22] [SEVERE ] placing card 0 in slot 0
[2022-12-13 15:22:22] [SEVERE ] placing card 10 in slot 1
[2022-12-13 15:22:22] [SEVERE ] placing card 13 in slot 2
