[2022-12-17 15:32:20] [INFO   ] cannot read configuration file config.properties trying from resources.
[2022-12-17 15:32:20] [INFO   ] configuration file was loaded from resources directory.
[2022-12-17 15:32:22] [INFO   ] Thread dealer starting.
[2022-12-17 15:32:26] [INFO   ] Thread Thread-1starting.
[2022-12-17 15:32:29] [INFO   ] Thread Thread-2starting.
[2022-12-17 15:32:34] [SEVERE ] placing card 70 in slot 0
[2022-12-17 15:32:34] [SEVERE ] placing card 62 in slot 1
[2022-12-17 15:32:34] [SEVERE ] placing card 45 in slot 2
[2022-12-17 15:32:34] [SEVERE ] placing card 34 in slot 3
[2022-12-17 15:32:34] [SEVERE ] placing card 15 in slot 4
[2022-12-17 15:32:35] [SEVERE ] placing card 55 in slot 5
[2022-12-17 15:32:35] [SEVERE ] placing card 75 in slot 6
[2022-12-17 15:32:35] [SEVERE ] placing card 61 in slot 7
[2022-12-17 15:32:35] [SEVERE ] placing card 29 in slot 8
[2022-12-17 15:32:35] [SEVERE ] placing card 2 in slot 9
[2022-12-17 15:32:35] [SEVERE ] placing card 9 in slot 10
[2022-12-17 15:32:35] [SEVERE ] placing card 0 in slot 11
[2022-12-17 15:33:15] [SEVERE ] Key 87 was pressed by player 0
[2022-12-17 15:33:20] [SEVERE ] player 0 placing token on slot 1
[2022-12-17 15:33:28] [SEVERE ] Key 90 was pressed by player 0
[2022-12-17 15:33:30] [SEVERE ] player 0 placing token on slot 8
[2022-12-17 15:33:32] [SEVERE ] Key 86 was pressed by player 0
[2022-12-17 15:33:35] [SEVERE ] player 0 placing token on slot 11
[2022-12-17 15:33:37] [SEVERE ] removing all tokens
[2022-12-17 15:33:37] [SEVERE ] removing tokens from slot 0
[2022-12-17 15:33:37] [SEVERE ] removing tokens from slot 1
[2022-12-17 15:33:37] [SEVERE ] removing tokens from slot 2
[2022-12-17 15:33:37] [SEVERE ] removing tokens from slot 3
[2022-12-17 15:33:37] [SEVERE ] removing tokens from slot 4
[2022-12-17 15:33:37] [SEVERE ] removing tokens from slot 5
[2022-12-17 15:33:37] [SEVERE ] removing tokens from slot 6
[2022-12-17 15:33:37] [SEVERE ] removing tokens from slot 7
[2022-12-17 15:33:37] [SEVERE ] removing tokens from slot 8
[2022-12-17 15:33:37] [SEVERE ] removing tokens from slot 9
[2022-12-17 15:33:37] [SEVERE ] removing tokens from slot 10
[2022-12-17 15:33:37] [SEVERE ] removing tokens from slot 11
[2022-12-17 15:33:37] [SEVERE ] removing card from slot 0
[2022-12-17 15:33:37] [SEVERE ] removing card from slot 1
[2022-12-17 15:33:37] [SEVERE ] removing card from slot 2
[2022-12-17 15:33:37] [SEVERE ] removing card from slot 3
[2022-12-17 15:33:37] [SEVERE ] removing card from slot 4
[2022-12-17 15:33:37] [SEVERE ] removing card from slot 5
[2022-12-17 15:33:37] [SEVERE ] removing card from slot 6
[2022-12-17 15:33:37] [SEVERE ] removing card from slot 7
[2022-12-17 15:33:38] [SEVERE ] removing card from slot 8
[2022-12-17 15:33:38] [SEVERE ] removing card from slot 9
[2022-12-17 15:33:38] [SEVERE ] removing card from slot 10
[2022-12-17 15:33:38] [SEVERE ] removing card from slot 11
[2022-12-17 15:33:38] [SEVERE ] placing card 80 in slot 0
[2022-12-17 15:33:38] [SEVERE ] placing card 77 in slot 1
[2022-12-17 15:33:38] [SEVERE ] placing card 70 in slot 2
[2022-12-17 15:33:39] [SEVERE ] placing card 13 in slot 3
[2022-12-17 15:33:39] [SEVERE ] placing card 40 in slot 4
[2022-12-17 15:33:39] [SEVERE ] placing card 43 in slot 5
[2022-12-17 15:33:39] [SEVERE ] placing card 11 in slot 6
[2022-12-17 15:33:39] [SEVERE ] placing card 0 in slot 7
[2022-12-17 15:33:39] [SEVERE ] placing card 76 in slot 8
[2022-12-17 15:33:39] [SEVERE ] placing card 61 in slot 9
[2022-12-17 15:33:39] [SEVERE ] placing card 62 in slot 10
[2022-12-17 15:33:39] [SEVERE ] placing card 79 in slot 11
[2022-12-17 15:33:55] [SEVERE ] Key 83 was pressed by player 0
[2022-12-17 15:34:02] [SEVERE ] player 0 placing token on slot 5
[2022-12-17 15:34:11] [SEVERE ] Key 83 was pressed by player 0
[2022-12-17 15:34:11] [SEVERE ] removing player 0 token from slot 5
[2022-12-17 15:34:13] [SEVERE ] Key 82 was pressed by player 0
[2022-12-17 15:34:13] [SEVERE ] player 0 placing token on slot 3
[2022-12-17 15:34:13] [SEVERE ] Key 82 was pressed by player 0
[2022-12-17 15:34:13] [SEVERE ] removing player 0 token from slot 3
[2022-12-17 15:34:14] [SEVERE ] Key 69 was pressed by player 0
[2022-12-17 15:34:14] [SEVERE ] player 0 placing token on slot 2
[2022-12-17 15:34:15] [SEVERE ] Key 67 was pressed by player 0
[2022-12-17 15:34:15] [SEVERE ] player 0 placing token on slot 10
[2022-12-17 15:34:16] [SEVERE ] Key 67 was pressed by player 0
[2022-12-17 15:34:16] [SEVERE ] removing player 0 token from slot 10
[2022-12-17 15:34:17] [SEVERE ] Key 86 was pressed by player 0
[2022-12-17 15:34:17] [SEVERE ] player 0 placing token on slot 11
[2022-12-17 15:34:17] [SEVERE ] Key 88 was pressed by player 0
[2022-12-17 15:34:17] [SEVERE ] player 0 placing token on slot 9
[2022-12-17 15:34:17] [SEVERE ] setting player 0 score to 1
[2022-12-17 15:34:17] [SEVERE ] setting player 0 freeze to 1000
[2022-12-17 15:34:17] [SEVERE ] setting player 0 freeze to 0
[2022-12-17 15:34:17] [SEVERE ] removing player 0 token from slot 2
[2022-12-17 15:34:17] [SEVERE ] removing card from slot 2
[2022-12-17 15:34:17] [SEVERE ] removing player 0 token from slot 11
[2022-12-17 15:34:18] [SEVERE ] removing card from slot 11
[2022-12-17 15:34:18] [SEVERE ] removing player 0 token from slot 9
[2022-12-17 15:34:18] [SEVERE ] removing card from slot 9
[2022-12-17 15:34:18] [SEVERE ] placing card 37 in slot 2
[2022-12-17 15:34:18] [SEVERE ] placing card 51 in slot 9
[2022-12-17 15:34:18] [SEVERE ] placing card 3 in slot 11
[2022-12-17 15:34:20] [SEVERE ] Key 70 was pressed by player 0
[2022-12-17 15:34:20] [SEVERE ] player 0 placing token on slot 7
[2022-12-17 15:34:22] [SEVERE ] Key 82 was pressed by player 0
[2022-12-17 15:34:22] [SEVERE ] player 0 placing token on slot 3
[2022-12-17 15:34:22] [SEVERE ] Key 69 was pressed by player 0
[2022-12-17 15:34:22] [SEVERE ] player 0 placing token on slot 2
[2022-12-17 15:34:22] [SEVERE ] setting player 0 freeze to 3000
[2022-12-17 15:34:22] [SEVERE ] setting player 0 freeze to 2000
[2022-12-17 15:34:23] [SEVERE ] setting player 0 freeze to 1000
[2022-12-17 15:34:24] [SEVERE ] setting player 0 freeze to 0
[2022-12-17 15:34:25] [SEVERE ] Key 82 was pressed by player 0
[2022-12-17 15:34:25] [SEVERE ] removing player 0 token from slot 3
[2022-12-17 15:34:28] [SEVERE ] Key 69 was pressed by player 0
[2022-12-17 15:34:28] [SEVERE ] removing player 0 token from slot 2
[2022-12-17 15:34:29] [SEVERE ] Key 70 was pressed by player 0
[2022-12-17 15:34:29] [SEVERE ] removing player 0 token from slot 7
[2022-12-17 15:34:30] [SEVERE ] Key 68 was pressed by player 0
[2022-12-17 15:34:30] [SEVERE ] player 0 placing token on slot 6
[2022-12-17 15:34:31] [SEVERE ] Key 69 was pressed by player 0
[2022-12-17 15:34:31] [SEVERE ] player 0 placing token on slot 2
[2022-12-17 15:34:32] [SEVERE ] Key 69 was pressed by player 0
[2022-12-17 15:34:32] [SEVERE ] removing player 0 token from slot 2
[2022-12-17 15:34:33] [SEVERE ] Key 83 was pressed by player 0
[2022-12-17 15:34:33] [SEVERE ] player 0 placing token on slot 5
[2022-12-17 15:34:34] [SEVERE ] Key 83 was pressed by player 0
[2022-12-17 15:34:34] [SEVERE ] removing player 0 token from slot 5
[2022-12-17 15:34:34] [SEVERE ] Key 65 was pressed by player 0
[2022-12-17 15:34:34] [SEVERE ] player 0 placing token on slot 4
[2022-12-17 15:34:35] [SEVERE ] Key 70 was pressed by player 0
[2022-12-17 15:34:35] [SEVERE ] player 0 placing token on slot 7
[2022-12-17 15:34:35] [SEVERE ] setting player 0 freeze to 3000
[2022-12-17 15:34:35] [SEVERE ] setting player 0 freeze to 2000
[2022-12-17 15:34:36] [SEVERE ] setting player 0 freeze to 1000
[2022-12-17 15:34:37] [SEVERE ] setting player 0 freeze to 0
[2022-12-17 15:34:38] [SEVERE ] Key 68 was pressed by player 0
[2022-12-17 15:34:38] [SEVERE ] removing player 0 token from slot 6
[2022-12-17 15:34:59] [SEVERE ] removing all tokens
[2022-12-17 15:34:59] [SEVERE ] removing tokens from slot 0
[2022-12-17 15:34:59] [SEVERE ] removing tokens from slot 1
[2022-12-17 15:34:59] [SEVERE ] removing tokens from slot 2
[2022-12-17 15:34:59] [SEVERE ] removing tokens from slot 3
[2022-12-17 15:34:59] [SEVERE ] removing tokens from slot 4
[2022-12-17 15:34:59] [SEVERE ] removing tokens from slot 5
[2022-12-17 15:34:59] [SEVERE ] removing tokens from slot 6
[2022-12-17 15:34:59] [SEVERE ] removing tokens from slot 7
[2022-12-17 15:34:59] [SEVERE ] removing tokens from slot 8
[2022-12-17 15:34:59] [SEVERE ] removing tokens from slot 9
[2022-12-17 15:34:59] [SEVERE ] removing tokens from slot 10
[2022-12-17 15:34:59] [SEVERE ] removing tokens from slot 11
[2022-12-17 15:35:00] [SEVERE ] removing card from slot 0
[2022-12-17 15:35:00] [SEVERE ] removing card from slot 1
[2022-12-17 15:35:00] [SEVERE ] removing card from slot 2
[2022-12-17 15:35:00] [SEVERE ] removing card from slot 3
[2022-12-17 15:35:00] [SEVERE ] removing card from slot 4
[2022-12-17 15:35:00] [SEVERE ] removing card from slot 5
[2022-12-17 15:35:00] [SEVERE ] removing card from slot 6
[2022-12-17 15:35:00] [SEVERE ] removing card from slot 7
[2022-12-17 15:35:00] [SEVERE ] removing card from slot 8
[2022-12-17 15:35:00] [SEVERE ] removing card from slot 9
[2022-12-17 15:35:01] [SEVERE ] removing card from slot 10
[2022-12-17 15:35:01] [SEVERE ] removing card from slot 11
[2022-12-17 15:35:01] [SEVERE ] placing card 13 in slot 0
[2022-12-17 15:35:01] [SEVERE ] placing card 63 in slot 1
[2022-12-17 15:35:01] [SEVERE ] placing card 59 in slot 2
[2022-12-17 15:35:01] [SEVERE ] placing card 10 in slot 3
[2022-12-17 15:35:01] [SEVERE ] placing card 57 in slot 4
[2022-12-17 15:35:01] [SEVERE ] placing card 27 in slot 5
[2022-12-17 15:35:01] [SEVERE ] placing card 46 in slot 6
[2022-12-17 15:35:02] [SEVERE ] placing card 3 in slot 7
[2022-12-17 15:35:02] [SEVERE ] placing card 17 in slot 8
[2022-12-17 15:35:02] [SEVERE ] placing card 78 in slot 9
[2022-12-17 15:35:02] [SEVERE ] placing card 34 in slot 10
[2022-12-17 15:35:02] [SEVERE ] placing card 42 in slot 11
