[2022-12-17 10:28:51] [INFO   ] cannot read configuration file config.properties trying from resources.
[2022-12-17 10:28:51] [INFO   ] configuration file was loaded from resources directory.
[2022-12-17 10:28:52] [INFO   ] Thread dealer starting.
[2022-12-17 10:28:52] [INFO   ] Thread Thread-1starting.
[2022-12-17 10:28:52] [INFO   ] Thread Thread-2starting.
[2022-12-17 10:28:52] [SEVERE ] placing card 19 in slot 0
[2022-12-17 10:28:52] [SEVERE ] placing card 64 in slot 1
[2022-12-17 10:28:52] [SEVERE ] placing card 10 in slot 2
[2022-12-17 10:28:52] [SEVERE ] placing card 16 in slot 3
[2022-12-17 10:28:53] [SEVERE ] placing card 33 in slot 4
[2022-12-17 10:28:53] [SEVERE ] placing card 43 in slot 5
[2022-12-17 10:28:53] [SEVERE ] placing card 4 in slot 6
[2022-12-17 10:28:53] [SEVERE ] placing card 45 in slot 7
[2022-12-17 10:28:53] [SEVERE ] placing card 21 in slot 8
[2022-12-17 10:28:53] [SEVERE ] placing card 48 in slot 9
[2022-12-17 10:28:53] [SEVERE ] placing card 41 in slot 10
[2022-12-17 10:28:53] [SEVERE ] placing card 11 in slot 11
[2022-12-17 10:29:19] [SEVERE ] Key 81 was pressed by player 0
[2022-12-17 10:29:24] [SEVERE ] player 0 placing token on slot 0
[2022-12-17 10:29:29] [SEVERE ] Key 82 was pressed by player 0
[2022-12-17 10:29:29] [SEVERE ] player 0 placing token on slot 3
[2022-12-17 10:29:33] [SEVERE ] Key 68 was pressed by player 0
[2022-12-17 10:29:33] [SEVERE ] player 0 placing token on slot 6
[2022-12-17 10:29:53] [SEVERE ] removing all tokens
[2022-12-17 10:29:53] [SEVERE ] removing tokens from slot 0
[2022-12-17 10:29:53] [SEVERE ] removing tokens from slot 1
[2022-12-17 10:29:53] [SEVERE ] removing tokens from slot 2
[2022-12-17 10:29:53] [SEVERE ] removing tokens from slot 3
[2022-12-17 10:29:53] [SEVERE ] removing tokens from slot 4
[2022-12-17 10:29:53] [SEVERE ] removing tokens from slot 5
[2022-12-17 10:29:53] [SEVERE ] removing tokens from slot 6
[2022-12-17 10:29:53] [SEVERE ] removing tokens from slot 7
[2022-12-17 10:29:53] [SEVERE ] removing tokens from slot 8
[2022-12-17 10:29:53] [SEVERE ] removing tokens from slot 9
[2022-12-17 10:29:53] [SEVERE ] removing tokens from slot 10
[2022-12-17 10:29:53] [SEVERE ] removing tokens from slot 11
[2022-12-17 10:29:53] [SEVERE ] removing card from slot 0
[2022-12-17 10:29:54] [SEVERE ] removing card from slot 1
[2022-12-17 10:29:54] [SEVERE ] removing card from slot 2
[2022-12-17 10:29:54] [SEVERE ] removing card from slot 3
[2022-12-17 10:29:54] [SEVERE ] removing card from slot 4
[2022-12-17 10:29:54] [SEVERE ] removing card from slot 5
[2022-12-17 10:29:54] [SEVERE ] removing card from slot 6
[2022-12-17 10:29:54] [SEVERE ] removing card from slot 7
[2022-12-17 10:29:54] [SEVERE ] removing card from slot 8
[2022-12-17 10:29:54] [SEVERE ] removing card from slot 9
[2022-12-17 10:29:55] [SEVERE ] removing card from slot 10
[2022-12-17 10:29:55] [SEVERE ] removing card from slot 11
[2022-12-17 10:29:55] [SEVERE ] placing card 69 in slot 0
[2022-12-17 10:29:55] [SEVERE ] placing card 60 in slot 1
[2022-12-17 10:29:55] [SEVERE ] placing card 59 in slot 2
[2022-12-17 10:29:55] [SEVERE ] placing card 62 in slot 3
[2022-12-17 10:29:55] [SEVERE ] placing card 31 in slot 4
[2022-12-17 10:29:55] [SEVERE ] placing card 73 in slot 5
[2022-12-17 10:29:55] [SEVERE ] placing card 54 in slot 6
[2022-12-17 10:29:55] [SEVERE ] placing card 78 in slot 7
[2022-12-17 10:29:56] [SEVERE ] placing card 70 in slot 8
[2022-12-17 10:29:56] [SEVERE ] placing card 7 in slot 9
[2022-12-17 10:29:56] [SEVERE ] placing card 42 in slot 10
[2022-12-17 10:29:56] [SEVERE ] placing card 61 in slot 11
